[2021-11-28 03:12:23] [INFO]: 收到群 Py QQbot(813476953) 内 小八的狐狸尾巴~(1216878448) 的消息: youtubedl https://youtu.be/T-nedzYhRgA mp3 (-243707977) 
[2021-11-28 03:12:24] [INFO]: 发送群 Py QQbot(813476953) 的消息: 正在下载。。。 (-2038530271) 
[2021-11-28 03:12:41] [INFO]: 发送群 Py QQbot(813476953) 的消息: 下载完成，正在转码。 ... (527904411) 
[2021-11-28 03:12:44] [INFO]: 发送群 Py QQbot(813476953) 的消息: ffmpeg错误！
 ... (1752178189) 
[2021-11-28 03:15:30] [INFO]: 收到群 Py QQbot(813476953) 内 小八的狐狸尾巴~(1216878448) 的消息: youtubedl https://youtu.be/T-nedzYhRgA mp3 (-166425682) 
[2021-11-28 03:15:31] [INFO]: 发送群 Py QQbot(813476953) 的消息: 正在下载。。。 (-2129413320) 
[2021-11-28 03:15:46] [INFO]: 发送群 Py QQbot(813476953) 的消息: 下载完成，正在转码。 ... (404417154) 
[2021-11-28 03:15:49] [INFO]: 发送群 Py QQbot(813476953) 的消息: ffmpeg错误！
 ... (1864227348) 
[2021-11-28 04:30:28] [INFO]: 当前版本:v1.0.0-beta6 
[2021-11-28 04:30:28] [INFO]: 用户交流群: 721829413 
[2021-11-28 04:30:28] [INFO]: 将使用 device.json 内的设备信息运行Bot. 
[2021-11-28 04:30:28] [INFO]: Bot将在5秒后登录并开始信息处理, 按 Ctrl+C 取消. 
[2021-11-28 04:30:33] [INFO]: 开始尝试登录并同步消息... 
[2021-11-28 04:30:33] [INFO]: 使用协议: iPad 
[2021-11-28 04:30:35] [INFO]: Protocol -> connect to server: 203.205.255.220:8080 
[2021-11-28 04:30:38] [INFO]: 登录成功 欢迎使用: 小八的狐狸耳朵~ 
[2021-11-28 04:30:38] [INFO]: 开始加载好友列表... 
[2021-11-28 04:30:39] [INFO]: 共加载 4 个好友. 
[2021-11-28 04:30:39] [INFO]: 开始加载群列表... 
[2021-11-28 04:30:39] [INFO]: 收到服务器地址更新通知, 将在下一次重连时应用.  
[2021-11-28 04:30:40] [INFO]: 共加载 5 个群. 
[2021-11-28 04:30:40] [INFO]: 信息数据库初始化完成. 
[2021-11-28 04:30:40] [INFO]: 资源初始化完成, 开始处理信息. 
[2021-11-28 04:30:40] [INFO]: アトリは、高性能ですから! 
[2021-11-28 04:30:40] [INFO]: 开始尝试连接到反向WebSocket Universal服务器: ws://127.0.0.1:15510/cqhttp/ws/ 
[2021-11-28 04:30:40] [INFO]: 正在检查更新. 
[2021-11-28 04:30:40] [INFO]: 当前有更新的 go-cqhttp 可供更新, 请前往 https://github.com/Mrs4s/go-cqhttp/releases 下载. 
[2021-11-28 04:30:40] [INFO]: 当前版本: v1.0.0-beta6 最新版本: v1.0.0-beta8-fix1 
[2021-11-28 15:10:16] [INFO]: 收到群 kenshi汉化和mod研究及暖(696654735) 内 兰斯sama(1243425215) 的消息: 兄弟们 (917835805) 
[2021-11-28 15:10:18] [INFO]: 收到群 kenshi汉化和mod研究及暖(696654735) 内 兰斯sama(1243425215) 的消息: 问个事 (1102192779) 
[2021-11-28 15:10:57] [INFO]: 收到群 kenshi汉化和mod研究及暖(696654735) 内 兰斯sama(1243425215) 的消息: 我家的萨德尼尔死了，有没有办法复活他，就算是重置练度也行 (-787661542) 
[2021-11-28 15:12:32] [INFO]: 收到群 kenshi汉化和mod研究及暖(696654735) 内 兰斯sama(1243425215) 的消息: 导入有用吗？ (-1509290612) 
[2021-11-28 15:37:24] [INFO]: 收到群 kenshi汉化和mod研究及暖(696654735) 内 圣徒的亡灵(1339837523) 的消息: 导入重置死亡npc (1481550311) 
[2021-11-28 15:37:31] [INFO]: 昨日 烛九(1935777565) 在群 696654735 内发言最积极, 获得 龙王 标识。 
[2021-11-28 15:39:18] [INFO]: 昨日 鲶鱼诺(1542195170) 在群 859265365 内发言最积极, 获得 龙王 标识。 
[2021-11-28 15:42:09] [INFO]: 收到群 kenshi汉化和mod研究及暖(696654735) 内 炎头队长沙福林(2175422756) 的消息: [CQ:reply,id=-787661542][CQ:at,qq=1243425215] [CQ:at,qq=1243425215] 最简单的办法是 读档 (793352561) 
[2021-11-28 15:42:19] [INFO]: 收到群 kenshi汉化和mod研究及暖(696654735) 内 炎头队长沙福林(2175422756) 的消息: 看你这样估计没有存档 (-1237268277) 
[2021-11-28 15:42:26] [INFO]: 收到群 kenshi汉化和mod研究及暖(696654735) 内 炎头队长沙福林(2175422756) 的消息: 只能导入 (-1052247971) 
[2021-11-28 19:24:39] [INFO]: 发送群 Py QQbot(813476953) 的消息: 秦喵喵转发了「Rem ... (-6109307) 
[2021-11-28 19:24:40] [INFO]: 发送群 Py QQbot(813476953) 的消息: 本条动态地址为htt ... (-2002389229) 
[2021-11-28 19:33:01] [INFO]: 收到群 kenshi汉化和mod研究及暖(696654735) 内 圣徒的亡灵(1339837523) 的消息: 色图呢 (1596157438) 
[2021-11-28 20:02:00] [INFO]: 收到群 kenshi汉化和mod研究及暖(696654735) 内 兰斯sama(1243425215) 的消息: [CQ:reply,id=1481550311][CQ:at,qq=1339837523] [CQ:at,qq=1339837523] 怎么导入？ (673471848) 
[2021-11-28 20:09:42] [INFO]: 发送群 Py QQbot(813476953) 的消息: 秦喵喵发了新动态：  ... (-396198154) 
[2021-11-28 20:09:44] [INFO]: 发送群 Py QQbot(813476953) 的消息: [CQ:image, ... (-1620750752) 
[2021-11-28 20:09:45] [INFO]: 发送群 Py QQbot(813476953) 的消息: 本条动态地址为htt ... (107749338) 
[2021-11-28 20:21:38] [INFO]: 收到群 kenshi汉化和mod研究及暖(696654735) 内 炎头队长沙福林(2175422756) 的消息: 在初始界面那里 (-1322447662) 
[2021-11-28 20:21:45] [INFO]: 收到群 kenshi汉化和mod研究及暖(696654735) 内 炎头队长沙福林(2175422756) 的消息: 载入存档 底下好像有勾选导入 (-970310588) 
[2021-11-28 20:23:24] [INFO]: 收到群 kenshi汉化和mod研究及暖(696654735) 内 Boasd(799460742) 的消息: [CQ:image,file=91f74f9647755ca3c42d1da1bb208ff8.image] (1452614101) 
[2021-11-28 20:25:29] [INFO]: 收到群 kenshi汉化和mod研究及暖(696654735) 内 阿格努(710621309) 的消息: 导入后不在你队伍里了 (563220803) 
[2021-11-28 20:25:36] [INFO]: 收到群 kenshi汉化和mod研究及暖(696654735) 内 阿格努(710621309) 的消息: 要重新招募 (1096128678) 
[2021-11-28 20:25:43] [INFO]: 收到群 kenshi汉化和mod研究及暖(696654735) 内 阿格努(710621309) 的消息: [CQ:reply,id=-787661542][CQ:at,qq=1243425215] [CQ:at,qq=1243425215] ， (911386672) 
[2021-11-28 20:26:48] [INFO]: 收到群 kenshi汉化和mod研究及暖(696654735) 内 Boasd(799460742) 的消息: 重置重新开一局新的游戏，但是保存你现有的队伍以及物品和关系什么的 (-1352926838) 
[2021-11-28 20:26:51] [INFO]: 收到群 kenshi汉化和mod研究及暖(696654735) 内 Boasd(799460742) 的消息: 好像是这样 (-665007844) 
[2021-11-28 20:27:07] [INFO]: 群 kenshi汉化和mod研究及暖暖化制作监督委员会-1群(696654735) 内 Boasd(799460742) 撤回了 Boasd(799460742) 的消息: -1352926838. 
[2021-11-28 20:27:10] [INFO]: 收到群 kenshi汉化和mod研究及暖(696654735) 内 Boasd(799460742) 的消息: 重置是重新开一局新的游戏，但是保存你现有的队伍以及物品和关系什么的 (1178098879) 
[2021-11-28 20:27:26] [INFO]: 收到群 kenshi汉化和mod研究及暖(696654735) 内 Boasd(799460742) 的消息: 也就是自己原先招募过的npc都会重新出现 (826240041) 
[2021-11-28 20:27:34] [INFO]: 收到群 kenshi汉化和mod研究及暖(696654735) 内 阿格努(710621309) 的消息: 对 (-1472840301) 
[2021-11-28 20:28:00] [INFO]: 收到群 kenshi汉化和mod研究及暖(696654735) 内 阿格努(710621309) 的消息: 不是羡慕过的，是死亡的消失的npc (-550433531) 
[2021-11-28 20:28:29] [INFO]: 收到群 kenshi汉化和mod研究及暖(696654735) 内 Boasd(799460742) 的消息: 就是重置所有的npc (1334710420) 
[2021-11-28 20:28:37] [INFO]: 收到群 kenshi汉化和mod研究及暖(696654735) 内 Boasd(799460742) 的消息: 招募过的也会重新出现好像 (948510722) 
[2021-11-28 20:28:55] [INFO]: 收到群 kenshi汉化和mod研究及暖(696654735) 内 阿格努(710621309) 的消息: 还有个mod是末日什么的？ (-1856681512) 
[2021-11-28 20:28:57] [INFO]: 收到群 kenshi汉化和mod研究及暖(696654735) 内 呜喵王(1751979054) 的消息: [CQ:image,file=6e11f2e9c97ea396e38368c46e732e1a.image] (-430802610) 
[2021-11-28 20:28:59] [INFO]: 收到群 kenshi汉化和mod研究及暖(696654735) 内 呜喵王(1751979054) 的消息: 复活？ (2136680692) 
[2021-11-28 20:29:02] [INFO]: 收到群 kenshi汉化和mod研究及暖(696654735) 内 呜喵王(1751979054) 的消息: 可以卡BUG (140253282) 
[2021-11-28 20:29:02] [INFO]: 收到群 kenshi汉化和mod研究及暖(696654735) 内 Boasd(799460742) 的消息: 虚空入侵 (-1774678591) 
[2021-11-28 20:29:02] [INFO]: 收到群 kenshi汉化和mod研究及暖(696654735) 内 阿格努(710621309) 的消息: [CQ:at,qq=2175422756] [CQ:at,qq=1339837523]  (-515916457) 
[2021-11-28 20:29:07] [INFO]: 收到群 kenshi汉化和mod研究及暖(696654735) 内 呜喵王(1751979054) 的消息: 不用重置 (2016865517) 
[2021-11-28 20:29:09] [INFO]: 收到群 kenshi汉化和mod研究及暖(696654735) 内 阿格努(710621309) 的消息: 不是虚空 (254925947) 
[2021-11-28 20:29:12] [INFO]: 收到群 kenshi汉化和mod研究及暖(696654735) 内 呜喵王(1751979054) 的消息: 把尸体扛着刷新 (-1618034198) 
[2021-11-28 20:29:15] [INFO]: 收到群 kenshi汉化和mod研究及暖(696654735) 内 呜喵王(1751979054) 的消息: 啪的一下 (-393612932) 
[2021-11-28 20:29:17] [INFO]: 收到群 kenshi汉化和mod研究及暖(696654735) 内 Boasd(799460742) 的消息: 僵尸？ (-2008123239) 
[2021-11-28 20:29:17] [INFO]: 收到群 kenshi汉化和mod研究及暖(696654735) 内 呜喵王(1751979054) 的消息: 诈尸了 (-11974641) 
[2021-11-28 20:29:25] [INFO]: 收到群 kenshi汉化和mod研究及暖(696654735) 内 Boasd(799460742) 的消息: 刷新？ (1715476917) 
[2021-11-28 20:29:27] [INFO]: 收到群 kenshi汉化和mod研究及暖(696654735) 内 呜喵王(1751979054) 的消息: NPC可以做到 (289876259) 
[2021-11-28 20:29:30] [INFO]: 收到群 kenshi汉化和mod研究及暖(696654735) 内 呜喵王(1751979054) 的消息: emmm (-1893483392) 
[2021-11-28 20:29:31] [INFO]: 收到群 kenshi汉化和mod研究及暖(696654735) 内 呜喵王(1751979054) 的消息: 是的 (-131822570) 
[2021-11-28 20:29:38] [INFO]: 收到群 kenshi汉化和mod研究及暖(696654735) 内 呜喵王(1751979054) 的消息: 砂王就诈尸了 (1630395820) 
[2021-11-28 20:29:44] [INFO]: 收到群 kenshi汉化和mod研究及暖(696654735) 内 Boasd(799460742) 的消息: 怎么刷新 (371911994) 
[2021-11-28 20:29:48] [INFO]: 收到群 kenshi汉化和mod研究及暖(696654735) 内 Boasd(799460742) 的消息: 也是指重置？ (-2036993877) 
[2021-11-28 20:29:56] [INFO]: 收到群 kenshi汉化和mod研究及暖(696654735) 内 呜喵王(1751979054) 的消息: 扛着跑加载 (-242040771) 
[2021-11-28 20:30:01] [INFO]: 收到群 kenshi汉化和mod研究及暖(696654735) 内 Boasd(799460742) 的消息: 。。。 (-1553781926) 
[2021-11-28 20:30:03] [INFO]: 收到群 kenshi汉化和mod研究及暖(696654735) 内 呜喵王(1751979054) 的消息: 然后地区一刷新 (-731636788) 
[2021-11-28 20:30:05] [INFO]: 收到群 kenshi汉化和mod研究及暖(696654735) 内 兰斯sama(1243425215) 的消息: [CQ:reply,id=911386672][CQ:at,qq=710621309] [CQ:at,qq=710621309] 谢谢大佬们 (1299008118) 
[2021-11-28 20:30:07] [INFO]: 收到群 kenshi汉化和mod研究及暖(696654735) 内 呜喵王(1751979054) 的消息: 嗖的一下 (980056800) 
[2021-11-28 20:30:10] [INFO]: 收到群 kenshi汉化和mod研究及暖(696654735) 内 Boasd(799460742) 的消息: 不会啊，我就没复活过 (-1542525117) 
[2021-11-28 20:30:19] [INFO]: 收到群 kenshi汉化和mod研究及暖(696654735) 内 呜喵王(1751979054) 的消息: 可能我mod的锅 (-754327595) 
[2021-11-28 20:30:22] [INFO]: 收到群 kenshi汉化和mod研究及暖(696654735) 内 呜喵王(1751979054) 的消息: [CQ:image,file=6e11f2e9c97ea396e38368c46e732e1a.image] (1241550447) 
[2021-11-28 20:30:34] [INFO]: 收到群 kenshi汉化和mod研究及暖(696654735) 内 呜喵王(1751979054) 的消息: 我商人这么抗居然过一阵 (1023917817) 
[2021-11-28 20:30:39] [INFO]: 收到群 kenshi汉化和mod研究及暖(696654735) 内 呜喵王(1751979054) 的消息: 刷了一个新商人 (-1380408472) 
[2021-11-28 20:31:13] [INFO]: 收到群 kenshi汉化和mod研究及暖(696654735) 内 兰斯sama(1243425215) 的消息: 需要点加载非玩家死亡NPC吗 (-624978946) 
[2021-11-28 20:31:27] [INFO]: 收到群 kenshi汉化和mod研究及暖(696654735) 内 Boasd(799460742) 的消息: 我最近打了不少mod，然后里面有个任务，是去妓院救一个女的，结果按照任务，那个女的应该加入我的队伍 (-1166534117) 
[2021-11-28 20:31:37] [INFO]: 收到群 kenshi汉化和mod研究及暖(696654735) 内 Boasd(799460742) 的消息: 结果一直没加入，而是npc一直跟随我 (-847304051) 
[2021-11-28 20:31:40] [INFO]: 收到群 kenshi汉化和mod研究及暖(696654735) 内 Boasd(799460742) 的消息: 超难受 (1417050935) 
[2021-11-28 20:31:47] [INFO]: 收到群 kenshi汉化和mod研究及暖(696654735) 内 Boasd(799460742) 的消息: 又不忍心杀了或是丢了 (594627489) 
[2021-11-28 20:31:55] [INFO]: 收到群 kenshi汉化和mod研究及暖(696654735) 内 兰斯sama(1243425215) 的消息: [CQ:reply,id=-1618034198][CQ:at,qq=1751979054] [CQ:at,qq=1751979054] 我发现他消失的时候尸体已经被刷新没了 (-1122640382) 
[2021-11-28 20:32:19] [INFO]: 收到群 kenshi汉化和mod研究及暖(696654735) 内 Boasd(799460742) 的消息: = =你扛尸体，重新读档会消失 (-904728940) 
[2021-11-28 20:32:21] [INFO]: 收到群 kenshi汉化和mod研究及暖(696654735) 内 Boasd(799460742) 的消息: 好像 (1394327342) 
[2021-11-28 20:32:22] [INFO]: 收到群 kenshi汉化和mod研究及暖(696654735) 内 兰斯sama(1243425215) 的消息: 暗杀然后关到笼子里 (605851576) 
[2021-11-28 20:32:25] [INFO]: 收到群 kenshi汉化和mod研究及暖(696654735) 内 兰斯sama(1243425215) 的消息: 会的 (-1264348631) 
[2021-11-28 20:32:33] [INFO]: 收到群 kenshi汉化和mod研究及暖(696654735) 内 兰斯sama(1243425215) 的消息: 我已经悲剧了一次 (-1012620609) 
[2021-11-28 20:32:41] [INFO]: 收到群 kenshi汉化和mod研究及暖(696654735) 内 兰斯sama(1243425215) 的消息: 连物品也没了 (-180777764) 
[2021-11-28 20:32:43] [INFO]: 收到群 kenshi汉化和mod研究及暖(696654735) 内 Boasd(799460742) 的消息:  = =不想关 (-2109817782) 
[2021-11-28 20:32:51] [INFO]: 收到群 kenshi汉化和mod研究及暖(696654735) 内 兰斯sama(1243425215) 的消息: 那就只能失去了 (456650224) 
[2021-11-28 20:32:59] [INFO]: 收到群 kenshi汉化和mod研究及暖(696654735) 内 Boasd(799460742) 的消息: 呆着跑去找荒石老人 (1815141734) 
[2021-11-28 20:33:14] [INFO]: 收到群 kenshi汉化和mod研究及暖(696654735) 内 兰斯sama(1243425215) 的消息: 天狗监狱的沙科族也是麻烦 (-229357371) 
[2021-11-28 20:33:22] [INFO]: 收到群 kenshi汉化和mod研究及暖(696654735) 内 Boasd(799460742) 的消息:  = =我都是遇到怪厉害就扛肩上 (-2058127277) 
[2021-11-28 20:33:26] [INFO]: 收到群 kenshi汉化和mod研究及暖(696654735) 内 兰斯sama(1243425215) 的消息: 我读档了好几次都没有加入 (475671017) 
[2021-11-28 20:33:31] [INFO]: 收到群 kenshi汉化和mod研究及暖(696654735) 内 Boasd(799460742) 的消息: 至今为止一直保护着 (1801263487) 
[2021-11-28 20:33:43] [INFO]: 收到群 kenshi汉化和mod研究及暖(696654735) 内 兰斯sama(1243425215) 的消息: 都是直接跑走，还骂了一句天杀的英雄 (-69073682) 
[2021-11-28 20:34:04] [INFO]: 收到群 kenshi汉化和mod研究及暖(696654735) 内 Boasd(799460742) 的消息: 里面好像没几个会加入把 (-1931135880) 
[2021-11-28 20:34:15] [INFO]: 收到群 kenshi汉化和mod研究及暖(696654735) 内 Boasd(799460742) 的消息: 我救过几次，然后不救了 (-333267555) 
[2021-11-28 20:34:31] [INFO]: 收到群 kenshi汉化和mod研究及暖(696654735) 内 呜喵王(1751979054) 的消息: 我是说商人回去又换了一个 (-1692037877) 
[2021-11-28 20:34:48] [INFO]: 收到群 kenshi汉化和mod研究及暖(696654735) 内 兰斯sama(1243425215) 的消息: 那个沙克族，蜂巢族和卢金可以加入 (36494513) 
[2021-11-28 20:34:49] [INFO]: 收到群 kenshi汉化和mod研究及暖(696654735) 内 Boasd(799460742) 的消息: 额 (1965812775) 
[2021-11-28 20:35:09] [INFO]: 收到群 kenshi汉化和mod研究及暖(696654735) 内 兰斯sama(1243425215) 的消息: 沙克族需要出发喙嘴兽的特殊语音 (-347113084) 
[2021-11-28 20:35:19] [INFO]: 收到群 kenshi汉化和mod研究及暖(696654735) 内 兰斯sama(1243425215) 的消息: 可是我只成功了一次 (-1672984302) 
[2021-11-28 20:35:24] [INFO]: 收到群 kenshi汉化和mod研究及暖(696654735) 内 兰斯sama(1243425215) 的消息: 不然还是会跑的 (88152232) 
[2021-11-28 20:35:44] [INFO]: 收到群 kenshi汉化和mod研究及暖(696654735) 内 兰斯sama(1243425215) 的消息: 最后只能暗杀加入了 (1917200446) 
[2021-11-28 20:36:02] [INFO]: 收到群 kenshi汉化和mod研究及暖(696654735) 内 Boasd(799460742) 的消息: = = (-486984273) 
[2021-11-28 20:36:15] [INFO]: 收到群 kenshi汉化和mod研究及暖(696654735) 内 Boasd(799460742) 的消息: 我加了一大堆mod，所以里面关着不少角色 (-1778514631) 
[2021-11-28 20:36:53] [INFO]: 收到群 kenshi汉化和mod研究及暖(696654735) 内 兰斯sama(1243425215) 的消息: 我加了一个第二帝国猛攻mod (-955257250) 
[2021-11-28 20:37:06] [INFO]: 收到群 kenshi汉化和mod研究及暖(696654735) 内 兰斯sama(1243425215) 的消息: 我才发觉kenshi真难玩 (-1341595960) 
[2021-11-28 20:37:31] [INFO]: 收到群 kenshi汉化和mod研究及暖(696654735) 内 Boasd(799460742) 的消息: =、=如果没mod，加了其他mod进去，基本好难玩 (687968114) 
[2021-11-28 20:37:44] [INFO]: 收到群 kenshi汉化和mod研究及暖(696654735) 内 兰斯sama(1243425215) 的消息: 这何止是猛攻啊，说是全面战争我都信 (1577500644) 
[2021-11-28 20:37:54] [INFO]: 收到群 kenshi汉化和mod研究及暖(696654735) 内 Boasd(799460742) 的消息: 我加了快速锻炼的mod，才不至于死的难看 (-1067308473) 
[2021-11-28 20:38:04] [INFO]: 收到群 kenshi汉化和mod研究及暖(696654735) 内 Boasd(799460742) 的消息:  - - (-1218110767) 
[2021-11-28 20:38:08] [INFO]: 收到群 kenshi汉化和mod研究及暖(696654735) 内 兰斯sama(1243425215) 的消息: 我原版经验 (778849131) 
[2021-11-28 20:38:21] [INFO]: 收到群 kenshi汉化和mod研究及暖(696654735) 内 Boasd(799460742) 的消息: 那属性升的很慢把- - (1500216317) 
[2021-11-28 20:38:26] [INFO]: 收到群 kenshi汉化和mod研究及暖(696654735) 内 兰斯sama(1243425215) 的消息: 靠黑科技（bug）练级 (-908827028) 
[2021-11-28 20:38:31] [INFO]: 收到群 kenshi汉化和mod研究及暖(696654735) 内 兰斯sama(1243425215) 的消息: 还行 (-1093445894) 
[2021-11-28 20:38:42] [INFO]: 收到群 kenshi汉化和mod研究及暖(696654735) 内 兰斯sama(1243425215) 的消息: 花了87天 (-569057505) 
[2021-11-28 20:38:47] [INFO]: 收到群 kenshi汉化和mod研究及暖(696654735) 内 Boasd(799460742) 的消息: 我x (-1458311287) 
[2021-11-28 20:38:57] [INFO]: 收到群 kenshi汉化和mod研究及暖(696654735) 内 兰斯sama(1243425215) 的消息: 那个是游戏时间 (807058995) 
[2021-11-28 20:38:59] [INFO]: 收到群 kenshi汉化和mod研究及暖(696654735) 内 兰斯sama(1243425215) 的消息: 不是现实 (1193119397) 
[2021-11-28 20:39:04] [INFO]: 收到群 kenshi汉化和mod研究及暖(696654735) 内 Boasd(799460742) 的消息: 刚刚开始玩的时候我还能耐住 (-646374650) 
[2021-11-28 20:39:20] [INFO]: 收到群 kenshi汉化和mod研究及暖(696654735) 内 Boasd(799460742) 的消息: 但是现在基本没多少时间去慢慢给他升属性 (-1367463024) 
[2021-11-28 20:39:24] [INFO]: 收到群 kenshi汉化和mod研究及暖(696654735) 内 Boasd(799460742) 的消息: 打mod加快了 (930576938) 
[2021-11-28 20:39:39] [INFO]: 收到群 kenshi汉化和mod研究及暖(696654735) 内 兰斯sama(1243425215) 的消息: 主要看练什么属性 (1081100988) 
[2021-11-28 20:39:54] [INFO]: 收到群 kenshi汉化和mod研究及暖(696654735) 内 兰斯sama(1243425215) 的消息: 如果是韧性……我是真的不懂练 (-791718099) 
[2021-11-28 20:39:57] [INFO]: 收到群 kenshi汉化和mod研究及暖(696654735) 内 Boasd(799460742) 的消息: =、=我觉得打架的攻击和防御 (-1480038469) 
[2021-11-28 20:39:59] [INFO]: 收到群 kenshi汉化和mod研究及暖(696654735) 内 Boasd(799460742) 的消息: - - (1502397392) 
[2021-11-28 20:40:07] [INFO]: 收到群 kenshi汉化和mod研究及暖(696654735) 内 Boasd(799460742) 的消息: 被打呗 (780923718) 
[2021-11-28 20:40:19] [INFO]: 收到群 kenshi汉化和mod研究及暖(696654735) 内 兰斯sama(1243425215) 的消息: 但是我有29个人 (-1216175364) 
[2021-11-28 20:40:25] [INFO]: 收到群 kenshi汉化和mod研究及暖(696654735) 内 Boasd(799460742) 的消息: 韧性就是被打上去的 (-1064988054) 
[2021-11-28 20:40:30] [INFO]: 收到群 kenshi汉化和mod研究及暖(696654735) 内 兰斯sama(1243425215) 的消息: 我又想全队精英化 (1591805897) 
[2021-11-28 20:40:45] [INFO]: 收到群 kenshi汉化和mod研究及暖(696654735) 内 兰斯sama(1243425215) 的消息: 所以我在找快速的方法 (702953311) 
[2021-11-28 20:40:45] [INFO]: 收到群 kenshi汉化和mod研究及暖(696654735) 内 Boasd(799460742) 的消息: 抓个属性差不多的关起来，笼斗 (-1326487835) 
[2021-11-28 20:40:57] [INFO]: 收到群 kenshi汉化和mod研究及暖(696654735) 内 Boasd(799460742) 的消息: 多抓几个 (-941074829) 
[2021-11-28 20:41:23] [INFO]: 收到群 kenshi汉化和mod研究及暖(696654735) 内 Boasd(799460742) 的消息: 要么就只能加mod锻炼 (1465338850) 
[2021-11-28 20:41:31] [INFO]: 收到群 kenshi汉化和mod研究及暖(696654735) 内 兰斯sama(1243425215) 的消息: emmmm，有点浪费时间，但好像只能这样了……或者 (542145396) 
[2021-11-28 20:41:46] [INFO]: 收到群 kenshi汉化和mod研究及暖(696654735) 内 Boasd(799460742) 的消息: 或者实战=、= (1083699857) 
[2021-11-28 20:42:02] [INFO]: 收到群 kenshi汉化和mod研究及暖(696654735) 内 兰斯sama(1243425215) 的消息: 抓一车人过来，我躺床上练 (932233735) 
[2021-11-28 20:42:29] [INFO]: 收到群 kenshi汉化和mod研究及暖(696654735) 内 兰斯sama(1243425215) 的消息: 问题是我打了attack5人mod (-1365666883) 
[2021-11-28 20:42:32] [INFO]: 收到群 kenshi汉化和mod研究及暖(696654735) 内 Boasd(799460742) 的消息: 去圣国国内，看到哪趴圣国路过，不要想太多，刚上去就完了 (-643914965) 
[2021-11-28 20:42:42] [INFO]: 收到群 kenshi汉化和mod研究及暖(696654735) 内 兰斯sama(1243425215) 的消息: 一次来5个人挡不住呀 (1207580296) 
[2021-11-28 20:42:49] [INFO]: 收到群 kenshi汉化和mod研究及暖(696654735) 内 Boasd(799460742) 的消息: =、=带多点人 (821888542) 
[2021-11-28 20:42:53] [INFO]: 收到群 kenshi汉化和mod研究及暖(696654735) 内 Boasd(799460742) 的消息: 或是雇人 (-1443604572) 
[2021-11-28 20:43:07] [INFO]: 收到群 kenshi汉化和mod研究及暖(696654735) 内 Boasd(799460742) 的消息: 雇佣兵当炮灰 (-554473678) 
[2021-11-28 20:43:21] [INFO]: 收到群 kenshi汉化和mod研究及暖(696654735) 内 Boasd(799460742) 的消息: 死了还能扒装备卖 (1313634979) 
[2021-11-28 20:43:36] [INFO]: 收到群 kenshi汉化和mod研究及暖(696654735) 内 兰斯sama(1243425215) 的消息: 第二帝国猛攻的mod让我雇的人全死在路上了 (961235509) 
[2021-11-28 20:43:54] [INFO]: 收到群 kenshi汉化和mod研究及暖(696654735) 内 兰斯sama(1243425215) 的消息: 要么是被拦截了 (-1942889031) 
[2021-11-28 20:43:56] [INFO]: 收到群 kenshi汉化和mod研究及暖(696654735) 内 Boasd(799460742) 的消息: 。。。我没加过这个mod，不过听你说的，十有八九人数特别多 (-80286417) 
[2021-11-28 20:44:26] [INFO]: 收到群 kenshi汉化和mod研究及暖(696654735) 内 兰斯sama(1243425215) 的消息: 反正基本上雇和没雇区别不大 (1648344213) 
[2021-11-28 20:44:30] [INFO]: 收到群 kenshi汉化和mod研究及暖(696654735) 内 Boasd(799460742) 的消息: hold不住= =任你再强，人海战术一上，该叫爸爸的还是要叫 (356027395) 
[2021-11-28 20:44:33] [INFO]: 收到群 kenshi汉化和mod研究及暖(696654735) 内 兰斯sama(1243425215) 的消息: 怎么说呢 (-1956898400) 
[2021-11-28 20:45:10] [INFO]: 收到群 kenshi汉化和mod研究及暖(696654735) 内 兰斯sama(1243425215) 的消息: 你走在蒙格勒的路上 (-61134538) 
[2021-11-28 20:45:22] [INFO]: 收到群 kenshi汉化和mod研究及暖(696654735) 内 兰斯sama(1243425215) 的消息: 基本上随时都能遇到一个师 (1699903628) 
[2021-11-28 20:45:41] [INFO]: 收到群 kenshi汉化和mod研究及暖(696654735) 内 Boasd(799460742) 的消息: 电脑不卡吗 (307578906) 
[2021-11-28 20:45:55] [INFO]: 收到群 kenshi汉化和mod研究及暖(696654735) 内 兰斯sama(1243425215) 的消息: 而且那种兵力来几队可以攻占联合国的小镇 (-2098571893) 
[2021-11-28 20:45:58] [INFO]: 收到群 kenshi汉化和mod研究及暖(696654735) 内 兰斯sama(1243425215) 的消息: 卡呀 (-168991459) 
[2021-11-28 20:46:05] [INFO]: 收到群 kenshi汉化和mod研究及暖(696654735) 内 兰斯sama(1243425215) 的消息: 我经常卡退 (-1792348936) 
[2021-11-28 20:46:12] [INFO]: 收到群 kenshi汉化和mod研究及暖(696654735) 内 Boasd(799460742) 的消息: 那你还加 (-500310930) 
[2021-11-28 20:46:21] [INFO]: 收到群 kenshi汉化和mod研究及暖(696654735) 内 兰斯sama(1243425215) 的消息: 因为 (2065993172) 
[2021-11-28 20:46:25] [INFO]: 收到群 kenshi汉化和mod研究及暖(696654735) 内 兰斯sama(1243425215) 的消息: 那是真的爽 (203668802) 
[2021-11-28 20:46:25] [INFO]: 收到群 kenshi汉化和mod研究及暖(696654735) 内 Boasd(799460742) 的消息: 听的我蛋疼 (-1840830239) 
[2021-11-28 20:46:30] [INFO]: 收到群 kenshi汉化和mod研究及暖(696654735) 内 Boasd(799460742) 的消息: - - (-448784265) 
[2021-11-28 20:46:49] [INFO]: 收到群 kenshi汉化和mod研究及暖(696654735) 内 兰斯sama(1243425215) 的消息: 确实很蛋疼 (2085177805) 
[2021-11-28 20:46:58] [INFO]: 收到群 kenshi汉化和mod研究及暖(696654735) 内 兰斯sama(1243425215) 的消息: 这还不是最离谱的 (189692251) 
[2021-11-28 20:47:40] [INFO]: 收到群 kenshi汉化和mod研究及暖(696654735) 内 兰斯sama(1243425215) 的消息: 最离谱的是靠近灰烬之地的那边你甚至可以遇到几个南蜂巢族的国王 (-1678678838) 
[2021-11-28 20:47:57] [INFO]: 收到群 kenshi汉化和mod研究及暖(696654735) 内 兰斯sama(1243425215) 的消息: 上边写着量产型，重装 (-319400868) 
[2021-11-28 20:47:58] [INFO]: 收到群 kenshi汉化和mod研究及暖(696654735) 内 Boasd(799460742) 的消息: 那个机械怪？ (-1106788549) 
[2021-11-28 20:48:02] [INFO]: 收到群 kenshi汉化和mod研究及暖(696654735) 内 兰斯sama(1243425215) 的消息: 是的 (-922710099) 
[2021-11-28 20:48:06] [INFO]: 收到群 kenshi汉化和mod研究及暖(696654735) 内 Boasd(799460742) 的消息: 我x (1342823959) 
[2021-11-28 20:48:12] [INFO]: 收到群 kenshi汉化和mod研究及暖(696654735) 内 兰斯sama(1243425215) 的消息: 我看了这货的背包 (655289985) 
[2021-11-28 20:48:26] [INFO]: 收到群 kenshi汉化和mod研究及暖(696654735) 内 兰斯sama(1243425215) 的消息: 甚至加起来没超过2w (-1184203998) 
[2021-11-28 20:48:34] [INFO]: 收到群 kenshi汉化和mod研究及暖(696654735) 内 Boasd(799460742) 的消息: = =这么划不来 (-831697996) 
[2021-11-28 20:48:35] [INFO]: 收到群 kenshi汉化和mod研究及暖(696654735) 内 兰斯sama(1243425215) 的消息: 穷比一个 (1466178062) 
[2021-11-28 20:48:39] [INFO]: 发送群 Py QQbot(813476953) 的消息: 秦喵喵发了新动态：  ... (1902849868) 
[2021-11-28 20:48:42] [INFO]: 发送群 Py QQbot(813476953) 的消息: [CQ:image, ... (-284181777) 
[2021-11-28 20:48:43] [INFO]: 发送群 Py QQbot(813476953) 的消息: 本条动态地址为htt ... (-1744270727) 
[2021-11-28 20:48:55] [INFO]: 收到群 kenshi汉化和mod研究及暖(696654735) 内 兰斯sama(1243425215) 的消息: 属性平均一百多 (543369880) 
[2021-11-28 20:49:12] [INFO]: 收到群 kenshi汉化和mod研究及暖(696654735) 内 兰斯sama(1243425215) 的消息: 也就当教练合适，前提是得打的过 (-1327745271) 
[2021-11-28 20:49:16] [INFO]: 收到群 kenshi汉化和mod研究及暖(696654735) 内 Boasd(799460742) 的消息: =、=不过是个用来练人的好东西 (-941946977) 
[2021-11-28 20:49:25] [INFO]: 收到群 kenshi汉化和mod研究及暖(696654735) 内 Boasd(799460742) 的消息: =、=多上几个人 (-1491300742) 
[2021-11-28 20:49:35] [INFO]: 收到群 kenshi汉化和mod研究及暖(696654735) 内 Boasd(799460742) 的消息: 可以多练几个人，不需要一个个笼斗了 (-803488020) 
[2021-11-28 20:49:47] [INFO]: 收到群 kenshi汉化和mod研究及暖(696654735) 内 兰斯sama(1243425215) 的消息: 没感受过一拳穿胸吗 (1225977686) 
[2021-11-28 20:50:15] [INFO]: 收到群 kenshi汉化和mod研究及暖(696654735) 内 Boasd(799460742) 的消息: = =没，但是感受过一拳爆头断肢 (1041620928) 
[2021-11-28 20:50:17] [INFO]: 收到群 kenshi汉化和mod研究及暖(696654735) 内 兰斯sama(1243425215) 的消息: 我看着mod的NPC城镇该死的 (-1603188125) 
[2021-11-28 20:51:05] [INFO]: 收到群 kenshi汉化和mod研究及暖(696654735) 内 Boasd(799460742) 的消息: 你一般会在哪筑城= = (-680101131) 
[2021-11-28 20:51:18] [INFO]: 收到群 kenshi汉化和mod研究及暖(696654735) 内 Boasd(799460742) 的消息: 不过我觉你那mod，你是筑不了了 (1316957007) 
[2021-11-28 21:59:09] [INFO]: 收到群 kenshi汉化和mod研究及暖(696654735) 内 兰斯sama(1243425215) 的消息: [CQ:reply,id=-1603188125][CQ:at,qq=1243425215] ？我这是打了什么鬼话上去 (964172761) 
[2021-11-28 21:59:25] [INFO]: 收到群 kenshi汉化和mod研究及暖(696654735) 内 兰斯sama(1243425215) 的消息: 我想说的是国王被modNPC打死了 (-1446574520) 
[2021-11-28 21:59:46] [INFO]: 收到群 kenshi汉化和mod研究及暖(696654735) 内 兰斯sama(1243425215) 的消息: [CQ:reply,id=1316957007][CQ:at,qq=799460742] [CQ:at,qq=799460742] 水泡山 (-557828386) 
[2021-11-28 22:00:36] [INFO]: 收到群 kenshi汉化和mod研究及暖(696654735) 内 兰斯sama(1243425215) 的消息: 这mod是越靠近灰烬之地敌人就越强，所以远离也就只会跑来一些杂兵而已 (-396552003) 
[2021-11-28 22:01:06] [INFO]: 收到群 kenshi汉化和mod研究及暖(696654735) 内 兰斯sama(1243425215) 的消息: 但问题是要是城市被mod里的第二帝国占领的话…… (-1621481429) 
[2021-11-28 22:01:21] [INFO]: 收到群 kenshi汉化和mod研究及暖(696654735) 内 兰斯sama(1243425215) 的消息: 就相当于把回家之地扩大了 (106133905) 
[2021-11-28 22:01:24] [INFO]: 群 kenshi汉化和mod研究及暖暖化制作监督委员会-1群(696654735) 内 兰斯sama(1243425215) 撤回了 兰斯sama(1243425215) 的消息: 106133905. 
[2021-11-28 22:01:31] [INFO]: 收到群 kenshi汉化和mod研究及暖(696654735) 内 兰斯sama(1243425215) 的消息: 就相当于把灰烬之地扩大了 (1901349127) 
[2021-11-28 22:01:46] [INFO]: 收到群 kenshi汉化和mod研究及暖(696654735) 内 兰斯sama(1243425215) 的消息: 反正我这辈子都不会想去螃蟹村了 (-282010460) 
[2021-11-28 22:02:13] [INFO]: 收到群 kenshi汉化和mod研究及暖(696654735) 内 兰斯sama(1243425215) 的消息: 那里简直可以用尸横遍野来形容了…… (-1741165518) 
[2021-11-28 23:10:56] [INFO]: 收到群 kenshi汉化和mod研究及暖(696654735) 内 Boasd(799460742) 的消息: [CQ:image,file=0fd52d56429f66572cd019cc7c96e30a.image]改变势力版图的mod (20888968) 
