[2021-11-09 04:30:33] [INFO]: 当前版本:v1.0.0-beta6 
[2021-11-09 04:30:33] [INFO]: 用户交流群: 721829413 
[2021-11-09 04:30:33] [INFO]: 将使用 device.json 内的设备信息运行Bot. 
[2021-11-09 04:30:33] [INFO]: Bot将在5秒后登录并开始信息处理, 按 Ctrl+C 取消. 
[2021-11-09 04:30:38] [INFO]: 开始尝试登录并同步消息... 
[2021-11-09 04:30:38] [INFO]: 使用协议: iPad 
[2021-11-09 04:30:42] [INFO]: Protocol -> connect to server: 203.205.255.220:8080 
[2021-11-09 04:30:46] [INFO]: 登录成功 欢迎使用: 小八的狐狸耳朵~ 
[2021-11-09 04:30:46] [INFO]: 开始加载好友列表... 
[2021-11-09 04:30:46] [INFO]: 共加载 4 个好友. 
[2021-11-09 04:30:46] [INFO]: 开始加载群列表... 
[2021-11-09 04:30:46] [INFO]: 收到服务器地址更新通知, 将在下一次重连时应用.  
[2021-11-09 04:30:47] [INFO]: 共加载 5 个群. 
[2021-11-09 04:30:47] [INFO]: 信息数据库初始化完成. 
[2021-11-09 04:30:47] [INFO]: 资源初始化完成, 开始处理信息. 
[2021-11-09 04:30:47] [INFO]: アトリは、高性能ですから! 
[2021-11-09 04:30:47] [INFO]: 开始尝试连接到反向WebSocket Universal服务器: ws://127.0.0.1:15510/cqhttp/ws/ 
[2021-11-09 04:30:47] [INFO]: 正在检查更新. 
[2021-11-09 04:30:47] [INFO]: 当前有更新的 go-cqhttp 可供更新, 请前往 https://github.com/Mrs4s/go-cqhttp/releases 下载. 
[2021-11-09 04:30:47] [INFO]: 当前版本: v1.0.0-beta6 最新版本: v1.0.0-beta7-fix2 
[2021-11-09 12:09:10] [INFO]: 收到群 kenshi汉化和mod研究及暖(696654735) 内 阿格努(710621309) 的消息: 来点更硬核的，别吐啊 (1946644425) 
[2021-11-09 12:09:12] [INFO]: 收到群 kenshi汉化和mod研究及暖(696654735) 内 阿格努(710621309) 的消息: [CQ:image,file=fbd99e467f41cc01f9e405176d1b249f.image] (50356063) 
[2021-11-09 12:09:13] [INFO]: 收到群 kenshi汉化和mod研究及暖(696654735) 内 阿格努(710621309) 的消息: [CQ:image,file=7de88b5b8ffe42580b269b9dba9c16dd.image] (-1654338820) 
[2021-11-09 13:07:16] [INFO]: 收到群 kenshi汉化和mod研究及暖(696654735) 内 墨墨(1328676962) 的消息: 最喜欢这种了 (-362546582) 
[2021-11-09 13:07:19] [INFO]: 收到群 kenshi汉化和mod研究及暖(696654735) 内 墨墨(1328676962) 的消息: [CQ:face,id=24] (1936370640) 
[2021-11-09 13:07:31] [INFO]: 收到群 kenshi汉化和mod研究及暖(696654735) 内 ‭‭(2691449141) 的消息: 给我口一个 (74292038) 
[2021-11-09 13:59:53] [INFO]: 收到群 kenshi汉化和mod研究及暖(696654735) 内 岂无飞(402818767) 的消息: 居然是个男的 (-1798142249) 
[2021-11-09 13:59:57] [INFO]: 收到群 kenshi汉化和mod研究及暖(696654735) 内 岂无飞(402818767) 的消息: [CQ:image,file=2ec294525befc363ea6727a738c36843.image] (-472533439) 
[2021-11-09 14:37:31] [INFO]: 收到群 kenshi汉化和mod研究及暖(696654735) 内 阿格努(710621309) 的消息: [CQ:reply,id=-362546582][CQ:at,qq=1328676962] [CQ:at,qq=1328676962] ？ (-2095956060) 
[2021-11-09 14:37:36] [INFO]: 收到群 kenshi汉化和mod研究及暖(696654735) 内 阿格努(710621309) 的消息: 什么xp (-199946446) 
[2021-11-09 14:38:41] [INFO]: 收到群 kenshi汉化和mod研究及暖(696654735) 内 阿格努(710621309) 的消息: [CQ:video,file=90da5d8e861343f58540394d26e60382.video] (1830575752) 
[2021-11-09 14:38:58] [INFO]: 收到群 kenshi汉化和mod研究及暖(696654735) 内 阿格努(710621309) 的消息: 男生出门在外要保护好自己 (438005278) 
[2021-11-09 14:54:02] [INFO]: 收到群 kenshi汉化和mod研究及暖(696654735) 内 落雨无声(418598289) 的消息: [CQ:image,file=f3c19c881dbcf1f686039ef98ab9c7fd.image] (-2071987267) 
[2021-11-09 14:54:12] [INFO]: 收到群 kenshi汉化和mod研究及暖(696654735) 内 落雨无声(418598289) 的消息: 我好傻逼，买实体书 (-210187477) 
[2021-11-09 14:54:44] [INFO]: 收到群 kenshi汉化和mod研究及暖(696654735) 内 盒子咸鱼(951399482) 的消息: 实体书怎么了 (1785830033) 
[2021-11-09 14:54:49] [INFO]: 收到群 kenshi汉化和mod研究及暖(696654735) 内 盒子咸鱼(951399482) 的消息: [CQ:image,file=56064ca678abe0f0ff745fde78f528c3.image] (494316039) 
[2021-11-09 14:56:32] [INFO]: 收到群 kenshi汉化和mod研究及暖(696654735) 内 drm9900(515481577) 的消息: 实体书还节省眼睛，挺好 (-1916160106) 
[2021-11-09 14:56:51] [INFO]: 收到群 kenshi汉化和mod研究及暖(696654735) 内 落雨无声(418598289) 的消息: 占地方 (-87128320) 
[2021-11-09 14:57:06] [INFO]: 收到群 kenshi汉化和mod研究及暖(696654735) 内 落雨无声(418598289) 的消息: 买的多 (-1472238489) 
[2021-11-09 14:58:36] [INFO]: 收到群 kenshi汉化和mod研究及暖(696654735) 内 落雨无声(418598289) 的消息: 一本两本无所谓 (-549954319) 
[2021-11-09 14:58:47] [INFO]: 收到群 kenshi汉化和mod研究及暖(696654735) 内 落雨无声(418598289) 的消息: 一摞两摞就是个问题 (1177619787) 
[2021-11-09 15:13:54] [INFO]: 收到群 kenshi汉化和mod研究及暖(696654735) 内 音无 奏🦖(296053120) 的消息: 眼睛已经是消费品了是吗 (825638365) 
[2021-11-09 15:25:13] [INFO]: 收到群 kenshi汉化和mod研究及暖(696654735) 内 落雨无声(418598289) 的消息: 龙族里咋那么多关于日本的东西呢 (-1353537410) 
[2021-11-09 15:25:38] [INFO]: 收到群 kenshi汉化和mod研究及暖(696654735) 内 /yl夜语天翔(496980333) 的消息: 作者老二次元了 (-665478936) 
[2021-11-09 15:35:18] [INFO]: 昨日 时之沙(2934771083) 在群 696654735 内发言最积极, 获得 龙王 标识。 
[2021-11-09 15:38:08] [INFO]: 收到群 kenshi汉化和mod研究及暖(696654735) 内 音无 奏🦖(296053120) 的消息: 三勺本人就是刘璐的后人 (1096599890) 
[2021-11-09 15:41:29] [INFO]: 收到群 kenshi汉化和mod研究及暖(696654735) 内 落雨无声(418598289) 的消息: [CQ:image,file=e349a66391dc633f60b4db5ce68e3b97.image] (911997380) 
[2021-11-09 15:41:34] [INFO]: 收到群 kenshi汉化和mod研究及暖(696654735) 内 落雨无声(418598289) 的消息: 我这摄像头咋整的 (-1494948779) 
[2021-11-09 15:42:04] [INFO]: 收到群 kenshi汉化和mod研究及暖(696654735) 内 落雨无声(418598289) 的消息: 以前没看出来 (-773598013) 
[2021-11-09 15:42:38] [INFO]: 收到群 kenshi汉化和mod研究及暖(696654735) 内 落雨无声(418598289) 的消息: 这玩意不就是一个斗罗大陆写无数本小说的那人吗 (-1323016922) 
[2021-11-09 18:15:42] [INFO]: 发送群 Py QQbot(813476953) 的消息: 秦喵喵转发了「MKi ... (-1939155145) 
[2021-11-09 18:15:43] [INFO]: 发送群 Py QQbot(813476953) 的消息: 本条动态地址为htt ... (-76683359) 
[2021-11-09 18:36:41] [INFO]: 发送群 Py QQbot(813476953) 的消息: 秦喵喵转发了「Pin ... (1650767387) 
[2021-11-09 18:36:42] [INFO]: 发送群 Py QQbot(813476953) 的消息: 本条动态地址为htt ... (358844045) 
[2021-11-09 18:39:42] [INFO]: 发送群 Py QQbot(813476953) 的消息: 鹿乃酱发了新动态：  ... (-2049139940) 
[2021-11-09 18:39:56] [INFO]: 发送群 Py QQbot(813476953) 的消息: [CQ:image, ... (-220484726) 
[2021-11-09 18:39:56] [INFO]: 发送群 Py QQbot(813476953) 的消息: 本条动态地址为htt ... (211750881) 
[2021-11-09 20:00:42] [INFO]: 发送群 Py QQbot(813476953) 的消息: 鹿乃酱发了新视频「因 ... (2073575287) 
[2021-11-09 20:00:42] [INFO]: 发送群 Py QQbot(813476953) 的消息: 本条动态地址为htt ... (-493785395) 
[2021-11-09 20:06:42] [INFO]: 发送群 Py QQbot(813476953) 的消息: 秦喵喵发了新动态：  ... (-1785307557) 
[2021-11-09 20:06:46] [INFO]: 发送群 Py QQbot(813476953) 的消息: [CQ:image, ... (200461304) 
[2021-11-09 20:06:55] [INFO]: 发送群 Py QQbot(813476953) 的消息: [CQ:image, ... (2096495470) 
[2021-11-09 20:06:55] [INFO]: 发送群 Py QQbot(813476953) 的消息: 本条动态地址为htt ... (-436426028) 
[2021-11-09 22:56:02] [INFO]: 当前版本:v1.0.0-beta6 
[2021-11-09 22:56:02] [INFO]: 用户交流群: 721829413 
[2021-11-09 22:56:02] [INFO]: 将使用 device.json 内的设备信息运行Bot. 
[2021-11-09 22:56:02] [INFO]: Bot将在5秒后登录并开始信息处理, 按 Ctrl+C 取消. 
[2021-11-09 22:56:08] [INFO]: 开始尝试登录并同步消息... 
[2021-11-09 22:56:08] [INFO]: 使用协议: iPad 
[2021-11-09 22:56:08] [INFO]: Protocol -> connect to server: 42.81.172.81:80 
[2021-11-09 22:56:08] [ERROR]: Protocol -> connect server error: dial tcp error: dial tcp 42.81.172.81:80: connect: network is unreachable 
[2021-11-09 22:56:08] [WARNING]: 恢复会话失败: dial tcp error: dial tcp 42.81.172.81:80: connect: network is unreachable , 尝试使用正常流程登录. 
[2021-11-09 22:56:09] [INFO]: Protocol -> connect to server: 42.81.172.81:80 
[2021-11-09 22:56:09] [ERROR]: Protocol -> connect server error: dial tcp error: dial tcp 42.81.172.81:80: connect: network is unreachable 
[2021-11-09 22:56:09] [FATAL]: 登录时发生致命错误: dial tcp error: dial tcp 42.81.172.81:80: connect: network is unreachable 
[2021-11-09 22:56:11] [INFO]: 当前版本:v1.0.0-beta6 
[2021-11-09 22:56:11] [INFO]: 用户交流群: 721829413 
[2021-11-09 22:56:11] [INFO]: 将使用 device.json 内的设备信息运行Bot. 
[2021-11-09 22:56:11] [INFO]: Bot将在5秒后登录并开始信息处理, 按 Ctrl+C 取消. 
[2021-11-09 22:56:16] [INFO]: 开始尝试登录并同步消息... 
[2021-11-09 22:56:16] [INFO]: 使用协议: iPad 
[2021-11-09 22:56:16] [INFO]: Protocol -> connect to server: 42.81.172.81:80 
[2021-11-09 22:56:16] [ERROR]: Protocol -> connect server error: dial tcp error: dial tcp 42.81.172.81:80: connect: network is unreachable 
[2021-11-09 22:56:16] [FATAL]: 登录时发生致命错误: dial tcp error: dial tcp 42.81.172.81:80: connect: network is unreachable 
[2021-11-09 22:56:19] [INFO]: 当前版本:v1.0.0-beta6 
[2021-11-09 22:56:19] [INFO]: 用户交流群: 721829413 
[2021-11-09 22:56:19] [INFO]: 将使用 device.json 内的设备信息运行Bot. 
[2021-11-09 22:56:19] [INFO]: Bot将在5秒后登录并开始信息处理, 按 Ctrl+C 取消. 
[2021-11-09 22:56:24] [INFO]: 开始尝试登录并同步消息... 
[2021-11-09 22:56:24] [INFO]: 使用协议: iPad 
[2021-11-09 22:56:29] [INFO]: Protocol -> connect to server: 203.205.255.220:8080 
[2021-11-09 22:56:32] [INFO]: 登录成功 欢迎使用: 小八的狐狸耳朵~ 
[2021-11-09 22:56:32] [INFO]: 开始加载好友列表... 
[2021-11-09 22:56:32] [INFO]: 共加载 4 个好友. 
[2021-11-09 22:56:32] [INFO]: 开始加载群列表... 
[2021-11-09 22:56:33] [INFO]: 共加载 5 个群. 
[2021-11-09 22:56:33] [INFO]: 信息数据库初始化完成. 
[2021-11-09 22:56:33] [INFO]: 资源初始化完成, 开始处理信息. 
[2021-11-09 22:56:33] [INFO]: アトリは、高性能ですから! 
[2021-11-09 22:56:33] [INFO]: 开始尝试连接到反向WebSocket Universal服务器: ws://127.0.0.1:15510/cqhttp/ws/ 
[2021-11-09 22:56:33] [INFO]: 正在检查更新. 
[2021-11-09 22:56:33] [INFO]: 收到服务器地址更新通知, 将在下一次重连时应用.  
[2021-11-09 22:56:33] [INFO]: 当前有更新的 go-cqhttp 可供更新, 请前往 https://github.com/Mrs4s/go-cqhttp/releases 下载. 
[2021-11-09 22:56:33] [INFO]: 当前版本: v1.0.0-beta6 最新版本: v1.0.0-beta7-fix2 
