[2021-12-04 04:30:29] [INFO]: 当前版本:v1.0.0-beta6 
[2021-12-04 04:30:29] [INFO]: 用户交流群: 721829413 
[2021-12-04 04:30:29] [INFO]: 将使用 device.json 内的设备信息运行Bot. 
[2021-12-04 04:30:29] [INFO]: Bot将在5秒后登录并开始信息处理, 按 Ctrl+C 取消. 
[2021-12-04 04:30:34] [INFO]: 开始尝试登录并同步消息... 
[2021-12-04 04:30:34] [INFO]: 使用协议: iPad 
[2021-12-04 04:30:39] [INFO]: Protocol -> connect to server: 203.205.255.220:8080 
[2021-12-04 04:30:42] [INFO]: 登录成功 欢迎使用: 小八的狐狸耳朵~ 
[2021-12-04 04:30:42] [INFO]: 开始加载好友列表... 
[2021-12-04 04:30:42] [INFO]: 收到服务器地址更新通知, 将在下一次重连时应用.  
[2021-12-04 04:30:42] [INFO]: 共加载 4 个好友. 
[2021-12-04 04:30:42] [INFO]: 开始加载群列表... 
[2021-12-04 04:30:43] [INFO]: 共加载 5 个群. 
[2021-12-04 04:30:43] [INFO]: 信息数据库初始化完成. 
[2021-12-04 04:30:43] [INFO]: 资源初始化完成, 开始处理信息. 
[2021-12-04 04:30:43] [INFO]: アトリは、高性能ですから! 
[2021-12-04 04:30:43] [INFO]: 开始尝试连接到反向WebSocket Universal服务器: ws://127.0.0.1:15510/cqhttp/ws/ 
[2021-12-04 04:30:43] [INFO]: 正在检查更新. 
[2021-12-04 04:30:44] [INFO]: 当前有更新的 go-cqhttp 可供更新, 请前往 https://github.com/Mrs4s/go-cqhttp/releases 下载. 
[2021-12-04 04:30:44] [INFO]: 当前版本: v1.0.0-beta6 最新版本: v1.0.0-beta8-fix1 
[2021-12-04 10:11:31] [INFO]: 收到群 kenshi汉化和mod研究及暖(696654735) 内 时之沙(2934771083) 的消息: [CQ:xml,data=<?xml version="1.0" encoding="utf-8"?><msg serviceID="5" templateID="12345" brief="&#91;分享&#93;" token="844f21900e5f08f7713f3c3d120cb0e3" timestamp="1638583891" nonce="713959889"><item layout="0"><image uuid="{ACA258C0-B786-4707-0B74-41A0BB71C0D7}.jpg" md5="ACA258C0B78647070B7441A0BB71C0D7" GroupFiledid="2485575807" minWidth="100" minHeight="100" maxWidth="180" maxHeight="180"/></item><source name="小黑盒" icon="https://open.gtimg.cn/open/app_icon/05/91/08/06/1105910806_100_m.png?t=1637631041" appid="1105910806" action="" i_actionData="" a_actionData="" url=""/></msg>,resid=5][CQ:image,file=aca258c0b78647070b7441a0bb71c0d7.image] (-1196945131) 
[2021-12-04 10:11:39] [INFO]: 群 kenshi汉化和mod研究及暖暖化制作监督委员会-1群(696654735) 内 时之沙(2934771083) 撤回了 时之沙(2934771083) 的消息: -1196945131. 
[2021-12-04 11:18:50] [INFO]: 发送群 Py QQbot(813476953) 的消息: Tm发了新视频「烈火 ... (1450704811) 
[2021-12-04 11:18:50] [INFO]: 发送群 Py QQbot(813476953) 的消息: 本条动态地址为htt ... (-959913414) 
[2021-12-04 14:03:01] [INFO]: 收到群 kenshi汉化和mod研究及暖(696654735) 内 Ahoge(1195074247) 的消息: 都是勇士 (-810606205) 
[2021-12-04 14:03:15] [INFO]: 收到群 kenshi汉化和mod研究及暖(696654735) 内 Ahoge(1195074247) 的消息: 快进到[CQ:image,file=177bf6de2aa508ba75f7e31b5888cc3c.image]中毒 (1453748281) 
[2021-12-04 17:30:41] [INFO]: 发送群 Py QQbot(813476953) 的消息: 秦喵喵转发了「美泉二 ... (-1311780180) 
[2021-12-04 17:30:42] [INFO]: 发送群 Py QQbot(813476953) 的消息: 本条动态地址为htt ... (-787981495) 
[2021-12-04 18:25:14] [INFO]: 收到群 kenshi汉化和mod研究及暖(696654735) 内 时之沙(2934771083) 的消息: 我要举报这里有人分尸[CQ:face,id=178] (564215983) 
[2021-12-04 19:07:10] [INFO]: 收到群 kenshi汉化和mod研究及暖(696654735) 内 --初见--(920592790) 的消息: [CQ:at,qq=1748121078] 兄弟，你要吗，我出了，太鸡儿重了，昨天搬楼上差点累死 (-1323410114) 
[2021-12-04 19:15:02] [INFO]: 收到群 kenshi汉化和mod研究及暖(696654735) 内 魔男(511198723) 的消息: [CQ:image,file=3daf85f7dce831623b13f26d179355b4.image]https://www.bilibili.com/video/BV1aY411s7gx?spm_id_from=444.41.0.0 (-971412056) 
[2021-12-04 19:15:18] [INFO]: 收到群 kenshi汉化和mod研究及暖(696654735) 内 guichu777(3484823613) 的消息: [CQ:reply,id=-1323410114][CQ:at,qq=920592790] 渣男 (-1495342003) 
[2021-12-04 19:36:42] [INFO]: 发送群 Py QQbot(813476953) 的消息: 秦喵喵发了新动态：  ... (-1508938785) 
[2021-12-04 19:36:44] [INFO]: 发送群 Py QQbot(813476953) 的消息: [CQ:image, ... (1057372773) 
[2021-12-04 19:36:46] [INFO]: 发送群 Py QQbot(813476953) 的消息: [CQ:image, ... (1208027891) 
[2021-12-04 19:36:50] [INFO]: 发送群 Py QQbot(813476953) 的消息: [CQ:image, ... (-697983152) 
[2021-12-04 19:36:50] [INFO]: 发送群 Py QQbot(813476953) 的消息: 本条动态地址为htt ... (-1587367994) 
[2021-12-04 20:23:57] [INFO]: 收到群 kenshi汉化和mod研究及暖(696654735) 内 Boasd(799460742) 的消息: 渣男 (-774253349) 
[2021-12-04 20:23:57] [INFO]: 发送群 kenshi汉化和mod研究及暖暖化制作监督委员会-1群(696654735) 的消息: 渣男 (1221625185) 
[2021-12-04 20:27:19] [INFO]: 收到群 kenshi汉化和mod研究及暖(696654735) 内 ‭‭(2691449141) 的消息: 渣男 (1071101431) 
[2021-12-04 21:03:06] [INFO]: 收到群 kenshi汉化和mod研究及暖(696654735) 内 简单先上盆饭(372338248) 的消息: 渣男 (-1582096300) 
[2021-12-04 21:03:06] [INFO]: 发送群 kenshi汉化和mod研究及暖暖化制作监督委员会-1群(696654735) 的消息: 渣男 (-692842302) 
[2021-12-04 21:07:05] [INFO]: 收到群 kenshi汉化和mod研究及暖(696654735) 内 圣徒的亡灵(1339837523) 的消息: 渣男 (1337803128) 
[2021-12-04 21:12:53] [INFO]: 收到群 kenshi汉化和mod研究及暖(696654735) 内 岂无飞(402818767) 的消息: 渣男 (951742958) 
[2021-12-04 21:12:53] [INFO]: 发送群 kenshi汉化和mod研究及暖暖化制作监督委员会-1群(696654735) 的消息: 渣男 (-1476039553) 
[2021-12-04 22:04:33] [INFO]: 收到群 kenshi汉化和mod研究及暖(696654735) 内 落雨无声(418598289) 的消息: 渣男 (-553493271) 
[2021-12-04 22:57:35] [INFO]: 收到群 kenshi汉化和mod研究及暖(696654735) 内 甘蔗(1418318036) 的消息: 渣男 (-375426422) 
[2021-12-04 22:57:36] [INFO]: 发送群 kenshi汉化和mod研究及暖暖化制作监督委员会-1群(696654735) 的消息: 渣男 (-1634188772) 
[2021-12-04 23:24:48] [INFO]: 收到群 kenshi汉化和mod研究及暖(696654735) 内 ‭‭(2691449141) 的消息: 渣男 (126948262) 
[2021-12-04 23:37:33] [INFO]: 收到群 kenshi汉化和mod研究及暖(696654735) 内 Cu re(1325263431) 的消息: 渣男 (1888887600) 
[2021-12-04 23:37:33] [INFO]: 发送群 kenshi汉化和mod研究及暖暖化制作监督委员会-1群(696654735) 的消息: 渣男 (-286083437) 
