[2021-12-06 04:30:27] [INFO]: 当前版本:v1.0.0-beta6 
[2021-12-06 04:30:27] [INFO]: 用户交流群: 721829413 
[2021-12-06 04:30:27] [INFO]: 将使用 device.json 内的设备信息运行Bot. 
[2021-12-06 04:30:27] [INFO]: Bot将在5秒后登录并开始信息处理, 按 Ctrl+C 取消. 
[2021-12-06 04:30:32] [INFO]: 开始尝试登录并同步消息... 
[2021-12-06 04:30:32] [INFO]: 使用协议: iPad 
[2021-12-06 04:30:34] [INFO]: Protocol -> connect to server: 220.194.118.217:14000 
[2021-12-06 04:30:38] [INFO]: 登录成功 欢迎使用: 小八的狐狸耳朵~ 
[2021-12-06 04:30:38] [INFO]: 开始加载好友列表... 
[2021-12-06 04:30:38] [INFO]: 收到服务器地址更新通知, 将在下一次重连时应用.  
[2021-12-06 04:30:38] [INFO]: 共加载 4 个好友. 
[2021-12-06 04:30:38] [INFO]: 开始加载群列表... 
[2021-12-06 04:30:39] [INFO]: 共加载 5 个群. 
[2021-12-06 04:30:40] [INFO]: 信息数据库初始化完成. 
[2021-12-06 04:30:40] [INFO]: 资源初始化完成, 开始处理信息. 
[2021-12-06 04:30:40] [INFO]: アトリは、高性能ですから! 
[2021-12-06 04:30:40] [INFO]: 开始尝试连接到反向WebSocket Universal服务器: ws://127.0.0.1:15510/cqhttp/ws/ 
[2021-12-06 04:30:40] [INFO]: 正在检查更新. 
[2021-12-06 04:30:40] [INFO]: 当前有更新的 go-cqhttp 可供更新, 请前往 https://github.com/Mrs4s/go-cqhttp/releases 下载. 
[2021-12-06 04:30:40] [INFO]: 当前版本: v1.0.0-beta6 最新版本: v1.0.0-beta8-fix1 
[2021-12-06 14:13:24] [INFO]: 收到群 kenshi汉化和mod研究及暖(696654735) 内 炎头队长沙福林(2175422756) 的消息: [CQ:forward,id=GQazGL3VZ962YXWNsuf/3osOC9lu9v3xNBF80B7iWXqOVbLLUSzcFefjKWsbksnu] (2012997417) 
[2021-12-06 14:39:57] [INFO]: 收到群 kenshi汉化和mod研究及暖(696654735) 内 ‭‭(2691449141) 的消息: [CQ:reply,id=2012997417][CQ:at,qq=2175422756] 名字呢[CQ:at,qq=2175422756]  (-414909768) 
[2021-12-06 15:04:53] [INFO]: 收到群 kenshi汉化和mod研究及暖(696654735) 内 炎头队长沙福林(2175422756) 的消息: 在找了 (-1874605522) 
[2021-12-06 15:06:14] [INFO]: 收到群 kenshi汉化和mod研究及暖(696654735) 内 ‭‭(2691449141) 的消息: 红头yyds (-259767349) 
[2021-12-06 15:06:27] [INFO]: 收到群 kenshi汉化和mod研究及暖(696654735) 内 ‭‭(2691449141) 的消息: 红头我的超人 (-2021428387) 
[2021-12-06 15:09:02] [INFO]: 收到群 kenshi汉化和mod研究及暖(696654735) 内 高橋啟介(791258074) 的消息: [CQ:face,id=229] (512369383) 
[2021-12-06 15:09:11] [INFO]: 收到群 kenshi汉化和mod研究及暖(696654735) 内 高橋啟介(791258074) 的消息: 想康 (1770852977) 
[2021-12-06 17:09:44] [INFO]: 发送群 Py QQbot(813476953) 的消息: Tm 开播啦啦啦！！ ... (-2080788434) 
[2021-12-06 17:33:45] [INFO]: 收到群 kenshi汉化和mod研究及暖(696654735) 内 guichu777(3484823613) 的消息: 想康 (-135690286) 
[2021-12-06 17:33:45] [INFO]: 发送群 kenshi汉化和mod研究及暖暖化制作监督委员会-1群(696654735) 的消息: 想康 (-2131839164) 
[2021-12-06 18:00:41] [INFO]: 收到群 kenshi汉化和mod研究及暖(696654735) 内 /yl夜语天翔(496980333) 的消息:  [CQ:image,file=967c6dbc1add652b5d00c2d56197c5e3.image]这个吗？ (434628350) 
[2021-12-06 18:00:42] [INFO]: 收到群 kenshi汉化和mod研究及暖(696654735) 内 /yl夜语天翔(496980333) 的消息: &#91;Ga320aaa小迪哥&#93; 如果知曉對方想法可能會發生糟糕事情 &#91;中国語&#93; (1860228712) 
[2021-12-06 18:01:11] [INFO]: 收到群 kenshi汉化和mod研究及暖(696654735) 内 /yl夜语天翔(496980333) 的消息: [CQ:image,file=8b2d9433036bca5ec4ed05e9530864b1.image]这个算是汉语圈画师 (-27276295) 
[2021-12-06 18:01:19] [INFO]: 收到群 kenshi汉化和mod研究及暖(696654735) 内 /yl夜语天翔(496980333) 的消息: 直接搜封面上写的就有啊 (-1990657169) 
[2021-12-06 18:02:07] [INFO]: 收到群 kenshi汉化和mod研究及暖(696654735) 内 炎头队长沙福林(2175422756) 的消息: 他这个 (-609677304) 
[2021-12-06 18:02:15] [INFO]: 收到群 kenshi汉化和mod研究及暖(696654735) 内 炎头队长沙福林(2175422756) 的消息: 好像没有后续了是吧 (-1397874530) 
[2021-12-06 18:03:50] [INFO]: 收到群 kenshi汉化和mod研究及暖(696654735) 内 阿格努(710621309) 的消息: 正经人谁看漫画呀 (900165924) 
[2021-12-06 18:05:34] [INFO]: 收到群 kenshi汉化和mod研究及暖(696654735) 内 /yl夜语天翔(496980333) 的消息: 貌似没有 (1117798834) 
[2021-12-06 19:24:03] [INFO]: 收到群 kenshi汉化和mod研究及暖(696654735) 内 岂无飞(402818767) 的消息: [CQ:image,file=6a5c1c50486dc2d6172d7d0d0b43fd49.image][CQ:image,file=3829f91eef8b245e2efdecddd02d2be4.image] (-591080431) 
[2021-12-06 19:33:42] [INFO]: 发送群 Py QQbot(813476953) 的消息: 秦喵喵发了新动态：  ... (-482461237) 
[2021-12-06 19:33:57] [INFO]: 发送群 Py QQbot(813476953) 的消息: [CQ:image, ... (-1808201379) 
[2021-12-06 19:34:00] [INFO]: 发送群 Py QQbot(813476953) 的消息: [CQ:image, ... (221272295) 
[2021-12-06 19:34:00] [INFO]: 发送群 Py QQbot(813476953) 的消息: 本条动态地址为htt ... (2050451569) 
[2021-12-06 21:18:53] [INFO]: 收到群 kenshi汉化和mod研究及暖(696654735) 内 圣徒的亡灵(1339837523) 的消息: 还有吗 (-1413225337) 
[2021-12-06 21:27:10] [INFO]: 收到群 kenshi汉化和mod研究及暖(696654735) 内 guichu777(3484823613) 的消息: [CQ:image,file=76bbe9847dd77c15f9407de748ec9389.image] (852145469) 
[2021-12-06 21:36:47] [INFO]: 发送群 Py QQbot(813476953) 的消息: Tm 开播啦啦啦！！ ... (-464257582) 
