[2021-12-02 01:45:29] [INFO]: 收到群 Py QQbot(813476953) 内 小八的狐狸尾巴~(1216878448) 的消息: youtubedl https://youtu.be/fXeM0fXvOp8 mp4 きらきら-Aqua (2080134066) 
[2021-12-02 01:45:30] [INFO]: 发送群 Py QQbot(813476953) 的消息: 正在下载。。。 (-487259640) 
[2021-12-02 04:30:28] [INFO]: 当前版本:v1.0.0-beta6 
[2021-12-02 04:30:28] [INFO]: 用户交流群: 721829413 
[2021-12-02 04:30:28] [INFO]: 将使用 device.json 内的设备信息运行Bot. 
[2021-12-02 04:30:28] [INFO]: Bot将在5秒后登录并开始信息处理, 按 Ctrl+C 取消. 
[2021-12-02 04:30:33] [INFO]: 开始尝试登录并同步消息... 
[2021-12-02 04:30:33] [INFO]: 使用协议: iPad 
[2021-12-02 04:30:36] [INFO]: Protocol -> connect to server: 203.205.255.221:8080 
[2021-12-02 04:30:39] [INFO]: 登录成功 欢迎使用: 小八的狐狸耳朵~ 
[2021-12-02 04:30:39] [INFO]: 开始加载好友列表... 
[2021-12-02 04:30:40] [INFO]: 共加载 4 个好友. 
[2021-12-02 04:30:40] [INFO]: 开始加载群列表... 
[2021-12-02 04:30:40] [INFO]: 收到服务器地址更新通知, 将在下一次重连时应用.  
[2021-12-02 04:30:41] [INFO]: 共加载 5 个群. 
[2021-12-02 04:30:41] [INFO]: 信息数据库初始化完成. 
[2021-12-02 04:30:41] [INFO]: 资源初始化完成, 开始处理信息. 
[2021-12-02 04:30:41] [INFO]: アトリは、高性能ですから! 
[2021-12-02 04:30:41] [INFO]: 开始尝试连接到反向WebSocket Universal服务器: ws://127.0.0.1:15510/cqhttp/ws/ 
[2021-12-02 04:30:41] [INFO]: 正在检查更新. 
[2021-12-02 04:30:41] [INFO]: 当前有更新的 go-cqhttp 可供更新, 请前往 https://github.com/Mrs4s/go-cqhttp/releases 下载. 
[2021-12-02 04:30:41] [INFO]: 当前版本: v1.0.0-beta6 最新版本: v1.0.0-beta8-fix1 
[2021-12-02 08:28:04] [INFO]: 收到群 Py QQbot(813476953) 内 小八的狐狸尾巴~(1216878448) 的消息: youtubedl https://music.amazon.co.jp/albums/B09MRTHL94?marketplaceId=A1VC38T7YXB528&amp;musicTerritory=JP&amp;ref=dm_sh_LScrCcmeIt6OQMbcRrByNiVJx&amp;tag=linkfirejapan-22&amp;ie=UTF8&amp;linkCode=as2&amp;ascsubtag=e1d795e7a383edc8ae84907a1e6340bf mp3 uni-birth (88944399) 
[2021-12-02 08:28:05] [INFO]: 发送群 Py QQbot(813476953) 的消息: 正在下载。。。 (1917460377) 
[2021-12-02 15:13:08] [INFO]: 收到群 <$ÿĀ>非狗X3＆肥欧狗X(859265365) 内 汪狗涛(2640365924) 的消息: https://www.bilibili.com/video/BV1hh411J7mk/?spm_id_from=333.788.recommend_more_video.-1 (-1985868764) 
[2021-12-02 21:22:47] [INFO]: 收到群 kenshi汉化和mod研究及暖(696654735) 内 炎头队长沙福林(2175422756) 的消息: [CQ:forward,id=GXNLNORBoGqJiNLcf4/YnR+C0khP98W8T8C8KTd3UctVv48XwsEKFRy7zbbAeraP] (-1265581115) 
[2021-12-02 21:22:47] [INFO]: 收到群 kenshi汉化和mod研究及暖(696654735) 内 炎头队长沙福林(2175422756) 的消息: [CQ:forward,id=dMUlwBDG2c4vhGeLcG/Z4gQg4xlOaObiSaEbHV4mok+ezoPSKIsKojSs2UaNSJFc] (-1013451949) 
[2021-12-02 21:56:33] [INFO]: 收到群 kenshi汉化和mod研究及暖(696654735) 内 岂无飞(402818767) 的消息: [CQ:forward,id=AyWkKzCxel6ThpXWxVZ+AEb4DVcN+1Qkgy1cxYqeXyNa4TQ8pYV4saf7RSHfECVy] (1395191490) 
