[2021-09-27 00:13:13] [INFO]: 收到群 kenshi汉化和mod研究及暖(696654735) 内 炎头队长沙福林(2175422756) 的消息: [CQ:image,file=30f019635fd0b9b0522bad9f2a92316b.image][CQ:image,file=40d73168dbc919e6cf95a6c460ae30d0.image][CQ:image,file=69d83729093ca05f1c446cdebf1efd1a.image][CQ:image,file=8aec3246b3dd6a6d44550534b83c1f43.image][CQ:image,file=d4cbe9e9f7660b2cfaa20260873271a0.image][CQ:image,file=309541aca20ecb9b257cb4c8c92879d9.image][CQ:image,file=dc7ad0ccd707b0e5bdc765716014f96f.image][CQ:image,file=2150e504ef4ff3f938fde83303c3467b.image][CQ:image,file=c6c4c5a6b565efab84cb878e9b64e733.image][CQ:image,file=88d67966a4b219092efbe6d25724ffe0.image] (1737321056) 
[2021-09-27 00:18:49] [INFO]: 成员 官中修复日更狂魔(939839415) 离开了群 kenshi汉化和mod研究及暖暖化制作监督委员会-1群(696654735). 
[2021-09-27 02:30:40] [INFO]: 发送群 Py QQbot(813476953) 的消息: 秦喵喵发了新动态：  ... (-323217419) 
[2021-09-27 02:30:41] [WARNING]: 转换CQ码 [CQ:image,file=https://i0.hdslb.com/bfs/album/a7d3687f410dd6b81e36fad429bfe6b8029531d6.png] 时出现错误: stream error: stream ID 1; INTERNAL_ERROR 将原样发送. 
[2021-09-27 02:30:41] [INFO]: 发送群 Py QQbot(813476953) 的消息: [CQ:image, ... (1926791766) 
[2021-09-27 02:30:42] [INFO]: 发送群 Py QQbot(813476953) 的消息: 本条动态地址为htt ... (98546368) 
[2021-09-27 04:30:33] [INFO]: 当前版本:v1.0.0-beta6 
[2021-09-27 04:30:33] [INFO]: 用户交流群: 721829413 
[2021-09-27 04:30:33] [INFO]: 将使用 device.json 内的设备信息运行Bot. 
[2021-09-27 04:30:33] [INFO]: Bot将在5秒后登录并开始信息处理, 按 Ctrl+C 取消. 
[2021-09-27 04:30:38] [INFO]: 开始尝试登录并同步消息... 
[2021-09-27 04:30:39] [INFO]: 使用协议: iPad 
[2021-09-27 04:30:42] [INFO]: Protocol -> connect to server: 203.205.255.220:8080 
[2021-09-27 04:30:46] [INFO]: 登录成功 欢迎使用: 小八的狐狸耳朵~ 
[2021-09-27 04:30:46] [INFO]: 开始加载好友列表... 
[2021-09-27 04:30:46] [INFO]: 收到服务器地址更新通知, 将在下一次重连时应用.  
[2021-09-27 04:30:46] [INFO]: 共加载 4 个好友. 
[2021-09-27 04:30:46] [INFO]: 开始加载群列表... 
[2021-09-27 04:30:47] [INFO]: 共加载 6 个群. 
[2021-09-27 04:30:47] [INFO]: 信息数据库初始化完成. 
[2021-09-27 04:30:47] [INFO]: 资源初始化完成, 开始处理信息. 
[2021-09-27 04:30:47] [INFO]: アトリは、高性能ですから! 
[2021-09-27 04:30:47] [INFO]: 开始尝试连接到反向WebSocket Universal服务器: ws://127.0.0.1:15510/cqhttp/ws/ 
[2021-09-27 04:30:47] [INFO]: 正在检查更新. 
[2021-09-27 04:30:47] [INFO]: 当前有更新的 go-cqhttp 可供更新, 请前往 https://github.com/Mrs4s/go-cqhttp/releases 下载. 
[2021-09-27 04:30:47] [INFO]: 当前版本: v1.0.0-beta6 最新版本: v1.0.0-beta7-fix2 
[2021-09-27 08:32:09] [INFO]: 收到群 kenshi汉化和mod研究及暖(696654735) 内 音无 奏🦖(296053120) 的消息: [CQ:reply,id=624313408][CQ:at,qq=815405958] [CQ:at,qq=815405958]
 卧槽 (-147687439) 
[2021-09-27 08:56:48] [INFO]: 收到群 kenshi汉化和mod研究及暖(696654735) 内 safs(799460742) 的消息: 泥槽= =他不写存档名字，怎么打亮存档按钮 (-2143991961) 
[2021-09-27 12:10:07] [INFO]: 收到群 Py QQbot(813476953) 内 小八的狐狸尾巴~(1216878448) 的消息: https://twitter.com/xdarjeelingxtea/status/1294234965639491584?s=20 (-1663638662) 
[2021-09-27 12:11:51] [INFO]: 收到好友 小八的狐狸尾巴~(1216878448) 的消息: [CQ:image,file=ed4696d91bb962b1bbee83fa3f48b39a.image] (692410857) 
[2021-09-27 12:18:11] [INFO]: 收到群 Py QQbot(813476953) 内 小八的狐狸尾巴~(1216878448) 的消息: roll r40 (-338570260) 
[2021-09-27 12:18:14] [INFO]: 发送群 Py QQbot(813476953) 的消息: 欢迎使用 NGA 风 ... (2070859389) 
[2021-09-27 12:18:19] [INFO]: 收到群 Py QQbot(813476953) 内 小八的狐狸尾巴~(1216878448) 的消息: roll d30 (208273131) 
[2021-09-27 12:18:19] [INFO]: 发送群 Py QQbot(813476953) 的消息: 参数错误捏，请重新输 ... (989122696) 
[2021-09-27 12:18:29] [INFO]: 收到群 Py QQbot(813476953) 内 小八的狐狸尾巴~(1216878448) 的消息: roll d30 (1307828254) 
[2021-09-27 12:18:29] [INFO]: 发送群 Py QQbot(813476953) 的消息: 参数错误捏，请重新输 ... (-721768028) 
[2021-09-27 12:18:33] [INFO]: 收到群 Py QQbot(813476953) 内 小八的狐狸尾巴~(1216878448) 的消息: d30 (-1543667406) 
[2021-09-27 12:18:33] [INFO]: 发送群 Py QQbot(813476953) 的消息: [CQ:at,qq= ... (1033442449) 
[2021-09-27 13:17:11] [INFO]: 收到群 kenshi汉化和mod研究及暖(696654735) 内 阿格努(710621309) 的消息: [CQ:image,file=4c3e743139862fbde152de32cd6a5fee.image] (703147709) 
[2021-09-27 14:07:10] [INFO]: 收到群 kenshi汉化和mod研究及暖(696654735) 内 炎头队长沙福林(2175422756) 的消息: [CQ:image,file=8e2cd7ab934fa5bd4dd042d0ac1d47df.image] (1592663595) 
[2021-09-27 14:10:26] [INFO]: 收到群 kenshi汉化和mod研究及暖(696654735) 内 --初见--(920592790) 的消息: 大妈？ (-941142127) 
[2021-09-27 14:10:33] [INFO]: 收到群 kenshi汉化和mod研究及暖(696654735) 内 烛九(1935777565) 的消息: ？？ (-1327464697) 
[2021-09-27 14:15:44] [INFO]: 发送群 Py QQbot(813476953) 的消息: 秦喵喵发了新视频「【 ... (1251877895) 
[2021-09-27 14:15:44] [INFO]: 发送群 Py QQbot(813476953) 的消息: 本条动态地址为htt ... (-745048643) 
[2021-09-27 14:21:03] [INFO]: 收到群 kenshi汉化和mod研究及暖(696654735) 内 简单先上盆饭(372338248) 的消息: [CQ:reply,id=-941142127][CQ:at,qq=920592790] [CQ:at,qq=920592790] 笑死 (780462756) 
[2021-09-27 15:46:22] [INFO]: 收到群 kenshi汉化和mod研究及暖(696654735) 内 阿格努(710621309) 的消息: [CQ:video,file=563ce5c61bc0d622a32a58cd5e5f377f.video] (1501813298) 
[2021-09-27 15:47:18] [INFO]: 昨日 cullen(815405958) 在群 696654735 内发言最积极, 获得 龙王 标识。 
[2021-09-27 20:06:40] [INFO]: 发送群 Py QQbot(813476953) 的消息: 秦喵喵发了新动态：  ... (-1534048981) 
[2021-09-27 20:06:41] [INFO]: 发送群 Py QQbot(813476953) 的消息: 本条动态地址为htt ... (875518138) 
