[2021-11-08 04:30:33] [INFO]: 当前版本:v1.0.0-beta6 
[2021-11-08 04:30:33] [INFO]: 用户交流群: 721829413 
[2021-11-08 04:30:33] [INFO]: 将使用 device.json 内的设备信息运行Bot. 
[2021-11-08 04:30:33] [INFO]: Bot将在5秒后登录并开始信息处理, 按 Ctrl+C 取消. 
[2021-11-08 04:30:38] [INFO]: 开始尝试登录并同步消息... 
[2021-11-08 04:30:38] [INFO]: 使用协议: iPad 
[2021-11-08 04:30:42] [INFO]: Protocol -> connect to server: 203.205.255.220:8080 
[2021-11-08 04:30:45] [INFO]: 登录成功 欢迎使用: 小八的狐狸耳朵~ 
[2021-11-08 04:30:45] [INFO]: 开始加载好友列表... 
[2021-11-08 04:30:46] [INFO]: 共加载 4 个好友. 
[2021-11-08 04:30:46] [INFO]: 开始加载群列表... 
[2021-11-08 04:30:46] [INFO]: 收到服务器地址更新通知, 将在下一次重连时应用.  
[2021-11-08 04:30:46] [INFO]: 共加载 5 个群. 
[2021-11-08 04:30:47] [INFO]: 信息数据库初始化完成. 
[2021-11-08 04:30:47] [INFO]: 资源初始化完成, 开始处理信息. 
[2021-11-08 04:30:47] [INFO]: アトリは、高性能ですから! 
[2021-11-08 04:30:47] [INFO]: 开始尝试连接到反向WebSocket Universal服务器: ws://127.0.0.1:15510/cqhttp/ws/ 
[2021-11-08 04:30:47] [INFO]: 正在检查更新. 
[2021-11-08 04:30:47] [INFO]: 当前有更新的 go-cqhttp 可供更新, 请前往 https://github.com/Mrs4s/go-cqhttp/releases 下载. 
[2021-11-08 04:30:47] [INFO]: 当前版本: v1.0.0-beta6 最新版本: v1.0.0-beta7-fix2 
[2021-11-08 08:09:43] [INFO]: 发送群 Py QQbot(813476953) 的消息: 秦喵喵转发了「Mr. ... (185955285) 
[2021-11-08 08:09:43] [INFO]: 发送群 Py QQbot(813476953) 的消息: 本条动态地址为htt ... (-1787697546) 
[2021-11-08 13:42:04] [INFO]: 收到群 kenshi汉化和mod研究及暖(696654735) 内 时之沙(2934771083) 的消息: [CQ:forward,id=yJNilhMBKETsVcVFEjs2kzYUQdt3gX6j98e02oZOrs8fmzqIBBoVS68XkbR4IE5D] (1231729624) 
[2021-11-08 13:42:04] [INFO]: 收到群 kenshi汉化和mod研究及暖(696654735) 内 时之沙(2934771083) 的消息: 山东理工 (-640307639) 
[2021-11-08 13:42:19] [INFO]: 收到群 kenshi汉化和mod研究及暖(696654735) 内 时之沙(2934771083) 的消息: 估计是黑鬼 (-1361928481) 
[2021-11-08 13:53:02] [INFO]: 收到群 kenshi汉化和mod研究及暖(696654735) 内 /yl夜语天翔(496980333) 的消息: [CQ:image,file=207551c54ce2ce684b599320310e19bb.image] (1352022708) 
[2021-11-08 13:53:04] [INFO]: 收到群 kenshi汉化和mod研究及暖(696654735) 内 /yl夜语天翔(496980333) 的消息: 别 (663816738) 
[2021-11-08 13:53:15] [INFO]: 收到群 kenshi汉化和mod研究及暖(696654735) 内 /yl夜语天翔(496980333) 的消息: 山东理工连外务部都没 (-1097311336) 
[2021-11-08 13:57:49] [INFO]: 收到群 kenshi汉化和mod研究及暖(696654735) 内 时之沙(2934771083) 的消息: 长春市的某个学校就有黑鬼半夜去女生宿舍敲门 (-912299250) 
[2021-11-08 13:58:27] [INFO]: 收到群 kenshi汉化和mod研究及暖(696654735) 内 时之沙(2934771083) 的消息: 这群黑皮畜生 (1476132525) 
[2021-11-08 13:59:11] [INFO]: 收到群 kenshi汉化和mod研究及暖(696654735) 内 时之沙(2934771083) 的消息: 都该拴上铁链，让公园甩鞭子的老头好好看管 (553438779) 
[2021-11-08 14:01:29] [INFO]: 收到群 kenshi汉化和mod研究及暖(696654735) 内 时之沙(2934771083) 的消息: 全国各地都有黑鬼 (-1175085183) 
[2021-11-08 14:02:22] [INFO]: 收到群 kenshi汉化和mod研究及暖(696654735) 内 时之沙(2934771083) 的消息: 谁给他寄几个黑鬼的篮子 (1582150278) 
[2021-11-08 14:02:24] [INFO]: 收到群 kenshi汉化和mod研究及暖(696654735) 内 时之沙(2934771083) 的消息: [CQ:json,data={"app":"com.tencent.miniapp_01"&#44;"config":{"autoSize":0&#44;"ctime":1636351341&#44;"forward":1&#44;"height":0&#44;"token":"22b6c40e77e93216ac3fc7f81a06104a"&#44;"type":"normal"&#44;"width":0}&#44;"desc":"哔哩哔哩"&#44;"extra":{"app_type":1&#44;"appid":100951776&#44;"uin":2934771083}&#44;"meta":{"detail_1":{"appid":"1109937557"&#44;"desc":"全沈阳羊的篮子又都被我造没了！狂造50根羊枪羊蛋，青青草原绝育计划正式启动！吃完充满了力量！"&#44;"gamePoints":""&#44;"gamePointsUrl":""&#44;"host":{"nick":"时之沙"&#44;"uin":2934771083}&#44;"icon":"https://open.gtimg.cn/open/app_icon/00/95/17/76/100951776_100_m.png?t=1635933215"&#44;"preview":"pubminishare-30161.picsz.qpic.cn/065103e2-254d-42e3-9205-13274c761e04"&#44;"qqdocurl":"https://b23.tv/p9zcg8?share_medium=android&amp;share_source=qq&amp;bbid=XX6708B6F3105D42A700C65DCCB0C6C33A22C&amp;ts=1636351320891"&#44;"scene":1036&#44;"shareTemplateData":{}&#44;"shareTemplateId":"8C8E89B49BE609866298ADDFF2DBABA4"&#44;"showLittleTail":""&#44;"title":"哔哩哔哩"&#44;"url":"m.q.qq.com/a/s/b81f5bed89f5c6695249365be0d0c8d5"}}&#44;"needShareCallBack":false&#44;"prompt":"&#91;QQ小程序&#93;哔哩哔哩"&#44;"ver":"1.0.0.19"&#44;"view":"view_8C8E89B49BE609866298ADDFF2DBABA4"}] (-822956265) 
[2021-11-08 14:02:43] [INFO]: 收到群 kenshi汉化和mod研究及暖(696654735) 内 时之沙(2934771083) 的消息: 那玩意应该挺补的 (692748816) 
[2021-11-08 14:03:32] [INFO]: 收到群 kenshi汉化和mod研究及暖(696654735) 内 岂无飞(402818767) 的消息: [CQ:face,id=270]请黑鬼吃西瓜 (1233980405) 
[2021-11-08 14:04:11] [INFO]: 收到群 kenshi汉化和mod研究及暖(696654735) 内 时之沙(2934771083) 的消息: 西瓜还好几块钱一斤呢 (1049246563) 
[2021-11-08 14:04:25] [INFO]: 收到群 kenshi汉化和mod研究及暖(696654735) 内 时之沙(2934771083) 的消息: 让他吃西瓜皮 (-1484559655) 
[2021-11-08 14:04:53] [INFO]: 收到群 kenshi汉化和mod研究及暖(696654735) 内 时之沙(2934771083) 的消息: 还是直接让黑鬼吃屎吧 (-796632497) 
[2021-11-08 14:05:45] [INFO]: 收到群 kenshi汉化和mod研究及暖(696654735) 内 时之沙(2934771083) 的消息: 测试人光吃屎能活几天 (1323356140) 
[2021-11-08 14:06:08] [INFO]: 收到群 kenshi汉化和mod研究及暖(696654735) 内 奏流院朱美(2860677522) 的消息: [CQ:image,file=bc6a0d855b5ba7bbb400fc131179a138.image] (971505530) 
[2021-11-08 17:41:15] [INFO]: 收到群 kenshi汉化和mod研究及暖(696654735) 内 落雨无声(418598289) 的消息: [CQ:image,file=604b767253efae42215ccbbdc8d20880.image] (-1594970432) 
[2021-11-08 17:41:17] [INFO]: 收到群 kenshi汉化和mod研究及暖(696654735) 内 落雨无声(418598289) 的消息: [CQ:image,file=80b16b6380e4630c20776d52dd6a0ad8.image] (-672555434) 
[2021-11-08 17:41:24] [INFO]: 收到群 kenshi汉化和mod研究及暖(696654735) 内 落雨无声(418598289) 的消息: [CQ:image,file=d5ae72f51565910abc90241a5ab28ecd.image] (1196852167) 
[2021-11-08 18:27:40] [INFO]: 发送群 Py QQbot(813476953) 的消息: 秦喵喵转发了「Xbo ... (-495528224) 
[2021-11-08 18:27:40] [INFO]: 发送群 Py QQbot(813476953) 的消息: 本条动态地址为htt ... (2071955290) 
[2021-11-08 18:36:40] [INFO]: 发送群 Py QQbot(813476953) 的消息: 秦喵喵发了新视频「【 ... (209237964) 
[2021-11-08 18:36:40] [INFO]: 发送群 Py QQbot(813476953) 的消息: 本条动态地址为htt ... (-1664636323) 
[2021-11-08 19:01:17] [INFO]: 收到群 kenshi汉化和mod研究及暖(696654735) 内 阿格努(710621309) 的消息: [CQ:image,file=e7524de6ac02acc7d8c26a064a15c470.image] (810660689) 
[2021-11-08 19:01:21] [INFO]: 收到群 kenshi汉化和mod研究及暖(696654735) 内 阿格努(710621309) 的消息: [CQ:image,file=d8cf5326c037c81642558e14d1288c72.image] (-1710682395) 
[2021-11-08 19:06:37] [INFO]: 收到群 kenshi汉化和mod研究及暖(696654735) 内 奏流院朱美(2860677522) 的消息: 硬核 (-317833613) 
[2021-11-08 19:15:40] [INFO]: 发送群 Py QQbot(813476953) 的消息: 秦喵喵发了新动态：  ... (-339698997) 
[2021-11-08 19:15:53] [INFO]: 发送群 Py QQbot(813476953) 的消息: [CQ:image, ... (-1962470610) 
[2021-11-08 19:15:53] [INFO]: 发送群 Py QQbot(813476953) 的消息: 本条动态地址为htt ... (-67099720) 
[2021-11-08 20:12:40] [INFO]: 发送群 Py QQbot(813476953) 的消息: 秦喵喵转发了「Pin ... (1695117826) 
[2021-11-08 20:12:40] [INFO]: 发送群 Py QQbot(813476953) 的消息: 本条动态地址为htt ... (302924436) 
