[2021-11-10 01:56:29] [INFO]: 发送群 Py QQbot(813476953) 的消息: 秦喵喵发了新动态：  ... (-1829004734) 
[2021-11-10 01:56:32] [INFO]: 发送群 Py QQbot(813476953) 的消息: [CQ:image, ... (38045651) 
[2021-11-10 01:57:09] [WARNING]: 转换CQ码 [CQ:image,file=https://i0.hdslb.com/bfs/album/05a61c3ad2ae7d357c44d507cf380c1d0f68e95d.png] 时出现错误: stream error: stream ID 3; INTERNAL_ERROR 将原样发送. 
[2021-11-10 01:57:10] [INFO]: 发送群 Py QQbot(813476953) 的消息: [CQ:image, ... (1967372101) 
[2021-11-10 02:02:29] [INFO]: 发送群 Py QQbot(813476953) 的消息: 秦喵喵转发了「Pla ... (360988320) 
[2021-11-10 02:02:30] [INFO]: 发送群 Py QQbot(813476953) 的消息: 本条动态地址为htt ... (1652756022) 
[2021-11-10 04:30:32] [INFO]: 当前版本:v1.0.0-beta6 
[2021-11-10 04:30:32] [INFO]: 用户交流群: 721829413 
[2021-11-10 04:30:32] [INFO]: 将使用 device.json 内的设备信息运行Bot. 
[2021-11-10 04:30:32] [INFO]: Bot将在5秒后登录并开始信息处理, 按 Ctrl+C 取消. 
[2021-11-10 04:30:37] [INFO]: 开始尝试登录并同步消息... 
[2021-11-10 04:30:37] [INFO]: 使用协议: iPad 
[2021-11-10 04:30:42] [INFO]: Protocol -> connect to server: 203.205.255.220:8080 
[2021-11-10 04:30:45] [INFO]: 登录成功 欢迎使用: 小八的狐狸耳朵~ 
[2021-11-10 04:30:45] [INFO]: 开始加载好友列表... 
[2021-11-10 04:30:45] [INFO]: 共加载 4 个好友. 
[2021-11-10 04:30:45] [INFO]: 开始加载群列表... 
[2021-11-10 04:30:45] [INFO]: 收到服务器地址更新通知, 将在下一次重连时应用.  
[2021-11-10 04:30:46] [INFO]: 共加载 5 个群. 
[2021-11-10 04:30:46] [INFO]: 信息数据库初始化完成. 
[2021-11-10 04:30:46] [INFO]: 资源初始化完成, 开始处理信息. 
[2021-11-10 04:30:46] [INFO]: アトリは、高性能ですから! 
[2021-11-10 04:30:47] [INFO]: 开始尝试连接到反向WebSocket Universal服务器: ws://127.0.0.1:15510/cqhttp/ws/ 
[2021-11-10 04:30:47] [INFO]: 正在检查更新. 
[2021-11-10 04:30:47] [INFO]: 当前有更新的 go-cqhttp 可供更新, 请前往 https://github.com/Mrs4s/go-cqhttp/releases 下载. 
[2021-11-10 04:30:47] [INFO]: 当前版本: v1.0.0-beta6 最新版本: v1.0.0-beta7-fix2 
[2021-11-10 10:08:08] [INFO]: 收到群 kenshi汉化和mod研究及暖(696654735) 内 阿格努(710621309) 的消息: [CQ:image,file=5f48cc7f003c03258f33172e466ea63a.image] (-970756688) 
[2021-11-10 10:08:34] [INFO]: 收到群 kenshi汉化和mod研究及暖(696654735) 内 阿格努(710621309) 的消息: 这是什么型号的畜生 (1596603402) 
[2021-11-10 10:18:13] [INFO]: 收到群 kenshi汉化和mod研究及暖(696654735) 内 /yl夜语天翔(496980333) 的消息: 这属于非法侵占 (674040988) 
[2021-11-10 10:23:45] [INFO]: 收到群 kenshi汉化和mod研究及暖(696654735) 内 ‭‭(2691449141) 的消息: 关键是这样不问自取还这般理直气壮的屌样 (-1236690625) 
[2021-11-10 10:41:59] [INFO]: 收到群 kenshi汉化和mod研究及暖(696654735) 内 奏流院朱美(2860677522) 的消息: 这种人不该接受批评？ (-1051809367) 
[2021-11-10 11:18:47] [INFO]: 发送群 Py QQbot(813476953) 的消息: Tm发了新视频「"封 ... (-74817652) 
[2021-11-10 11:18:48] [INFO]: 发送群 Py QQbot(813476953) 的消息: 本条动态地址为htt ... (-1936888038) 
[2021-11-10 12:15:37] [INFO]: 收到群 kenshi汉化和mod研究及暖(696654735) 内 时之沙(2934771083) 的消息: 你的就是我的？ (1481111571) 
[2021-11-10 12:19:34] [INFO]: 收到群 kenshi汉化和mod研究及暖(696654735) 内 水行修(2214497344) 的消息: 纯度太高 (792774789) 
[2021-11-10 12:19:40] [INFO]: 收到群 kenshi汉化和mod研究及暖(696654735) 内 水行修(2214497344) 的消息: 建议不人道毁灭 (-1073752812) 
[2021-11-10 12:53:51] [INFO]: 收到群 kenshi汉化和mod研究及暖(696654735) 内 时之沙(2934771083) 的消息: 我小学时候流行一句话，你的就是我的，我的还是我 (-923212414) 
[2021-11-10 12:57:10] [INFO]: 收到群 kenshi汉化和mod研究及暖(696654735) 内 水行修(2214497344) 的消息: 高血压是老师的职业病的原因之一 (-26883103) 
[2021-11-10 12:57:15] [INFO]: 收到群 kenshi汉化和mod研究及暖(696654735) 内 水行修(2214497344) 的消息: [CQ:image,file=56fafa154954f5a193ad63d5730fd33c.image] (-1990001801) 
[2021-11-10 13:04:39] [INFO]: 收到群 kenshi汉化和mod研究及暖(696654735) 内 时之沙(2934771083) 的消息: 
我点背，没碰到几个好老师 (275491533) 
[2021-11-10 13:04:52] [INFO]: 收到群 kenshi汉化和mod研究及暖(696654735) 内 时之沙(2934771083) 的消息: 完犊子的倒是遇到不少 (1735170651) 
[2021-11-10 14:54:39] [INFO]: 发送群 Py QQbot(813476953) 的消息: 秦喵喵转发了「Mr. ... (317323961) 
[2021-11-10 14:54:39] [INFO]: 发送群 Py QQbot(813476953) 的消息: 本条动态地址为htt ... (1710148143) 
[2021-11-10 14:59:33] [INFO]: 收到群 Py QQbot(813476953) 内 小八的狐狸尾巴~(1216878448) 的消息: say sbzjh (-51930219) 
[2021-11-10 14:59:46] [INFO]: 收到群 Py QQbot(813476953) 内 小八的狐狸尾巴~(1216878448) 的消息: [CQ:at,qq=3126986401] sbzjh (-1948210429) 
[2021-11-10 14:59:57] [INFO]: 收到群 Py QQbot(813476953) 内 小八的狐狸尾巴~(1216878448) 的消息: [CQ:at,qq=3126986401] say sbzjh (459257490) 
[2021-11-10 14:59:57] [INFO]: 发送群 Py QQbot(813476953) 的消息: sbzjh (1817740804) 
[2021-11-10 15:00:37] [INFO]: 收到群 216大🐦转转转(487347867) 内 群老二次元(1216878448) 的消息: [CQ:at,qq=3126986401] say sb张金豪 (2114217882) 
[2021-11-10 15:00:37] [INFO]: 发送群 216大🐦转转转(487347867) 的消息: sb张金豪 (-289703413) 
[2021-11-10 15:01:53] [INFO]: 收到群 Py QQbot(813476953) 内 小八的狐狸尾巴~(1216878448) 的消息: 来点涩图 (-1056337044) 
[2021-11-10 15:01:53] [INFO]: 发送群 Py QQbot(813476953) 的消息: loading... ... (-1240554502) 
[2021-11-10 15:02:05] [INFO]: 发送群 Py QQbot(813476953) 的消息: 工口发生！ (789049920) 
[2021-11-10 15:02:13] [INFO]: 收到群 Py QQbot(813476953) 内 小八的狐狸尾巴~(1216878448) 的消息: 来点涩图 (1476444886) 
[2021-11-10 15:02:13] [INFO]: 发送群 Py QQbot(813476953) 的消息: loading... ... (-966502539) 
[2021-11-10 15:02:20] [INFO]: 发送群 Py QQbot(813476953) 的消息: [CQ:image, ... (-1318885405) 
[2021-11-10 15:31:53] [INFO]: 昨日 落雨无声(418598289) 在群 696654735 内发言最积极, 获得 龙王 标识。 
[2021-11-10 15:31:53] [INFO]: 昨日 落雨无声(418598289) 在群 696654735 内发言最积极, 获得 龙王 标识。 
[2021-11-10 16:33:39] [INFO]: 发送群 Py QQbot(813476953) 的消息: 秦喵喵转发了「游戏调 ... (678049369) 
[2021-11-10 16:33:39] [INFO]: 发送群 Py QQbot(813476953) 的消息: 本条动态地址为htt ... (1600980687) 
[2021-11-10 16:45:41] [INFO]: 发送群 Py QQbot(813476953) 的消息: 秦喵喵发了新动态：  ... (-808314018) 
[2021-11-10 16:45:45] [INFO]: 发送群 Py QQbot(813476953) 的消息: [CQ:image, ... (-1193989176) 
[2021-11-10 16:45:48] [INFO]: 发送群 Py QQbot(813476953) 的消息: [CQ:image, ... (-669867475) 
[2021-11-10 16:46:18] [INFO]: 发送群 Py QQbot(813476953) 的消息: [CQ:image, ... (-1357540677) 
[2021-11-10 16:46:21] [INFO]: 发送群 Py QQbot(813476953) 的消息: [CQ:image, ... (907854593) 
[2021-11-10 16:46:38] [INFO]: 发送群 Py QQbot(813476953) 的消息: [CQ:image, ... (1092350871) 
[2021-11-10 16:46:41] [INFO]: 发送群 Py QQbot(813476953) 的消息: [CQ:image, ... (-545298892) 
[2021-11-10 16:46:45] [INFO]: 发送群 Py QQbot(813476953) 的消息: [CQ:image, ... (-1468508510) 
[2021-11-10 16:47:22] [WARNING]: 转换CQ码 [CQ:image,file=https://i0.hdslb.com/bfs/album/49034c90fd87e2504eebc06190af48ba47566c53.jpg] 时出现错误: stream error: stream ID 15; INTERNAL_ERROR 将原样发送. 
[2021-11-10 16:47:23] [INFO]: 发送群 Py QQbot(813476953) 的消息: [CQ:image, ... (829490968) 
[2021-11-10 16:51:40] [INFO]: 发送群 Py QQbot(813476953) 的消息: 秦喵喵发了新视频「【 ... (1182152590) 
[2021-11-10 16:51:40] [INFO]: 发送群 Py QQbot(813476953) 的消息: 本条动态地址为htt ... (-691459553) 
[2021-11-10 18:54:39] [INFO]: 发送群 Py QQbot(813476953) 的消息: 鹿乃酱转发了「哔哩哔 ... (-1580328311) 
[2021-11-10 18:54:40] [INFO]: 发送群 Py QQbot(813476953) 的消息: 本条动态地址为htt ... (-213913106) 
[2021-11-10 19:00:39] [INFO]: 发送群 Py QQbot(813476953) 的消息: 秦喵喵发了新动态：  ... (-2076655240) 
[2021-11-10 19:00:41] [INFO]: 发送群 Py QQbot(813476953) 的消息: [CQ:image, ... (489787586) 
[2021-11-10 19:00:42] [INFO]: 发送群 Py QQbot(813476953) 的消息: 本条动态地址为htt ... (1781964884) 
[2021-11-10 19:01:00] [INFO]: 收到群 kenshi汉化和mod研究及暖(696654735) 内 261908430(261908430) 的消息: 玩腿子 (-116912136) 
[2021-11-10 19:21:35] [INFO]: 收到群 kenshi汉化和mod研究及暖(696654735) 内 音无 奏🦖(296053120) 的消息: 完犊子的很多 (-1911603346) 
[2021-11-10 19:24:00] [INFO]: 收到群 kenshi汉化和mod研究及暖(696654735) 内 音无 奏🦖(296053120) 的消息: 要求小市民有职业道德，caplism制度下哪里有这么多勤劳自觉？
 都以绩效和收入看他“教师”成果 结果往往就是教师队伍人渣横行不讲人性 而越是这种德行的基层人员 越是和应试教育/衡水公司相性合适 (386297556) 
[2021-11-10 20:42:40] [INFO]: 发送群 Py QQbot(813476953) 的消息: 鹿乃酱发了新动态：  ... (-195938825) 
[2021-11-10 20:42:44] [INFO]: 发送群 Py QQbot(813476953) 的消息: [CQ:image, ... (-2091580063) 
[2021-11-10 20:42:44] [INFO]: 发送群 Py QQbot(813476953) 的消息: 本条动态地址为htt ... (442258651) 
