[2021-11-06 01:15:51] [INFO]: 发送群 Py QQbot(813476953) 的消息: 秦喵喵发了新动态：  ... (-801065886) 
[2021-11-06 01:16:31] [WARNING]: 转换CQ码 [CQ:image,file=https://i0.hdslb.com/bfs/album/f86ecc5d01661850c66da13fe11cc3a4d98fba2b.png] 时出现错误: stream error: stream ID 1; INTERNAL_ERROR 将原样发送. 
[2021-11-06 01:16:32] [INFO]: 发送群 Py QQbot(813476953) 的消息: [CQ:image, ... (1229579736) 
[2021-11-06 04:30:33] [INFO]: 当前版本:v1.0.0-beta6 
[2021-11-06 04:30:33] [INFO]: 用户交流群: 721829413 
[2021-11-06 04:30:33] [INFO]: 将使用 device.json 内的设备信息运行Bot. 
[2021-11-06 04:30:33] [INFO]: Bot将在5秒后登录并开始信息处理, 按 Ctrl+C 取消. 
[2021-11-06 04:30:38] [INFO]: 开始尝试登录并同步消息... 
[2021-11-06 04:30:38] [INFO]: 使用协议: iPad 
[2021-11-06 04:30:42] [INFO]: Protocol -> connect to server: 203.205.255.220:8080 
[2021-11-06 04:30:46] [INFO]: 登录成功 欢迎使用: 小八的狐狸耳朵~ 
[2021-11-06 04:30:46] [INFO]: 开始加载好友列表... 
[2021-11-06 04:30:46] [INFO]: 共加载 4 个好友. 
[2021-11-06 04:30:46] [INFO]: 开始加载群列表... 
[2021-11-06 04:30:46] [INFO]: 收到服务器地址更新通知, 将在下一次重连时应用.  
[2021-11-06 04:30:47] [INFO]: 共加载 5 个群. 
[2021-11-06 04:30:47] [INFO]: 信息数据库初始化完成. 
[2021-11-06 04:30:47] [INFO]: 资源初始化完成, 开始处理信息. 
[2021-11-06 04:30:47] [INFO]: アトリは、高性能ですから! 
[2021-11-06 04:30:47] [INFO]: 开始尝试连接到反向WebSocket Universal服务器: ws://127.0.0.1:15510/cqhttp/ws/ 
[2021-11-06 04:30:47] [INFO]: 正在检查更新. 
[2021-11-06 04:30:48] [INFO]: 当前有更新的 go-cqhttp 可供更新, 请前往 https://github.com/Mrs4s/go-cqhttp/releases 下载. 
[2021-11-06 04:30:48] [INFO]: 当前版本: v1.0.0-beta6 最新版本: v1.0.0-beta7-fix2 
[2021-11-06 14:45:41] [INFO]: 发送群 Py QQbot(813476953) 的消息: 秦喵喵发了新动态：  ... (1045353806) 
[2021-11-06 14:45:43] [INFO]: 发送群 Py QQbot(813476953) 的消息: [CQ:image, ... (-1359886113) 
[2021-11-06 14:45:44] [INFO]: 发送群 Py QQbot(813476953) 的消息: 本条动态地址为htt ... (-638126007) 
[2021-11-06 15:45:45] [INFO]: 昨日 奏流院朱美(2860677522) 在群 696654735 内发言最积极, 获得 龙王 标识。 
[2021-11-06 18:53:11] [INFO]: 收到群 kenshi汉化和mod研究及暖(696654735) 内 阿格努(710621309) 的消息: [CQ:image,file=162103b438de9611c64ca00ca031b83a.image] (356569229) 
[2021-11-06 18:53:16] [INFO]: 收到群 kenshi汉化和mod研究及暖(696654735) 内 阿格努(710621309) 的消息: [CQ:image,file=bd97c2a9b1b35862938075735151f330.image] (1648877595) 
[2021-11-06 19:54:50] [INFO]: 发送群 Py QQbot(813476953) 的消息: 秦喵喵发了新动态：  ... (-1187941972) 
[2021-11-06 19:54:58] [WARNING]: 群消息发送失败: 账号可能被风控. 
[2021-11-06 20:50:05] [INFO]: 收到群 kenshi汉化和mod研究及暖(696654735) 内 圣徒的亡灵(1339837523) 的消息: 恭喜edg (-218563190) 
[2021-11-06 20:59:55] [INFO]: 收到群 kenshi汉化和mod研究及暖(696654735) 内 ✎ 、时光(29013165) 的消息: 许秀不许秀 (-2046833380) 
[2021-11-06 22:28:58] [INFO]: 收到群 kenshi汉化和mod研究及暖(696654735) 内 阿格努(710621309) 的消息: 决赛打完了？ (-449297159) 
[2021-11-06 22:32:36] [INFO]: 收到群 kenshi汉化和mod研究及暖(696654735) 内 阿格努(710621309) 的消息: [CQ:image,file=8a1083dd519881af4f93983132201873.image] (-1841335185) 
