[2022-07-25 04:30:04] [INFO]: 当前版本:v1.0.0-rc1 
[2022-07-25 04:30:04] [INFO]: 将使用 device.json 内的设备信息运行Bot. 
[2022-07-25 04:30:04] [INFO]: Bot将在5秒后登录并开始信息处理, 按 Ctrl+C 取消. 
[2022-07-25 04:30:09] [INFO]: 开始尝试登录并同步消息... 
[2022-07-25 04:30:09] [INFO]: 使用协议: iPad 
[2022-07-25 04:30:12] [INFO]: Protocol -> connect to server: 43.135.106.161:8080 
[2022-07-25 04:30:35] [INFO]: 当前版本:v1.0.0-rc1 
[2022-07-25 04:30:35] [INFO]: 将使用 device.json 内的设备信息运行Bot. 
[2022-07-25 04:30:35] [INFO]: Bot将在5秒后登录并开始信息处理, 按 Ctrl+C 取消. 
[2022-07-25 04:30:40] [INFO]: 开始尝试登录并同步消息... 
[2022-07-25 04:30:40] [INFO]: 使用协议: iPad 
[2022-07-25 04:30:43] [INFO]: Protocol -> connect to server: 43.154.240.13:8080 
[2022-07-25 04:30:46] [INFO]: 登录成功 欢迎使用: 小八的狐狸耳朵~ 
[2022-07-25 04:30:46] [INFO]: 开始加载好友列表... 
[2022-07-25 04:30:47] [INFO]: 共加载 4 个好友. 
[2022-07-25 04:30:47] [INFO]: 开始加载群列表... 
[2022-07-25 04:30:48] [INFO]: 共加载 5 个群. 
[2022-07-25 04:30:48] [INFO]: 资源初始化完成, 开始处理信息. 
[2022-07-25 04:30:48] [INFO]: アトリは、高性能ですから! 
[2022-07-25 04:30:48] [INFO]: 开始尝试连接到反向WebSocket Universal服务器: ws://127.0.0.1:15510/cqhttp/ws/ 
[2022-07-25 04:30:48] [INFO]: 正在检查更新. 
[2022-07-25 04:30:48] [WARNING]: 连接到反向WebSocket Universal服务器 ws://127.0.0.1:15510/cqhttp/ws/ 时出现错误: dial tcp 127.0.0.1:15510: connect: connection refused 
[2022-07-25 04:30:48] [INFO]: 当前有更新的 go-cqhttp 可供更新, 请前往 https://github.com/Mrs4s/go-cqhttp/releases 下载. 
[2022-07-25 04:30:48] [INFO]: 当前版本: v1.0.0-rc1 最新版本: v1.0.0-rc3 
[2022-07-25 04:30:51] [INFO]: 开始尝试连接到反向WebSocket Universal服务器: ws://127.0.0.1:15510/cqhttp/ws/ 
[2022-07-25 04:30:51] [INFO]: 已连接到反向WebSocket Universal服务器 ws://127.0.0.1:15510/cqhttp/ws/ 
[2022-07-25 04:30:53] [INFO]: 开始诊断网络情况 
[2022-07-25 04:30:59] [INFO]: 网络诊断完成. 未发现问题 
[2022-07-25 04:45:48] [INFO]: 发送群 Py QQbot(813476953) 的消息: 秦喵喵转发了「尾巴茸 ... (1870806711) 
[2022-07-25 04:45:48] [INFO]: 发送群 Py QQbot(813476953) 的消息: 本条动态地址为htt ... (-158634227) 
[2022-07-25 09:30:51] [INFO]: 发送群 Py QQbot(813476953) 的消息: Tm发了新视频「你友 ... (-2121506917) 
[2022-07-25 09:30:52] [INFO]: 发送群 Py QQbot(813476953) 的消息: 本条动态地址为htt ... (288571914) 
[2022-07-25 11:58:32] [INFO]: 收到群 kenshi汉化和mod研究及暖(696654735) 内 UT Hero Jack(2417902355) 的消息: 有人知道怎么创建新派系啊 (936206595) 
[2022-07-25 12:26:16] [INFO]: 收到群 kenshi汉化和mod研究及暖(696654735) 内 UT Hero Jack(2417902355) 的消息: [CQ:at,qq=3048807710] (-1362874183) 
[2022-07-25 14:18:52] [INFO]: 收到群 kenshi汉化和mod研究及暖(696654735) 内 炎头队长沙福林(2175422756) 的消息: 什么叫 创建新派系 (-641531857) 
[2022-07-25 14:19:00] [INFO]: 收到群 kenshi汉化和mod研究及暖(696654735) 内 炎头队长沙福林(2175422756) 的消息: 你自己就代表一个派系 (1202165132) 
[2022-07-25 14:19:11] [INFO]: 收到群 kenshi汉化和mod研究及暖(696654735) 内 洛羽尘(402818767) 的消息: [CQ:reply,id=936206595][CQ:at,qq=2417902355] [CQ:at,qq=2417902355] fcs (815834394) 
[2022-07-25 14:19:29] [INFO]: 收到群 kenshi汉化和mod研究及暖(696654735) 内 洛羽尘(402818767) 的消息: 然后找到派系factions (-1448479584) 
[2022-07-25 14:26:20] [INFO]: 收到群 kenshi汉化和mod研究及暖(696654735) 内 UT Hero Jack(2417902355) 的消息: ok (-558971850) 
[2022-07-25 17:46:21] [INFO]: 收到群 kenshi汉化和mod研究及暖(696654735) 内 UT Hero Jack(2417902355) 的消息: 怎么在steam创意工坊上打出这种字 (1309792679) 
[2022-07-25 17:46:25] [INFO]: 收到群 kenshi汉化和mod研究及暖(696654735) 内 UT Hero Jack(2417902355) 的消息: [CQ:image,file=3de985fb24a9045c2615795c0659ba6b.image,subType=0] (957802801) 
[2022-07-25 17:46:37] [INFO]: 收到群 kenshi汉化和mod研究及暖(696654735) 内 UT Hero Jack(2417902355) 的消息: [CQ:at,qq=402818767] (260818770) 
[2022-07-25 18:14:50] [ERROR]: Protocol -> unexpected disconnect: EOF 
[2022-07-25 18:14:50] [INFO]: Protocol -> connect to server: 43.135.106.161:8080 
[2022-07-25 18:14:54] [INFO]: 收到服务器地址更新通知, 将在下一次重连时应用.  
[2022-07-25 18:24:28] [INFO]: 收到群 kenshi汉化和mod研究及暖(696654735) 内 洛羽尘(402818767) 的消息: [CQ:at,qq=2417902355]  (2022504388) 
[2022-07-25 18:24:35] [INFO]: 收到群 kenshi汉化和mod研究及暖(696654735) 内 洛羽尘(402818767) 的消息: 你打开文本框 (-511334786) 
[2022-07-25 18:24:43] [INFO]: 收到群 kenshi汉化和mod研究及暖(696654735) 内 洛羽尘(402818767) 的消息: 里面有个文本格式 (-1769826584) 
[2022-07-25 18:25:00] [INFO]: 收到群 kenshi汉化和mod研究及暖(696654735) 内 洛羽尘(402818767) 的消息: 或者百度web文本格式就行 (149291851) 
[2022-07-25 18:26:53] [INFO]: 收到群 kenshi汉化和mod研究及暖(696654735) 内 洛羽尘(402818767) 的消息: <b></b> (2145465309) 
[2022-07-25 18:29:00] [INFO]: 收到群 kenshi汉化和mod研究及暖(696654735) 内 UT Hero Jack(2417902355) 的消息: [CQ:at,qq=402818767] 能截图教我吗 (-420978073) 
[2022-07-25 18:29:09] [INFO]: 收到群 kenshi汉化和mod研究及暖(696654735) 内 洛羽尘(402818767) 的消息: 上着班给你截图 (-1846586639) 
[2022-07-25 18:29:14] [INFO]: 收到群 kenshi汉化和mod研究及暖(696654735) 内 洛羽尘(402818767) 的消息: [CQ:image,file=6fd172db656e0563f8c24069b9315c42.image,subType=1] (22040416) 
[2022-07-25 18:29:24] [INFO]: 收到群 kenshi汉化和mod研究及暖(696654735) 内 UT Hero Jack(2417902355) 的消息: [CQ:at,qq=402818767] 我截图你教我 (1985445878) 
[2022-07-25 18:30:03] [INFO]: 收到群 kenshi汉化和mod研究及暖(696654735) 内 UT Hero Jack(2417902355) 的消息: [CQ:at,qq=402818767] 在哪打开文本框 (378598931) 
[2022-07-25 18:37:24] [INFO]: 收到群 kenshi汉化和mod研究及暖(696654735) 内 洛羽尘(402818767) 的消息: 截图啊 (1637336709) 
[2022-07-25 19:00:03] [INFO]: 收到群 kenshi汉化和mod研究及暖(696654735) 内 UT Hero Jack(2417902355) 的消息: [CQ:image,file=b9021c73d2865e84335faf848845600f.image,subType=0] (-123824321) 
[2022-07-25 19:01:35] [INFO]: 收到群 kenshi汉化和mod研究及暖(696654735) 内 UT Hero Jack(2417902355) 的消息: [CQ:at,qq=402818767] 私聊加我 (-1885755479) 
[2022-07-25 19:04:25] [INFO]: 收到群 kenshi汉化和mod研究及暖(696654735) 内 洛羽尘(402818767) 的消息: Steam文本框 (301806090) 
[2022-07-25 19:04:28] [INFO]: 收到群 kenshi汉化和mod研究及暖(696654735) 内 洛羽尘(402818767) 的消息: [CQ:at,qq=2417902355]  (1727660700) 
[2022-07-25 19:06:04] [INFO]: 收到群 kenshi汉化和mod研究及暖(696654735) 内 UT Hero Jack(2417902355) 的消息: [CQ:image,file=8cd6774f07c16bc4373fef7c61a6879b.image,subType=0] (-830682) 
[2022-07-25 19:06:06] [INFO]: 收到群 kenshi汉化和mod研究及暖(696654735) 内 UT Hero Jack(2417902355) 的消息: [CQ:at,qq=402818767] (-1997249616) 
[2022-07-25 19:07:29] [INFO]: 收到群 kenshi汉化和mod研究及暖(696654735) 内 洛羽尘(402818767) 的消息: [CQ:image,file=46bf4e7118564dd4e88d3c8eb133b46e.image,subType=0] (407600673) 
[2022-07-25 19:07:32] [INFO]: 收到群 kenshi汉化和mod研究及暖(696654735) 内 洛羽尘(402818767) 的消息: [CQ:at,qq=2417902355]  (1867271863) 
[2022-07-25 19:07:41] [INFO]: 收到群 kenshi汉化和mod研究及暖(696654735) 内 洛羽尘(402818767) 的消息: 看到那个小三角了吗 (1035838928) 
[2022-07-25 19:10:07] [INFO]: 收到群 kenshi汉化和mod研究及暖(696654735) 内 UT Hero Jack(2417902355) 的消息: yes (1253741894) 
[2022-07-25 20:00:48] [INFO]: 发送群 Py QQbot(813476953) 的消息: 秦喵喵发了新动态：  ... (1714713244) 
[2022-07-25 20:00:48] [INFO]: 发送群 Py QQbot(813476953) 的消息: 本条动态地址为htt ... (116652921) 
[2022-07-25 20:09:47] [INFO]: 发送群 Py QQbot(813476953) 的消息: 秦喵喵发了新动态：  ... (1911868399) 
[2022-07-25 20:09:49] [INFO]: 发送群 Py QQbot(813476953) 的消息: [CQ:image, ... (-386033067) 
[2022-07-25 20:09:51] [INFO]: 发送群 Py QQbot(813476953) 的消息: [CQ:image, ... (-1610962237) 
[2022-07-25 20:09:52] [INFO]: 发送群 Py QQbot(813476953) 的消息: [CQ:image, ... (27148128) 
[2022-07-25 20:09:53] [INFO]: 发送群 Py QQbot(813476953) 的消息: 本条动态地址为htt ... (1989742582) 
[2022-07-25 20:34:01] [INFO]: 收到群 kenshi汉化和mod研究及暖(696654735) 内 UT Hero Jack(2417902355) 的消息: [CQ:at,qq=402818767] (-743193348) 
[2022-07-25 20:44:53] [INFO]: 收到群 kenshi汉化和mod研究及暖(696654735) 内 洛羽尘(402818767) 的消息: ？ (-1531644822) 
[2022-07-25 20:44:59] [INFO]: 收到群 kenshi汉化和mod研究及暖(696654735) 内 洛羽尘(402818767) 的消息: 你都看到小三角了 (986735049) 
[2022-07-25 20:45:03] [INFO]: 收到群 kenshi汉化和mod研究及暖(696654735) 内 洛羽尘(402818767) 的消息: 点一下就出来了啊 (1305956703) 
[2022-07-25 21:29:19] [INFO]: 收到群 kenshi汉化和mod研究及暖(696654735) 内 UT Hero Jack(2417902355) 的消息: [CQ:at,qq=402818767] 点不开 (-723648283) 
[2022-07-25 21:34:25] [INFO]: 收到群 kenshi汉化和mod研究及暖(696654735) 内 洛羽尘(402818767) 的消息: [CQ:image,file=604efc1eaad7c315583e5ae58ae25425.image,subType=0] (-1546047373) 
[2022-07-25 21:34:30] [INFO]: 收到群 kenshi汉化和mod研究及暖(696654735) 内 洛羽尘(402818767) 的消息: [CQ:at,qq=2417902355] (862334434) 
[2022-07-25 21:36:56] [INFO]: 收到群 kenshi汉化和mod研究及暖(696654735) 内 洛羽尘(402818767) 的消息: 文本格式如下：
&#91;h1&#93; 标题文字 &#91;/h1&#93;
&#91;b&#93; 粗体文本 &#91;/b&#93;
&#91;u&#93; 下划线文本 &#91;/u&#93;
&#91;i&#93; 斜体文本 &#91;/i&#93;
&#91;strike&#93; 删除文本 &#91;/strike&#93;
&#91;spoiler&#93; 隐藏文本 &#91;/spoiler&#93;
&#91;noparse&#93; 不解析&#91;b&#93;标签&#91;/b&#93; &#91;/noparse&#93;
&#91;hr&#93;&#91;/hr&#93;渲染水平分隔线
&#91;list&#93;
&#91;*&#93;项目符号列表
&#91;*&#93;项目符号列表
&#91;*&#93;项目符号列表
&#91;/list&#93;
&#91;olist&#93;
&#91;*&#93;有序列表
&#91;*&#93;有序列表
&#91;*&#93;有序列表 (1147215220) 
[2022-07-25 21:37:07] [INFO]: 收到群 kenshi汉化和mod研究及暖(696654735) 内 洛羽尘(402818767) 的消息: [CQ:at,qq=2417902355] (614896785) 
[2022-07-25 22:12:30] [INFO]: 收到群 kenshi汉化和mod研究及暖(696654735) 内 UT Hero Jack(2417902355) 的消息: ok (1403102215) 
[2022-07-25 22:42:27] [INFO]: 收到群 kenshi汉化和mod研究及暖(696654735) 内 UT Hero Jack(2417902355) 的消息: [CQ:at,qq=402818767] 谢谢你 (-894896707) 
