[2022-05-13 02:39:44] [INFO]: 发送群 Py QQbot(813476953) 的消息: 秦喵喵发了新动态：  ... (718805380) 
[2022-05-13 02:39:46] [INFO]: 发送群 Py QQbot(813476953) 的消息: [CQ:image, ... (-1278130114) 
[2022-05-13 02:39:47] [INFO]: 发送群 Py QQbot(813476953) 的消息: [CQ:image, ... (-992577368) 
[2022-05-13 02:39:48] [INFO]: 发送群 Py QQbot(813476953) 的消息: [CQ:image, ... (1416193337) 
[2022-05-13 02:39:49] [INFO]: 发送群 Py QQbot(813476953) 的消息: 本条动态地址为htt ... (594433455) 
[2022-05-13 04:30:29] [INFO]: 当前版本:v1.0.0-rc1 
[2022-05-13 04:30:29] [INFO]: 将使用 device.json 内的设备信息运行Bot. 
[2022-05-13 04:30:29] [INFO]: Bot将在5秒后登录并开始信息处理, 按 Ctrl+C 取消. 
[2022-05-13 04:30:34] [INFO]: 开始尝试登录并同步消息... 
[2022-05-13 04:30:34] [INFO]: 使用协议: iPad 
[2022-05-13 04:30:39] [INFO]: Protocol -> connect to server: 43.135.106.161:8080 
[2022-05-13 04:30:42] [INFO]: 收到服务器地址更新通知, 将在下一次重连时应用.  
[2022-05-13 04:30:43] [INFO]: 登录成功 欢迎使用: 小八的狐狸耳朵~ 
[2022-05-13 04:30:43] [INFO]: 开始加载好友列表... 
[2022-05-13 04:30:44] [INFO]: 共加载 4 个好友. 
[2022-05-13 04:30:44] [INFO]: 开始加载群列表... 
[2022-05-13 04:30:44] [INFO]: 共加载 5 个群. 
[2022-05-13 04:30:45] [INFO]: 资源初始化完成, 开始处理信息. 
[2022-05-13 04:30:45] [INFO]: アトリは、高性能ですから! 
[2022-05-13 04:30:45] [INFO]: 开始尝试连接到反向WebSocket Universal服务器: ws://127.0.0.1:15510/cqhttp/ws/ 
[2022-05-13 04:30:45] [INFO]: 正在检查更新. 
[2022-05-13 04:30:45] [INFO]: 已连接到反向WebSocket Universal服务器 ws://127.0.0.1:15510/cqhttp/ws/ 
[2022-05-13 04:30:45] [INFO]: 检查更新完成. 当前已运行最新版本. 
[2022-05-13 04:30:50] [INFO]: 开始诊断网络情况 
[2022-05-13 04:30:54] [INFO]: 网络诊断完成. 未发现问题 
[2022-05-13 16:21:03] [INFO]: 收到群 kenshi汉化和mod研究及暖(696654735) 内 囧※boy(1114167743) 的消息: 什么稀烂批图 (-230203028) 
[2022-05-13 19:54:41] [INFO]: 发送群 Py QQbot(813476953) 的消息: 秦喵喵转发了「Pin ... (1135205450) 
[2022-05-13 19:54:41] [INFO]: 发送群 Py QQbot(813476953) 的消息: 本条动态地址为htt ... (883879132) 
[2022-05-13 19:54:42] [INFO]: 发送群 Py QQbot(813476953) 的消息: 秦喵喵转发了「Rem ... (-1381515930) 
[2022-05-13 19:54:42] [INFO]: 发送群 Py QQbot(813476953) 的消息: 本条动态地址为htt ... (-627012112) 
[2022-05-13 20:15:41] [INFO]: 发送群 Py QQbot(813476953) 的消息: 秦喵喵发了新动态：  ... (1153701971) 
[2022-05-13 20:15:43] [INFO]: 发送群 Py QQbot(813476953) 的消息: [CQ:image, ... (868427973) 
[2022-05-13 20:15:45] [INFO]: 发送群 Py QQbot(813476953) 的消息: [CQ:image, ... (-1429571201) 
[2022-05-13 20:15:50] [INFO]: 发送群 Py QQbot(813476953) 的消息: [CQ:image, ... (-573748759) 
[2022-05-13 20:15:51] [INFO]: 发送群 Py QQbot(813476953) 的消息: 本条动态地址为htt ... (1299338360) 
