[2022-05-01 04:30:02] [WARNING]: 监听反向WS Universal时出现错误: websocket: close 1006 (abnormal closure): unexpected EOF 
[2022-05-01 04:30:26] [INFO]: 当前版本:v1.0.0-rc1 
[2022-05-01 04:30:26] [INFO]: 将使用 device.json 内的设备信息运行Bot. 
[2022-05-01 04:30:26] [INFO]: Bot将在5秒后登录并开始信息处理, 按 Ctrl+C 取消. 
[2022-05-01 04:30:31] [INFO]: 开始尝试登录并同步消息... 
[2022-05-01 04:30:31] [INFO]: 使用协议: iPad 
[2022-05-01 04:30:34] [INFO]: Protocol -> connect to server: 43.135.106.161:8080 
[2022-05-01 04:30:38] [INFO]: 收到服务器地址更新通知, 将在下一次重连时应用.  
[2022-05-01 04:30:39] [INFO]: 登录成功 欢迎使用: 小八的狐狸耳朵~ 
[2022-05-01 04:30:39] [INFO]: 开始加载好友列表... 
[2022-05-01 04:30:39] [INFO]: 共加载 4 个好友. 
[2022-05-01 04:30:39] [INFO]: 开始加载群列表... 
[2022-05-01 04:30:40] [INFO]: 共加载 5 个群. 
[2022-05-01 04:30:40] [INFO]: 资源初始化完成, 开始处理信息. 
[2022-05-01 04:30:40] [INFO]: アトリは、高性能ですから! 
[2022-05-01 04:30:40] [INFO]: 开始尝试连接到反向WebSocket Universal服务器: ws://127.0.0.1:15510/cqhttp/ws/ 
[2022-05-01 04:30:40] [INFO]: 正在检查更新. 
[2022-05-01 04:30:40] [INFO]: 已连接到反向WebSocket Universal服务器 ws://127.0.0.1:15510/cqhttp/ws/ 
[2022-05-01 04:30:40] [INFO]: 检查更新完成. 当前已运行最新版本. 
[2022-05-01 04:30:45] [INFO]: 开始诊断网络情况 
[2022-05-01 04:30:50] [INFO]: 网络诊断完成. 未发现问题 
[2022-05-01 14:50:28] [INFO]: 收到群 kenshi汉化和mod研究及暖(696654735) 内 drm9900(515481577) 的消息: [CQ:image,file=fa33c815194a7909b9c356f55825f9d0.image,subType=0] (-1527087417) 
[2022-05-01 14:52:13] [INFO]: 收到群 kenshi汉化和mod研究及暖(696654735) 内 圣徒的亡灵(1339837523) 的消息: 6 (876962646) 
[2022-05-01 17:18:41] [INFO]: 发送群 Py QQbot(813476953) 的消息: 秦喵喵发了新视频「【 ... (-526346760) 
[2022-05-01 17:18:41] [INFO]: 发送群 Py QQbot(813476953) 的消息: 本条动态地址为htt ... (-1750620818) 
[2022-05-01 20:18:40] [INFO]: 发送群 Py QQbot(813476953) 的消息: 秦喵喵发了新动态：  ... (163786957) 
[2022-05-01 20:18:41] [INFO]: 发送群 Py QQbot(813476953) 的消息: [CQ:image, ... (2126774363) 
[2022-05-01 20:18:46] [INFO]: 发送群 Py QQbot(813476953) 的消息: [CQ:image, ... (-405974559) 
[2022-05-01 20:18:47] [INFO]: 发送群 Py QQbot(813476953) 的消息: 本条动态地址为htt ... (-1865784969) 
