[2022-06-19 04:30:28] [INFO]: 当前版本:v1.0.0-rc1 
[2022-06-19 04:30:28] [INFO]: 将使用 device.json 内的设备信息运行Bot. 
[2022-06-19 04:30:28] [INFO]: Bot将在5秒后登录并开始信息处理, 按 Ctrl+C 取消. 
[2022-06-19 04:30:33] [INFO]: 开始尝试登录并同步消息... 
[2022-06-19 04:30:33] [INFO]: 使用协议: iPad 
[2022-06-19 04:30:35] [INFO]: Protocol -> connect to server: 43.154.240.13:8080 
[2022-06-19 04:30:39] [INFO]: 收到服务器地址更新通知, 将在下一次重连时应用.  
[2022-06-19 04:30:40] [INFO]: 登录成功 欢迎使用: 小八的狐狸耳朵~ 
[2022-06-19 04:30:40] [INFO]: 开始加载好友列表... 
[2022-06-19 04:30:40] [INFO]: 共加载 4 个好友. 
[2022-06-19 04:30:40] [INFO]: 开始加载群列表... 
[2022-06-19 04:30:41] [INFO]: 共加载 5 个群. 
[2022-06-19 04:30:41] [INFO]: 资源初始化完成, 开始处理信息. 
[2022-06-19 04:30:41] [INFO]: アトリは、高性能ですから! 
[2022-06-19 04:30:41] [INFO]: 开始尝试连接到反向WebSocket Universal服务器: ws://127.0.0.1:15510/cqhttp/ws/ 
[2022-06-19 04:30:41] [INFO]: 正在检查更新. 
[2022-06-19 04:30:41] [INFO]: 已连接到反向WebSocket Universal服务器 ws://127.0.0.1:15510/cqhttp/ws/ 
[2022-06-19 04:30:41] [INFO]: 当前有更新的 go-cqhttp 可供更新, 请前往 https://github.com/Mrs4s/go-cqhttp/releases 下载. 
[2022-06-19 04:30:41] [INFO]: 当前版本: v1.0.0-rc1 最新版本: v1.0.0-rc2 
[2022-06-19 04:30:46] [INFO]: 开始诊断网络情况 
[2022-06-19 04:30:51] [INFO]: 网络诊断完成. 未发现问题 
[2022-06-19 07:57:47] [INFO]: 发送群 Py QQbot(813476953) 的消息: Tm发了新视频「你们 ... (-257860131) 
[2022-06-19 07:57:48] [INFO]: 发送群 Py QQbot(813476953) 的消息: 本条动态地址为htt ... (-2019136181) 
[2022-06-19 20:39:42] [INFO]: 发送群 Py QQbot(813476953) 的消息: 秦喵喵发了新动态：  ... (432208104) 
[2022-06-19 20:39:43] [INFO]: 发送群 Py QQbot(813476953) 的消息: 本条动态地址为htt ... (1858455678) 
[2022-06-19 23:09:44] [INFO]: 发送群 Py QQbot(813476953) 的消息: 狗妈发了新视频「【M ... (-137586236) 
[2022-06-19 23:09:44] [INFO]: 发送群 Py QQbot(813476953) 的消息: 本条动态地址为htt ... (-2134136494) 
[2022-06-19 23:30:49] [INFO]: 收到群 216大🐦转转转(487347867) 内 群老二次元(1216878448) 的消息: [CQ:image,file=ad7d10d616a4461be38de69b83017819.image,subType=0] (1386879385) 
[2022-06-19 23:33:58] [INFO]: 成员 沐汏夻(1586455961) 离开了群 kenshi汉化和mod研究及暖暖化制作监督委员会-1群(696654735). 
