[2022-06-16 04:30:26] [INFO]: 当前版本:v1.0.0-rc1 
[2022-06-16 04:30:26] [INFO]: 将使用 device.json 内的设备信息运行Bot. 
[2022-06-16 04:30:26] [INFO]: Bot将在5秒后登录并开始信息处理, 按 Ctrl+C 取消. 
[2022-06-16 04:30:31] [INFO]: 开始尝试登录并同步消息... 
[2022-06-16 04:30:31] [INFO]: 使用协议: iPad 
[2022-06-16 04:30:34] [INFO]: Protocol -> connect to server: 43.135.106.161:8080 
[2022-06-16 04:30:38] [INFO]: 收到服务器地址更新通知, 将在下一次重连时应用.  
[2022-06-16 04:30:38] [INFO]: 登录成功 欢迎使用: 小八的狐狸耳朵~ 
[2022-06-16 04:30:38] [INFO]: 开始加载好友列表... 
[2022-06-16 04:30:39] [INFO]: 共加载 4 个好友. 
[2022-06-16 04:30:39] [INFO]: 开始加载群列表... 
[2022-06-16 04:30:40] [INFO]: 共加载 5 个群. 
[2022-06-16 04:30:40] [INFO]: 资源初始化完成, 开始处理信息. 
[2022-06-16 04:30:40] [INFO]: アトリは、高性能ですから! 
[2022-06-16 04:30:40] [INFO]: 开始尝试连接到反向WebSocket Universal服务器: ws://127.0.0.1:15510/cqhttp/ws/ 
[2022-06-16 04:30:40] [INFO]: 正在检查更新. 
[2022-06-16 04:30:40] [INFO]: 已连接到反向WebSocket Universal服务器 ws://127.0.0.1:15510/cqhttp/ws/ 
[2022-06-16 04:30:40] [INFO]: 当前有更新的 go-cqhttp 可供更新, 请前往 https://github.com/Mrs4s/go-cqhttp/releases 下载. 
[2022-06-16 04:30:40] [INFO]: 当前版本: v1.0.0-rc1 最新版本: v1.0.0-rc2 
[2022-06-16 04:30:45] [INFO]: 开始诊断网络情况 
[2022-06-16 04:30:50] [INFO]: 网络诊断完成. 未发现问题 
[2022-06-16 18:42:42] [INFO]: 发送群 Py QQbot(813476953) 的消息: 秦喵喵转发了「yww ... (-813023339) 
[2022-06-16 18:42:43] [INFO]: 发送群 Py QQbot(813476953) 的消息: 本条动态地址为htt ... (1597317636) 
[2022-06-16 18:54:43] [INFO]: 发送群 Py QQbot(813476953) 的消息: 秦喵喵转发了「Pin ... (674370194) 
[2022-06-16 18:54:43] [INFO]: 发送群 Py QQbot(813476953) 的消息: 本条动态地址为htt ... (1224055671) 
[2022-06-16 20:15:42] [INFO]: 发送群 Py QQbot(813476953) 的消息: 秦喵喵发了新动态：  ... (1072868321) 
[2022-06-16 20:15:44] [INFO]: 发送群 Py QQbot(813476953) 的消息: [CQ:image, ... (-1493435813) 
[2022-06-16 20:15:46] [INFO]: 发送群 Py QQbot(813476953) 的消息: [CQ:image, ... (-771962163) 
[2022-06-16 20:15:48] [INFO]: 发送群 Py QQbot(813476953) 的消息: [CQ:image, ... (1335385966) 
[2022-06-16 20:15:48] [INFO]: 发送群 Py QQbot(813476953) 的消息: 本条动态地址为htt ... (949972984) 
