[2022-03-25 02:00:48] [INFO]: 发送群 Py QQbot(813476953) 的消息: 秦喵喵发了新动态：  ... (1274792453) 
[2022-03-25 02:00:52] [INFO]: 发送群 Py QQbot(813476953) 的消息: [CQ:image, ... (-755852353) 
[2022-03-25 02:00:54] [INFO]: 发送群 Py QQbot(813476953) 的消息: [CQ:image, ... (-1510626519) 
[2022-03-25 02:00:58] [INFO]: 发送群 Py QQbot(813476953) 的消息: [CQ:image, ... (894088888) 
[2022-03-25 02:01:00] [INFO]: 发送群 Py QQbot(813476953) 的消息: [CQ:image, ... (1112376878) 
[2022-03-25 02:01:02] [INFO]: 发送群 Py QQbot(813476953) 的消息: [CQ:image, ... (579473355) 
[2022-03-25 02:01:04] [INFO]: 发送群 Py QQbot(813476953) 的消息: [CQ:image, ... (1435320157) 
[2022-03-25 02:01:06] [INFO]: 发送群 Py QQbot(813476953) 的消息: [CQ:image, ... (-863736089) 
[2022-03-25 02:01:08] [INFO]: 发送群 Py QQbot(813476953) 的消息: [CQ:image, ... (-1149018511) 
[2022-03-25 02:01:10] [INFO]: 发送群 Py QQbot(813476953) 的消息: [CQ:image, ... (635947986) 
[2022-03-25 02:01:11] [INFO]: 发送群 Py QQbot(813476953) 的消息: 本条动态地址为htt ... (1390476100) 
[2022-03-25 04:30:28] [INFO]: 当前版本:v1.0.0-rc1 
[2022-03-25 04:30:28] [INFO]: 将使用 device.json 内的设备信息运行Bot. 
[2022-03-25 04:30:28] [INFO]: Bot将在5秒后登录并开始信息处理, 按 Ctrl+C 取消. 
[2022-03-25 04:30:33] [INFO]: 开始尝试登录并同步消息... 
[2022-03-25 04:30:33] [INFO]: 使用协议: iPad 
[2022-03-25 04:30:37] [INFO]: Protocol -> connect to server: 203.205.255.220:8080 
[2022-03-25 04:30:40] [INFO]: 收到服务器地址更新通知, 将在下一次重连时应用.  
[2022-03-25 04:30:42] [INFO]: 登录成功 欢迎使用: 小八的狐狸耳朵~ 
[2022-03-25 04:30:42] [INFO]: 开始加载好友列表... 
[2022-03-25 04:30:42] [INFO]: 共加载 4 个好友. 
[2022-03-25 04:30:42] [INFO]: 开始加载群列表... 
[2022-03-25 04:30:43] [INFO]: 共加载 5 个群. 
[2022-03-25 04:30:43] [INFO]: 资源初始化完成, 开始处理信息. 
[2022-03-25 04:30:43] [INFO]: アトリは、高性能ですから! 
[2022-03-25 04:30:43] [INFO]: 开始尝试连接到反向WebSocket Universal服务器: ws://127.0.0.1:15510/cqhttp/ws/ 
[2022-03-25 04:30:43] [INFO]: 正在检查更新. 
[2022-03-25 04:30:43] [INFO]: 已连接到反向WebSocket Universal服务器 ws://127.0.0.1:15510/cqhttp/ws/ 
[2022-03-25 04:30:43] [INFO]: 检查更新完成. 当前已运行最新版本. 
[2022-03-25 04:30:48] [INFO]: 开始诊断网络情况 
[2022-03-25 04:30:53] [INFO]: 网络诊断完成. 未发现问题 
[2022-03-25 16:09:45] [INFO]: 发送群 Py QQbot(813476953) 的消息: 秦喵喵发了新视频「【 ... (-873878786) 
[2022-03-25 16:09:46] [INFO]: 发送群 Py QQbot(813476953) 的消息: 本条动态地址为htt ... (-1125213592) 
[2022-03-25 18:48:43] [INFO]: 发送群 Py QQbot(813476953) 的消息: 秦喵喵发了新动态：  ... (743540729) 
[2022-03-25 18:48:45] [INFO]: 发送群 Py QQbot(813476953) 的消息: [CQ:image, ... (1532409711) 
[2022-03-25 18:48:46] [INFO]: 发送群 Py QQbot(813476953) 的消息: [CQ:image, ... (-1525542140) 
[2022-03-25 18:48:47] [INFO]: 发送群 Py QQbot(813476953) 的消息: 本条动态地址为htt ... (-770366574) 
[2022-03-25 19:15:46] [INFO]: 发送群 Py QQbot(813476953) 的消息: 秦喵喵转发了「Mr. ... (1260155432) 
[2022-03-25 19:15:47] [INFO]: 发送群 Py QQbot(813476953) 的消息: 本条动态地址为htt ... (1008419518) 
[2022-03-25 19:36:42] [INFO]: 发送群 Py QQbot(813476953) 的消息: 秦喵喵发了新动态：  ... (-1568680163) 
[2022-03-25 19:36:45] [INFO]: 发送群 Py QQbot(813476953) 的消息: [CQ:image, ... (-713496693) 
[2022-03-25 19:36:45] [INFO]: 发送群 Py QQbot(813476953) 的消息: 本条动态地址为htt ... (1282520625) 
[2022-03-25 20:59:54] [INFO]: 收到群 kenshi汉化和mod研究及暖(696654735) 内 炎头队长沙福林(2175422756) 的消息: [CQ:forward,id=iPKG4LIoKsBRtFUO9uBKRr16tWDemzW07q15PNtBr1ku6HFlDD8FtUE8YsBt4mD9] (1103901715) 
[2022-03-25 20:59:54] [INFO]: 收到群 kenshi汉化和mod研究及暖(696654735) 内 炎头队长沙福林(2175422756) 的消息: [CQ:forward,id=MEDbRtYc8Tpkm3BF1Sf5OHD7LwN1FTUqvHc6bI+vlKBZ4AfTHL7KjGKG+N+SvvOc] (-658152023) 
[2022-03-25 21:16:50] [INFO]: 收到群 kenshi汉化和mod研究及暖(696654735) 内 炎头队长沙福林(2175422756) 的消息: [CQ:forward,id=I/kSZGFA2Cw8w9JQx57gBkjTTiY8wnqel01J7f9fnmjBd7Nu1vudzhEuuIayfe5c] (-1346218689) 
[2022-03-25 21:18:07] [INFO]: 收到群 216大🐦转转转(487347867) 内 goDot(1799093586) 的消息: [CQ:video,file=744916817b5097e91224dea40608b516.video] (-1889984012) 
[2022-03-25 21:18:37] [INFO]: 收到群 kenshi汉化和mod研究及暖(696654735) 内 圣徒的亡灵(1339837523) 的消息: jieyama duoshao (833011868) 
[2022-03-25 21:18:40] [INFO]: 收到群 kenshi汉化和mod研究及暖(696654735) 内 圣徒的亡灵(1339837523) 的消息: 解压码多少 (1185017866) 
[2022-03-25 21:18:49] [INFO]: 群 216大🐦转转转(487347867) 内 goDot(1799093586) 撤回了 goDot(1799093586) 的消息: -1889984012. 
[2022-03-25 22:00:09] [INFO]: 收到群 216大🐦转转转(487347867) 内 goDot(1799093586) 的消息: [CQ:video,file=744916817b5097e91224dea40608b516.video] (-128052894) 
[2022-03-25 22:03:46] [INFO]: 发送群 Py QQbot(813476953) 的消息: 狗妈 开播啦啦啦！！ ... (997623463) 
[2022-03-25 22:36:42] [INFO]: 收到群 kenshi汉化和mod研究及暖(696654735) 内 甘蔗(1418318036) 的消息: [CQ:face,id=265][CQ:face,id=265][CQ:face,id=265] (-542596688) 
[2022-03-25 22:37:03] [INFO]: 收到群 kenshi汉化和mod研究及暖(696654735) 内 drm9900(515481577) 的消息: 没有解压码[CQ:image,file=7ae603644d0e3341260d81767c09edc9.image,subType=1] (-1464889050) 
