[2022-08-02 01:03:47] [INFO]: 发送群 Py QQbot(813476953) 的消息: 秦喵喵发了新动态：  ... (1166720878) 
[2022-08-02 01:03:49] [INFO]: 发送群 Py QQbot(813476953) 的消息: [CQ:image, ... (848138232) 
[2022-08-02 01:03:50] [INFO]: 发送群 Py QQbot(813476953) 的消息: 本条动态地址为htt ... (-1394009509) 
[2022-08-02 04:30:05] [INFO]: 当前版本:v1.0.0-rc1 
[2022-08-02 04:30:05] [INFO]: 将使用 device.json 内的设备信息运行Bot. 
[2022-08-02 04:30:05] [INFO]: Bot将在5秒后登录并开始信息处理, 按 Ctrl+C 取消. 
[2022-08-02 04:30:10] [INFO]: 开始尝试登录并同步消息... 
[2022-08-02 04:30:10] [INFO]: 使用协议: iPad 
[2022-08-02 04:30:13] [INFO]: Protocol -> connect to server: 43.154.240.13:8080 
[2022-08-02 04:30:35] [INFO]: 当前版本:v1.0.0-rc1 
[2022-08-02 04:30:35] [INFO]: 将使用 device.json 内的设备信息运行Bot. 
[2022-08-02 04:30:35] [INFO]: Bot将在5秒后登录并开始信息处理, 按 Ctrl+C 取消. 
[2022-08-02 04:30:40] [INFO]: 开始尝试登录并同步消息... 
[2022-08-02 04:30:40] [INFO]: 使用协议: iPad 
[2022-08-02 04:30:44] [INFO]: Protocol -> connect to server: 43.135.106.161:8080 
[2022-08-02 04:30:47] [INFO]: 登录成功 欢迎使用: 小八的狐狸耳朵~ 
[2022-08-02 04:30:47] [INFO]: 开始加载好友列表... 
[2022-08-02 04:30:47] [INFO]: 共加载 4 个好友. 
[2022-08-02 04:30:47] [INFO]: 开始加载群列表... 
[2022-08-02 04:30:48] [INFO]: 共加载 5 个群. 
[2022-08-02 04:30:48] [INFO]: 资源初始化完成, 开始处理信息. 
[2022-08-02 04:30:48] [INFO]: アトリは、高性能ですから! 
[2022-08-02 04:30:48] [INFO]: 开始尝试连接到反向WebSocket Universal服务器: ws://127.0.0.1:15510/cqhttp/ws/ 
[2022-08-02 04:30:48] [INFO]: 正在检查更新. 
[2022-08-02 04:30:48] [WARNING]: 连接到反向WebSocket Universal服务器 ws://127.0.0.1:15510/cqhttp/ws/ 时出现错误: dial tcp 127.0.0.1:15510: connect: connection refused 
[2022-08-02 04:30:49] [INFO]: 当前有更新的 go-cqhttp 可供更新, 请前往 https://github.com/Mrs4s/go-cqhttp/releases 下载. 
[2022-08-02 04:30:49] [INFO]: 当前版本: v1.0.0-rc1 最新版本: v1.0.0-rc3 
[2022-08-02 04:30:51] [INFO]: 开始尝试连接到反向WebSocket Universal服务器: ws://127.0.0.1:15510/cqhttp/ws/ 
[2022-08-02 04:30:51] [INFO]: 已连接到反向WebSocket Universal服务器 ws://127.0.0.1:15510/cqhttp/ws/ 
[2022-08-02 04:30:53] [INFO]: 开始诊断网络情况 
[2022-08-02 04:31:00] [INFO]: 网络诊断完成. 未发现问题 
[2022-08-02 09:14:22] [INFO]: 收到群 kenshi汉化和mod研究及暖(696654735) 内 囧※boy(1114167743) 的消息: [CQ:image,file=df9c0bd49c128a40013f3ddaba4a5e86.image,subType=0] (1168340803) 
[2022-08-02 09:20:21] [INFO]: 收到群 kenshi汉化和mod研究及暖(696654735) 内 水行修(2214497344) 的消息: 哈哈哈哈什么吊图 (627375782) 
[2022-08-02 10:03:01] [INFO]: 收到群 kenshi汉化和mod研究及暖(696654735) 内 潜行吧！奈亚子！(1751979054) 的消息: [CQ:image,file=f168806e36f0c6603f1845e2f040f22a.image,subType=1] (1382272560) 
[2022-08-02 15:34:04] [INFO]: 昨日 鲶鱼诺(1542195170) 在群 859265365 内发言最积极, 获得 龙王 标识。 
[2022-08-02 15:40:01] [INFO]: 新成员 鱼籽(2668119515) 进入了群 kenshi汉化和mod研究及暖暖化制作监督委员会-1群(696654735). 
[2022-08-02 19:48:51] [INFO]: 发送群 Py QQbot(813476953) 的消息: 秦喵喵发了新动态：  ... (-605148467) 
[2022-08-02 19:48:53] [INFO]: 发送群 Py QQbot(813476953) 的消息: [CQ:image, ... (1122466679) 
[2022-08-02 19:48:53] [INFO]: 发送群 Py QQbot(813476953) 的消息: 本条动态地址为htt ... (903891937) 
[2022-08-02 22:05:28] [INFO]: 收到群 kenshi汉化和mod研究及暖(696654735) 内 西北老汉(3515075747) 的消息: [CQ:face,id=5,type=sticker] (-882204790) 
