[2022-06-07 04:30:04] [INFO]: 当前版本:v1.0.0-rc1 
[2022-06-07 04:30:04] [INFO]: 将使用 device.json 内的设备信息运行Bot. 
[2022-06-07 04:30:04] [INFO]: Bot将在5秒后登录并开始信息处理, 按 Ctrl+C 取消. 
[2022-06-07 04:30:09] [INFO]: 开始尝试登录并同步消息... 
[2022-06-07 04:30:09] [INFO]: 使用协议: iPad 
[2022-06-07 04:30:12] [INFO]: Protocol -> connect to server: 43.154.240.13:8080 
[2022-06-07 04:30:33] [INFO]: 当前版本:v1.0.0-rc1 
[2022-06-07 04:30:33] [INFO]: 将使用 device.json 内的设备信息运行Bot. 
[2022-06-07 04:30:33] [INFO]: Bot将在5秒后登录并开始信息处理, 按 Ctrl+C 取消. 
[2022-06-07 04:30:38] [INFO]: 开始尝试登录并同步消息... 
[2022-06-07 04:30:38] [INFO]: 使用协议: iPad 
[2022-06-07 04:30:42] [INFO]: Protocol -> connect to server: 43.154.240.13:8080 
[2022-06-07 04:30:45] [INFO]: 收到服务器地址更新通知, 将在下一次重连时应用.  
[2022-06-07 04:30:46] [INFO]: 登录成功 欢迎使用: 小八的狐狸耳朵~ 
[2022-06-07 04:30:46] [INFO]: 开始加载好友列表... 
[2022-06-07 04:30:46] [INFO]: 共加载 4 个好友. 
[2022-06-07 04:30:46] [INFO]: 开始加载群列表... 
[2022-06-07 04:30:47] [INFO]: 共加载 5 个群. 
[2022-06-07 04:30:47] [INFO]: 资源初始化完成, 开始处理信息. 
[2022-06-07 04:30:47] [INFO]: アトリは、高性能ですから! 
[2022-06-07 04:30:47] [INFO]: 开始尝试连接到反向WebSocket Universal服务器: ws://127.0.0.1:15510/cqhttp/ws/ 
[2022-06-07 04:30:47] [INFO]: 正在检查更新. 
[2022-06-07 04:30:47] [INFO]: 已连接到反向WebSocket Universal服务器 ws://127.0.0.1:15510/cqhttp/ws/ 
[2022-06-07 04:30:48] [INFO]: 当前有更新的 go-cqhttp 可供更新, 请前往 https://github.com/Mrs4s/go-cqhttp/releases 下载. 
[2022-06-07 04:30:48] [INFO]: 当前版本: v1.0.0-rc1 最新版本: v1.0.0-rc2 
[2022-06-07 04:30:52] [INFO]: 开始诊断网络情况 
[2022-06-07 04:30:57] [INFO]: 网络诊断完成. 未发现问题 
[2022-06-07 08:45:09] [INFO]: 收到群 kenshi汉化和mod研究及暖(696654735) 内 时之沙(2934771083) 的消息: [CQ:json,data={"app":"com.tencent.miniapp_01"&#44;"config":{"autoSize":0&#44;"ctime":1654562707&#44;"forward":1&#44;"height":0&#44;"token":"a825cc61e03b57d6f86de0b95eb46133"&#44;"type":"normal"&#44;"width":0}&#44;"desc":"哔哩哔哩"&#44;"extra":{"app_type":1&#44;"appid":100951776&#44;"uin":2934771083}&#44;"meta":{"detail_1":{"appType":0&#44;"appid":"1109937557"&#44;"desc":"如何让孩子提升自信"&#44;"gamePoints":""&#44;"gamePointsUrl":""&#44;"host":{"nick":"时之沙"&#44;"uin":2934771083}&#44;"icon":"http://miniapp.gtimg.cn/public/appicon/432b76be3a548fc128acaa6c1ec90131_200.jpg"&#44;"preview":"pubminishare-30161.picsz.qpic.cn/d691b3e8-eb4c-42d4-9bea-f6f6f6484f2a"&#44;"qqdocurl":"https://b23.tv/v1xkqQh?share_medium=android&amp;share_source=qq&amp;bbid=XX6708B6F3105D42A700C65DCCB0C6C33A22C&amp;ts=1654562699077"&#44;"scene":1036&#44;"shareTemplateData":{}&#44;"shareTemplateId":"8C8E89B49BE609866298ADDFF2DBABA4"&#44;"showLittleTail":""&#44;"title":"哔哩哔哩"&#44;"url":"m.q.qq.com/a/s/ac6ce521699eb861f507650f71d34535"}}&#44;"needShareCallBack":false&#44;"prompt":"&#91;QQ小程序&#93;哔哩哔哩"&#44;"ver":"1.0.0.19"&#44;"view":"view_8C8E89B49BE609866298ADDFF2DBABA4"}] (-6864925) 
[2022-06-07 15:09:55] [INFO]: 发送群 Py QQbot(813476953) 的消息: 秦喵喵发了新视频「【 ... (-245155862) 
[2022-06-07 15:09:55] [INFO]: 发送群 Py QQbot(813476953) 的消息: 本条动态地址为htt ... (-2040264836) 
[2022-06-07 17:15:48] [INFO]: 发送群 Py QQbot(813476953) 的消息: 鹿乃酱发了新动态：  ... (402690783) 
[2022-06-07 17:15:50] [INFO]: 发送群 Py QQbot(813476953) 的消息: [CQ:image, ... (1862771273) 
[2022-06-07 17:15:51] [INFO]: 发送群 Py QQbot(813476953) 的消息: 本条动态地址为htt ... (-166792205) 
[2022-06-07 20:15:47] [INFO]: 发送群 Py QQbot(813476953) 的消息: 秦喵喵发了新动态：  ... (-2130066587) 
[2022-06-07 20:15:49] [INFO]: 发送群 Py QQbot(813476953) 的消息: [CQ:image, ... (297197300) 
[2022-06-07 20:15:49] [INFO]: 发送群 Py QQbot(813476953) 的消息: 本条动态地址为htt ... (1722936930) 
