[2022-07-13 02:51:45] [INFO]: 发送群 Py QQbot(813476953) 的消息: 秦喵喵发了新动态：  ... (-1707710290) 
[2022-07-13 02:51:47] [INFO]: 发送群 Py QQbot(813476953) 的消息: [CQ:image, ... (-315533256) 
[2022-07-13 02:51:49] [INFO]: 发送群 Py QQbot(813476953) 的消息: [CQ:image, ... (1949829506) 
[2022-07-13 02:51:50] [INFO]: 发送群 Py QQbot(813476953) 的消息: [CQ:image, ... (54475028) 
[2022-07-13 02:51:51] [INFO]: 发送群 Py QQbot(813476953) 的消息: 本条动态地址为htt ... (-1654936393) 
[2022-07-13 04:30:26] [INFO]: 当前版本:v1.0.0-rc1 
[2022-07-13 04:30:26] [INFO]: 将使用 device.json 内的设备信息运行Bot. 
[2022-07-13 04:30:26] [INFO]: Bot将在5秒后登录并开始信息处理, 按 Ctrl+C 取消. 
[2022-07-13 04:30:32] [INFO]: 开始尝试登录并同步消息... 
[2022-07-13 04:30:32] [INFO]: 使用协议: iPad 
[2022-07-13 04:30:34] [INFO]: Protocol -> connect to server: 43.135.106.161:8080 
[2022-07-13 04:30:37] [INFO]: 收到服务器地址更新通知, 将在下一次重连时应用.  
[2022-07-13 04:30:38] [INFO]: 登录成功 欢迎使用: 小八的狐狸耳朵~ 
[2022-07-13 04:30:38] [INFO]: 开始加载好友列表... 
[2022-07-13 04:30:38] [INFO]: 共加载 4 个好友. 
[2022-07-13 04:30:38] [INFO]: 开始加载群列表... 
[2022-07-13 04:30:39] [INFO]: 共加载 5 个群. 
[2022-07-13 04:30:40] [INFO]: 资源初始化完成, 开始处理信息. 
[2022-07-13 04:30:40] [INFO]: アトリは、高性能ですから! 
[2022-07-13 04:30:40] [INFO]: 开始尝试连接到反向WebSocket Universal服务器: ws://127.0.0.1:15510/cqhttp/ws/ 
[2022-07-13 04:30:40] [INFO]: 正在检查更新. 
[2022-07-13 04:30:40] [WARNING]: 连接到反向WebSocket Universal服务器 ws://127.0.0.1:15510/cqhttp/ws/ 时出现错误: dial tcp 127.0.0.1:15510: connect: connection refused 
[2022-07-13 04:30:40] [INFO]: 当前有更新的 go-cqhttp 可供更新, 请前往 https://github.com/Mrs4s/go-cqhttp/releases 下载. 
[2022-07-13 04:30:40] [INFO]: 当前版本: v1.0.0-rc1 最新版本: v1.0.0-rc3 
[2022-07-13 04:30:43] [INFO]: 开始尝试连接到反向WebSocket Universal服务器: ws://127.0.0.1:15510/cqhttp/ws/ 
[2022-07-13 04:30:43] [INFO]: 已连接到反向WebSocket Universal服务器 ws://127.0.0.1:15510/cqhttp/ws/ 
[2022-07-13 04:30:45] [INFO]: 开始诊断网络情况 
[2022-07-13 04:30:49] [INFO]: 网络诊断完成. 未发现问题 
[2022-07-13 14:39:25] [ERROR]: Protocol -> unexpected disconnect: EOF 
[2022-07-13 14:39:25] [INFO]: Protocol -> connect to server: 169.47.230.125:10001 
[2022-07-13 14:39:29] [INFO]: 收到服务器地址更新通知, 将在下一次重连时应用.  
[2022-07-13 18:23:07] [ERROR]: Protocol -> unexpected disconnect: EOF 
[2022-07-13 18:23:07] [INFO]: Protocol -> connect to server: 43.135.106.179:8080 
[2022-07-13 18:23:11] [INFO]: 收到服务器地址更新通知, 将在下一次重连时应用.  
[2022-07-13 18:57:43] [INFO]: 发送群 Py QQbot(813476953) 的消息: 秦喵喵发了新动态：  ... (-363029471) 
[2022-07-13 18:57:44] [INFO]: 发送群 Py QQbot(813476953) 的消息: [CQ:image, ... (1935003035) 
[2022-07-13 18:57:46] [INFO]: 发送群 Py QQbot(813476953) 的消息: [CQ:image, ... (72547597) 
[2022-07-13 18:57:48] [INFO]: 发送群 Py QQbot(813476953) 的消息: [CQ:image, ... (-1796349796) 
[2022-07-13 18:57:48] [INFO]: 发送群 Py QQbot(813476953) 的消息: 本条动态地址为htt ... (-471150582) 
[2022-07-13 20:27:42] [INFO]: 发送群 Py QQbot(813476953) 的消息: 秦喵喵发了新动态：  ... (497972321) 
[2022-07-13 20:27:45] [INFO]: 发送群 Py QQbot(813476953) 的消息: [CQ:image, ... (1789478135) 
[2022-07-13 20:27:46] [INFO]: 发送群 Py QQbot(813476953) 的消息: [CQ:image, ... (-207612595) 
[2022-07-13 20:27:49] [INFO]: 发送群 Py QQbot(813476953) 的消息: [CQ:image, ... (-2069420581) 
[2022-07-13 20:27:50] [INFO]: 发送群 Py QQbot(813476953) 的消息: [CQ:image, ... (449032312) 
[2022-07-13 20:27:51] [INFO]: 发送群 Py QQbot(813476953) 的消息: 本条动态地址为htt ... (1841594606) 
[2022-07-13 22:03:45] [INFO]: 发送群 Py QQbot(813476953) 的消息: Tm 开播啦啦啦！！ ... (-187838124) 
