[2022-05-22 04:30:26] [INFO]: 当前版本:v1.0.0-rc1 
[2022-05-22 04:30:26] [INFO]: 将使用 device.json 内的设备信息运行Bot. 
[2022-05-22 04:30:26] [INFO]: Bot将在5秒后登录并开始信息处理, 按 Ctrl+C 取消. 
[2022-05-22 04:30:31] [INFO]: 开始尝试登录并同步消息... 
[2022-05-22 04:30:31] [INFO]: 使用协议: iPad 
[2022-05-22 04:30:33] [INFO]: Protocol -> connect to server: 43.135.106.161:8080 
[2022-05-22 04:30:37] [INFO]: 收到服务器地址更新通知, 将在下一次重连时应用.  
[2022-05-22 04:30:37] [INFO]: 登录成功 欢迎使用: 小八的狐狸耳朵~ 
[2022-05-22 04:30:37] [INFO]: 开始加载好友列表... 
[2022-05-22 04:30:37] [INFO]: 共加载 4 个好友. 
[2022-05-22 04:30:37] [INFO]: 开始加载群列表... 
[2022-05-22 04:30:38] [INFO]: 共加载 5 个群. 
[2022-05-22 04:30:39] [INFO]: 资源初始化完成, 开始处理信息. 
[2022-05-22 04:30:39] [INFO]: アトリは、高性能ですから! 
[2022-05-22 04:30:39] [INFO]: 开始尝试连接到反向WebSocket Universal服务器: ws://127.0.0.1:15510/cqhttp/ws/ 
[2022-05-22 04:30:39] [INFO]: 正在检查更新. 
[2022-05-22 04:30:39] [INFO]: 已连接到反向WebSocket Universal服务器 ws://127.0.0.1:15510/cqhttp/ws/ 
[2022-05-22 04:30:39] [INFO]: 检查更新完成. 当前已运行最新版本. 
[2022-05-22 04:30:44] [INFO]: 开始诊断网络情况 
[2022-05-22 04:30:48] [INFO]: 网络诊断完成. 未发现问题 
[2022-05-22 11:03:41] [INFO]: 发送群 Py QQbot(813476953) 的消息: 鹿乃酱发了新动态：  ... (-2025290606) 
[2022-05-22 11:03:41] [INFO]: 发送群 Py QQbot(813476953) 的消息: 本条动态地址为htt ... (-263212028) 
[2022-05-22 13:31:58] [INFO]: 收到群 kenshi汉化和mod研究及暖(696654735) 内 🤗(1328676962) 的消息: 来点[CQ:face,id=294] (1095151887) 
[2022-05-22 14:59:12] [INFO]: 收到群 kenshi汉化和mod研究及暖(696654735) 内 魔男(511198723) 的消息: [CQ:image,file=96a8e23947cd501483f1e8c203f19cc4.image,subType=0] (910262681) 
[2022-05-22 15:48:44] [INFO]: 发送群 Py QQbot(813476953) 的消息: 狗妈 开播啦啦啦！！ ... (1848320423) 
[2022-05-22 17:09:52] [WARNING]: 群消息发送失败: 账号可能被风控. 
[2022-05-22 17:21:40] [INFO]: 发送群 Py QQbot(813476953) 的消息: 秦喵喵发了新动态：  ... (422318385) 
[2022-05-22 17:21:47] [INFO]: 发送群 Py QQbot(813476953) 的消息: [CQ:image, ... (-2145042293) 
[2022-05-22 17:21:48] [INFO]: 发送群 Py QQbot(813476953) 的消息: 本条动态地址为htt ... (-148738019) 
[2022-05-22 19:17:45] [INFO]: 收到群 kenshi汉化和mod研究及暖(696654735) 内 drm9900(515481577) 的消息: [CQ:image,file=ae11b10c6951ef56bf172044a2c984b8.image,subType=0] (-1354182621) 
[2022-05-22 21:48:43] [INFO]: 发送群 Py QQbot(813476953) 的消息: 秦喵喵发了新视频「【 ... (1738370444) 
[2022-05-22 21:48:43] [INFO]: 发送群 Py QQbot(813476953) 的消息: 本条动态地址为htt ... (278551834) 
