[2022-05-26 01:12:42] [INFO]: 发送群 Py QQbot(813476953) 的消息: 秦喵喵转发了「MKi ... (220864698) 
[2022-05-26 01:12:43] [INFO]: 发送群 Py QQbot(813476953) 的消息: 本条动态地址为htt ... (2049773612) 
[2022-05-26 02:56:24] [INFO]: 收到群 kenshi汉化和mod研究及暖(696654735) 内 a我在啊(321300250) 的消息: [CQ:at,qq=2175422756] 快更 (-1695232363) 
[2022-05-26 04:30:26] [INFO]: 当前版本:v1.0.0-rc1 
[2022-05-26 04:30:26] [INFO]: 将使用 device.json 内的设备信息运行Bot. 
[2022-05-26 04:30:26] [INFO]: Bot将在5秒后登录并开始信息处理, 按 Ctrl+C 取消. 
[2022-05-26 04:30:31] [INFO]: 开始尝试登录并同步消息... 
[2022-05-26 04:30:31] [INFO]: 使用协议: iPad 
[2022-05-26 04:30:36] [INFO]: Protocol -> connect to server: 43.154.240.13:8080 
[2022-05-26 04:30:39] [INFO]: 收到服务器地址更新通知, 将在下一次重连时应用.  
[2022-05-26 04:30:39] [INFO]: 登录成功 欢迎使用: 小八的狐狸耳朵~ 
[2022-05-26 04:30:39] [INFO]: 开始加载好友列表... 
[2022-05-26 04:30:40] [INFO]: 共加载 4 个好友. 
[2022-05-26 04:30:40] [INFO]: 开始加载群列表... 
[2022-05-26 04:30:41] [INFO]: 共加载 5 个群. 
[2022-05-26 04:30:41] [INFO]: 资源初始化完成, 开始处理信息. 
[2022-05-26 04:30:41] [INFO]: アトリは、高性能ですから! 
[2022-05-26 04:30:41] [INFO]: 开始尝试连接到反向WebSocket Universal服务器: ws://127.0.0.1:15510/cqhttp/ws/ 
[2022-05-26 04:30:41] [INFO]: 正在检查更新. 
[2022-05-26 04:30:41] [INFO]: 已连接到反向WebSocket Universal服务器 ws://127.0.0.1:15510/cqhttp/ws/ 
[2022-05-26 04:30:41] [INFO]: 检查更新完成. 当前已运行最新版本. 
[2022-05-26 04:30:46] [INFO]: 开始诊断网络情况 
[2022-05-26 04:30:50] [INFO]: 网络诊断完成. 未发现问题 
[2022-05-26 06:36:37] [INFO]: 收到群 kenshi汉化和mod研究及暖(696654735) 内 岂无飞(402818767) 的消息: @喵小喵 [CQ:image,file=93253611dea5df4a4e8f3b2b6f3627be.image,subType=0][CQ:image,file=28d24c75f3fe23f2a97c085b219cdc40.image,subType=0][CQ:image,file=4b678226e89e8d32a2c7ce6d42a9f146.image,subType=0][CQ:image,file=94b5996033d64f5c7a6bf3aa8f3c98d7.image,subType=0][CQ:image,file=745d801e85f2f66ddee125849def16e1.image,subType=0][CQ:image,file=b40dd80df7ba35c74f07934dca9afa04.image,subType=0][CQ:image,file=c4a18e3736e00a9e68cf3458e109cbf9.image,subType=0][CQ:image,file=54d5b4645db2cd66daa2ae32bd96bb09.image,subType=0] (66953007) 
[2022-05-26 15:51:41] [INFO]: 发送群 Py QQbot(813476953) 的消息: 秦喵喵发了新动态：  ... (-484163178) 
[2022-05-26 15:51:43] [INFO]: 发送群 Py QQbot(813476953) 的消息: [CQ:image, ... (-1809616640) 
[2022-05-26 15:51:43] [INFO]: 发送群 Py QQbot(813476953) 的消息: 本条动态地址为htt ... (172483747) 
[2022-05-26 16:42:43] [INFO]: 发送群 Py QQbot(813476953) 的消息: 秦喵喵发了新视频「【 ... (2101400629) 
[2022-05-26 16:42:44] [INFO]: 发送群 Py QQbot(813476953) 的消息: 本条动态地址为htt ... (-464943729) 
[2022-05-26 18:30:23] [INFO]: 收到群 kenshi汉化和mod研究及暖(696654735) 内 --初见--(920592790) 的消息: [CQ:image,file=0badc7a85022caebc1bc1101fea474cb.image,subType=0]  xdm，我这块硬盘是不是快炸了 (1962586041) 
[2022-05-26 18:32:18] [INFO]: 收到群 kenshi汉化和mod研究及暖(696654735) 内 重装KGZ晓琳(2860677522) 的消息: ？ (-465194456) 
[2022-05-26 18:32:22] [INFO]: 收到群 kenshi汉化和mod研究及暖(696654735) 内 重装KGZ晓琳(2860677522) 的消息: 还早 (-1824357698) 
[2022-05-26 18:32:28] [INFO]: 收到群 kenshi汉化和mod研究及暖(696654735) 内 重装KGZ晓琳(2860677522) 的消息: 才55炸不了 (1827580554) 
[2022-05-26 19:15:41] [INFO]: 发送群 Py QQbot(813476953) 的消息: 秦喵喵转发了「Pin ... (-1823558375) 
[2022-05-26 19:15:41] [INFO]: 发送群 Py QQbot(813476953) 的消息: 本条动态地址为htt ... (66168968) 
[2022-05-26 19:57:44] [INFO]: 发送群 Py QQbot(813476953) 的消息: 秦喵喵发了新动态：  ... (1962317854) 
[2022-05-26 19:57:47] [INFO]: 发送群 Py QQbot(813476953) 的消息: [CQ:image, ... (338760187) 
[2022-05-26 19:57:51] [INFO]: 发送群 Py QQbot(813476953) 的消息: [CQ:image, ... (1664491885) 
[2022-05-26 19:57:55] [INFO]: 发送群 Py QQbot(813476953) 的消息: [CQ:image, ... (-96505641) 
[2022-05-26 19:57:56] [INFO]: 发送群 Py QQbot(813476953) 的消息: 本条动态地址为htt ... (-1925693375) 
[2022-05-26 20:14:18] [INFO]: 收到群 kenshi汉化和mod研究及暖(696654735) 内 圣徒的亡灵(1339837523) 的消息: 色图呢 (468294172) 
