[2022-07-14 02:54:40] [INFO]: 发送群 Py QQbot(813476953) 的消息: 秦喵喵发了新动态：  ... (-2083855934) 
[2022-07-14 02:54:42] [INFO]: 发送群 Py QQbot(813476953) 的消息: [CQ:image, ... (326499411) 
[2022-07-14 02:54:44] [INFO]: 发送群 Py QQbot(813476953) 的消息: [CQ:image, ... (1685245125) 
[2022-07-14 02:54:46] [INFO]: 发送群 Py QQbot(813476953) 的消息: [CQ:image, ... (78988576) 
[2022-07-14 02:54:48] [INFO]: 发送群 Py QQbot(813476953) 的消息: [CQ:image, ... (1941075382) 
[2022-07-14 02:54:49] [INFO]: 发送群 Py QQbot(813476953) 的消息: [CQ:image, ... (-356834292) 
[2022-07-14 02:54:51] [INFO]: 发送群 Py QQbot(813476953) 的消息: [CQ:image, ... (-1648618342) 
[2022-07-14 02:54:51] [INFO]: 发送群 Py QQbot(813476953) 的消息: 本条动态地址为htt ... (64520505) 
[2022-07-14 04:30:25] [INFO]: 当前版本:v1.0.0-rc1 
[2022-07-14 04:30:25] [INFO]: 将使用 device.json 内的设备信息运行Bot. 
[2022-07-14 04:30:25] [INFO]: Bot将在5秒后登录并开始信息处理, 按 Ctrl+C 取消. 
[2022-07-14 04:30:30] [INFO]: 开始尝试登录并同步消息... 
[2022-07-14 04:30:30] [INFO]: 使用协议: iPad 
[2022-07-14 04:30:33] [INFO]: Protocol -> connect to server: 43.135.106.161:8080 
[2022-07-14 04:30:37] [INFO]: 收到服务器地址更新通知, 将在下一次重连时应用.  
[2022-07-14 04:30:37] [INFO]: 登录成功 欢迎使用: 小八的狐狸耳朵~ 
[2022-07-14 04:30:37] [INFO]: 开始加载好友列表... 
[2022-07-14 04:30:37] [INFO]: 共加载 4 个好友. 
[2022-07-14 04:30:37] [INFO]: 开始加载群列表... 
[2022-07-14 04:30:38] [INFO]: 共加载 5 个群. 
[2022-07-14 04:30:38] [INFO]: 资源初始化完成, 开始处理信息. 
[2022-07-14 04:30:38] [INFO]: アトリは、高性能ですから! 
[2022-07-14 04:30:38] [INFO]: 开始尝试连接到反向WebSocket Universal服务器: ws://127.0.0.1:15510/cqhttp/ws/ 
[2022-07-14 04:30:38] [INFO]: 正在检查更新. 
[2022-07-14 04:30:38] [WARNING]: 连接到反向WebSocket Universal服务器 ws://127.0.0.1:15510/cqhttp/ws/ 时出现错误: dial tcp 127.0.0.1:15510: connect: connection refused 
[2022-07-14 04:30:39] [INFO]: 当前有更新的 go-cqhttp 可供更新, 请前往 https://github.com/Mrs4s/go-cqhttp/releases 下载. 
[2022-07-14 04:30:39] [INFO]: 当前版本: v1.0.0-rc1 最新版本: v1.0.0-rc3 
[2022-07-14 04:30:41] [INFO]: 开始尝试连接到反向WebSocket Universal服务器: ws://127.0.0.1:15510/cqhttp/ws/ 
[2022-07-14 04:30:41] [INFO]: 已连接到反向WebSocket Universal服务器 ws://127.0.0.1:15510/cqhttp/ws/ 
[2022-07-14 04:30:43] [INFO]: 开始诊断网络情况 
[2022-07-14 04:30:48] [INFO]: 网络诊断完成. 未发现问题 
[2022-07-14 17:24:04] [ERROR]: Protocol -> unexpected disconnect: EOF 
[2022-07-14 17:24:04] [INFO]: Protocol -> connect to server: 169.47.230.125:10001 
[2022-07-14 17:24:07] [INFO]: 收到服务器地址更新通知, 将在下一次重连时应用.  
[2022-07-14 19:12:39] [INFO]: 发送群 Py QQbot(813476953) 的消息: 鹿乃酱发了新动态：  ... (1960817071) 
[2022-07-14 19:12:44] [INFO]: 发送群 Py QQbot(813476953) 的消息: [CQ:image, ... (-304685035) 
[2022-07-14 19:12:46] [INFO]: 发送群 Py QQbot(813476953) 的消息: [CQ:image, ... (-1697525629) 
[2022-07-14 19:12:47] [INFO]: 发送群 Py QQbot(813476953) 的消息: 本条动态地址为htt ... (175033618) 
[2022-07-14 20:24:39] [INFO]: 发送群 Py QQbot(813476953) 的消息: 秦喵喵转发了「yww ... (2104098180) 
[2022-07-14 20:24:39] [INFO]: 发送群 Py QQbot(813476953) 的消息: 本条动态地址为htt ... (-684638160) 
[2022-07-14 22:18:39] [INFO]: 发送群 Py QQbot(813476953) 的消息: 秦喵喵发了新动态：  ... (-1607044954) 
[2022-07-14 22:18:39] [INFO]: 发送群 Py QQbot(813476953) 的消息: 本条动态地址为htt ... (960438556) 
