[2022-07-09 04:30:28] [INFO]: 当前版本:v1.0.0-rc1 
[2022-07-09 04:30:28] [INFO]: 将使用 device.json 内的设备信息运行Bot. 
[2022-07-09 04:30:28] [INFO]: Bot将在5秒后登录并开始信息处理, 按 Ctrl+C 取消. 
[2022-07-09 04:30:33] [INFO]: 开始尝试登录并同步消息... 
[2022-07-09 04:30:33] [INFO]: 使用协议: iPad 
[2022-07-09 04:30:36] [INFO]: Protocol -> connect to server: 43.154.240.13:8080 
[2022-07-09 04:30:40] [INFO]: 收到服务器地址更新通知, 将在下一次重连时应用.  
[2022-07-09 04:30:40] [INFO]: 登录成功 欢迎使用: 小八的狐狸耳朵~ 
[2022-07-09 04:30:40] [INFO]: 开始加载好友列表... 
[2022-07-09 04:30:41] [INFO]: 共加载 4 个好友. 
[2022-07-09 04:30:41] [INFO]: 开始加载群列表... 
[2022-07-09 04:30:42] [INFO]: 共加载 5 个群. 
[2022-07-09 04:30:42] [INFO]: 资源初始化完成, 开始处理信息. 
[2022-07-09 04:30:42] [INFO]: アトリは、高性能ですから! 
[2022-07-09 04:30:42] [INFO]: 开始尝试连接到反向WebSocket Universal服务器: ws://127.0.0.1:15510/cqhttp/ws/ 
[2022-07-09 04:30:42] [INFO]: 正在检查更新. 
[2022-07-09 04:30:42] [WARNING]: 连接到反向WebSocket Universal服务器 ws://127.0.0.1:15510/cqhttp/ws/ 时出现错误: dial tcp 127.0.0.1:15510: connect: connection refused 
[2022-07-09 04:30:42] [INFO]: 当前有更新的 go-cqhttp 可供更新, 请前往 https://github.com/Mrs4s/go-cqhttp/releases 下载. 
[2022-07-09 04:30:42] [INFO]: 当前版本: v1.0.0-rc1 最新版本: v1.0.0-rc3 
[2022-07-09 04:30:45] [INFO]: 开始尝试连接到反向WebSocket Universal服务器: ws://127.0.0.1:15510/cqhttp/ws/ 
[2022-07-09 04:30:45] [INFO]: 已连接到反向WebSocket Universal服务器 ws://127.0.0.1:15510/cqhttp/ws/ 
[2022-07-09 04:30:47] [INFO]: 开始诊断网络情况 
[2022-07-09 04:30:52] [INFO]: 网络诊断完成. 未发现问题 
[2022-07-09 17:30:49] [INFO]: 发送群 Py QQbot(813476953) 的消息: Tm发了新视频「彩虹 ... (273992838) 
[2022-07-09 17:30:49] [INFO]: 发送群 Py QQbot(813476953) 的消息: 本条动态地址为htt ... (1733557264) 
[2022-07-09 20:12:48] [INFO]: 发送群 Py QQbot(813476953) 的消息: 秦喵喵发了新动态：  ... (-113808973) 
[2022-07-09 20:12:51] [INFO]: 发送群 Py QQbot(813476953) 的消息: [CQ:image, ... (-1909434075) 
[2022-07-09 20:12:52] [INFO]: 发送群 Py QQbot(813476953) 的消息: [CQ:image, ... (389613727) 
[2022-07-09 20:12:54] [INFO]: 发送群 Py QQbot(813476953) 的消息: [CQ:image, ... (1614690313) 
[2022-07-09 20:12:54] [INFO]: 发送群 Py QQbot(813476953) 的消息: 本条动态地址为htt ... (-259971688) 
[2022-07-09 21:51:50] [INFO]: 发送群 Py QQbot(813476953) 的消息: Tm 开播啦啦啦！！ ... (-2021255922) 
[2022-07-09 23:44:39] [INFO]: 收到好友 小八的狐狸尾巴~(1216878448) 的消息: https://ecchi.iwara.tv/videos/48yjmcpw41iynk2j8 (-1632189894) 
