[2022-02-27 01:17:08] [INFO]: 收到群 <$ÿĀ>非狗X3＆肥欧狗X(859265365) 内 汪狗涛(2640365924) 的消息: [CQ:image,file=31cc4bd9cedde1e4fe5ea1c58e847fae.image] (-1321387304) 
[2022-02-27 01:17:11] [INFO]: 收到群 <$ÿĀ>非狗X3＆肥欧狗X(859265365) 内 汪狗涛(2640365924) 的消息: [CQ:image,file=cdd5cf299c4658443726e926ed4362dc.image] (-969274802) 
[2022-02-27 04:30:29] [INFO]: 当前版本:v1.0.0-beta6 
[2022-02-27 04:30:29] [INFO]: 用户交流群: 721829413 
[2022-02-27 04:30:29] [INFO]: 将使用 device.json 内的设备信息运行Bot. 
[2022-02-27 04:30:29] [INFO]: Bot将在5秒后登录并开始信息处理, 按 Ctrl+C 取消. 
[2022-02-27 04:30:34] [INFO]: 开始尝试登录并同步消息... 
[2022-02-27 04:30:34] [INFO]: 使用协议: iPad 
[2022-02-27 04:30:36] [INFO]: Protocol -> connect to server: 203.205.255.221:8080 
[2022-02-27 04:30:36] [ERROR]: Protocol -> decrypt payload error: unknown flag 
[2022-02-27 04:30:51] [ERROR]: Protocol -> decrypt payload error: unknown flag 
[2022-02-27 04:31:06] [WARNING]: 恢复会话失败: Packet timed out , 尝试使用正常流程登录. 
[2022-02-27 04:31:09] [INFO]: Protocol -> connect to server: 203.205.255.221:8080 
[2022-02-27 04:31:12] [INFO]: 登录成功 欢迎使用: 小八的狐狸耳朵~ 
[2022-02-27 04:31:12] [INFO]: 开始加载好友列表... 
[2022-02-27 04:31:13] [INFO]: 共加载 4 个好友. 
[2022-02-27 04:31:13] [INFO]: 开始加载群列表... 
[2022-02-27 04:31:13] [INFO]: 共加载 5 个群. 
[2022-02-27 04:31:14] [INFO]: 信息数据库初始化完成. 
[2022-02-27 04:31:14] [INFO]: 资源初始化完成, 开始处理信息. 
[2022-02-27 04:31:14] [INFO]: アトリは、高性能ですから! 
[2022-02-27 04:31:14] [INFO]: 开始尝试连接到反向WebSocket Universal服务器: ws://127.0.0.1:15510/cqhttp/ws/ 
[2022-02-27 04:31:14] [INFO]: 正在检查更新. 
[2022-02-27 04:31:14] [INFO]: 收到服务器地址更新通知, 将在下一次重连时应用.  
[2022-02-27 04:31:14] [INFO]: 当前有更新的 go-cqhttp 可供更新, 请前往 https://github.com/Mrs4s/go-cqhttp/releases 下载. 
[2022-02-27 04:31:14] [INFO]: 当前版本: v1.0.0-beta6 最新版本: v1.0.0-rc1 
[2022-02-27 09:58:47] [INFO]: 收到群 kenshi汉化和mod研究及暖(696654735) 内 drm9900(515481577) 的消息: [CQ:image,file=446cce80fa08f16fc4b8c9bd89590b11.image] (-1726142518) 
[2022-02-27 11:50:14] [INFO]: 收到好友 小八的狐狸尾巴~(1216878448) 的消息: 高精度时钟 ftpm (-1492067282) 
[2022-02-27 12:07:14] [INFO]: 收到群 kenshi汉化和mod研究及暖(696654735) 内 音无 奏🦖(296053120) 的消息: 童年喜欢看的 (161626715) 
[2022-02-27 13:30:44] [INFO]: 发送群 Py QQbot(813476953) 的消息: 秦喵喵发了新视频「【 ... (-457483235) 
[2022-02-27 13:30:45] [INFO]: 发送群 Py QQbot(813476953) 的消息: 本条动态地址为htt ... (-1816367989) 
[2022-02-27 19:16:01] [INFO]: 收到群 kenshi汉化和mod研究及暖(696654735) 内 音无 奏🦖(296053120) 的消息: [CQ:video,file=16fd0f24152d28b6c8e2af72d03c5b0f.video] (2124745421) 
[2022-02-27 19:16:29] [INFO]: 收到群 kenshi汉化和mod研究及暖(696654735) 内 晓淋子(2860677522) 的消息: 这是什么 (509772584) 
[2022-02-27 19:16:41] [INFO]: 收到群 kenshi汉化和mod研究及暖(696654735) 内 晓淋子(2860677522) 的消息: 耶稣？ (1768272830) 
[2022-02-27 19:26:28] [INFO]: 收到群 kenshi汉化和mod研究及暖(696654735) 内 时之沙(2934771083) 的消息: 缺十字架啊 (-261299708) 
[2022-02-27 19:26:49] [INFO]: 收到群 kenshi汉化和mod研究及暖(696654735) 内 时之沙(2934771083) 的消息: 小样 没十字架还真就不认识你了 (-2022976878) 
[2022-02-27 19:28:46] [INFO]: 收到群 kenshi汉化和mod研究及暖(696654735) 内 圣徒的亡灵(1339837523) 的消息: 来点色图 (420431665) 
[2022-02-27 19:28:47] [INFO]: 发送群 kenshi汉化和mod研究及暖暖化制作监督委员会-1群(696654735) 的消息: loading... ... (1846048679) 
[2022-02-27 19:28:51] [INFO]: 发送群 kenshi汉化和mod研究及暖暖化制作监督委员会-1群(696654735) 的消息: [CQ:image, ... (-150919651) 
[2022-02-27 19:29:04] [INFO]: 收到群 kenshi汉化和mod研究及暖(696654735) 内 圣徒的亡灵(1339837523) 的消息: [CQ:image,file=e01bc0ee2432c7c7b3180c843dc6b08e.image] (-2147084661) 
[2022-02-27 19:29:07] [INFO]: 收到群 kenshi汉化和mod研究及暖(696654735) 内 圣徒的亡灵(1339837523) 的消息: [CQ:image,file=72d8ed413d9f82b5545fd98bc5127427.image] (280562458) 
[2022-02-27 19:29:15] [INFO]: 收到群 kenshi汉化和mod研究及暖(696654735) 内 圣徒的亡灵(1339837523) 的消息: [CQ:image,file=59fafb9173733ffe3663b7b6449d1487.image] (1740520332) 
[2022-02-27 19:29:18] [INFO]: 收到群 kenshi汉化和mod研究及暖(696654735) 内 圣徒的亡灵(1339837523) 的消息: [CQ:image,file=2db3646b93e7efca222effdb8a8b4536.image] (1361253871) 
[2022-02-27 19:29:30] [INFO]: 收到群 kenshi汉化和mod研究及暖(696654735) 内 圣徒的亡灵(1339837523) 的消息: [CQ:image,file=01f61f6eee90c175c8944c8ba8f461a8.image] (639903097) 
[2022-02-27 19:32:26] [INFO]: 收到群 kenshi汉化和mod研究及暖(696654735) 内 时之沙(2934771083) 的消息: 来点色图 (-1087540029) 
[2022-02-27 19:32:26] [INFO]: 发送群 kenshi汉化和mod研究及暖暖化制作监督委员会-1群(696654735) 的消息: loading... ... (-936754091) 
[2022-02-27 19:32:33] [INFO]: 发送群 kenshi汉化和mod研究及暖暖化制作监督委员会-1群(696654735) 的消息: [CQ:image, ... (1448006134) 
[2022-02-27 19:36:34] [INFO]: 收到群 kenshi汉化和mod研究及暖(696654735) 内 Baki今天吃冒险家(3117086319) 的消息: [CQ:image,file=36c98bf08172a2e5a208f7ec58472806.image] (558489952) 
[2022-02-27 19:48:44] [INFO]: 发送群 Py QQbot(813476953) 的消息: 秦喵喵发了新动态：  ... (50557210) 
[2022-02-27 19:48:47] [INFO]: 发送群 Py QQbot(813476953) 的消息: [CQ:image, ... (1946435980) 
[2022-02-27 19:48:47] [INFO]: 发送群 Py QQbot(813476953) 的消息: 本条动态地址为htt ... (653634283) 
[2022-02-27 21:21:46] [INFO]: 发送群 Py QQbot(813476953) 的消息: Tm发了新视频「越南 ... (1374853757) 
[2022-02-27 21:21:46] [INFO]: 发送群 Py QQbot(813476953) 的消息: 本条动态地址为htt ... (-923022393) 
