[2022-04-27 00:32:54] [INFO]: 收到群 kenshi汉化和mod研究及暖(696654735) 内 阿格努(710621309) 的消息: [CQ:image,file=1a1819f64c411f05845a5273ef750305.image,subType=0] (1363638570) 
[2022-04-27 01:55:11] [INFO]: 收到群 kenshi汉化和mod研究及暖(696654735) 内 drm9900(515481577) 的消息: 两三万面就卡，机器收破烂都没人要 (641747388) 
[2022-04-27 03:49:55] [INFO]: 群 kenshi汉化和mod研究及暖暖化制作监督委员会-1群(696654735) 内 音无 奏🦖(296053120) 戳了戳 Baki今天吃冒险家(3117086319) 
[2022-04-27 04:02:36] [INFO]: 收到群 kenshi汉化和mod研究及暖(696654735) 内 音无 奏🦖(296053120) 的消息: [CQ:json,data={"app":"com.tencent.miniapp_01"&#44;"config":{"autoSize":0&#44;"ctime":1651003354&#44;"forward":1&#44;"height":0&#44;"token":"2951458bc4242fe4881b031a44da53d7"&#44;"type":"normal"&#44;"width":0}&#44;"desc":"哔哩哔哩"&#44;"extra":{"app_type":1&#44;"appid":100951776&#44;"uin":296053120}&#44;"meta":{"detail_1":{"appType":0&#44;"appid":"1109937557"&#44;"desc":"【六弦A助/对魔忍雪风】「R.E.D」【脸肿特效字幕】"&#44;"gamePoints":""&#44;"gamePointsUrl":""&#44;"host":{"nick":"音无 奏"&#44;"uin":296053120}&#44;"icon":"https://open.gtimg.cn/open/app_icon/00/95/17/76/100951776_100_m.png?t=1649411918"&#44;"preview":"pubminishare-30161.picsz.qpic.cn/27db167d-95c5-469b-8528-4490418fb1c6"&#44;"qqdocurl":"https://b23.tv/Cl2Ogoq?share_medium=android&amp;share_source=qq&amp;bbid=XY51CE95B0156895A192A17E374C2B131FB11&amp;ts=1651003348282"&#44;"scene":1036&#44;"shareTemplateData":{}&#44;"shareTemplateId":"8C8E89B49BE609866298ADDFF2DBABA4"&#44;"showLittleTail":""&#44;"title":"哔哩哔哩"&#44;"url":"m.q.qq.com/a/s/e349dbed1b6b1915a55c2b04311db464"}}&#44;"needShareCallBack":false&#44;"prompt":"&#91;QQ小程序&#93;哔哩哔哩"&#44;"ver":"1.0.0.19"&#44;"view":"view_8C8E89B49BE609866298ADDFF2DBABA4"}] (-1085728762) 
[2022-04-27 04:30:27] [INFO]: 当前版本:v1.0.0-rc1 
[2022-04-27 04:30:27] [INFO]: 将使用 device.json 内的设备信息运行Bot. 
[2022-04-27 04:30:27] [INFO]: Bot将在5秒后登录并开始信息处理, 按 Ctrl+C 取消. 
[2022-04-27 04:30:32] [INFO]: 开始尝试登录并同步消息... 
[2022-04-27 04:30:32] [INFO]: 使用协议: iPad 
[2022-04-27 04:30:37] [INFO]: Protocol -> connect to server: 43.135.106.161:8080 
[2022-04-27 04:30:41] [INFO]: 收到服务器地址更新通知, 将在下一次重连时应用.  
[2022-04-27 04:30:41] [INFO]: 登录成功 欢迎使用: 小八的狐狸耳朵~ 
[2022-04-27 04:30:41] [INFO]: 开始加载好友列表... 
[2022-04-27 04:30:41] [INFO]: 共加载 4 个好友. 
[2022-04-27 04:30:41] [INFO]: 开始加载群列表... 
[2022-04-27 04:30:42] [INFO]: 共加载 5 个群. 
[2022-04-27 04:30:43] [INFO]: 资源初始化完成, 开始处理信息. 
[2022-04-27 04:30:43] [INFO]: アトリは、高性能ですから! 
[2022-04-27 04:30:43] [INFO]: 开始尝试连接到反向WebSocket Universal服务器: ws://127.0.0.1:15510/cqhttp/ws/ 
[2022-04-27 04:30:43] [INFO]: 正在检查更新. 
[2022-04-27 04:30:43] [INFO]: 已连接到反向WebSocket Universal服务器 ws://127.0.0.1:15510/cqhttp/ws/ 
[2022-04-27 04:30:43] [INFO]: 检查更新完成. 当前已运行最新版本. 
[2022-04-27 04:30:48] [INFO]: 开始诊断网络情况 
[2022-04-27 04:30:52] [INFO]: 网络诊断完成. 未发现问题 
[2022-04-27 11:17:02] [INFO]: 收到群 kenshi汉化和mod研究及暖(696654735) 内 时之沙(2934771083) 的消息: 18的游戏叫啥名 (-934401904) 
[2022-04-27 11:47:21] [INFO]: 收到群 kenshi汉化和mod研究及暖(696654735) 内 阿格努(710621309) 的消息: ？ (1492202753) 
[2022-04-27 13:10:31] [INFO]: 收到群 kenshi汉化和mod研究及暖(696654735) 内 思维网球(1158813857) 的消息: [CQ:image,file=c55d7650c73b99a5c030baca3344f9b5.image,subType=0] (804652439) 
[2022-04-27 13:11:02] [INFO]: 收到群 kenshi汉化和mod研究及暖(696654735) 内 思维网球(1158813857) 的消息: 大佬们，我下的这个2BMOD玩不了，是什么原因啊 (1328647282) 
[2022-04-27 13:12:57] [INFO]: 收到群 kenshi汉化和mod研究及暖(696654735) 内 思维网球(1158813857) 的消息: 打开启动器后，MOD栏位里，2B这个MOD是绿色的，有异常 (943111396) 
[2022-04-27 13:14:13] [INFO]: 收到群 kenshi汉化和mod研究及暖(696654735) 内 思维网球(1158813857) 的消息: 若是强制打开游戏，游戏也会提示我2BMOD有问题 (-1589645986) 
[2022-04-27 13:15:01] [INFO]: 收到群 kenshi汉化和mod研究及暖(696654735) 内 drm9900(515481577) 的消息: 这应该是基于我那个MOD制作的附加MOD吧 (-700916280) 
[2022-04-27 13:15:36] [INFO]: 收到群 kenshi汉化和mod研究及暖(696654735) 内 drm9900(515481577) 的消息: 也许不是[CQ:image,file=7ae603644d0e3341260d81767c09edc9.image,subType=1] (1214007403) 
[2022-04-27 13:15:48] [INFO]: 收到群 kenshi汉化和mod研究及暖(696654735) 内 思维网球(1158813857) 的消息: 惊现大佬！ (1062959357) 
[2022-04-27 13:15:50] [INFO]: 收到群 kenshi汉化和mod研究及暖(696654735) 内 drm9900(515481577) 的消息: 要是穿裙子了，那就不是我那个了 (-1504564921) 
[2022-04-27 13:16:17] [INFO]: 收到群 kenshi汉化和mod研究及暖(696654735) 内 思维网球(1158813857) 的消息: 是，是穿了裙子的 (-782951983) 
[2022-04-27 13:16:43] [INFO]: 收到群 kenshi汉化和mod研究及暖(696654735) 内 drm9900(515481577) 的消息: 那我就不管啦，跟我那个不是同一个[CQ:image,file=0d7317e533205168a56c4b2a9a670883.image,subType=1] (1105855552) 
[2022-04-27 13:17:03] [INFO]: 收到群 kenshi汉化和mod研究及暖(696654735) 内 思维网球(1158813857) 的消息: [CQ:face,id=5,type=sticker] (921515222) 
[2022-04-27 13:17:24] [INFO]: 收到群 kenshi汉化和mod研究及暖(696654735) 内 思维网球(1158813857) 的消息: [CQ:image,file=37f77d89fa396367fc2f8aafdf0ceb8f.image,subType=7] (1679613873) 
[2022-04-27 13:18:25] [INFO]: 收到群 kenshi汉化和mod研究及暖(696654735) 内 思维网球(1158813857) 的消息: 然后我打开了一下MOD文件，感觉文件有点缺失 (320597799) 
[2022-04-27 13:19:11] [INFO]: 收到群 kenshi汉化和mod研究及暖(696654735) 内 drm9900(515481577) 的消息: 从steam下载MOD怎么会缺文件呢 (-1978483043) 
[2022-04-27 13:19:38] [INFO]: 收到群 kenshi汉化和mod研究及暖(696654735) 内 思维网球(1158813857) 的消息: 不知道，我现在是一头雾水 (-48919029) 
[2022-04-27 13:19:40] [INFO]: 收到群 kenshi汉化和mod研究及暖(696654735) 内 drm9900(515481577) 的消息: 如果别人没反应玩不了的问题，那还是需要你自己找问题[CQ:face,id=187] (1668357032) 
[2022-04-27 13:22:27] [INFO]: 收到群 kenshi汉化和mod研究及暖(696654735) 内 思维网球(1158813857) 的消息: [CQ:image,file=74977887d752823ada2456de653fc3fc.image,subType=0] (343288638) 
[2022-04-27 13:24:21] [INFO]: 收到群 kenshi汉化和mod研究及暖(696654735) 内 思维网球(1158813857) 的消息: 排除下面的那些以外，整个MOD只有两个文件，这两个文件打开后里面的东西都是一样的，是2B的两个装备，一个是发带，还有一个是鞋 (-1921025404) 
[2022-04-27 13:25:59] [INFO]: 收到群 kenshi汉化和mod研究及暖(696654735) 内 drm9900(515481577) 的消息: ？ (-92780014) 
[2022-04-27 13:26:11] [INFO]: 收到群 kenshi汉化和mod研究及暖(696654735) 内 drm9900(515481577) 的消息: 那它还是需要前置MOD吧 (1791448963) 
[2022-04-27 13:28:02] [INFO]: 收到群 kenshi汉化和mod研究及暖(696654735) 内 drm9900(515481577) 的消息: 手机版的stema我从来没用过，你得看仔细了，这个MOD是不是需要某些MOD作为前置 (499148565) 
[2022-04-27 13:34:45] [INFO]: 收到群 kenshi汉化和mod研究及暖(696654735) 内 思维网球(1158813857) 的消息: 我现在因为家里电脑断网，只能用手机了，到这个MOD应该是不需要前置MOD的 (2097671920) 
[2022-04-27 13:35:54] [INFO]: 收到群 kenshi汉化和mod研究及暖(696654735) 内 drm9900(515481577) 的消息: 我要出门，暂时帮不了，晚上再说吧。单看你那个截图，我大概认为文件是不全的 (167829094) 
[2022-04-27 13:46:51] [INFO]: 收到群 kenshi汉化和mod研究及暖(696654735) 内 时之沙(2934771083) 的消息: 惊了，这群有人聊kenshi了 (-1828089892) 
[2022-04-27 14:14:50] [INFO]: 收到群 kenshi汉化和mod研究及暖(696654735) 内 思维网球(1158813857) 的消息: [CQ:reply,id=167829094][CQ:at,qq=515481577] [CQ:at,qq=515481577] 是啊，大佬 (-468795574) 
[2022-04-27 14:18:38] [INFO]: 收到群 kenshi汉化和mod研究及暖(696654735) 内 思维网球(1158813857) 的消息: 人物方面的MOD也玩过一些，MOD里包含的文件夹还挺多的，但这个就很少 (2053778153) 
[2022-04-27 14:42:51] [INFO]: 发送群 Py QQbot(813476953) 的消息: Tm发了新视频「最酷 ... (-1273403236) 
[2022-04-27 14:42:51] [INFO]: 发送群 Py QQbot(813476953) 的消息: 本条动态地址为htt ... (-1021421558) 
[2022-04-27 15:27:41] [INFO]: 发送群 Py QQbot(813476953) 的消息: 秦喵喵发了新视频「【 ... (1791111632) 
[2022-04-27 15:27:41] [INFO]: 发送群 Py QQbot(813476953) 的消息: 本条动态地址为htt ... (499450182) 
[2022-04-27 19:15:41] [INFO]: 发送群 Py QQbot(813476953) 的消息: 秦喵喵转发了「北极熊 ... (-2066984708) 
[2022-04-27 19:15:41] [INFO]: 发送群 Py QQbot(813476953) 的消息: 本条动态地址为htt ... (-204775318) 
[2022-04-27 20:06:41] [INFO]: 发送群 Py QQbot(813476953) 的消息: 秦喵喵发了新动态：  ... (1840248265) 
[2022-04-27 20:06:44] [INFO]: 发送群 Py QQbot(813476953) 的消息: [CQ:image, ... (447268191) 
[2022-04-27 20:06:44] [INFO]: 发送群 Py QQbot(813476953) 的消息: 本条动态地址为htt ... (-2086562587) 
[2022-04-27 23:18:41] [INFO]: 发送群 Py QQbot(813476953) 的消息: 秦喵喵转发了「Mr. ... (-190405517) 
[2022-04-27 23:18:42] [INFO]: 发送群 Py QQbot(813476953) 的消息: 本条动态地址为htt ... (1679407586) 
[2022-04-27 23:59:00] [INFO]: 收到群 kenshi汉化和mod研究及暖(696654735) 内 drm9900(515481577) 的消息: [CQ:image,file=5b33469783d93c148147c849299c52f8.image,subType=0] (225254015) 
