[2022-05-17 02:06:44] [INFO]: 发送群 Py QQbot(813476953) 的消息: 秦喵喵发了新动态：  ... (1815069544) 
[2022-05-17 02:06:45] [INFO]: 发送群 Py QQbot(813476953) 的消息: [CQ:image, ... (1054746639) 
[2022-05-17 02:06:45] [INFO]: 发送群 Py QQbot(813476953) 的消息: 本条动态地址为htt ... (1238964377) 
[2022-05-17 02:39:44] [INFO]: 发送群 Py QQbot(813476953) 的消息: 秦喵喵转发了「小田爱 ... (-791656157) 
[2022-05-17 02:39:44] [INFO]: 发送群 Py QQbot(813476953) 的消息: 本条动态地址为htt ... (-1479050827) 
[2022-05-17 04:30:27] [INFO]: 当前版本:v1.0.0-rc1 
[2022-05-17 04:30:27] [INFO]: 将使用 device.json 内的设备信息运行Bot. 
[2022-05-17 04:30:27] [INFO]: Bot将在5秒后登录并开始信息处理, 按 Ctrl+C 取消. 
[2022-05-17 04:30:32] [INFO]: 开始尝试登录并同步消息... 
[2022-05-17 04:30:32] [INFO]: 使用协议: iPad 
[2022-05-17 04:30:34] [INFO]: Protocol -> connect to server: 43.154.240.13:8080 
[2022-05-17 04:30:37] [INFO]: 收到服务器地址更新通知, 将在下一次重连时应用.  
[2022-05-17 04:30:38] [INFO]: 登录成功 欢迎使用: 小八的狐狸耳朵~ 
[2022-05-17 04:30:38] [INFO]: 开始加载好友列表... 
[2022-05-17 04:30:39] [INFO]: 共加载 4 个好友. 
[2022-05-17 04:30:39] [INFO]: 开始加载群列表... 
[2022-05-17 04:30:40] [INFO]: 共加载 5 个群. 
[2022-05-17 04:30:40] [INFO]: 资源初始化完成, 开始处理信息. 
[2022-05-17 04:30:40] [INFO]: アトリは、高性能ですから! 
[2022-05-17 04:30:40] [INFO]: 开始尝试连接到反向WebSocket Universal服务器: ws://127.0.0.1:15510/cqhttp/ws/ 
[2022-05-17 04:30:40] [INFO]: 正在检查更新. 
[2022-05-17 04:30:40] [INFO]: 已连接到反向WebSocket Universal服务器 ws://127.0.0.1:15510/cqhttp/ws/ 
[2022-05-17 04:30:40] [INFO]: 检查更新完成. 当前已运行最新版本. 
[2022-05-17 04:30:45] [INFO]: 开始诊断网络情况 
[2022-05-17 04:30:50] [INFO]: 网络诊断完成. 未发现问题 
[2022-05-17 16:18:06] [ERROR]: Protocol -> unexpected disconnect: EOF 
[2022-05-17 16:18:06] [INFO]: Protocol -> connect to server: 169.47.230.125:10001 
[2022-05-17 16:18:10] [INFO]: 收到服务器地址更新通知, 将在下一次重连时应用.  
[2022-05-17 20:27:40] [INFO]: 发送群 Py QQbot(813476953) 的消息: 秦喵喵发了新动态：  ... (968092694) 
[2022-05-17 20:27:41] [INFO]: 发送群 Py QQbot(813476953) 的消息: [CQ:image, ... (1320475776) 
[2022-05-17 20:27:43] [INFO]: 发送群 Py QQbot(813476953) 的消息: [CQ:image, ... (-675443398) 
[2022-05-17 20:27:43] [INFO]: 发送群 Py QQbot(813476953) 的消息: 本条动态地址为htt ... (-1598374484) 
[2022-05-17 22:29:22] [INFO]: 收到群 kenshi汉化和mod研究及暖(696654735) 内 阿格努(710621309) 的消息: [CQ:image,file=92f8774bbf2edccc5ba588caae8dd2ff.image,subType=1] (674723009) 
