[2022-07-23 04:30:28] [INFO]: 当前版本:v1.0.0-rc1 
[2022-07-23 04:30:29] [INFO]: 将使用 device.json 内的设备信息运行Bot. 
[2022-07-23 04:30:29] [INFO]: Bot将在5秒后登录并开始信息处理, 按 Ctrl+C 取消. 
[2022-07-23 04:30:34] [INFO]: 开始尝试登录并同步消息... 
[2022-07-23 04:30:34] [INFO]: 使用协议: iPad 
[2022-07-23 04:30:36] [INFO]: Protocol -> connect to server: 43.135.106.161:8080 
[2022-07-23 04:30:40] [INFO]: 收到服务器地址更新通知, 将在下一次重连时应用.  
[2022-07-23 04:30:41] [INFO]: 登录成功 欢迎使用: 小八的狐狸耳朵~ 
[2022-07-23 04:30:41] [INFO]: 开始加载好友列表... 
[2022-07-23 04:30:41] [INFO]: 共加载 4 个好友. 
[2022-07-23 04:30:41] [INFO]: 开始加载群列表... 
[2022-07-23 04:30:42] [INFO]: 共加载 5 个群. 
[2022-07-23 04:30:42] [INFO]: 资源初始化完成, 开始处理信息. 
[2022-07-23 04:30:42] [INFO]: アトリは、高性能ですから! 
[2022-07-23 04:30:42] [INFO]: 开始尝试连接到反向WebSocket Universal服务器: ws://127.0.0.1:15510/cqhttp/ws/ 
[2022-07-23 04:30:42] [INFO]: 正在检查更新. 
[2022-07-23 04:30:42] [WARNING]: 连接到反向WebSocket Universal服务器 ws://127.0.0.1:15510/cqhttp/ws/ 时出现错误: dial tcp 127.0.0.1:15510: connect: connection refused 
[2022-07-23 04:30:42] [INFO]: 当前有更新的 go-cqhttp 可供更新, 请前往 https://github.com/Mrs4s/go-cqhttp/releases 下载. 
[2022-07-23 04:30:42] [INFO]: 当前版本: v1.0.0-rc1 最新版本: v1.0.0-rc3 
[2022-07-23 04:30:45] [INFO]: 开始尝试连接到反向WebSocket Universal服务器: ws://127.0.0.1:15510/cqhttp/ws/ 
[2022-07-23 04:30:45] [INFO]: 已连接到反向WebSocket Universal服务器 ws://127.0.0.1:15510/cqhttp/ws/ 
[2022-07-23 04:30:47] [INFO]: 开始诊断网络情况 
[2022-07-23 04:30:52] [INFO]: 网络诊断完成. 未发现问题 
[2022-07-23 08:41:07] [INFO]: 收到群 <$ÿĀ>非狗X3＆肥欧狗X(859265365) 内 汪狗涛(2640365924) 的消息: [CQ:image,file=f1ff7e697c31d30cdacd4221e450a53a.image,subType=1] (-1571780772) 
[2022-07-23 11:33:49] [INFO]: 发送群 Py QQbot(813476953) 的消息: Tm发了新视频「我想 ... (1897100226) 
[2022-07-23 11:33:49] [INFO]: 发送群 Py QQbot(813476953) 的消息: 本条动态地址为htt ... (101991252) 
[2022-07-23 11:45:36] [INFO]: 收到群 kenshi汉化和mod研究及暖(696654735) 内 阿格努(710621309) 的消息: [CQ:image,file=b72083df0c11f3207d44ca5c344f747e.image,subType=1] (1087000981) 
[2022-07-23 17:54:42] [INFO]: 发送群 Py QQbot(813476953) 的消息: 秦喵喵发了新视频「【 ... (-1767153979) 
[2022-07-23 17:54:43] [INFO]: 发送群 Py QQbot(813476953) 的消息: 本条动态地址为htt ... (-508793261) 
[2022-07-23 19:39:42] [INFO]: 发送群 Py QQbot(813476953) 的消息: 秦喵喵转发了「CZC ... (535349816) 
[2022-07-23 19:39:43] [INFO]: 发送群 Py QQbot(813476953) 的消息: 本条动态地址为htt ... (1760557742) 
[2022-07-23 20:24:42] [INFO]: 发送群 Py QQbot(813476953) 的消息: 秦喵喵发了新动态：  ... (-236541164) 
[2022-07-23 20:24:43] [INFO]: 发送群 Py QQbot(813476953) 的消息: 本条动态地址为htt ... (-2032034942) 
[2022-07-23 21:03:41] [INFO]: 发送群 Py QQbot(813476953) 的消息: 鹿乃酱 开播啦啦啦！ ... (411373089) 
