[2022-07-18 00:06:49] [INFO]: 发送群 Py QQbot(813476953) 的消息: 秦喵喵发了新视频「【 ... (2070132497) 
[2022-07-18 00:06:50] [INFO]: 发送群 Py QQbot(813476953) 的消息: 本条动态地址为htt ... (-337859968) 
[2022-07-18 04:30:26] [INFO]: 当前版本:v1.0.0-rc1 
[2022-07-18 04:30:26] [INFO]: 将使用 device.json 内的设备信息运行Bot. 
[2022-07-18 04:30:26] [INFO]: Bot将在5秒后登录并开始信息处理, 按 Ctrl+C 取消. 
[2022-07-18 04:30:31] [INFO]: 开始尝试登录并同步消息... 
[2022-07-18 04:30:31] [INFO]: 使用协议: iPad 
[2022-07-18 04:30:35] [INFO]: Protocol -> connect to server: 43.135.106.161:8080 
[2022-07-18 04:30:39] [INFO]: 收到服务器地址更新通知, 将在下一次重连时应用.  
[2022-07-18 04:30:39] [INFO]: 登录成功 欢迎使用: 小八的狐狸耳朵~ 
[2022-07-18 04:30:39] [INFO]: 开始加载好友列表... 
[2022-07-18 04:30:39] [INFO]: 共加载 4 个好友. 
[2022-07-18 04:30:39] [INFO]: 开始加载群列表... 
[2022-07-18 04:30:40] [INFO]: 共加载 5 个群. 
[2022-07-18 04:30:41] [INFO]: 资源初始化完成, 开始处理信息. 
[2022-07-18 04:30:41] [INFO]: アトリは、高性能ですから! 
[2022-07-18 04:30:41] [INFO]: 开始尝试连接到反向WebSocket Universal服务器: ws://127.0.0.1:15510/cqhttp/ws/ 
[2022-07-18 04:30:41] [INFO]: 正在检查更新. 
[2022-07-18 04:30:41] [WARNING]: 连接到反向WebSocket Universal服务器 ws://127.0.0.1:15510/cqhttp/ws/ 时出现错误: dial tcp 127.0.0.1:15510: connect: connection refused 
[2022-07-18 04:30:41] [INFO]: 当前有更新的 go-cqhttp 可供更新, 请前往 https://github.com/Mrs4s/go-cqhttp/releases 下载. 
[2022-07-18 04:30:41] [INFO]: 当前版本: v1.0.0-rc1 最新版本: v1.0.0-rc3 
[2022-07-18 04:30:44] [INFO]: 开始尝试连接到反向WebSocket Universal服务器: ws://127.0.0.1:15510/cqhttp/ws/ 
[2022-07-18 04:30:44] [INFO]: 已连接到反向WebSocket Universal服务器 ws://127.0.0.1:15510/cqhttp/ws/ 
[2022-07-18 04:30:46] [INFO]: 开始诊断网络情况 
[2022-07-18 04:30:50] [INFO]: 网络诊断完成. 未发现问题 
[2022-07-18 19:03:44] [INFO]: 发送群 Py QQbot(813476953) 的消息: 鹿乃酱发了新动态：  ... (-1663329770) 
[2022-07-18 19:03:47] [INFO]: 发送群 Py QQbot(813476953) 的消息: [CQ:image, ... (-65268749) 
[2022-07-18 19:03:49] [INFO]: 发送群 Py QQbot(813476953) 的消息: [CQ:image, ... (-1961155739) 
[2022-07-18 19:03:49] [INFO]: 发送群 Py QQbot(813476953) 的消息: 本条动态地址为htt ... (303198943) 
[2022-07-18 19:06:43] [INFO]: 发送群 Py QQbot(813476953) 的消息: 鹿乃酱发了新动态：  ... (1695892041) 
[2022-07-18 19:06:44] [INFO]: 发送群 Py QQbot(813476953) 的消息: [CQ:image, ... (-76425238) 
[2022-07-18 19:06:46] [INFO]: 发送群 Py QQbot(813476953) 的消息: [CQ:image, ... (-1938364548) 
[2022-07-18 19:06:47] [INFO]: 发送群 Py QQbot(813476953) 的消息: 本条动态地址为htt ... (360691398) 
[2022-07-18 19:12:43] [INFO]: 发送群 Py QQbot(813476953) 的消息: 秦喵喵转发了「Pin ... (1652065872) 
[2022-07-18 19:12:44] [INFO]: 发送群 Py QQbot(813476953) 的消息: 本条动态地址为htt ... (-221799487) 
[2022-07-18 19:45:43] [INFO]: 发送群 Py QQbot(813476953) 的消息: 秦喵喵发了新动态：  ... (-2050970793) 
[2022-07-18 19:45:45] [INFO]: 发送群 Py QQbot(813476953) 的消息: [CQ:image, ... (-1285716684) 
[2022-07-18 19:45:47] [INFO]: 发送群 Py QQbot(813476953) 的消息: [CQ:image, ... (-1000688222) 
[2022-07-18 19:45:49] [INFO]: 发送群 Py QQbot(813476953) 的消息: [CQ:image, ... (1565778968) 
[2022-07-18 19:45:50] [INFO]: 发送群 Py QQbot(813476953) 的消息: [CQ:image, ... (710202510) 
[2022-07-18 19:45:50] [INFO]: 发送群 Py QQbot(813476953) 的消息: 本条动态地址为htt ... (-1271906003) 
