[2022-04-05 04:30:26] [INFO]: 当前版本:v1.0.0-rc1 
[2022-04-05 04:30:26] [INFO]: 将使用 device.json 内的设备信息运行Bot. 
[2022-04-05 04:30:26] [INFO]: Bot将在5秒后登录并开始信息处理, 按 Ctrl+C 取消. 
[2022-04-05 04:30:31] [INFO]: 开始尝试登录并同步消息... 
[2022-04-05 04:30:31] [INFO]: 使用协议: iPad 
[2022-04-05 04:30:34] [INFO]: Protocol -> connect to server: 203.205.255.220:8080 
[2022-04-05 04:30:38] [INFO]: 收到服务器地址更新通知, 将在下一次重连时应用.  
[2022-04-05 04:30:38] [INFO]: 登录成功 欢迎使用: 小八的狐狸耳朵~ 
[2022-04-05 04:30:38] [INFO]: 开始加载好友列表... 
[2022-04-05 04:30:39] [INFO]: 共加载 4 个好友. 
[2022-04-05 04:30:39] [INFO]: 开始加载群列表... 
[2022-04-05 04:30:40] [INFO]: 共加载 5 个群. 
[2022-04-05 04:30:40] [INFO]: 资源初始化完成, 开始处理信息. 
[2022-04-05 04:30:40] [INFO]: アトリは、高性能ですから! 
[2022-04-05 04:30:40] [INFO]: 开始尝试连接到反向WebSocket Universal服务器: ws://127.0.0.1:15510/cqhttp/ws/ 
[2022-04-05 04:30:40] [INFO]: 正在检查更新. 
[2022-04-05 04:30:40] [INFO]: 已连接到反向WebSocket Universal服务器 ws://127.0.0.1:15510/cqhttp/ws/ 
[2022-04-05 04:30:40] [INFO]: 检查更新完成. 当前已运行最新版本. 
[2022-04-05 04:30:45] [INFO]: 开始诊断网络情况 
[2022-04-05 04:30:50] [INFO]: 网络诊断完成. 未发现问题 
[2022-04-05 13:54:40] [INFO]: 发送群 Py QQbot(813476953) 的消息: 秦喵喵转发了「大锤L ... (658951590) 
[2022-04-05 13:54:40] [INFO]: 发送群 Py QQbot(813476953) 的消息: 本条动态地址为htt ... (-1188931579) 
[2022-04-05 14:09:40] [INFO]: 发送群 Py QQbot(813476953) 的消息: 秦喵喵转发了「CZC ... (-836409197) 
[2022-04-05 14:09:40] [INFO]: 发送群 Py QQbot(813476953) 的消息: 本条动态地址为htt ... (1462516009) 
[2022-04-05 14:36:14] [INFO]: 群 216大🐦转转转(487347867) 内 田理介(1164504727) 上传了文件: RPReplay_Final1649140407.mp4 
[2022-04-05 14:36:30] [INFO]: 收到群 216大🐦转转转(487347867) 内 田理介(1164504727) 的消息: [CQ:at,qq=1216878448]  你最喜欢的 (535182437) 
[2022-04-05 14:37:27] [INFO]: 收到群 216大🐦转转转(487347867) 内 群老二次元(1216878448) 的消息: 放屁 (2132915584) 
[2022-04-05 14:37:43] [INFO]: 收到群 216大🐦转转转(487347867) 内 群老二次元(1216878448) 的消息: 明明是老男酮张金豪最喜欢的 (136742166) 
[2022-04-05 14:37:58] [INFO]: 收到群 216大🐦转转转(487347867) 内 田理介(1164504727) 的消息: 你这个诡计多端的0 (-1859136340) 
[2022-04-05 14:42:43] [INFO]: 发送群 Py QQbot(813476953) 的消息: 秦喵喵发了新视频「【 ... (539691455) 
[2022-04-05 14:42:43] [INFO]: 发送群 Py QQbot(813476953) 的消息: 本条动态地址为htt ... (-1332472786) 
[2022-04-05 14:45:49] [INFO]: 收到群 216大🐦转转转(487347867) 内 张金豪(1789176239) 的消息: cnm (-433527750) 
[2022-04-05 14:46:13] [INFO]: 收到群 216大🐦转转转(487347867) 内 张金豪(1789176239) 的消息: 死m男酮 (2018275737) 
[2022-04-05 14:46:21] [INFO]: 收到群 216大🐦转转转(487347867) 内 张金豪(1789176239) 的消息: 不骂你m又犯了是吧 (256590095) 
[2022-04-05 19:06:38] [INFO]: 发送群 Py QQbot(813476953) 的消息: 鹿乃酱发了新视频「难 ... (-946658120) 
[2022-04-05 19:06:38] [INFO]: 发送群 Py QQbot(813476953) 的消息: 本条动态地址为htt ... (1850690914) 
[2022-04-05 20:24:39] [INFO]: 发送群 Py QQbot(813476953) 的消息: 秦喵喵发了新动态：  ... (424181236) 
[2022-04-05 20:24:41] [INFO]: 发送群 Py QQbot(813476953) 的消息: [CQ:image, ... (-2143212466) 
[2022-04-05 20:24:41] [INFO]: 发送群 Py QQbot(813476953) 的消息: 本条动态地址为htt ... (-146400040) 
