[2022-07-11 01:45:47] [INFO]: 发送群 Py QQbot(813476953) 的消息: Tm 开播啦啦啦！！ ... (-926448695) 
[2022-07-11 04:30:31] [INFO]: 当前版本:v1.0.0-rc1 
[2022-07-11 04:30:31] [INFO]: 将使用 device.json 内的设备信息运行Bot. 
[2022-07-11 04:30:31] [INFO]: Bot将在5秒后登录并开始信息处理, 按 Ctrl+C 取消. 
[2022-07-11 04:30:36] [INFO]: 开始尝试登录并同步消息... 
[2022-07-11 04:30:36] [INFO]: 使用协议: iPad 
[2022-07-11 04:30:39] [INFO]: Protocol -> connect to server: 43.154.240.13:8080 
[2022-07-11 04:30:43] [INFO]: 收到服务器地址更新通知, 将在下一次重连时应用.  
[2022-07-11 04:30:43] [INFO]: 登录成功 欢迎使用: 小八的狐狸耳朵~ 
[2022-07-11 04:30:43] [INFO]: 开始加载好友列表... 
[2022-07-11 04:30:44] [INFO]: 共加载 4 个好友. 
[2022-07-11 04:30:44] [INFO]: 开始加载群列表... 
[2022-07-11 04:30:45] [INFO]: 共加载 5 个群. 
[2022-07-11 04:30:45] [INFO]: 资源初始化完成, 开始处理信息. 
[2022-07-11 04:30:45] [INFO]: アトリは、高性能ですから! 
[2022-07-11 04:30:45] [INFO]: 开始尝试连接到反向WebSocket Universal服务器: ws://127.0.0.1:15510/cqhttp/ws/ 
[2022-07-11 04:30:45] [INFO]: 正在检查更新. 
[2022-07-11 04:30:45] [WARNING]: 连接到反向WebSocket Universal服务器 ws://127.0.0.1:15510/cqhttp/ws/ 时出现错误: dial tcp 127.0.0.1:15510: connect: connection refused 
[2022-07-11 04:30:45] [INFO]: 当前有更新的 go-cqhttp 可供更新, 请前往 https://github.com/Mrs4s/go-cqhttp/releases 下载. 
[2022-07-11 04:30:45] [INFO]: 当前版本: v1.0.0-rc1 最新版本: v1.0.0-rc3 
[2022-07-11 04:30:48] [INFO]: 开始尝试连接到反向WebSocket Universal服务器: ws://127.0.0.1:15510/cqhttp/ws/ 
[2022-07-11 04:30:48] [INFO]: 已连接到反向WebSocket Universal服务器 ws://127.0.0.1:15510/cqhttp/ws/ 
[2022-07-11 04:30:50] [INFO]: 开始诊断网络情况 
[2022-07-11 04:30:55] [INFO]: 网络诊断完成. 未发现问题 
[2022-07-11 10:51:47] [INFO]: 发送群 Py QQbot(813476953) 的消息: 鹿乃酱发了新动态：  ... (-1476392404) 
[2022-07-11 10:51:48] [INFO]: 发送群 Py QQbot(813476953) 的消息: 本条动态地址为htt ... (-553174342) 
[2022-07-11 17:00:47] [INFO]: 发送群 Py QQbot(813476953) 的消息: 鹿乃酱发了新视频「【 ... (1175350016) 
[2022-07-11 17:00:48] [INFO]: 发送群 Py QQbot(813476953) 的消息: 本条动态地址为htt ... (822696854) 
[2022-07-11 18:41:50] [INFO]: 收到群 kenshi汉化和mod研究及暖(696654735) 内 老登(2573174745) 的消息: 日进叁白 有意向的加v  j0c318 备注大悦 (-219261972) 
[2022-07-11 18:43:36] [INFO]: 收到群 kenshi汉化和mod研究及暖(696654735) 内 @(1286599475) 的消息: 叁白这个名字好色哦[CQ:face,id=317] (1821034063) 
[2022-07-11 18:45:22] [INFO]: 收到群 kenshi汉化和mod研究及暖(696654735) 内 老登(2573174745) 的消息: [CQ:at,qq=1286599475] 你脑子正在想啥 (462288601) 
[2022-07-11 19:06:46] [INFO]: 发送群 Py QQbot(813476953) 的消息: 秦喵喵转发了「Pin ... (-1351758283) 
[2022-07-11 19:06:47] [INFO]: 发送群 Py QQbot(813476953) 的消息: 本条动态地址为htt ... (-664076637) 
[2022-07-11 19:15:49] [INFO]: 发送群 Py QQbot(813476953) 的消息: 秦喵喵发了新动态：  ... (1097051929) 
[2022-07-11 19:15:51] [INFO]: 发送群 Py QQbot(813476953) 的消息: [CQ:image, ... (912564111) 
[2022-07-11 19:15:52] [INFO]: 发送群 Py QQbot(813476953) 的消息: 本条动态地址为htt ... (-1495563746) 
[2022-07-11 19:53:19] [INFO]: 收到群 kenshi汉化和mod研究及暖(696654735) 内 魔男(511198723) 的消息: 主要是前面有个日进 (-2105235613) 
[2022-07-11 21:57:47] [INFO]: 发送群 Py QQbot(813476953) 的消息: 鹿乃酱发了新动态：  ... (-774065528) 
[2022-07-11 21:57:48] [INFO]: 发送群 Py QQbot(813476953) 的消息: 本条动态地址为htt ... (-2094179857) 
