[2022-05-29 00:03:42] [INFO]: 发送群 Py QQbot(813476953) 的消息: 秦喵喵发了新动态：  ... (-1583386698) 
[2022-05-29 00:03:44] [INFO]: 发送群 Py QQbot(813476953) 的消息: [CQ:image, ... (-694657248) 
[2022-05-29 00:03:46] [INFO]: 发送群 Py QQbot(813476953) 的消息: [CQ:image, ... (1334906522) 
[2022-05-29 00:04:08] [INFO]: 发送群 Py QQbot(813476953) 的消息: [CQ:image, ... (949370380) 
[2022-05-29 00:04:08] [INFO]: 发送群 Py QQbot(813476953) 的消息: 本条动态地址为htt ... (-1494045777) 
[2022-05-29 00:09:42] [INFO]: 发送群 Py QQbot(813476953) 的消息: 秦喵喵发了新动态：  ... (-772433095) 
[2022-05-29 00:09:44] [INFO]: 发送群 Py QQbot(813476953) 的消息: [CQ:image, ... (1224526467) 
[2022-05-29 00:09:45] [INFO]: 发送群 Py QQbot(813476953) 的消息: 本条动态地址为htt ... (1073478165) 
[2022-05-29 03:51:44] [INFO]: 发送群 Py QQbot(813476953) 的消息: 秦喵喵发了新视频「【 ... (-1354438780) 
[2022-05-29 03:51:45] [INFO]: 发送群 Py QQbot(813476953) 的消息: 本条动态地址为htt ... (-666642670) 
[2022-05-29 04:30:03] [INFO]: 当前版本:v1.0.0-rc1 
[2022-05-29 04:30:03] [INFO]: 将使用 device.json 内的设备信息运行Bot. 
[2022-05-29 04:30:03] [INFO]: Bot将在5秒后登录并开始信息处理, 按 Ctrl+C 取消. 
[2022-05-29 04:30:08] [INFO]: 开始尝试登录并同步消息... 
[2022-05-29 04:30:08] [INFO]: 使用协议: iPad 
[2022-05-29 04:30:11] [INFO]: Protocol -> connect to server: 43.154.240.13:8080 
[2022-05-29 04:30:35] [INFO]: 当前版本:v1.0.0-rc1 
[2022-05-29 04:30:35] [INFO]: 将使用 device.json 内的设备信息运行Bot. 
[2022-05-29 04:30:35] [INFO]: Bot将在5秒后登录并开始信息处理, 按 Ctrl+C 取消. 
[2022-05-29 04:30:40] [INFO]: 开始尝试登录并同步消息... 
[2022-05-29 04:30:40] [INFO]: 使用协议: iPad 
[2022-05-29 04:30:45] [INFO]: Protocol -> connect to server: 43.135.106.161:8080 
[2022-05-29 04:30:49] [INFO]: 登录成功 欢迎使用: 小八的狐狸耳朵~ 
[2022-05-29 04:30:49] [INFO]: 开始加载好友列表... 
[2022-05-29 04:30:49] [INFO]: 共加载 4 个好友. 
[2022-05-29 04:30:49] [INFO]: 开始加载群列表... 
[2022-05-29 04:30:50] [INFO]: 共加载 5 个群. 
[2022-05-29 04:30:50] [INFO]: 资源初始化完成, 开始处理信息. 
[2022-05-29 04:30:50] [INFO]: アトリは、高性能ですから! 
[2022-05-29 04:30:50] [INFO]: 开始尝试连接到反向WebSocket Universal服务器: ws://127.0.0.1:15510/cqhttp/ws/ 
[2022-05-29 04:30:50] [INFO]: 正在检查更新. 
[2022-05-29 04:30:50] [INFO]: 已连接到反向WebSocket Universal服务器 ws://127.0.0.1:15510/cqhttp/ws/ 
[2022-05-29 04:30:50] [INFO]: 检查更新完成. 当前已运行最新版本. 
[2022-05-29 04:30:55] [INFO]: 开始诊断网络情况 
[2022-05-29 04:31:01] [WARNING]: 警告: 长消息响应延迟为 3161ms, 大于 1000ms, 可能导致无法接收/发送长消息的情况, 请检查本地网络状态. 
[2022-05-29 04:31:01] [INFO]: 网络诊断完成. 未发现问题 
[2022-05-29 13:34:46] [INFO]: 成员 Gingrich.(965650945) 离开了群 kenshi汉化和mod研究及暖暖化制作监督委员会-1群(696654735). 
[2022-05-29 19:54:49] [INFO]: 发送群 Py QQbot(813476953) 的消息: 秦喵喵发了新动态：  ... (-1199284489) 
[2022-05-29 19:54:51] [INFO]: 发送群 Py QQbot(813476953) 的消息: [CQ:image, ... (-813470111) 
[2022-05-29 19:54:52] [INFO]: 发送群 Py QQbot(813476953) 的消息: [CQ:image, ... (1451900891) 
[2022-05-29 19:54:53] [INFO]: 发送群 Py QQbot(813476953) 的消息: 本条动态地址为htt ... (562892621) 
