[2022-07-27 01:49:13] [INFO]: 收到群 kenshi汉化和mod研究及暖(696654735) 内 UT Hero Jack(2417902355) 的消息: [CQ:at,qq=402818767]  (1951636793) 
[2022-07-27 01:49:24] [INFO]: 收到群 kenshi汉化和mod研究及暖(696654735) 内 UT Hero Jack(2417902355) 的消息: [CQ:image,file=0ff58758290766bdf0b555237f77be9c.image,subType=0] (55881135) 
[2022-07-27 01:49:42] [INFO]: 收到群 kenshi汉化和mod研究及暖(696654735) 内 UT Hero Jack(2417902355) 的消息: 快教教我 (-1705116651) 
[2022-07-27 04:30:24] [INFO]: 当前版本:v1.0.0-rc1 
[2022-07-27 04:30:24] [INFO]: 将使用 device.json 内的设备信息运行Bot. 
[2022-07-27 04:30:24] [INFO]: Bot将在5秒后登录并开始信息处理, 按 Ctrl+C 取消. 
[2022-07-27 04:30:29] [INFO]: 开始尝试登录并同步消息... 
[2022-07-27 04:30:29] [INFO]: 使用协议: iPad 
[2022-07-27 04:30:33] [INFO]: Protocol -> connect to server: 43.154.240.13:8080 
[2022-07-27 04:30:36] [INFO]: 收到服务器地址更新通知, 将在下一次重连时应用.  
[2022-07-27 04:30:37] [INFO]: 登录成功 欢迎使用: 小八的狐狸耳朵~ 
[2022-07-27 04:30:37] [INFO]: 开始加载好友列表... 
[2022-07-27 04:30:37] [INFO]: 共加载 4 个好友. 
[2022-07-27 04:30:37] [INFO]: 开始加载群列表... 
[2022-07-27 04:30:38] [INFO]: 共加载 5 个群. 
[2022-07-27 04:30:39] [INFO]: 资源初始化完成, 开始处理信息. 
[2022-07-27 04:30:39] [INFO]: アトリは、高性能ですから! 
[2022-07-27 04:30:39] [INFO]: 开始尝试连接到反向WebSocket Universal服务器: ws://127.0.0.1:15510/cqhttp/ws/ 
[2022-07-27 04:30:39] [INFO]: 正在检查更新. 
[2022-07-27 04:30:39] [WARNING]: 连接到反向WebSocket Universal服务器 ws://127.0.0.1:15510/cqhttp/ws/ 时出现错误: dial tcp 127.0.0.1:15510: connect: connection refused 
[2022-07-27 04:30:39] [INFO]: 当前有更新的 go-cqhttp 可供更新, 请前往 https://github.com/Mrs4s/go-cqhttp/releases 下载. 
[2022-07-27 04:30:39] [INFO]: 当前版本: v1.0.0-rc1 最新版本: v1.0.0-rc3 
[2022-07-27 04:30:42] [INFO]: 开始尝试连接到反向WebSocket Universal服务器: ws://127.0.0.1:15510/cqhttp/ws/ 
[2022-07-27 04:30:42] [INFO]: 已连接到反向WebSocket Universal服务器 ws://127.0.0.1:15510/cqhttp/ws/ 
[2022-07-27 04:30:44] [INFO]: 开始诊断网络情况 
[2022-07-27 04:30:50] [INFO]: 网络诊断完成. 未发现问题 
[2022-07-27 07:09:58] [INFO]: 收到群 kenshi汉化和mod研究及暖(696654735) 内 洛羽尘(402818767) 的消息: 第一个，对话效果里面添加一个attack forever (-312816509) 
[2022-07-27 07:10:35] [INFO]: 收到群 kenshi汉化和mod研究及暖(696654735) 内 洛羽尘(402818767) 的消息: 第二个复制调停人小队然后改一下势力，改改对话 (2112213266) 
[2022-07-27 07:11:06] [INFO]: 收到群 kenshi汉化和mod研究及暖(696654735) 内 洛羽尘(402818767) 的消息: 第三个把新建的人物小队放到区域里面 (182641028) 
[2022-07-27 08:28:25] [INFO]: 收到群 kenshi汉化和mod研究及暖(696654735) 内 --初见--(920592790) 的消息: [CQ:video,file=9a584a92da084760092b4cd5cb2a9be7.video] (1477642979) 
[2022-07-27 10:04:57] [INFO]: 收到群 kenshi汉化和mod研究及暖(696654735) 内 阿格努(710621309) 的消息: 这轮船真猛 (789854837) 
[2022-07-27 10:05:02] [INFO]: 群 kenshi汉化和mod研究及暖暖化制作监督委员会-1群(696654735) 内 阿格努(710621309) 撤回了 阿格努(710621309) 的消息: 789854837. 
[2022-07-27 10:05:16] [INFO]: 收到群 kenshi汉化和mod研究及暖(696654735) 内 阿格努(710621309) 的消息: 这火势真猛 (-1239585841) 
[2022-07-27 10:05:20] [INFO]: 收到群 kenshi汉化和mod研究及暖(696654735) 内 阿格努(710621309) 的消息: [CQ:face,id=178] (-1055237287) 
[2022-07-27 11:12:08] [INFO]: 收到群 kenshi汉化和mod研究及暖(696654735) 内 ✎ 、时光(29013165) 的消息: 这姿势真猛 (1602146042) 
[2022-07-27 11:30:23] [INFO]: 收到群 kenshi汉化和mod研究及暖(696654735) 内 UT Hero Jack(2417902355) 的消息: [CQ:reply,id=2112213266][CQ:at,qq=402818767] [CQ:at,qq=402818767] 我不知道调停人英文是啥 (679083628) 
[2022-07-27 11:32:48] [INFO]: 收到群 kenshi汉化和mod研究及暖(696654735) 内 洛羽尘(402818767) 的消息: [CQ:reply,id=679083628][CQ:at,qq=2417902355] [CQ:at,qq=2417902355] 百度 (-1318015018) 
[2022-07-27 11:40:37] [INFO]: 收到群 kenshi汉化和mod研究及暖(696654735) 内 UT Hero Jack(2417902355) 的消息: [CQ:at,qq=402818767] 不是里面都是英文看不懂啊 (-965238976) 
[2022-07-27 11:40:42] [INFO]: 收到群 kenshi汉化和mod研究及暖(696654735) 内 UT Hero Jack(2417902355) 的消息: 你找一个给我行不行 (1455981265) 
[2022-07-27 11:44:30] [INFO]: 收到群 kenshi汉化和mod研究及暖(696654735) 内 洛羽尘(402818767) 的消息: 我得上班 (567259719) 
[2022-07-27 11:44:34] [INFO]: 收到群 kenshi汉化和mod研究及暖(696654735) 内 UT Hero Jack(2417902355) 的消息: [CQ:at,qq=402818767] 能同意一下我加你的申请吗 (1091058594) 
[2022-07-27 11:44:35] [INFO]: 收到群 kenshi汉化和mod研究及暖(696654735) 内 洛羽尘(402818767) 的消息: 百度几分钟的问题 (906955572) 
[2022-07-27 11:44:43] [INFO]: 收到群 kenshi汉化和mod研究及暖(696654735) 内 洛羽尘(402818767) 的消息: 你非要问别人 (-1358538098) 
[2022-07-27 11:44:44] [INFO]: 收到群 kenshi汉化和mod研究及暖(696654735) 内 UT Hero Jack(2417902355) 的消息: 我知道啊peace (-670995944) 
[2022-07-27 11:45:42] [INFO]: 收到群 kenshi汉化和mod研究及暖(696654735) 内 洛羽尘(402818767) 的消息: [CQ:image,file=177f9e225dc9011747d7b1a9df9dcf63.image,subType=0] (1181089723) 
[2022-07-27 11:45:49] [INFO]: 收到群 kenshi汉化和mod研究及暖(696654735) 内 洛羽尘(402818767) 的消息: 你看看我会加吗 (828559149) 
[2022-07-27 11:46:12] [INFO]: 收到群 kenshi汉化和mod研究及暖(696654735) 内 洛羽尘(402818767) 的消息: 好友太多了 (-1469342057) 
[2022-07-27 11:46:25] [INFO]: 收到群 kenshi汉化和mod研究及暖(696654735) 内 UT Hero Jack(2417902355) 的消息: 好吧 (-546525695) 
[2022-07-27 11:48:09] [INFO]: 收到群 kenshi汉化和mod研究及暖(696654735) 内 阿格努(710621309) 的消息: 原来是海王 (1339274128) 
[2022-07-27 12:04:19] [INFO]: 收到群 kenshi汉化和mod研究及暖(696654735) 内 洛羽尘(402818767) 的消息: 不是海王 (953451270) 
[2022-07-27 12:04:27] [INFO]: 收到群 kenshi汉化和mod研究及暖(696654735) 内 洛羽尘(402818767) 的消息: 随便我好友里面女性好友多 (239709541) 
[2022-07-27 12:04:45] [INFO]: 收到群 kenshi汉化和mod研究及暖(696654735) 内 洛羽尘(402818767) 的消息: （因为我基本上只同意女生的好友申请或者熟人的） (2035195379) 
[2022-07-27 12:08:46] [INFO]: 收到群 kenshi汉化和mod研究及暖(696654735) 内 阿格努(710621309) 的消息: 你就不怕麦片的盯上你 (-532165559) 
[2022-07-27 12:15:35] [INFO]: 收到群 kenshi汉化和mod研究及暖(696654735) 内 洛羽尘(402818767) 的消息: [CQ:image,file=7344c56d6993d5683cda6cf28a32549a.image,subType=0] (-1757348641) 
[2022-07-27 12:15:40] [INFO]: 收到群 kenshi汉化和mod研究及暖(696654735) 内 洛羽尘(402818767) 的消息: 这俩就是 (153381244) 
[2022-07-27 12:32:30] [INFO]: 收到群 kenshi汉化和mod研究及暖(696654735) 内 潜行吧！奈亚子！(1751979054) 的消息: [CQ:record,file=B3F3BCF6DA577AFE3616851EC991145F.amr] (2116245994) 
[2022-07-27 12:45:03] [INFO]: 收到群 kenshi汉化和mod研究及暖(696654735) 内 洛羽尘(402818767) 的消息: 很正常 (-416675760) 
[2022-07-27 12:45:09] [INFO]: 收到群 kenshi汉化和mod研究及暖(696654735) 内 洛羽尘(402818767) 的消息: 我二十几个游戏群 (-1876084538) 
[2022-07-27 12:45:14] [INFO]: 收到群 kenshi汉化和mod研究及暖(696654735) 内 洛羽尘(402818767) 的消息: 加上群管理好几个群 (9577815) 
[2022-07-27 12:45:45] [INFO]: 收到群 kenshi汉化和mod研究及暖(696654735) 内 潜行吧！奈亚子！(1751979054) 的消息: [CQ:image,file=5158f81f8d7b05e5dbcd8d456ec4548d.image,subType=1] (2006259137) 
[2022-07-27 12:53:00] [INFO]: 收到群 kenshi汉化和mod研究及暖(696654735) 内 UT Hero Jack(2417902355) 的消息: [CQ:at,qq=402818767] 你啥时候下班啊 (391289892) 
[2022-07-27 12:53:10] [INFO]: 收到群 kenshi汉化和mod研究及暖(696654735) 内 洛羽尘(402818767) 的消息: 晚上八点 (1616227506) 
[2022-07-27 12:53:55] [INFO]: 收到群 kenshi汉化和mod研究及暖(696654735) 内 洛羽尘(402818767) 的消息: [CQ:image,file=d19549f80bb32b665ad7abd135cf7b43.image,subType=0] (-111346424) 
[2022-07-27 19:34:49] [INFO]: 收到群 kenshi汉化和mod研究及暖(696654735) 内 洛羽尘(402818767) 的消息: [CQ:forward,id=/u5Tvb7UIwNHmgvJHBqzuOaCHpMrq45lzKKFAuvAeZpVLXlYmuIfjGvdHT/3DpBG] (-1906586210) 
[2022-07-27 20:33:43] [INFO]: 发送群 Py QQbot(813476953) 的消息: 秦喵喵发了新动态：  ... (1217904548) 
[2022-07-27 20:33:46] [INFO]: 发送群 Py QQbot(813476953) 的消息: [CQ:image, ... (-668425675) 
[2022-07-27 20:34:07] [INFO]: 发送群 Py QQbot(813476953) 的消息: [CQ:image, ... (-1355836765) 
[2022-07-27 20:34:08] [INFO]: 发送群 Py QQbot(813476953) 的消息: [CQ:image, ... (-806872250) 
[2022-07-27 20:34:09] [INFO]: 发送群 Py QQbot(813476953) 的消息: 本条动态地址为htt ... (-1192285232) 
[2022-07-27 21:00:38] [INFO]: 发送群 Py QQbot(813476953) 的消息: 鹿乃酱发了新动态：  ... (568752746) 
[2022-07-27 21:00:40] [INFO]: 发送群 Py QQbot(813476953) 的消息: [CQ:image, ... (1457605372) 
[2022-07-27 21:00:41] [INFO]: 发送群 Py QQbot(813476953) 的消息: 本条动态地址为htt ... (-930750625) 
