[2022-07-20 04:30:26] [INFO]: 当前版本:v1.0.0-rc1 
[2022-07-20 04:30:26] [INFO]: 将使用 device.json 内的设备信息运行Bot. 
[2022-07-20 04:30:26] [INFO]: Bot将在5秒后登录并开始信息处理, 按 Ctrl+C 取消. 
[2022-07-20 04:30:31] [INFO]: 开始尝试登录并同步消息... 
[2022-07-20 04:30:31] [INFO]: 使用协议: iPad 
[2022-07-20 04:30:35] [INFO]: Protocol -> connect to server: 43.135.106.161:8080 
[2022-07-20 04:30:38] [INFO]: 收到服务器地址更新通知, 将在下一次重连时应用.  
[2022-07-20 04:30:39] [INFO]: 登录成功 欢迎使用: 小八的狐狸耳朵~ 
[2022-07-20 04:30:39] [INFO]: 开始加载好友列表... 
[2022-07-20 04:30:39] [INFO]: 共加载 4 个好友. 
[2022-07-20 04:30:39] [INFO]: 开始加载群列表... 
[2022-07-20 04:30:40] [INFO]: 共加载 5 个群. 
[2022-07-20 04:30:40] [INFO]: 资源初始化完成, 开始处理信息. 
[2022-07-20 04:30:40] [INFO]: アトリは、高性能ですから! 
[2022-07-20 04:30:40] [INFO]: 开始尝试连接到反向WebSocket Universal服务器: ws://127.0.0.1:15510/cqhttp/ws/ 
[2022-07-20 04:30:40] [INFO]: 正在检查更新. 
[2022-07-20 04:30:40] [WARNING]: 连接到反向WebSocket Universal服务器 ws://127.0.0.1:15510/cqhttp/ws/ 时出现错误: dial tcp 127.0.0.1:15510: connect: connection refused 
[2022-07-20 04:30:40] [INFO]: 当前有更新的 go-cqhttp 可供更新, 请前往 https://github.com/Mrs4s/go-cqhttp/releases 下载. 
[2022-07-20 04:30:40] [INFO]: 当前版本: v1.0.0-rc1 最新版本: v1.0.0-rc3 
[2022-07-20 04:30:43] [INFO]: 开始尝试连接到反向WebSocket Universal服务器: ws://127.0.0.1:15510/cqhttp/ws/ 
[2022-07-20 04:30:43] [INFO]: 已连接到反向WebSocket Universal服务器 ws://127.0.0.1:15510/cqhttp/ws/ 
[2022-07-20 04:30:45] [INFO]: 开始诊断网络情况 
[2022-07-20 04:30:50] [INFO]: 网络诊断完成. 未发现问题 
[2022-07-20 10:57:48] [INFO]: 发送群 Py QQbot(813476953) 的消息: Tm发了新视频「七宗 ... (-1533199289) 
[2022-07-20 10:57:49] [INFO]: 发送群 Py QQbot(813476953) 的消息: 本条动态地址为htt ... (-744878895) 
[2022-07-20 11:39:44] [ERROR]: Protocol -> unexpected disconnect: EOF 
[2022-07-20 11:39:44] [INFO]: Protocol -> connect to server: 169.47.230.125:10001 
[2022-07-20 11:39:47] [INFO]: 收到服务器地址更新通知, 将在下一次重连时应用.  
[2022-07-20 16:54:48] [INFO]: 发送群 Py QQbot(813476953) 的消息: 秦喵喵发了新视频「【 ... (-2123634762) 
[2022-07-20 16:54:49] [INFO]: 发送群 Py QQbot(813476953) 的消息: 本条动态地址为htt ... (-160639200) 
[2022-07-20 20:06:46] [INFO]: 发送群 Py QQbot(813476953) 的消息: 秦喵喵发了新动态：  ... (1868924570) 
[2022-07-20 20:06:49] [INFO]: 发送群 Py QQbot(813476953) 的消息: [CQ:image, ... (409122316) 
[2022-07-20 20:06:50] [INFO]: 发送群 Py QQbot(813476953) 的消息: [CQ:image, ... (-2046418001) 
[2022-07-20 20:06:50] [INFO]: 发送群 Py QQbot(813476953) 的消息: 本条动态地址为htt ... (-251587783) 
[2022-07-20 22:35:01] [INFO]: 收到群 Py QQbot(813476953) 内 小八的狐狸尾巴~(1216878448) 的消息: otto 卧槽冰 (1745371779) 
[2022-07-20 22:35:03] [INFO]: 发送群 Py QQbot(813476953) 的消息: [CQ:record ... (521105941) 
