[2022-07-26 01:02:27] [INFO]: 收到群 kenshi汉化和mod研究及暖(696654735) 内 炎头队长沙福林(2175422756) 的消息: [CQ:forward,id=5APcNwP0I/oVDjA26KKTdvJcu5QqDROfzIRXGkhia5sC1k4UrjwrRhWyVeHVcNJC] (-1112554197) 
[2022-07-26 01:02:28] [INFO]: 收到群 kenshi汉化和mod研究及暖(696654735) 内 炎头队长沙福林(2175422756) 的消息: [CQ:forward,id=TTpLZS6CFX2k1ZQUROKx5U8E+v35IXkWqaVSa8IjV5HW8l2B03NlEa4fMRwe4lNm] (600526984) 
[2022-07-26 01:02:28] [INFO]: 收到群 kenshi汉化和mod研究及暖(696654735) 内 炎头队长沙福林(2175422756) 的消息: [CQ:forward,id=yUTzAnH6hB/uEpgYJH4+yAN1/4Ckf79FE2UK/yMKBo0kUJbVFfheN1g+AecvJ8Nz] (1422680094) 
[2022-07-26 01:02:28] [INFO]: 收到群 kenshi汉化和mod研究及暖(696654735) 内 炎头队长沙福林(2175422756) 的消息: [CQ:forward,id=vLASqIjd48hF1J7Qm6JR1Co4ZDRG2JxlDUeRm6qhLLddbuObA9RyXHpiduAQ19SN] (-842714716) 
[2022-07-26 01:53:39] [INFO]: 收到群 kenshi汉化和mod研究及暖(696654735) 内 UT Hero Jack(2417902355) 的消息: 真敢发 (-1161690830) 
[2022-07-26 01:53:54] [INFO]: 收到群 kenshi汉化和mod研究及暖(696654735) 内 UT Hero Jack(2417902355) 的消息: [CQ:at,qq=402818767] 加我 (712842403) 
[2022-07-26 02:21:20] [INFO]: 收到群 kenshi汉化和mod研究及暖(696654735) 内 炎头队长沙福林(2175422756) 的消息: [CQ:image,file=a867005d8cfb25518257f5ff44628e70.image,subType=1] (1568287797) 
[2022-07-26 02:21:28] [INFO]: 收到群 kenshi汉化和mod研究及暖(696654735) 内 炎头队长沙福林(2175422756) 的消息: 这种事不都干很多次了吗 (-1556182946) 
[2022-07-26 04:30:27] [INFO]: 当前版本:v1.0.0-rc1 
[2022-07-26 04:30:27] [INFO]: 将使用 device.json 内的设备信息运行Bot. 
[2022-07-26 04:30:28] [INFO]: Bot将在5秒后登录并开始信息处理, 按 Ctrl+C 取消. 
[2022-07-26 04:30:33] [INFO]: 开始尝试登录并同步消息... 
[2022-07-26 04:30:33] [INFO]: 使用协议: iPad 
[2022-07-26 04:30:36] [INFO]: Protocol -> connect to server: 43.154.240.13:8080 
[2022-07-26 04:30:39] [INFO]: 收到服务器地址更新通知, 将在下一次重连时应用.  
[2022-07-26 04:30:40] [INFO]: 登录成功 欢迎使用: 小八的狐狸耳朵~ 
[2022-07-26 04:30:40] [INFO]: 开始加载好友列表... 
[2022-07-26 04:30:40] [INFO]: 共加载 4 个好友. 
[2022-07-26 04:30:40] [INFO]: 开始加载群列表... 
[2022-07-26 04:30:41] [INFO]: 共加载 5 个群. 
[2022-07-26 04:30:41] [INFO]: 资源初始化完成, 开始处理信息. 
[2022-07-26 04:30:41] [INFO]: アトリは、高性能ですから! 
[2022-07-26 04:30:41] [INFO]: 开始尝试连接到反向WebSocket Universal服务器: ws://127.0.0.1:15510/cqhttp/ws/ 
[2022-07-26 04:30:41] [INFO]: 正在检查更新. 
[2022-07-26 04:30:42] [WARNING]: 连接到反向WebSocket Universal服务器 ws://127.0.0.1:15510/cqhttp/ws/ 时出现错误: dial tcp 127.0.0.1:15510: connect: connection refused 
[2022-07-26 04:30:42] [INFO]: 当前有更新的 go-cqhttp 可供更新, 请前往 https://github.com/Mrs4s/go-cqhttp/releases 下载. 
[2022-07-26 04:30:42] [INFO]: 当前版本: v1.0.0-rc1 最新版本: v1.0.0-rc3 
[2022-07-26 04:30:45] [INFO]: 开始尝试连接到反向WebSocket Universal服务器: ws://127.0.0.1:15510/cqhttp/ws/ 
[2022-07-26 04:30:45] [INFO]: 已连接到反向WebSocket Universal服务器 ws://127.0.0.1:15510/cqhttp/ws/ 
[2022-07-26 04:30:47] [INFO]: 开始诊断网络情况 
[2022-07-26 04:30:51] [INFO]: 网络诊断完成. 未发现问题 
[2022-07-26 07:15:45] [INFO]: 收到群 kenshi汉化和mod研究及暖(696654735) 内 魔男(511198723) 的消息: 谢谢炎头队长 (-734414648) 
[2022-07-26 10:32:38] [INFO]: 收到群 kenshi汉化和mod研究及暖(696654735) 内 Cu re(1325263431) 的消息: 谢谢炎头队长 (1295051122) 
[2022-07-26 10:32:39] [INFO]: 发送群 kenshi汉化和mod研究及暖暖化制作监督委员会-1群(696654735) 的消息: [{"type":  ... (976738788) 
[2022-07-26 10:40:54] [INFO]: 收到群 kenshi汉化和mod研究及暖(696654735) 内 时之沙(2934771083) 的消息: 谢谢炎头队长 (-1538044857) 
[2022-07-26 10:46:49] [INFO]: 收到群 kenshi汉化和mod研究及暖(696654735) 内 Ahoge(1195074247) 的消息: 谢谢炎头队长 (-749437743) 
[2022-07-26 10:54:26] [INFO]: 收到群 kenshi汉化和mod研究及暖(696654735) 内 Oblivion(645894318) 的消息: 谢谢炎头队长 (1247620459) 
[2022-07-26 11:10:56] [INFO]: 收到群 kenshi汉化和mod研究及暖(696654735) 内 Baki今天吃冒险家(3117086319) 的消息: 谢谢炎头队长 (1029316093) 
[2022-07-26 11:11:50] [INFO]: 收到群 kenshi汉化和mod研究及暖(696654735) 内 水行修(2214497344) 的消息: 谢谢炎头队长 (-1377501076) 
[2022-07-26 11:23:14] [INFO]: 收到群 kenshi汉化和mod研究及暖(696654735) 内 囧※boy(1114167743) 的消息: 谢谢炎头队长 (-622710534) 
[2022-07-26 11:48:13] [INFO]: 收到群 kenshi汉化和mod研究及暖(696654735) 内 阿格努(710621309) 的消息: 射射淡头队长 (-1171932897) 
[2022-07-26 11:48:22] [INFO]: 收到群 kenshi汉化和mod研究及暖(696654735) 内 黑羽丶唯(496980333) 的消息: 谢谢炎头队长 (-853374583) 
[2022-07-26 12:01:43] [INFO]: 收到群 kenshi汉化和mod研究及暖(696654735) 内 洛羽尘(402818767) 的消息: 谢谢炎头队长 (1412159539) 
[2022-07-26 12:01:44] [INFO]: 发送群 kenshi汉化和mod研究及暖暖化制作监督委员会-1群(696654735) 的消息: [{"type":  ... (590145701) 
[2022-07-26 12:01:54] [INFO]: 收到群 kenshi汉化和mod研究及暖(696654735) 内 洛羽尘(402818767) 的消息: 为什么这么多群我唯独不退这个群 (-1119322874) 
[2022-07-26 12:02:02] [INFO]: 收到群 kenshi汉化和mod研究及暖(696654735) 内 洛羽尘(402818767) 的消息: 就是因为有大人呢 (-900772464) 
[2022-07-26 12:02:05] [INFO]: 群 kenshi汉化和mod研究及暖暖化制作监督委员会-1群(696654735) 内 洛羽尘(402818767) 撤回了 洛羽尘(402818767) 的消息: -900772464. 
[2022-07-26 12:02:10] [INFO]: 收到群 kenshi汉化和mod研究及暖(696654735) 内 洛羽尘(402818767) 的消息: 就是因为有大好人呢 (1397103658) 
[2022-07-26 15:31:09] [INFO]: 昨日 洛羽尘(402818767) 在群 696654735 内发言最积极, 获得 龙王 标识。 
[2022-07-26 15:33:50] [INFO]: 发送群 Py QQbot(813476953) 的消息: Tm发了新视频「优美 ... (-275751348) 
[2022-07-26 15:33:50] [INFO]: 发送群 Py QQbot(813476953) 的消息: 本条动态地址为htt ... (-1734906150) 
[2022-07-26 16:33:34] [INFO]: 收到群 kenshi汉化和mod研究及暖(696654735) 内 甘蔗(1418318036) 的消息: 谢谢炎头队长 (608251068) 
[2022-07-26 16:35:11] [INFO]: 收到群 kenshi汉化和mod研究及暖(696654735) 内 炎头队长沙福林(2175422756) 的消息: 甘蔗 (-1258409683) 
[2022-07-26 16:35:20] [INFO]: 收到群 kenshi汉化和mod研究及暖(696654735) 内 炎头队长沙福林(2175422756) 的消息: 让我摸摸你的胸肌 (-1007091269) 
[2022-07-26 17:06:41] [INFO]: 收到群 kenshi汉化和mod研究及暖(696654735) 内 阿格努(710621309) 的消息: 杰哥 不要啊 (1780836449) 
[2022-07-26 17:24:23] [INFO]: 收到群 kenshi汉化和mod研究及暖(696654735) 内 潜行吧！奈亚子！(1751979054) 的消息: [CQ:image,file=1c5f3a2bb0c3b03dadd8a914075fd3bb.image,subType=1] (488790263) 
[2022-07-26 17:34:57] [INFO]: 收到群 kenshi汉化和mod研究及暖(696654735) 内 囧※boy(1114167743) 的消息: 女装山脉 (-2077554355) 
[2022-07-26 17:35:59] [INFO]: 收到群 kenshi汉化和mod研究及暖(696654735) 内 潜行吧！奈亚子！(1751979054) 的消息: [CQ:image,file=bb94a067fa4cf4ea0db4249f278abc37.image,subType=1] (-215205413) 
[2022-07-26 17:36:02] [INFO]: 收到群 kenshi汉化和mod研究及暖(696654735) 内 潜行吧！奈亚子！(1751979054) 的消息: [CQ:image,file=23ad50a0f33e71b32ca0611ed2339f6a.image,subType=1] (1833479288) 
[2022-07-26 17:36:05] [INFO]: 收到群 kenshi汉化和mod研究及暖(696654735) 内 潜行吧！奈亚子！(1751979054) 的消息: 这都能认错 (441425134) 
[2022-07-26 17:44:03] [INFO]: 收到群 kenshi汉化和mod研究及暖(696654735) 内 囧※boy(1114167743) 的消息: [CQ:face,id=13][CQ:face,id=13][CQ:face,id=13] (-2092511916) 
[2022-07-26 18:00:47] [INFO]: 发送群 Py QQbot(813476953) 的消息: 鹿乃酱转发了「鹿乃ち ... (136868683) 
[2022-07-26 18:00:48] [INFO]: 发送群 Py QQbot(813476953) 的消息: 本条动态地址为htt ... (2133803997) 
[2022-07-26 18:48:47] [INFO]: 发送群 Py QQbot(813476953) 的消息: 秦喵喵转发了「Pin ... (-688707065) 
[2022-07-26 18:48:47] [INFO]: 发送群 Py QQbot(813476953) 的消息: 本条动态地址为htt ... (-1577837935) 
[2022-07-26 20:05:08] [INFO]: 群 kenshi汉化和mod研究及暖(696654735) 内 UT Hero Jack(2417902355) 上传了文件: 20220726190429_1.jpg 
[2022-07-26 20:05:08] [INFO]: 群 kenshi汉化和mod研究及暖(696654735) 内 UT Hero Jack(2417902355) 上传了文件: 20220726183708_1.jpg 
[2022-07-26 20:18:50] [INFO]: 发送群 Py QQbot(813476953) 的消息: 秦喵喵发了新动态：  ... (956123947) 
[2022-07-26 20:18:52] [INFO]: 发送群 Py QQbot(813476953) 的消息: [CQ:image, ... (1341815741) 
[2022-07-26 20:18:54] [INFO]: 发送群 Py QQbot(813476953) 的消息: [CQ:image, ... (-778113506) 
[2022-07-26 20:18:56] [INFO]: 发送群 Py QQbot(813476953) 的消息: [CQ:image, ... (-1499865464) 
[2022-07-26 20:18:56] [INFO]: 发送群 Py QQbot(813476953) 的消息: 本条动态地址为htt ... (1066438450) 
[2022-07-26 20:36:43] [INFO]: 收到群 kenshi汉化和mod研究及暖(696654735) 内 阿格努(710621309) 的消息: 血洗枢纽站是吧 (335139013) 
[2022-07-26 23:29:26] [INFO]: 收到群 kenshi汉化和mod研究及暖(696654735) 内 甘蔗(1418318036) 的消息: ？？？ (1933465888) 
[2022-07-26 23:29:29] [INFO]: 收到群 kenshi汉化和mod研究及暖(696654735) 内 甘蔗(1418318036) 的消息: 什么意思！？！ (70871478) 
[2022-07-26 23:37:23] [INFO]: 收到群 kenshi汉化和mod研究及暖(696654735) 内 UT Hero Jack(2417902355) 的消息: [CQ:at,qq=402818767] (-1657784308) 
[2022-07-26 23:38:28] [INFO]: 收到群 kenshi汉化和mod研究及暖(696654735) 内 UT Hero Jack(2417902355) 的消息: [CQ:at,qq=402818767] 同意一下申请 (-365492070) 
