[2022-04-30 02:42:50] [INFO]: 发送群 Py QQbot(813476953) 的消息: 秦喵喵发了新动态：  ... (-1225117058) 
[2022-04-30 02:42:52] [INFO]: 发送群 Py QQbot(813476953) 的消息: [CQ:image, ... (-1040383256) 
[2022-04-30 02:42:55] [INFO]: 发送群 Py QQbot(813476953) 的消息: [CQ:image, ... (1603901259) 
[2022-04-30 02:42:55] [INFO]: 发送群 Py QQbot(813476953) 的消息: 本条动态地址为htt ... (681486301) 
[2022-04-30 03:34:12] [INFO]: 成员 音无 奏🦖(296053120) 离开了群 kenshi汉化和mod研究及暖暖化制作监督委员会-1群(696654735). 
[2022-04-30 04:30:26] [INFO]: 当前版本:v1.0.0-rc1 
[2022-04-30 04:30:26] [INFO]: 将使用 device.json 内的设备信息运行Bot. 
[2022-04-30 04:30:26] [INFO]: Bot将在5秒后登录并开始信息处理, 按 Ctrl+C 取消. 
[2022-04-30 04:30:32] [INFO]: 开始尝试登录并同步消息... 
[2022-04-30 04:30:32] [INFO]: 使用协议: iPad 
[2022-04-30 04:30:35] [INFO]: Protocol -> connect to server: 43.154.240.13:8080 
[2022-04-30 04:30:38] [INFO]: 收到服务器地址更新通知, 将在下一次重连时应用.  
[2022-04-30 04:30:39] [INFO]: 登录成功 欢迎使用: 小八的狐狸耳朵~ 
[2022-04-30 04:30:39] [INFO]: 开始加载好友列表... 
[2022-04-30 04:30:40] [INFO]: 共加载 4 个好友. 
[2022-04-30 04:30:40] [INFO]: 开始加载群列表... 
[2022-04-30 04:30:41] [INFO]: 共加载 5 个群. 
[2022-04-30 04:30:41] [INFO]: 资源初始化完成, 开始处理信息. 
[2022-04-30 04:30:41] [INFO]: アトリは、高性能ですから! 
[2022-04-30 04:30:41] [INFO]: 开始尝试连接到反向WebSocket Universal服务器: ws://127.0.0.1:15510/cqhttp/ws/ 
[2022-04-30 04:30:41] [INFO]: 正在检查更新. 
[2022-04-30 04:30:41] [INFO]: 已连接到反向WebSocket Universal服务器 ws://127.0.0.1:15510/cqhttp/ws/ 
[2022-04-30 04:30:41] [INFO]: 检查更新完成. 当前已运行最新版本. 
[2022-04-30 04:30:46] [INFO]: 开始诊断网络情况 
[2022-04-30 04:30:50] [WARNING]: 警告: 长消息响应延迟为 2220ms, 大于 1000ms, 可能导致无法接收/发送长消息的情况, 请检查本地网络状态. 
[2022-04-30 04:30:50] [INFO]: 网络诊断完成. 未发现问题 
[2022-04-30 04:38:10] [INFO]: 收到群 kenshi汉化和mod研究及暖(696654735) 内 炎头队长沙福林(2175422756) 的消息: 还有这种事 (-1761138810) 
[2022-04-30 04:44:05] [INFO]: 收到群 kenshi汉化和mod研究及暖(696654735) 内 重装KGZ晓琳(2860677522) 的消息: 233 (235828796) 
[2022-04-30 07:24:21] [INFO]: 收到群 kenshi汉化和mod研究及暖(696654735) 内 晨曦(952311525) 的消息: xnm (2030651050) 
[2022-04-30 12:30:41] [INFO]: 发送群 Py QQbot(813476953) 的消息: 鹿乃酱转发了「LON ... (-1315441049) 
[2022-04-30 12:30:42] [INFO]: 发送群 Py QQbot(813476953) 的消息: 本条动态地址为htt ... (-963590415) 
[2022-04-30 13:20:27] [INFO]: 收到群 Py QQbot(813476953) 内 小八的狐狸尾巴~(1216878448) 的消息: echo 1 (1445976928) 
[2022-04-30 13:20:37] [INFO]: 收到群 Py QQbot(813476953) 内 小八的狐狸尾巴~(1216878448) 的消息: [CQ:at,qq=3126986401] echo 1 (556329974) 
[2022-04-30 13:20:38] [INFO]: 发送群 Py QQbot(813476953) 的消息: [{"type":  ... (1106207251) 
[2022-04-30 14:42:44] [INFO]: 发送群 Py QQbot(813476953) 的消息: 鹿乃酱发了新动态：  ... (921195141) 
[2022-04-30 14:42:44] [INFO]: 发送群 Py QQbot(813476953) 的消息: 本条动态地址为htt ... (-1344208065) 
[2022-04-30 15:18:08] [INFO]: 收到群 kenshi汉化和mod研究及暖(696654735) 内 炎头队长沙福林(2175422756) 的消息: [CQ:forward,id=B7oPihMvOX3zDPIMYpv2k0Cus7rSc7ryogscoY+woIIitsR934Nfl/fzifLrDxo0] (-412232951) 
[2022-04-30 15:19:51] [INFO]: 收到群 kenshi汉化和mod研究及暖(696654735) 内 方便的面团(261908430) 的消息: 来，开枪，让我看看这是不是玩具枪 (-1872043105) 
[2022-04-30 15:30:43] [INFO]: 发送群 Py QQbot(813476953) 的消息: 秦喵喵发了新视频「【 ... (-656002135) 
[2022-04-30 15:30:43] [INFO]: 发送群 Py QQbot(813476953) 的消息: 本条动态地址为htt ... (1182967306) 
[2022-04-30 15:34:11] [INFO]: 昨日 Baki今天吃冒险家(3117086319) 在群 696654735 内发言最积极, 获得 龙王 标识。 
[2022-04-30 15:40:01] [INFO]: 收到群 kenshi汉化和mod研究及暖(696654735) 内 水行修(2214497344) 的消息: 军盲画师不会画枪 (157528613) 
[2022-04-30 15:40:16] [INFO]: 收到群 kenshi汉化和mod研究及暖(696654735) 内 水行修(2214497344) 的消息: 这枪管和弹巢子弹位置对不上 (2120516275) 
[2022-04-30 18:55:10] [INFO]: 收到群 kenshi汉化和mod研究及暖(696654735) 内 NPC(843804418) 的消息: 还真是 (-287596766) 
[2022-04-30 18:59:32] [INFO]: 收到群 kenshi汉化和mod研究及暖(696654735) 内 潜行吧！奈亚子！(1751979054) 的消息: 你懂个p (-1713590348) 
[2022-04-30 18:59:38] [INFO]: 收到群 kenshi汉化和mod研究及暖(696654735) 内 潜行吧！奈亚子！(1751979054) 的消息: 这叫绿皮枪 (983493476) 
[2022-04-30 18:59:40] [INFO]: 收到群 kenshi汉化和mod研究及暖(696654735) 内 潜行吧！奈亚子！(1751979054) 的消息: [CQ:image,file=6e11f2e9c97ea396e38368c46e732e1a.image,subType=1] (1301928946) 
[2022-04-30 18:59:56] [INFO]: 收到群 kenshi汉化和mod研究及暖(696654735) 内 潜行吧！奈亚子！(1751979054) 的消息: 只要俺寻思就能发射 (-728724920) 
[2022-04-30 19:00:09] [INFO]: 收到群 kenshi汉化和mod研究及暖(696654735) 内 潜行吧！奈亚子！(1751979054) 的消息: 你们虾米拿了很可能几发就炸膛 (-1550337314) 
[2022-04-30 19:06:45] [INFO]: 发送群 Py QQbot(813476953) 的消息: 秦喵喵发了新动态：  ... (830838428) 
[2022-04-30 19:06:54] [INFO]: 发送群 Py QQbot(813476953) 的消息: [CQ:image, ... (-1467168986) 
[2022-04-30 19:06:59] [INFO]: 发送群 Py QQbot(813476953) 的消息: [CQ:image, ... (-544475216) 
[2022-04-30 19:07:31] [INFO]: 发送群 Py QQbot(813476953) 的消息: [CQ:image, ... (1328867873) 
[2022-04-30 20:49:42] [INFO]: 收到群 kenshi汉化和mod研究及暖(696654735) 内 时之沙(2934771083) 的消息: [CQ:face,id=178] (1039347581) 
[2022-04-30 20:49:54] [INFO]: 收到群 kenshi汉化和mod研究及暖(696654735) 内 时之沙(2934771083) 的消息: WAAAAAAGHHHHHHH!!!!!!!! (1257512939) 
[2022-04-30 20:50:28] [INFO]: 收到群 kenshi汉化和mod研究及暖(696654735) 内 时之沙(2934771083) 的消息: 搞哥大脚踩出的酸菜，来一口？ (-738374063) 
[2022-04-30 23:57:43] [INFO]: 发送群 Py QQbot(813476953) 的消息: 秦喵喵发了新动态：  ... (942922423) 
[2022-04-30 23:57:46] [INFO]: 发送群 Py QQbot(813476953) 的消息: [CQ:image, ... (246346964) 
[2022-04-30 23:57:47] [INFO]: 发送群 Py QQbot(813476953) 的消息: 本条动态地址为htt ... (2041168962) 
