[2022-06-28 04:30:27] [INFO]: 当前版本:v1.0.0-rc1 
[2022-06-28 04:30:27] [INFO]: 将使用 device.json 内的设备信息运行Bot. 
[2022-06-28 04:30:27] [INFO]: Bot将在5秒后登录并开始信息处理, 按 Ctrl+C 取消. 
[2022-06-28 04:30:32] [INFO]: 开始尝试登录并同步消息... 
[2022-06-28 04:30:32] [INFO]: 使用协议: iPad 
[2022-06-28 04:30:35] [INFO]: Protocol -> connect to server: 43.154.240.13:8080 
[2022-06-28 04:30:38] [INFO]: 收到服务器地址更新通知, 将在下一次重连时应用.  
[2022-06-28 04:30:53] [ERROR]: Protocol -> get self guild profile error: send packet error: Packet timed out 
[2022-06-28 04:30:53] [INFO]: 登录成功 欢迎使用: 小八的狐狸耳朵~ 
[2022-06-28 04:30:53] [INFO]: 开始加载好友列表... 
[2022-06-28 04:30:53] [INFO]: 共加载 4 个好友. 
[2022-06-28 04:30:53] [INFO]: 开始加载群列表... 
[2022-06-28 04:30:54] [INFO]: 共加载 5 个群. 
[2022-06-28 04:30:54] [INFO]: 资源初始化完成, 开始处理信息. 
[2022-06-28 04:30:54] [INFO]: アトリは、高性能ですから! 
[2022-06-28 04:30:54] [INFO]: 开始尝试连接到反向WebSocket Universal服务器: ws://127.0.0.1:15510/cqhttp/ws/ 
[2022-06-28 04:30:54] [INFO]: 正在检查更新. 
[2022-06-28 04:30:54] [INFO]: 已连接到反向WebSocket Universal服务器 ws://127.0.0.1:15510/cqhttp/ws/ 
[2022-06-28 04:30:54] [INFO]: 当前有更新的 go-cqhttp 可供更新, 请前往 https://github.com/Mrs4s/go-cqhttp/releases 下载. 
[2022-06-28 04:30:54] [INFO]: 当前版本: v1.0.0-rc1 最新版本: v1.0.0-rc3 
[2022-06-28 04:30:59] [INFO]: 开始诊断网络情况 
[2022-06-28 04:31:04] [INFO]: 网络诊断完成. 未发现问题 
[2022-06-28 09:26:42] [INFO]: 收到群 kenshi汉化和mod研究及暖(696654735) 内 高橋啟介(791258074) 的消息: [CQ:image,file=ea5f4375c03e2d9bb4608afb2a7b0de9.image,subType=1] (1122534153) 
[2022-06-28 10:07:04] [INFO]: 收到群 kenshi汉化和mod研究及暖(696654735) 内 阿格努(710621309) 的消息: [CQ:image,file=01dfb419ac91d210a8e467b4ed23da92.image,subType=0] (904901535) 
[2022-06-28 12:04:15] [WARNING]: 群消息发送失败: 账号可能被风控. 
[2022-06-28 13:19:33] [INFO]: 收到群 kenshi汉化和mod研究及暖(696654735) 内 ‭ (363843342) 的消息: [CQ:image,file=6734ddd8172be18158eab95a0bfe6a90.image,subType=0] (-1394154971) 
[2022-06-28 16:45:43] [INFO]: 发送群 Py QQbot(813476953) 的消息: Tm发了新视频「听气 ... (2139793254) 
[2022-06-28 16:45:43] [INFO]: 发送群 Py QQbot(813476953) 的消息: 本条动态地址为htt ... (-504483131) 
[2022-06-28 18:45:41] [INFO]: 发送群 Py QQbot(813476953) 的消息: 鹿乃酱转发了「咸鱼可 ... (-1763114413) 
[2022-06-28 18:45:41] [INFO]: 发送群 Py QQbot(813476953) 的消息: 本条动态地址为htt ... (266359785) 
[2022-06-28 19:48:41] [INFO]: 发送群 Py QQbot(813476953) 的消息: 秦喵喵发了新动态：  ... (2028430207) 
[2022-06-28 19:48:43] [INFO]: 发送群 Py QQbot(813476953) 的消息: [CQ:image, ... (-396853522) 
[2022-06-28 19:48:45] [INFO]: 发送群 Py QQbot(813476953) 的消息: [CQ:image, ... (-1621143944) 
[2022-06-28 19:48:47] [INFO]: 发送群 Py QQbot(813476953) 的消息: [CQ:image, ... (-6764643) 
[2022-06-28 19:48:47] [INFO]: 发送群 Py QQbot(813476953) 的消息: 本条动态地址为htt ... (-2002782453) 
[2022-06-28 20:43:02] [INFO]: 收到群 kenshi汉化和mod研究及暖(696654735) 内 ۩۞۩✎孑孓不独活(63909841) 的消息: 这游戏已经免费了 (-605957453) 
