[2022-07-21 02:26:11] [INFO]: 收到好友 小八的狐狸尾巴~(1216878448) 的消息: check https://www.aplaybox.com/details/model/PUeEP0wGTAl0 (-1355622199) 
[2022-07-21 04:30:28] [INFO]: 当前版本:v1.0.0-rc1 
[2022-07-21 04:30:28] [INFO]: 将使用 device.json 内的设备信息运行Bot. 
[2022-07-21 04:30:28] [INFO]: Bot将在5秒后登录并开始信息处理, 按 Ctrl+C 取消. 
[2022-07-21 04:30:33] [INFO]: 开始尝试登录并同步消息... 
[2022-07-21 04:30:33] [INFO]: 使用协议: iPad 
[2022-07-21 04:30:36] [INFO]: Protocol -> connect to server: 43.135.106.161:8080 
[2022-07-21 04:30:38] [INFO]: 收到服务器地址更新通知, 将在下一次重连时应用.  
[2022-07-21 04:30:39] [INFO]: 登录成功 欢迎使用: 小八的狐狸耳朵~ 
[2022-07-21 04:30:39] [INFO]: 开始加载好友列表... 
[2022-07-21 04:30:39] [INFO]: 共加载 4 个好友. 
[2022-07-21 04:30:39] [INFO]: 开始加载群列表... 
[2022-07-21 04:30:40] [INFO]: 共加载 5 个群. 
[2022-07-21 04:30:40] [INFO]: 资源初始化完成, 开始处理信息. 
[2022-07-21 04:30:40] [INFO]: アトリは、高性能ですから! 
[2022-07-21 04:30:40] [INFO]: 开始尝试连接到反向WebSocket Universal服务器: ws://127.0.0.1:15510/cqhttp/ws/ 
[2022-07-21 04:30:40] [INFO]: 正在检查更新. 
[2022-07-21 04:30:40] [INFO]: 已连接到反向WebSocket Universal服务器 ws://127.0.0.1:15510/cqhttp/ws/ 
[2022-07-21 04:30:41] [INFO]: 当前有更新的 go-cqhttp 可供更新, 请前往 https://github.com/Mrs4s/go-cqhttp/releases 下载. 
[2022-07-21 04:30:41] [INFO]: 当前版本: v1.0.0-rc1 最新版本: v1.0.0-rc3 
[2022-07-21 04:30:45] [INFO]: 开始诊断网络情况 
[2022-07-21 04:30:50] [INFO]: 网络诊断完成. 未发现问题 
[2022-07-21 11:06:46] [INFO]: 发送群 Py QQbot(813476953) 的消息: Tm发了新视频「提前 ... (-1884262524) 
[2022-07-21 11:06:47] [INFO]: 发送群 Py QQbot(813476953) 的消息: 本条动态地址为htt ... (-122200302) 
[2022-07-21 14:29:37] [ERROR]: Protocol -> unexpected disconnect: EOF 
[2022-07-21 14:29:37] [INFO]: Protocol -> connect to server: 169.47.230.125:10001 
[2022-07-21 14:29:40] [INFO]: 收到服务器地址更新通知, 将在下一次重连时应用.  
[2022-07-21 15:12:42] [INFO]: 发送群 Py QQbot(813476953) 的消息: 秦喵喵发了新视频「【 ... (-1737435401) 
[2022-07-21 15:12:43] [INFO]: 发送群 Py QQbot(813476953) 的消息: 本条动态地址为htt ... (-277354911) 
[2022-07-21 23:44:42] [INFO]: 收到群 kenshi汉化和mod研究及暖(696654735) 内 阿格努(710621309) 的消息: [CQ:video,file=6043fdd5b00abb038bbf51c2f5f75a55.video] (43435928) 
[2022-07-21 23:47:48] [INFO]: 收到群 kenshi汉化和mod研究及暖(696654735) 内 ‭‭(2691449141) 的消息: 买水果阿婆的眼神亮了 (-1684040158) 
