[2022-03-27 04:30:30] [INFO]: 当前版本:v1.0.0-rc1 
[2022-03-27 04:30:30] [INFO]: 将使用 device.json 内的设备信息运行Bot. 
[2022-03-27 04:30:30] [INFO]: Bot将在5秒后登录并开始信息处理, 按 Ctrl+C 取消. 
[2022-03-27 04:30:35] [INFO]: 开始尝试登录并同步消息... 
[2022-03-27 04:30:35] [INFO]: 使用协议: iPad 
[2022-03-27 04:30:38] [INFO]: Protocol -> connect to server: 203.205.255.221:8080 
[2022-03-27 04:30:41] [INFO]: 收到服务器地址更新通知, 将在下一次重连时应用.  
[2022-03-27 04:30:42] [INFO]: 登录成功 欢迎使用: 小八的狐狸耳朵~ 
[2022-03-27 04:30:42] [INFO]: 开始加载好友列表... 
[2022-03-27 04:30:43] [INFO]: 共加载 4 个好友. 
[2022-03-27 04:30:43] [INFO]: 开始加载群列表... 
[2022-03-27 04:30:44] [INFO]: 共加载 5 个群. 
[2022-03-27 04:30:44] [INFO]: 资源初始化完成, 开始处理信息. 
[2022-03-27 04:30:44] [INFO]: アトリは、高性能ですから! 
[2022-03-27 04:30:44] [INFO]: 开始尝试连接到反向WebSocket Universal服务器: ws://127.0.0.1:15510/cqhttp/ws/ 
[2022-03-27 04:30:44] [INFO]: 正在检查更新. 
[2022-03-27 04:30:44] [INFO]: 已连接到反向WebSocket Universal服务器 ws://127.0.0.1:15510/cqhttp/ws/ 
[2022-03-27 04:30:44] [INFO]: 检查更新完成. 当前已运行最新版本. 
[2022-03-27 04:30:49] [INFO]: 开始诊断网络情况 
[2022-03-27 04:30:53] [INFO]: 网络诊断完成. 未发现问题 
[2022-03-27 13:20:49] [INFO]: 收到群 kenshi汉化和mod研究及暖(696654735) 内 潜行吧！奈亚子！(1751979054) 的消息: [CQ:reply,id=-961310479][CQ:at,qq=920592790] [CQ:at,qq=920592790] 这是忏悔么 (1945786001) 
[2022-03-27 20:21:43] [INFO]: 发送群 Py QQbot(813476953) 的消息: 秦喵喵发了新动态：  ... (-1151015332) 
[2022-03-27 20:21:44] [INFO]: 发送群 Py QQbot(813476953) 的消息: 本条动态地址为htt ... (-865872182) 
[2022-03-27 22:24:48] [INFO]: 发送群 Py QQbot(813476953) 的消息: 鹿乃酱发了新动态：  ... (1433044848) 
[2022-03-27 22:24:49] [INFO]: 发送群 Py QQbot(813476953) 的消息: 本条动态地址为htt ... (577615846) 
[2022-03-27 23:02:24] [INFO]: 收到群 kenshi汉化和mod研究及暖(696654735) 内 时之沙(2934771083) 的消息: [CQ:reply,id=-961310479][CQ:at,qq=920592790] [CQ:at,qq=920592790] 日鱼？ (-353171669) 
[2022-03-27 23:03:07] [INFO]: 收到群 kenshi汉化和mod研究及暖(696654735) 内 时之沙(2934771083) 的消息: 我倒是对着修女感兴趣 (-1644939331) 
[2022-03-27 23:03:32] [INFO]: 收到群 kenshi汉化和mod研究及暖(696654735) 内 时之沙(2934771083) 的消息: 长的一副男相 (59810334) 
[2022-03-27 23:03:47] [INFO]: 收到群 kenshi汉化和mod研究及暖(696654735) 内 时之沙(2934771083) 的消息: [CQ:image,file=7796292d8d18191166d4f4465b341e10.image,subType=7] (1956090504) 
[2022-03-27 23:17:15] [INFO]: 收到群 kenshi汉化和mod研究及暖(696654735) 内 音无 奏🦖(296053120) 的消息: 有点妆 是女人 (-308362446) 
[2022-03-27 23:29:26] [INFO]: 收到群 kenshi汉化和mod研究及暖(696654735) 内 简单先上盆饭(372338248) 的消息: 欧美女的就这样 (-1701186652) 
