[2022-06-26 04:30:04] [INFO]: 当前版本:v1.0.0-rc1 
[2022-06-26 04:30:04] [INFO]: 将使用 device.json 内的设备信息运行Bot. 
[2022-06-26 04:30:04] [INFO]: Bot将在5秒后登录并开始信息处理, 按 Ctrl+C 取消. 
[2022-06-26 04:30:09] [INFO]: 开始尝试登录并同步消息... 
[2022-06-26 04:30:09] [INFO]: 使用协议: iPad 
[2022-06-26 04:30:12] [INFO]: Protocol -> connect to server: 43.154.240.13:8080 
[2022-06-26 04:30:38] [INFO]: 当前版本:v1.0.0-rc1 
[2022-06-26 04:30:38] [INFO]: 将使用 device.json 内的设备信息运行Bot. 
[2022-06-26 04:30:38] [INFO]: Bot将在5秒后登录并开始信息处理, 按 Ctrl+C 取消. 
[2022-06-26 04:30:43] [INFO]: 开始尝试登录并同步消息... 
[2022-06-26 04:30:43] [INFO]: 使用协议: iPad 
[2022-06-26 04:30:48] [INFO]: Protocol -> connect to server: 43.154.240.13:8080 
[2022-06-26 04:30:52] [INFO]: 登录成功 欢迎使用: 小八的狐狸耳朵~ 
[2022-06-26 04:30:52] [INFO]: 开始加载好友列表... 
[2022-06-26 04:30:52] [INFO]: 共加载 4 个好友. 
[2022-06-26 04:30:52] [INFO]: 开始加载群列表... 
[2022-06-26 04:30:53] [INFO]: 共加载 5 个群. 
[2022-06-26 04:30:53] [INFO]: 资源初始化完成, 开始处理信息. 
[2022-06-26 04:30:53] [INFO]: アトリは、高性能ですから! 
[2022-06-26 04:30:53] [INFO]: 开始尝试连接到反向WebSocket Universal服务器: ws://127.0.0.1:15510/cqhttp/ws/ 
[2022-06-26 04:30:53] [INFO]: 正在检查更新. 
[2022-06-26 04:30:53] [INFO]: 已连接到反向WebSocket Universal服务器 ws://127.0.0.1:15510/cqhttp/ws/ 
[2022-06-26 04:30:54] [INFO]: 当前有更新的 go-cqhttp 可供更新, 请前往 https://github.com/Mrs4s/go-cqhttp/releases 下载. 
[2022-06-26 04:30:54] [INFO]: 当前版本: v1.0.0-rc1 最新版本: v1.0.0-rc3 
[2022-06-26 04:30:58] [INFO]: 开始诊断网络情况 
[2022-06-26 04:31:05] [INFO]: 网络诊断完成. 未发现问题 
[2022-06-26 10:09:41] [INFO]: 收到群 kenshi汉化和mod研究及暖(696654735) 内 阿格努(710621309) 的消息: [CQ:image,file=572e45c23a7b88e1fa58f457292269ae.image,subType=11] (1893654923) 
[2022-06-26 10:10:11] [INFO]: 收到群 <$ÿĀ>非狗X3＆肥欧狗X(859265365) 内 汪狗涛(2640365924) 的消息: [CQ:image,file=8a4247aa8ffc8359e996608a0666bd1b.image,subType=0] (-1594785496) 
[2022-06-26 10:20:09] [INFO]: 收到群 <$ÿĀ>非狗X3＆肥欧狗X(859265365) 内 曾德狗(97189033) 的消息: [CQ:image,file=657f25ffaee80649c4d70c00997b23c2.image,subType=1] (972607634) 
[2022-06-26 20:21:57] [INFO]: 发送群 Py QQbot(813476953) 的消息: 秦喵喵发了新动态：  ... (-630317972) 
[2022-06-26 20:21:58] [INFO]: 发送群 Py QQbot(813476953) 的消息: [CQ:image, ... (-1385616134) 
[2022-06-26 20:21:59] [INFO]: 发送群 Py QQbot(813476953) 的消息: 本条动态地址为htt ... (-844192481) 
[2022-06-26 22:12:11] [INFO]: 收到好友 小八的狐狸尾巴~(1216878448) 的消息: [CQ:image,file=5e26ad5659d82539b3acf13103724c92.image] (-30942815) 
[2022-06-26 22:12:24] [INFO]: 收到好友 小八的狐狸尾巴~(1216878448) 的消息: [CQ:image,file=d0c4775aeaa07c3ff710df2dd30f3b0a.image] (-1994331849) 
[2022-06-26 22:12:31] [INFO]: 好友 小八的狐狸尾巴~(1216878448) 撤回了消息: -1994331849 
[2022-06-26 22:13:19] [INFO]: 收到好友 小八的狐狸尾巴~(1216878448) 的消息: [CQ:image,file=290da4876668dd5fe56266650f4585b2.image] (390364308) 
[2022-06-26 22:23:54] [INFO]: 收到好友 小八的狐狸尾巴~(1216878448) 的消息: https://link.mcmod.cn/target/aHR0cHM6Ly9naXRodWIuY29tL0x1Y3VuSmkvTWluZWNyYWZ0Um9ib3RQcm9ncmFtcw== (1615023106) 
