[2022-05-27 04:30:26] [INFO]: 当前版本:v1.0.0-rc1 
[2022-05-27 04:30:26] [INFO]: 将使用 device.json 内的设备信息运行Bot. 
[2022-05-27 04:30:26] [INFO]: Bot将在5秒后登录并开始信息处理, 按 Ctrl+C 取消. 
[2022-05-27 04:30:31] [INFO]: 开始尝试登录并同步消息... 
[2022-05-27 04:30:31] [INFO]: 使用协议: iPad 
[2022-05-27 04:30:38] [INFO]: Protocol -> connect to server: 43.154.240.13:8080 
[2022-05-27 04:30:42] [INFO]: 收到服务器地址更新通知, 将在下一次重连时应用.  
[2022-05-27 04:30:42] [INFO]: 登录成功 欢迎使用: 小八的狐狸耳朵~ 
[2022-05-27 04:30:42] [INFO]: 开始加载好友列表... 
[2022-05-27 04:30:42] [INFO]: 共加载 4 个好友. 
[2022-05-27 04:30:42] [INFO]: 开始加载群列表... 
[2022-05-27 04:30:43] [INFO]: 共加载 5 个群. 
[2022-05-27 04:30:44] [INFO]: 资源初始化完成, 开始处理信息. 
[2022-05-27 04:30:44] [INFO]: アトリは、高性能ですから! 
[2022-05-27 04:30:44] [INFO]: 开始尝试连接到反向WebSocket Universal服务器: ws://127.0.0.1:15510/cqhttp/ws/ 
[2022-05-27 04:30:44] [INFO]: 正在检查更新. 
[2022-05-27 04:30:44] [INFO]: 已连接到反向WebSocket Universal服务器 ws://127.0.0.1:15510/cqhttp/ws/ 
[2022-05-27 04:30:44] [INFO]: 检查更新完成. 当前已运行最新版本. 
[2022-05-27 04:30:49] [INFO]: 开始诊断网络情况 
[2022-05-27 04:30:53] [INFO]: 网络诊断完成. 未发现问题 
[2022-05-27 06:01:45] [INFO]: 收到群 kenshi汉化和mod研究及暖(696654735) 内 🤗(1328676962) 的消息: [CQ:image,file=56b159ca3fd03a7eb2178f0efbd42983.image,subType=1] (-2099197018) 
[2022-05-27 09:00:03] [INFO]: 收到群 kenshi汉化和mod研究及暖(696654735) 内 羊咩.🐑(1399663568) 的消息: [CQ:image,file=04291fd4a817953139311ba0ea60c797.image,subType=1] (-169346256) 
[2022-05-27 09:50:22] [INFO]: 收到群 kenshi汉化和mod研究及暖(696654735) 内 drm9900(515481577) 的消息: [CQ:video,file=555e77609ec84bf4d56a2a20b110183c.video] (1803775635) 
[2022-05-27 10:00:40] [INFO]: 发送群 Py QQbot(813476953) 的消息: 秦喵喵发了新动态：  ... (324851170) 
[2022-05-27 10:00:44] [INFO]: 发送群 Py QQbot(813476953) 的消息: [CQ:image, ... (1683744116) 
[2022-05-27 10:00:46] [INFO]: 发送群 Py QQbot(813476953) 的消息: [CQ:image, ... (-44911410) 
[2022-05-27 10:00:47] [INFO]: 发送群 Py QQbot(813476953) 的消息: [CQ:image, ... (-1974107048) 
[2022-05-27 10:00:49] [INFO]: 发送群 Py QQbot(813476953) 的消息: [CQ:image, ... (451582409) 
[2022-05-27 10:00:50] [INFO]: 发送群 Py QQbot(813476953) 的消息: 本条动态地址为htt ... (1844291935) 
[2022-05-27 10:24:24] [INFO]: 收到群 kenshi汉化和mod研究及暖(696654735) 内 囧※boy(1114167743) 的消息: 胸怎么小 (478436869) 
[2022-05-27 10:25:14] [INFO]: 收到群 kenshi汉化和mod研究及暖(696654735) 内 NPC(843804418) 的消息: [CQ:image,file=26023a6ad797af71747a8ad438622c16.image,subType=1] (-2054352961) 
[2022-05-27 10:25:20] [INFO]: 收到群 kenshi汉化和mod研究及暖(696654735) 内 NPC(843804418) 的消息: 是什么改变了你 (-225820887) 
[2022-05-27 10:25:24] [INFO]: 收到群 kenshi汉化和mod研究及暖(696654735) 内 NPC(843804418) 的消息: 碧蓝航线吗？ (1647649464) 
[2022-05-27 11:18:43] [INFO]: 发送群 Py QQbot(813476953) 的消息: 秦喵喵发了新视频「【 ... (1058816568) 
[2022-05-27 11:18:44] [INFO]: 发送群 Py QQbot(813476953) 的消息: 本条动态地址为htt ... (1209758382) 
[2022-05-27 11:57:52] [INFO]: 收到群 kenshi汉化和mod研究及暖(696654735) 内 方便的面团(261908430) 的消息: 是眼界 (355602990) 
[2022-05-27 12:04:43] [INFO]: 收到群 kenshi汉化和mod研究及暖(696654735) 内 阿格努(710621309) 的消息: 是事件视界 (1979030475) 
[2022-05-27 13:30:46] [INFO]: 收到群 kenshi汉化和mod研究及暖(696654735) 内 简单先上盆饭(372338248) 的消息: [CQ:image,file=fea3c331c600ff6bad6274ca9f40f0a0.image,subType=0] (49458013) 
[2022-05-27 14:51:45] [INFO]: 发送群 Py QQbot(813476953) 的消息: Tm发了新视频「向死 ... (-787340524) 
[2022-05-27 14:51:45] [INFO]: 发送群 Py QQbot(813476953) 的消息: 本条动态地址为htt ... (-1508568190) 
[2022-05-27 15:36:41] [INFO]: 发送群 Py QQbot(813476953) 的消息: 鹿乃酱发了新动态：  ... (946964001) 
[2022-05-27 15:36:43] [INFO]: 发送群 Py QQbot(813476953) 的消息: [CQ:image, ... (1333180087) 
[2022-05-27 15:36:44] [INFO]: 发送群 Py QQbot(813476953) 的消息: 本条动态地址为htt ... (-696260851) 
[2022-05-27 15:39:55] [INFO]: 收到好友 小八的狐狸尾巴~(1216878448) 的消息: omniworld (1228600784) 
[2022-05-27 18:02:29] [INFO]: 收到群 kenshi汉化和mod研究及暖(696654735) 内 方便的面团(261908430) 的消息: 一个说好吃一个说难吃 (-1677985049) 
[2022-05-27 18:02:56] [INFO]: 收到群 kenshi汉化和mod研究及暖(696654735) 内 魔男(511198723) 的消息: 变脸 (-318977423) 
[2022-05-27 18:40:16] [INFO]: 收到好友 小八的狐狸尾巴~(1216878448) 的消息: https://github.com/N-Wither/Omniworld/releases/latest (-161540658) 
[2022-05-27 20:45:40] [INFO]: 发送群 Py QQbot(813476953) 的消息: 秦喵喵发了新动态：  ... (-1585916005) 
[2022-05-27 20:45:43] [INFO]: 发送群 Py QQbot(813476953) 的消息: [CQ:image, ... (835176970) 
[2022-05-27 20:45:43] [INFO]: 发送群 Py QQbot(813476953) 的消息: 本条动态地址为htt ... (1187052188) 
[2022-05-27 22:00:39] [INFO]: 发送群 Py QQbot(813476953) 的消息: 鹿乃酱 开播啦啦啦！ ... (638022521) 
[2022-05-27 23:53:18] [INFO]: 收到群 kenshi汉化和mod研究及暖(696654735) 内 --初见--(920592790) 的消息: [CQ:at,qq=515481577]   冲昏了 (1922588626) 
