[2022-03-13 04:30:26] [INFO]: 当前版本:v1.0.0-rc1 
[2022-03-13 04:30:26] [INFO]: 将使用 device.json 内的设备信息运行Bot. 
[2022-03-13 04:30:27] [INFO]: Bot将在5秒后登录并开始信息处理, 按 Ctrl+C 取消. 
[2022-03-13 04:30:32] [INFO]: 开始尝试登录并同步消息... 
[2022-03-13 04:30:32] [INFO]: 使用协议: iPad 
[2022-03-13 04:30:35] [INFO]: Protocol -> connect to server: 203.205.255.220:8080 
[2022-03-13 04:30:38] [INFO]: 收到服务器地址更新通知, 将在下一次重连时应用.  
[2022-03-13 04:30:38] [INFO]: 登录成功 欢迎使用: 小八的狐狸耳朵~ 
[2022-03-13 04:30:38] [INFO]: 开始加载好友列表... 
[2022-03-13 04:30:39] [INFO]: 共加载 4 个好友. 
[2022-03-13 04:30:39] [INFO]: 开始加载群列表... 
[2022-03-13 04:30:40] [INFO]: 共加载 5 个群. 
[2022-03-13 04:30:40] [INFO]: 资源初始化完成, 开始处理信息. 
[2022-03-13 04:30:40] [INFO]: アトリは、高性能ですから! 
[2022-03-13 04:30:40] [INFO]: 开始尝试连接到反向WebSocket Universal服务器: ws://127.0.0.1:15510/cqhttp/ws/ 
[2022-03-13 04:30:40] [INFO]: 正在检查更新. 
[2022-03-13 04:30:40] [WARNING]: 连接到反向WebSocket Universal服务器 ws://127.0.0.1:15510/cqhttp/ws/ 时出现错误: dial tcp 127.0.0.1:15510: connect: connection refused 
[2022-03-13 04:30:40] [INFO]: 检查更新完成. 当前已运行最新版本. 
[2022-03-13 04:30:43] [INFO]: 开始尝试连接到反向WebSocket Universal服务器: ws://127.0.0.1:15510/cqhttp/ws/ 
[2022-03-13 04:30:43] [INFO]: 已连接到反向WebSocket Universal服务器 ws://127.0.0.1:15510/cqhttp/ws/ 
[2022-03-13 04:30:45] [INFO]: 开始诊断网络情况 
[2022-03-13 04:30:50] [INFO]: 网络诊断完成. 未发现问题 
[2022-03-13 09:42:47] [INFO]: 发送群 Py QQbot(813476953) 的消息: Tm发了新视频「或许 ... (1241458890) 
[2022-03-13 09:42:47] [INFO]: 发送群 Py QQbot(813476953) 的消息: 本条动态地址为htt ... (1056446556) 
[2022-03-13 14:57:43] [INFO]: 发送群 Py QQbot(813476953) 的消息: 秦喵喵发了新视频「【 ... (140850751) 
[2022-03-13 14:57:44] [INFO]: 发送群 Py QQbot(813476953) 的消息: 本条动态地址为htt ... (2137130665) 
[2022-03-13 15:38:38] [INFO]: 昨日 炎头队长沙福林(2175422756) 在群 696654735 内发言最积极, 获得 龙王 标识。 
[2022-03-13 18:27:41] [INFO]: 发送群 Py QQbot(813476953) 的消息: 秦喵喵发了新动态：  ... (-429172973) 
[2022-03-13 18:27:43] [INFO]: 发送群 Py QQbot(813476953) 的消息: [CQ:image, ... (-1855166587) 
[2022-03-13 18:27:43] [INFO]: 发送群 Py QQbot(813476953) 的消息: 本条动态地址为htt ... (252244518) 
[2022-03-13 19:51:39] [INFO]: 收到群 kenshi汉化和mod研究及暖(696654735) 内 阿格努(710621309) 的消息: [CQ:image,file=d507450cc1865cb4d4fff97bc66227f4.image,subType=0] (-898827764) 
