[2022-06-20 04:30:03] [INFO]: 当前版本:v1.0.0-rc1 
[2022-06-20 04:30:03] [INFO]: 将使用 device.json 内的设备信息运行Bot. 
[2022-06-20 04:30:03] [INFO]: Bot将在5秒后登录并开始信息处理, 按 Ctrl+C 取消. 
[2022-06-20 04:30:08] [INFO]: 开始尝试登录并同步消息... 
[2022-06-20 04:30:08] [INFO]: 使用协议: iPad 
[2022-06-20 04:30:11] [INFO]: Protocol -> connect to server: 43.154.240.13:8080 
[2022-06-20 04:30:35] [INFO]: 当前版本:v1.0.0-rc1 
[2022-06-20 04:30:35] [INFO]: 将使用 device.json 内的设备信息运行Bot. 
[2022-06-20 04:30:35] [INFO]: Bot将在5秒后登录并开始信息处理, 按 Ctrl+C 取消. 
[2022-06-20 04:30:40] [INFO]: 开始尝试登录并同步消息... 
[2022-06-20 04:30:40] [INFO]: 使用协议: iPad 
[2022-06-20 04:30:42] [INFO]: Protocol -> connect to server: 43.135.106.161:8080 
[2022-06-20 04:30:47] [INFO]: 登录成功 欢迎使用: 小八的狐狸耳朵~ 
[2022-06-20 04:30:47] [INFO]: 开始加载好友列表... 
[2022-06-20 04:30:47] [INFO]: 共加载 4 个好友. 
[2022-06-20 04:30:47] [INFO]: 开始加载群列表... 
[2022-06-20 04:30:48] [INFO]: 共加载 5 个群. 
[2022-06-20 04:30:48] [INFO]: 资源初始化完成, 开始处理信息. 
[2022-06-20 04:30:48] [INFO]: アトリは、高性能ですから! 
[2022-06-20 04:30:48] [INFO]: 开始尝试连接到反向WebSocket Universal服务器: ws://127.0.0.1:15510/cqhttp/ws/ 
[2022-06-20 04:30:48] [INFO]: 正在检查更新. 
[2022-06-20 04:30:48] [WARNING]: 连接到反向WebSocket Universal服务器 ws://127.0.0.1:15510/cqhttp/ws/ 时出现错误: dial tcp 127.0.0.1:15510: connect: connection refused 
[2022-06-20 04:30:49] [INFO]: 当前有更新的 go-cqhttp 可供更新, 请前往 https://github.com/Mrs4s/go-cqhttp/releases 下载. 
[2022-06-20 04:30:49] [INFO]: 当前版本: v1.0.0-rc1 最新版本: v1.0.0-rc2 
[2022-06-20 04:30:51] [INFO]: 开始尝试连接到反向WebSocket Universal服务器: ws://127.0.0.1:15510/cqhttp/ws/ 
[2022-06-20 04:30:51] [INFO]: 已连接到反向WebSocket Universal服务器 ws://127.0.0.1:15510/cqhttp/ws/ 
[2022-06-20 04:30:53] [INFO]: 开始诊断网络情况 
[2022-06-20 04:31:00] [INFO]: 网络诊断完成. 未发现问题 
[2022-06-20 16:30:52] [INFO]: 发送群 Py QQbot(813476953) 的消息: 鹿乃酱发了新动态：  ... (276083907) 
[2022-06-20 16:30:52] [INFO]: 发送群 Py QQbot(813476953) 的消息: 本条动态地址为htt ... (1735623765) 
[2022-06-20 20:15:51] [INFO]: 发送群 Py QQbot(813476953) 的消息: 秦喵喵转发了「Pin ... (897740594) 
[2022-06-20 20:15:52] [INFO]: 发送群 Py QQbot(813476953) 的消息: 本条动态地址为htt ... (1116037028) 
[2022-06-20 21:06:55] [INFO]: 发送群 Py QQbot(813476953) 的消息: 狗妈 开播啦啦啦！！ ... (-611578338) 
[2022-06-20 22:11:07] [INFO]: 收到群 kenshi汉化和mod研究及暖(696654735) 内 炎头队长沙福林(2175422756) 的消息: [CQ:forward,id=P5NxdAYhvaLzBF0A5WJs8fcoQk83qt+5p6kcu2vDzuVm3RhEzxluR3ISn/L4MDkL] (1089233350) 
[2022-06-20 23:05:07] [INFO]: 收到群 kenshi汉化和mod研究及暖(696654735) 内 @(1286599475) 的消息: 请问，fcs可以替换地形（改地图）和禁止原版内容吗？ (539748387) 
[2022-06-20 23:17:50] [INFO]: 收到群 kenshi汉化和mod研究及暖(696654735) 内 炎头队长沙福林(2175422756) 的消息: 那个好像要用到地图编辑器 (1462556853) 
[2022-06-20 23:18:35] [INFO]: 收到群 kenshi汉化和mod研究及暖(696654735) 内 水行修(2214497344) 的消息: 改地图要进到游戏里f12 (-836400881) 
[2022-06-20 23:18:59] [INFO]: 收到群 kenshi汉化和mod研究及暖(696654735) 内 水行修(2214497344) 的消息: 但是只能改物体，不能改已经固定好的地势 (-1188906599) 
[2022-06-20 23:19:41] [INFO]: 收到群 kenshi汉化和mod研究及暖(696654735) 内 水行修(2214497344) 的消息: 挪个房子、把哀矿的巨型铁棚子删了还是可以的 (658910266) 
[2022-06-20 23:45:04] [INFO]: 收到群 kenshi汉化和mod研究及暖(696654735) 内 @(1286599475) 的消息: [CQ:image,file=a39cc4525adc1aab8e10eecbc8188bbe.image,subType=7] (1346444460) 
