[2022-06-25 04:30:25] [INFO]: 当前版本:v1.0.0-rc1 
[2022-06-25 04:30:25] [INFO]: 将使用 device.json 内的设备信息运行Bot. 
[2022-06-25 04:30:26] [INFO]: Bot将在5秒后登录并开始信息处理, 按 Ctrl+C 取消. 
[2022-06-25 04:30:31] [INFO]: 开始尝试登录并同步消息... 
[2022-06-25 04:30:31] [INFO]: 使用协议: iPad 
[2022-06-25 04:30:34] [INFO]: Protocol -> connect to server: 43.135.106.161:8080 
[2022-06-25 04:30:38] [INFO]: 收到服务器地址更新通知, 将在下一次重连时应用.  
[2022-06-25 04:30:38] [INFO]: 登录成功 欢迎使用: 小八的狐狸耳朵~ 
[2022-06-25 04:30:38] [INFO]: 开始加载好友列表... 
[2022-06-25 04:30:38] [INFO]: 共加载 4 个好友. 
[2022-06-25 04:30:38] [INFO]: 开始加载群列表... 
[2022-06-25 04:30:39] [INFO]: 共加载 5 个群. 
[2022-06-25 04:30:39] [INFO]: 资源初始化完成, 开始处理信息. 
[2022-06-25 04:30:39] [INFO]: アトリは、高性能ですから! 
[2022-06-25 04:30:39] [INFO]: 开始尝试连接到反向WebSocket Universal服务器: ws://127.0.0.1:15510/cqhttp/ws/ 
[2022-06-25 04:30:39] [INFO]: 正在检查更新. 
[2022-06-25 04:30:39] [INFO]: 已连接到反向WebSocket Universal服务器 ws://127.0.0.1:15510/cqhttp/ws/ 
[2022-06-25 04:30:40] [INFO]: 当前有更新的 go-cqhttp 可供更新, 请前往 https://github.com/Mrs4s/go-cqhttp/releases 下载. 
[2022-06-25 04:30:40] [INFO]: 当前版本: v1.0.0-rc1 最新版本: v1.0.0-rc3 
[2022-06-25 04:30:44] [INFO]: 开始诊断网络情况 
[2022-06-25 04:30:54] [WARNING]: 警告: 长消息响应延迟为 9657ms, 大于 1000ms, 可能导致无法接收/发送长消息的情况, 请检查本地网络状态. 
[2022-06-25 04:30:54] [INFO]: 网络诊断完成. 未发现问题 
[2022-06-25 11:12:46] [INFO]: 发送群 Py QQbot(813476953) 的消息: Tm发了新视频「“我 ... (1304217060) 
[2022-06-25 11:12:46] [INFO]: 发送群 Py QQbot(813476953) 的消息: 本条动态地址为htt ... (-740798393) 
[2022-06-25 14:30:39] [INFO]: 发送群 Py QQbot(813476953) 的消息: 鹿乃酱 开播啦啦啦！ ... (-1528864559) 
[2022-06-25 15:18:39] [INFO]: 发送群 Py QQbot(813476953) 的消息: 秦喵喵发了新视频「【 ... (1037447531) 
[2022-06-25 15:18:40] [INFO]: 发送群 Py QQbot(813476953) 的消息: 本条动态地址为htt ... (1255211517) 
[2022-06-25 23:13:13] [INFO]: 收到群 kenshi汉化和mod研究及暖(696654735) 内 炎头队长沙福林(2175422756) 的消息: [CQ:image,file=26742410a4a7e572747f8d1e98626209.image,subType=0] (-289770456) 
