[2022-03-02 04:30:28] [INFO]: 当前版本:v1.0.0-beta6 
[2022-03-02 04:30:28] [INFO]: 用户交流群: 721829413 
[2022-03-02 04:30:28] [INFO]: 将使用 device.json 内的设备信息运行Bot. 
[2022-03-02 04:30:28] [INFO]: Bot将在5秒后登录并开始信息处理, 按 Ctrl+C 取消. 
[2022-03-02 04:30:33] [INFO]: 开始尝试登录并同步消息... 
[2022-03-02 04:30:33] [INFO]: 使用协议: iPad 
[2022-03-02 04:30:37] [INFO]: Protocol -> connect to server: 203.205.255.221:8080 
[2022-03-02 04:30:38] [ERROR]: Protocol -> decrypt payload error: unknown flag 
[2022-03-02 04:30:52] [ERROR]: Protocol -> decrypt payload error: unknown flag 
[2022-03-02 04:31:07] [WARNING]: 恢复会话失败: Packet timed out , 尝试使用正常流程登录. 
[2022-03-02 04:31:10] [INFO]: Protocol -> connect to server: 203.205.255.220:8080 
[2022-03-02 04:31:11] [ERROR]: Protocol -> decrypt payload error: unknown flag 
[2022-03-02 04:31:26] [ERROR]: Protocol -> decrypt payload error: unknown flag 
[2022-03-02 04:31:41] [FATAL]: 登录时发生致命错误: Packet timed out 
[2022-03-02 04:31:42] [INFO]: 当前版本:v1.0.0-beta6 
[2022-03-02 04:31:42] [INFO]: 用户交流群: 721829413 
[2022-03-02 04:31:42] [INFO]: 将使用 device.json 内的设备信息运行Bot. 
[2022-03-02 04:31:42] [INFO]: Bot将在5秒后登录并开始信息处理, 按 Ctrl+C 取消. 
[2022-03-02 04:31:47] [INFO]: 开始尝试登录并同步消息... 
[2022-03-02 04:31:47] [INFO]: 使用协议: iPad 
[2022-03-02 04:31:50] [INFO]: Protocol -> connect to server: 203.205.255.221:8080 
[2022-03-02 04:31:50] [ERROR]: Protocol -> decrypt payload error: unknown flag 
[2022-03-02 04:32:05] [ERROR]: Protocol -> decrypt payload error: unknown flag 
[2022-03-02 04:32:20] [FATAL]: 登录时发生致命错误: Packet timed out 
[2022-03-02 04:32:21] [INFO]: 当前版本:v1.0.0-beta6 
[2022-03-02 04:32:21] [INFO]: 用户交流群: 721829413 
[2022-03-02 04:32:21] [INFO]: 将使用 device.json 内的设备信息运行Bot. 
[2022-03-02 04:32:21] [INFO]: Bot将在5秒后登录并开始信息处理, 按 Ctrl+C 取消. 
[2022-03-02 04:32:26] [INFO]: 开始尝试登录并同步消息... 
[2022-03-02 04:32:26] [INFO]: 使用协议: iPad 
[2022-03-02 04:32:30] [INFO]: Protocol -> connect to server: 203.205.255.220:8080 
[2022-03-02 04:32:31] [ERROR]: Protocol -> decrypt payload error: unknown flag 
[2022-03-02 04:32:46] [ERROR]: Protocol -> decrypt payload error: unknown flag 
[2022-03-02 04:33:00] [FATAL]: 登录时发生致命错误: Packet timed out 
[2022-03-02 04:33:01] [INFO]: 当前版本:v1.0.0-beta6 
[2022-03-02 04:33:01] [INFO]: 用户交流群: 721829413 
[2022-03-02 04:33:01] [INFO]: 将使用 device.json 内的设备信息运行Bot. 
[2022-03-02 04:33:01] [INFO]: Bot将在5秒后登录并开始信息处理, 按 Ctrl+C 取消. 
[2022-03-02 04:33:06] [INFO]: 开始尝试登录并同步消息... 
[2022-03-02 04:33:06] [INFO]: 使用协议: iPad 
[2022-03-02 04:33:09] [INFO]: Protocol -> connect to server: 203.205.255.221:8080 
[2022-03-02 04:33:12] [INFO]: 登录成功 欢迎使用: 小八的狐狸耳朵~ 
[2022-03-02 04:33:12] [INFO]: 开始加载好友列表... 
[2022-03-02 04:33:12] [INFO]: 共加载 4 个好友. 
[2022-03-02 04:33:12] [INFO]: 开始加载群列表... 
[2022-03-02 04:33:13] [INFO]: 共加载 5 个群. 
[2022-03-02 04:33:13] [INFO]: 信息数据库初始化完成. 
[2022-03-02 04:33:13] [INFO]: 资源初始化完成, 开始处理信息. 
[2022-03-02 04:33:13] [INFO]: アトリは、高性能ですから! 
[2022-03-02 04:33:13] [INFO]: 开始尝试连接到反向WebSocket Universal服务器: ws://127.0.0.1:15510/cqhttp/ws/ 
[2022-03-02 04:33:13] [INFO]: 正在检查更新. 
[2022-03-02 04:33:14] [INFO]: 收到服务器地址更新通知, 将在下一次重连时应用.  
[2022-03-02 04:33:14] [INFO]: 当前有更新的 go-cqhttp 可供更新, 请前往 https://github.com/Mrs4s/go-cqhttp/releases 下载. 
[2022-03-02 04:33:14] [INFO]: 当前版本: v1.0.0-beta6 最新版本: v1.0.0-rc1 
[2022-03-02 09:19:37] [INFO]: 收到群 kenshi汉化和mod研究及暖(696654735) 内 囧※boy(1114167743) 的消息: 因为你进行科学加工效果也一样 (-817397684) 
[2022-03-02 15:21:47] [INFO]: 发送群 Py QQbot(813476953) 的消息: 秦喵喵发了新视频「【 ... (-1088732292) 
[2022-03-02 15:21:48] [INFO]: 发送群 Py QQbot(813476953) 的消息: 本条动态地址为htt ... (-937659414) 
[2022-03-02 17:27:48] [INFO]: 发送群 Py QQbot(813476953) 的消息: 秦喵喵转发了「硬核钟 ... (1360339536) 
[2022-03-02 17:27:48] [INFO]: 发送群 Py QQbot(813476953) 的消息: 本条动态地址为htt ... (638718662) 
[2022-03-02 18:03:44] [INFO]: 发送群 Py QQbot(813476953) 的消息: 秦喵喵转发了「Pin ... (-1230172329) 
[2022-03-02 18:03:45] [INFO]: 发送群 Py QQbot(813476953) 的消息: 本条动态地址为htt ... (-1045807167) 
[2022-03-02 18:48:42] [INFO]: 发送群 Py QQbot(813476953) 的消息: 鹿乃酱发了新动态：  ... (-1586645468) 
[2022-03-02 18:48:43] [INFO]: 发送群 Py QQbot(813476953) 的消息: 本条动态地址为htt ... (-697661774) 
[2022-03-02 19:36:47] [INFO]: 发送群 Py QQbot(813476953) 的消息: 秦喵喵发了新动态：  ... (1331943176) 
[2022-03-02 19:36:49] [INFO]: 发送群 Py QQbot(813476953) 的消息: [CQ:image, ... (946136990) 
[2022-03-02 19:36:49] [INFO]: 发送群 Py QQbot(813476953) 的消息: 本条动态地址为htt ... (-1509920195) 
