[2022-05-05 04:30:05] [INFO]: 当前版本:v1.0.0-rc1 
[2022-05-05 04:30:05] [INFO]: 将使用 device.json 内的设备信息运行Bot. 
[2022-05-05 04:30:05] [INFO]: Bot将在5秒后登录并开始信息处理, 按 Ctrl+C 取消. 
[2022-05-05 04:30:10] [INFO]: 开始尝试登录并同步消息... 
[2022-05-05 04:30:10] [INFO]: 使用协议: iPad 
[2022-05-05 04:30:13] [INFO]: Protocol -> connect to server: 43.154.240.13:8080 
[2022-05-05 04:30:38] [INFO]: 当前版本:v1.0.0-rc1 
[2022-05-05 04:30:38] [INFO]: 将使用 device.json 内的设备信息运行Bot. 
[2022-05-05 04:30:38] [INFO]: Bot将在5秒后登录并开始信息处理, 按 Ctrl+C 取消. 
[2022-05-05 04:30:43] [INFO]: 开始尝试登录并同步消息... 
[2022-05-05 04:30:43] [INFO]: 使用协议: iPad 
[2022-05-05 04:30:46] [INFO]: Protocol -> connect to server: 43.154.240.13:8080 
[2022-05-05 04:30:50] [INFO]: 登录成功 欢迎使用: 小八的狐狸耳朵~ 
[2022-05-05 04:30:50] [INFO]: 开始加载好友列表... 
[2022-05-05 04:30:51] [INFO]: 共加载 4 个好友. 
[2022-05-05 04:30:51] [INFO]: 开始加载群列表... 
[2022-05-05 04:30:51] [INFO]: 共加载 5 个群. 
[2022-05-05 04:30:52] [INFO]: 资源初始化完成, 开始处理信息. 
[2022-05-05 04:30:52] [INFO]: アトリは、高性能ですから! 
[2022-05-05 04:30:52] [INFO]: 开始尝试连接到反向WebSocket Universal服务器: ws://127.0.0.1:15510/cqhttp/ws/ 
[2022-05-05 04:30:52] [INFO]: 正在检查更新. 
[2022-05-05 04:30:52] [INFO]: 已连接到反向WebSocket Universal服务器 ws://127.0.0.1:15510/cqhttp/ws/ 
[2022-05-05 04:30:52] [INFO]: 检查更新完成. 当前已运行最新版本. 
[2022-05-05 04:30:57] [INFO]: 开始诊断网络情况 
[2022-05-05 04:31:03] [INFO]: 网络诊断完成. 未发现问题 
[2022-05-05 10:44:52] [INFO]: 收到群 kenshi汉化和mod研究及暖(696654735) 内 阿格努(710621309) 的消息: 人人讲安全
安全为人人 (-425269046) 
[2022-05-05 14:50:24] [INFO]: 收到群 kenshi汉化和mod研究及暖(696654735) 内 drm9900(515481577) 的消息: [CQ:image,file=77660125bf775d97ea3b7a8582f6690a.image,subType=0] (-1851664292) 
[2022-05-05 16:08:27] [INFO]: 收到群 kenshi汉化和mod研究及暖(696654735) 内 Ash焱魔(1204524275) 的消息: [CQ:image,file=1cc98ac3b6912e79c76891515e20cffb.image,subType=0] (264588799) 
[2022-05-05 16:08:35] [INFO]: 收到群 kenshi汉化和mod研究及暖(696654735) 内 Ash焱魔(1204524275) 的消息: [CQ:image,file=7b11a48682bd2b87cf95df0718e38af0.image,subType=1] (2026012009) 
[2022-05-05 19:48:51] [INFO]: 发送群 Py QQbot(813476953) 的消息: 秦喵喵发了新动态：  ... (-1560542219) 
[2022-05-05 19:48:55] [INFO]: 发送群 Py QQbot(813476953) 的消息: [CQ:image, ... (843259492) 
[2022-05-05 19:48:56] [INFO]: 发送群 Py QQbot(813476953) 的消息: 本条动态地址为htt ... (1162096370) 
[2022-05-05 22:25:18] [INFO]: 收到好友 小八的狐狸尾巴~(1216878448) 的消息: &#91;&#91;QQ小程序&#93;哔哩哔哩&#93;请使用最新版本手机QQ查看[CQ:json,data={"app":"com.tencent.miniapp_01"&#44;"desc":"哔哩哔哩"&#44;"view":"view_8C8E89B49BE609866298ADDFF2DBABA4"&#44;"ver":"1.0.0.19"&#44;"prompt":"&#91;QQ小程序&#93;哔哩哔哩"&#44;"meta":{"detail_1":{"appType":0&#44;"appid":"1109937557"&#44;"desc":"【无人深空】猛男必备粉色太阳帆飞船  附坐标"&#44;"gamePoints":""&#44;"gamePointsUrl":""&#44;"host":{"nick":"小八的狐狸尾巴~"&#44;"uin":1216878448}&#44;"icon":"http:\/\/miniapp.gtimg.cn\/public\/appicon\/432b76be3a548fc128acaa6c1ec90131_200.jpg"&#44;"preview":"pubminishare-30161.picsz.qpic.cn\/a7bb4c33-01ec-45cd-9b53-0f117833126d"&#44;"qqdocurl":"https:\/\/b23.tv\/roVoBab?share_medium=android&amp;share_source=qq&amp;bbid=XY0538E06FF6F401D5AAC381F933734A1B73D&amp;ts=1650366805205"&#44;"scene":1036&#44;"shareTemplateData":{}&#44;"shareTemplateId":"8C8E89B49BE609866298ADDFF2DBABA4"&#44;"showLittleTail":""&#44;"title":"哔哩哔哩"&#44;"url":"m.q.qq.com\/a\/s\/8d7e28759c34ea74e4fcf757bc8dfb40"}}&#44;"config":{"autoSize":0&#44;"ctime":1650366805&#44;"forward":1&#44;"height":0&#44;"token":"b54a796d54a55066c7368e94729c5484"&#44;"type":"normal"&#44;"width":0}}] (1956073619) 
