[2022-05-16 04:30:29] [INFO]: 当前版本:v1.0.0-rc1 
[2022-05-16 04:30:29] [INFO]: 将使用 device.json 内的设备信息运行Bot. 
[2022-05-16 04:30:29] [INFO]: Bot将在5秒后登录并开始信息处理, 按 Ctrl+C 取消. 
[2022-05-16 04:30:34] [INFO]: 开始尝试登录并同步消息... 
[2022-05-16 04:30:34] [INFO]: 使用协议: iPad 
[2022-05-16 04:30:37] [INFO]: Protocol -> connect to server: 43.135.106.161:8080 
[2022-05-16 04:30:40] [INFO]: 收到服务器地址更新通知, 将在下一次重连时应用.  
[2022-05-16 04:30:41] [INFO]: 登录成功 欢迎使用: 小八的狐狸耳朵~ 
[2022-05-16 04:30:41] [INFO]: 开始加载好友列表... 
[2022-05-16 04:30:41] [INFO]: 共加载 4 个好友. 
[2022-05-16 04:30:41] [INFO]: 开始加载群列表... 
[2022-05-16 04:30:42] [INFO]: 共加载 5 个群. 
[2022-05-16 04:30:43] [INFO]: 资源初始化完成, 开始处理信息. 
[2022-05-16 04:30:43] [INFO]: アトリは、高性能ですから! 
[2022-05-16 04:30:43] [INFO]: 开始尝试连接到反向WebSocket Universal服务器: ws://127.0.0.1:15510/cqhttp/ws/ 
[2022-05-16 04:30:43] [INFO]: 正在检查更新. 
[2022-05-16 04:30:43] [WARNING]: 连接到反向WebSocket Universal服务器 ws://127.0.0.1:15510/cqhttp/ws/ 时出现错误: dial tcp 127.0.0.1:15510: connect: connection refused 
[2022-05-16 04:30:43] [INFO]: 检查更新完成. 当前已运行最新版本. 
[2022-05-16 04:30:46] [INFO]: 开始尝试连接到反向WebSocket Universal服务器: ws://127.0.0.1:15510/cqhttp/ws/ 
[2022-05-16 04:30:46] [INFO]: 已连接到反向WebSocket Universal服务器 ws://127.0.0.1:15510/cqhttp/ws/ 
[2022-05-16 04:30:48] [INFO]: 开始诊断网络情况 
[2022-05-16 04:30:52] [INFO]: 网络诊断完成. 未发现问题 
[2022-05-16 10:47:47] [ERROR]: Protocol -> unexpected disconnect: EOF 
[2022-05-16 10:47:47] [INFO]: Protocol -> connect to server: 169.47.230.125:10001 
[2022-05-16 10:47:50] [INFO]: 收到服务器地址更新通知, 将在下一次重连时应用.  
[2022-05-16 14:51:44] [INFO]: 收到群 kenshi汉化和mod研究及暖(696654735) 内 囧※boy(1114167743) 的消息: 嗯？ (1612391967) 
[2022-05-16 14:51:54] [INFO]: 收到群 kenshi汉化和mod研究及暖(696654735) 内 囧※boy(1114167743) 的消息: vrchat不够你玩的？ (-116230235) 
[2022-05-16 16:21:44] [INFO]: 发送群 Py QQbot(813476953) 的消息: 秦喵喵发了新视频「【 ... (312393685) 
[2022-05-16 16:21:44] [INFO]: 发送群 Py QQbot(813476953) 的消息: 本条动态地址为htt ... (1704562499) 
[2022-05-16 17:09:46] [INFO]: 发送群 Py QQbot(813476953) 的消息: 狗妈 开播啦啦啦！！ ... (-57614599) 
[2022-05-16 18:22:34] [INFO]: 收到群 kenshi汉化和mod研究及暖(696654735) 内 阿格努(710621309) 的消息: [CQ:image,file=1d26991bd0b8f96f2bfcfcb5b0932ff8.image,subType=0] (-1911208141) 
[2022-05-16 20:15:44] [INFO]: 发送群 Py QQbot(813476953) 的消息: 秦喵喵发了新动态：  ... (-1952977297) 
[2022-05-16 20:16:34] [INFO]: 发送群 Py QQbot(813476953) 的消息: [CQ:image, ... (455668734) 
[2022-05-16 21:19:14] [INFO]: 收到群 kenshi汉化和mod研究及暖(696654735) 内 drm9900(515481577) 的消息: [CQ:image,file=b294c3e2323d286fbcc1c2d68d930612.image,subType=0] (514480802) 
[2022-05-16 22:24:33] [INFO]: 收到群 kenshi汉化和mod研究及暖(696654735) 内 drm9900(515481577) 的消息: [CQ:image,file=7937c9095212716b370b53d7279b47f1.image,subType=0] (1772972596) 
[2022-05-16 22:33:08] [INFO]: 收到群 kenshi汉化和mod研究及暖(696654735) 内 阿格努(710621309) 的消息: [CQ:reply,id=514480802][CQ:at,qq=515481577] [CQ:at,qq=515481577] 
耳朵没烂，腿绝对软了 (1596998743) 
