[2022-07-31 04:30:27] [INFO]: 当前版本:v1.0.0-rc1 
[2022-07-31 04:30:27] [INFO]: 将使用 device.json 内的设备信息运行Bot. 
[2022-07-31 04:30:27] [INFO]: Bot将在5秒后登录并开始信息处理, 按 Ctrl+C 取消. 
[2022-07-31 04:30:32] [INFO]: 开始尝试登录并同步消息... 
[2022-07-31 04:30:32] [INFO]: 使用协议: iPad 
[2022-07-31 04:30:36] [INFO]: Protocol -> connect to server: 43.154.240.13:8080 
[2022-07-31 04:30:40] [INFO]: 收到服务器地址更新通知, 将在下一次重连时应用.  
[2022-07-31 04:30:40] [INFO]: 登录成功 欢迎使用: 小八的狐狸耳朵~ 
[2022-07-31 04:30:40] [INFO]: 开始加载好友列表... 
[2022-07-31 04:30:41] [INFO]: 共加载 4 个好友. 
[2022-07-31 04:30:41] [INFO]: 开始加载群列表... 
[2022-07-31 04:30:41] [INFO]: 共加载 5 个群. 
[2022-07-31 04:30:42] [INFO]: 资源初始化完成, 开始处理信息. 
[2022-07-31 04:30:42] [INFO]: アトリは、高性能ですから! 
[2022-07-31 04:30:42] [INFO]: 开始尝试连接到反向WebSocket Universal服务器: ws://127.0.0.1:15510/cqhttp/ws/ 
[2022-07-31 04:30:42] [INFO]: 正在检查更新. 
[2022-07-31 04:30:42] [WARNING]: 连接到反向WebSocket Universal服务器 ws://127.0.0.1:15510/cqhttp/ws/ 时出现错误: dial tcp 127.0.0.1:15510: connect: connection refused 
[2022-07-31 04:30:42] [INFO]: 当前有更新的 go-cqhttp 可供更新, 请前往 https://github.com/Mrs4s/go-cqhttp/releases 下载. 
[2022-07-31 04:30:42] [INFO]: 当前版本: v1.0.0-rc1 最新版本: v1.0.0-rc3 
[2022-07-31 04:30:45] [INFO]: 开始尝试连接到反向WebSocket Universal服务器: ws://127.0.0.1:15510/cqhttp/ws/ 
[2022-07-31 04:30:45] [INFO]: 已连接到反向WebSocket Universal服务器 ws://127.0.0.1:15510/cqhttp/ws/ 
[2022-07-31 04:30:47] [INFO]: 开始诊断网络情况 
[2022-07-31 04:30:53] [INFO]: 网络诊断完成. 未发现问题 
[2022-07-31 08:24:50] [INFO]: 发送群 Py QQbot(813476953) 的消息: Tm发了新视频「准心 ... (-979837035) 
[2022-07-31 08:24:50] [INFO]: 发送群 Py QQbot(813476953) 的消息: 本条动态地址为htt ... (1553042991) 
[2022-07-31 14:03:46] [INFO]: 发送群 Py QQbot(813476953) 的消息: 秦喵喵发了新视频「【 ... (731299513) 
[2022-07-31 14:03:47] [INFO]: 发送群 Py QQbot(813476953) 的消息: 本条动态地址为htt ... (-1242420454) 
[2022-07-31 20:08:31] [INFO]: 收到群 <$ÿĀ>非狗X3＆肥欧狗X(859265365) 内 汪狗涛(2640365924) 的消息: [CQ:forward,id=EQgP9KFUrdlt6DN4bNju3xhGsVyzigADjkyPQzmMWp+lovQPkUI3WzEsTDPRoxe5] (481030104) 
[2022-07-31 20:23:36] [INFO]: 收到群 <$ÿĀ>非狗X3＆肥欧狗X(859265365) 内 鲶鱼诺(1542195170) 的消息: [CQ:image,file=0e577dfdafda314c0b0338adb6e60c17.image,subType=1] (1806491470) 
[2022-07-31 20:24:46] [INFO]: 发送群 Py QQbot(813476953) 的消息: 秦喵喵发了新动态：  ... (-1024124020) 
[2022-07-31 20:24:47] [INFO]: 发送群 Py QQbot(813476953) 的消息: 本条动态地址为htt ... (1543260726) 
