[2022-04-23 00:20:07] [INFO]: 收到群 kenshi汉化和mod研究及暖(696654735) 内 小八的狐狸尾巴~(1216878448) 的消息: [CQ:image,file=72eae5d6b58f0411c9631c44ae68db07.image,subType=0] (1268433043) 
[2022-04-23 04:30:27] [INFO]: 当前版本:v1.0.0-rc1 
[2022-04-23 04:30:27] [INFO]: 将使用 device.json 内的设备信息运行Bot. 
[2022-04-23 04:30:28] [INFO]: Bot将在5秒后登录并开始信息处理, 按 Ctrl+C 取消. 
[2022-04-23 04:30:33] [INFO]: 开始尝试登录并同步消息... 
[2022-04-23 04:30:33] [INFO]: 使用协议: iPad 
[2022-04-23 04:30:35] [INFO]: Protocol -> connect to server: 43.135.106.161:8080 
[2022-04-23 04:30:39] [INFO]: 收到服务器地址更新通知, 将在下一次重连时应用.  
[2022-04-23 04:30:39] [INFO]: 登录成功 欢迎使用: 小八的狐狸耳朵~ 
[2022-04-23 04:30:39] [INFO]: 开始加载好友列表... 
[2022-04-23 04:30:40] [INFO]: 共加载 4 个好友. 
[2022-04-23 04:30:40] [INFO]: 开始加载群列表... 
[2022-04-23 04:30:41] [INFO]: 共加载 5 个群. 
[2022-04-23 04:30:41] [INFO]: 资源初始化完成, 开始处理信息. 
[2022-04-23 04:30:41] [INFO]: アトリは、高性能ですから! 
[2022-04-23 04:30:41] [INFO]: 开始尝试连接到反向WebSocket Universal服务器: ws://127.0.0.1:15510/cqhttp/ws/ 
[2022-04-23 04:30:41] [INFO]: 正在检查更新. 
[2022-04-23 04:30:41] [INFO]: 已连接到反向WebSocket Universal服务器 ws://127.0.0.1:15510/cqhttp/ws/ 
[2022-04-23 04:30:41] [INFO]: 检查更新完成. 当前已运行最新版本. 
[2022-04-23 04:30:46] [INFO]: 开始诊断网络情况 
[2022-04-23 04:30:51] [INFO]: 网络诊断完成. 未发现问题 
[2022-04-23 11:21:44] [INFO]: 发送群 Py QQbot(813476953) 的消息: Tm发了新视频「白了 ... (608292128) 
[2022-04-23 11:21:45] [INFO]: 发送群 Py QQbot(813476953) 的消息: 本条动态地址为htt ... (1397161398) 
[2022-04-23 12:08:48] [INFO]: 收到群 <$ÿĀ>非狗X3＆肥欧狗X(859265365) 内 吴狗男(1216878448) 的消息: [CQ:image,file=9ed4224a862d7c6e59eef4571b879180.image,subType=0] (-549249060) 
[2022-04-23 15:19:13] [INFO]: 收到群 kenshi汉化和mod研究及暖(696654735) 内 蓝莓果酱(592695989) 的消息: [CQ:image,file=ee0fd357d6b56b921238b1b8d7e08829.image,subType=1] (727533942) 
[2022-04-23 15:53:00] [INFO]: 收到群 kenshi汉化和mod研究及暖(696654735) 内 思维网球(1158813857) 的消息: 你就是想看涩图吧！ (1549433312) 
[2022-04-23 16:14:59] [INFO]: 收到群 kenshi汉化和mod研究及暖(696654735) 内 羊咩.🐑(1399663568) 的消息: 色图呢 (-984405926) 
[2022-04-23 16:15:06] [INFO]: 收到群 kenshi汉化和mod研究及暖(696654735) 内 羊咩.🐑(1399663568) 的消息: [CQ:image,file=90c7d44cc2ac430bda7c8f2dc8490ced.image,subType=1] (-1303111476) 
[2022-04-23 16:15:08] [INFO]: 收到群 kenshi汉化和mod研究及暖(696654735) 内 羊咩.🐑(1399663568) 的消息: [CQ:image,file=04291fd4a817953139311ba0ea60c797.image,subType=1] (741379439) 
[2022-04-23 18:57:40] [INFO]: 发送群 Py QQbot(813476953) 的消息: 秦喵喵发了新动态：  ... (-900748276) 
[2022-04-23 18:57:44] [INFO]: 发送群 Py QQbot(813476953) 的消息: [CQ:image, ... (-1119314790) 
[2022-04-23 18:57:44] [INFO]: 发送群 Py QQbot(813476953) 的消息: 本条动态地址为htt ... (590088505) 
