[2022-04-28 04:30:25] [INFO]: 当前版本:v1.0.0-rc1 
[2022-04-28 04:30:25] [INFO]: 将使用 device.json 内的设备信息运行Bot. 
[2022-04-28 04:30:25] [INFO]: Bot将在5秒后登录并开始信息处理, 按 Ctrl+C 取消. 
[2022-04-28 04:30:30] [INFO]: 开始尝试登录并同步消息... 
[2022-04-28 04:30:30] [INFO]: 使用协议: iPad 
[2022-04-28 04:30:34] [INFO]: Protocol -> connect to server: 43.154.240.13:8080 
[2022-04-28 04:30:37] [INFO]: 收到服务器地址更新通知, 将在下一次重连时应用.  
[2022-04-28 04:30:38] [INFO]: 登录成功 欢迎使用: 小八的狐狸耳朵~ 
[2022-04-28 04:30:38] [INFO]: 开始加载好友列表... 
[2022-04-28 04:30:38] [INFO]: 共加载 4 个好友. 
[2022-04-28 04:30:38] [INFO]: 开始加载群列表... 
[2022-04-28 04:30:39] [INFO]: 共加载 5 个群. 
[2022-04-28 04:30:39] [INFO]: 资源初始化完成, 开始处理信息. 
[2022-04-28 04:30:39] [INFO]: アトリは、高性能ですから! 
[2022-04-28 04:30:39] [INFO]: 开始尝试连接到反向WebSocket Universal服务器: ws://127.0.0.1:15510/cqhttp/ws/ 
[2022-04-28 04:30:39] [INFO]: 正在检查更新. 
[2022-04-28 04:30:39] [INFO]: 已连接到反向WebSocket Universal服务器 ws://127.0.0.1:15510/cqhttp/ws/ 
[2022-04-28 04:30:39] [INFO]: 检查更新完成. 当前已运行最新版本. 
[2022-04-28 04:30:44] [INFO]: 开始诊断网络情况 
[2022-04-28 04:30:49] [WARNING]: 警告: 长消息响应延迟为 3165ms, 大于 1000ms, 可能导致无法接收/发送长消息的情况, 请检查本地网络状态. 
[2022-04-28 04:30:49] [INFO]: 网络诊断完成. 未发现问题 
[2022-04-28 15:28:33] [INFO]: 昨日 思维网球(1158813857) 在群 696654735 内发言最积极, 获得 龙王 标识。 
[2022-04-28 16:45:41] [INFO]: 发送群 Py QQbot(813476953) 的消息: 秦喵喵发了新视频「【 ... (320768372) 
[2022-04-28 16:45:41] [INFO]: 发送群 Py QQbot(813476953) 的消息: 本条动态地址为htt ... (1943601297) 
[2022-04-28 17:26:44] [INFO]: 收到群 kenshi汉化和mod研究及暖(696654735) 内 炎头队长沙福林(2175422756) 的消息: [CQ:forward,id=QhGpZgPytUjxHgEshctcf1i+oXklDZYW8YW007OBghFWrV3IHcTmJU/5VAKLqHvz] (-1805366331) 
[2022-04-28 17:55:23] [INFO]: 收到好友 小八的狐狸尾巴~(1216878448) 的消息: [CQ:json,data={"app":"com.tencent.miniapp_01"&#44;"config":{"autoSize":0&#44;"ctime":1651139722&#44;"forward":1&#44;"height":0&#44;"token":"87de2a653856da9a1b2ba3b020bd3fa2"&#44;"type":"normal"&#44;"width":0}&#44;"desc":"哔哩哔哩"&#44;"extra":{"app_type":1&#44;"appid":100951776&#44;"uin":1216878448}&#44;"meta":{"detail_1":{"appType":0&#44;"appid":"1109937557"&#44;"desc":"无人深空巨鹿宠物地址"&#44;"gamePoints":""&#44;"gamePointsUrl":""&#44;"host":{"nick":"小八的狐狸尾巴~"&#44;"uin":1216878448}&#44;"icon":"https://open.gtimg.cn/open/app_icon/00/95/17/76/100951776_100_m.png?t=1649411918"&#44;"preview":"pubminishare-30161.picsz.qpic.cn/2abf1cbc-d257-4cad-af45-0f098918b254"&#44;"qqdocurl":"https://b23.tv/0tzhJ3e?share_medium=android&amp;share_source=qq&amp;bbid=XY0538E06FF6F401D5AAC381F933734A1B73D&amp;ts=1651139722068"&#44;"scene":1036&#44;"shareTemplateData":{}&#44;"shareTemplateId":"8C8E89B49BE609866298ADDFF2DBABA4"&#44;"showLittleTail":""&#44;"title":"哔哩哔哩"&#44;"url":"m.q.qq.com/a/s/c3e56582a48c7fcce8855c97ce9a6c50"}}&#44;"needShareCallBack":false&#44;"prompt":"&#91;QQ小程序&#93;哔哩哔哩"&#44;"ver":"1.0.0.19"&#44;"view":"view_8C8E89B49BE609866298ADDFF2DBABA4"}] (1180996343) 
[2022-04-28 20:03:43] [INFO]: 发送群 Py QQbot(813476953) 的消息: 秦喵喵发了新动态：  ... (81670151) 
[2022-04-28 20:03:45] [INFO]: 发送群 Py QQbot(813476953) 的消息: [CQ:image, ... (-1646829123) 
[2022-04-28 20:03:46] [INFO]: 发送群 Py QQbot(813476953) 的消息: 本条动态地址为htt ... (-355446485) 
