[2022-07-19 01:03:43] [INFO]: 发送群 Py QQbot(813476953) 的消息: 秦喵喵转发了「MKi ... (-1019776581) 
[2022-07-19 01:03:43] [INFO]: 发送群 Py QQbot(813476953) 的消息: 本条动态地址为htt ... (1514020865) 
[2022-07-19 04:30:26] [INFO]: 当前版本:v1.0.0-rc1 
[2022-07-19 04:30:26] [INFO]: 将使用 device.json 内的设备信息运行Bot. 
[2022-07-19 04:30:26] [INFO]: Bot将在5秒后登录并开始信息处理, 按 Ctrl+C 取消. 
[2022-07-19 04:30:31] [INFO]: 开始尝试登录并同步消息... 
[2022-07-19 04:30:31] [INFO]: 使用协议: iPad 
[2022-07-19 04:30:34] [INFO]: Protocol -> connect to server: 43.135.106.161:8080 
[2022-07-19 04:30:37] [INFO]: 收到服务器地址更新通知, 将在下一次重连时应用.  
[2022-07-19 04:30:38] [INFO]: 登录成功 欢迎使用: 小八的狐狸耳朵~ 
[2022-07-19 04:30:38] [INFO]: 开始加载好友列表... 
[2022-07-19 04:30:38] [INFO]: 共加载 4 个好友. 
[2022-07-19 04:30:38] [INFO]: 开始加载群列表... 
[2022-07-19 04:30:39] [INFO]: 共加载 5 个群. 
[2022-07-19 04:30:39] [INFO]: 资源初始化完成, 开始处理信息. 
[2022-07-19 04:30:39] [INFO]: アトリは、高性能ですから! 
[2022-07-19 04:30:39] [INFO]: 开始尝试连接到反向WebSocket Universal服务器: ws://127.0.0.1:15510/cqhttp/ws/ 
[2022-07-19 04:30:39] [INFO]: 正在检查更新. 
[2022-07-19 04:30:40] [INFO]: 已连接到反向WebSocket Universal服务器 ws://127.0.0.1:15510/cqhttp/ws/ 
[2022-07-19 04:30:40] [INFO]: 当前有更新的 go-cqhttp 可供更新, 请前往 https://github.com/Mrs4s/go-cqhttp/releases 下载. 
[2022-07-19 04:30:40] [INFO]: 当前版本: v1.0.0-rc1 最新版本: v1.0.0-rc3 
[2022-07-19 04:30:44] [INFO]: 开始诊断网络情况 
[2022-07-19 04:30:49] [INFO]: 网络诊断完成. 未发现问题 
[2022-07-19 18:03:38] [INFO]: 发送群 Py QQbot(813476953) 的消息: 鹿乃酱发了新动态：  ... (758714519) 
[2022-07-19 18:03:42] [INFO]: 发送群 Py QQbot(813476953) 的消息: [CQ:image, ... (-1115288314) 
[2022-07-19 18:03:42] [INFO]: 发送群 Py QQbot(813476953) 的消息: 本条动态地址为htt ... (-897499760) 
[2022-07-19 18:12:20] [INFO]: 收到群 kenshi汉化和mod研究及暖(696654735) 内 阿格努(710621309) 的消息: [CQ:image,file=dde2ae3013b3ede209944f82a5f34482.image,subType=1] (100336513) 
[2022-07-19 18:33:40] [INFO]: 发送群 Py QQbot(813476953) 的消息: 秦喵喵发了新视频「【 ... (-1438206859) 
[2022-07-19 18:33:40] [INFO]: 发送群 Py QQbot(813476953) 的消息: 本条动态地址为htt ... (-582908701) 
[2022-07-19 19:33:55] [INFO]: 发送群 Py QQbot(813476953) 的消息: 鹿乃酱发了新动态：  ... (1145623897) 
[2022-07-19 19:33:56] [INFO]: 发送群 Py QQbot(813476953) 的消息: 本条动态地址为htt ... (860874191) 
[2022-07-19 20:21:38] [INFO]: 发送群 Py QQbot(813476953) 的消息: 秦喵喵发了新动态：  ... (-1389662100) 
[2022-07-19 20:21:41] [INFO]: 发送群 Py QQbot(813476953) 的消息: [CQ:image, ... (-634633990) 
[2022-07-19 20:21:42] [INFO]: 发送群 Py QQbot(813476953) 的消息: [CQ:image, ... (1126502720) 
[2022-07-19 20:21:43] [INFO]: 发送群 Py QQbot(813476953) 的消息: 本条动态地址为htt ... (874652118) 
[2022-07-19 21:32:42] [INFO]: 收到群 kenshi汉化和mod研究及暖(696654735) 内 --初见--(920592790) 的消息: 笑死，打起来了 (-1661840837) 
[2022-07-19 21:35:17] [INFO]: 收到群 kenshi汉化和mod研究及暖(696654735) 内 炎头队长沙福林(2175422756) 的消息: 啥啊 (-336239955) 
[2022-07-19 21:52:29] [INFO]: 收到群 kenshi汉化和mod研究及暖(696654735) 内 ‭‭(2691449141) 的消息: 你说的是嫖娼打起来吗 (1972500238) 
