[2022-04-12 01:28:35] [INFO]: 收到群 kenshi汉化和mod研究及暖(696654735) 内 音无 奏🦖(296053120) 的消息: [CQ:forward,id=wpdqY6b9ACXLHSBmOW12Yn9qMkVu/eK2Pek9+sOTcmtXDUrYliWN1yeRzhVfpKSF] (-1483717776) 
[2022-04-12 01:28:35] [INFO]: 收到群 kenshi汉化和mod研究及暖(696654735) 内 音无 奏🦖(296053120) 的消息: [CQ:face,id=66]瑞典斯德哥尔摩金曲：爷可谢谢你咯[CQ:face,id=66] (-795380762) 
[2022-04-12 04:30:27] [INFO]: 当前版本:v1.0.0-rc1 
[2022-04-12 04:30:27] [INFO]: 将使用 device.json 内的设备信息运行Bot. 
[2022-04-12 04:30:27] [INFO]: Bot将在5秒后登录并开始信息处理, 按 Ctrl+C 取消. 
[2022-04-12 04:30:32] [INFO]: 开始尝试登录并同步消息... 
[2022-04-12 04:30:32] [INFO]: 使用协议: iPad 
[2022-04-12 04:30:36] [INFO]: Protocol -> connect to server: 203.205.255.221:8080 
[2022-04-12 04:30:39] [INFO]: 收到服务器地址更新通知, 将在下一次重连时应用.  
[2022-04-12 04:30:39] [INFO]: 登录成功 欢迎使用: 小八的狐狸耳朵~ 
[2022-04-12 04:30:39] [INFO]: 开始加载好友列表... 
[2022-04-12 04:30:40] [INFO]: 共加载 4 个好友. 
[2022-04-12 04:30:40] [INFO]: 开始加载群列表... 
[2022-04-12 04:30:40] [INFO]: 共加载 5 个群. 
[2022-04-12 04:30:41] [INFO]: 资源初始化完成, 开始处理信息. 
[2022-04-12 04:30:41] [INFO]: アトリは、高性能ですから! 
[2022-04-12 04:30:41] [INFO]: 开始尝试连接到反向WebSocket Universal服务器: ws://127.0.0.1:15510/cqhttp/ws/ 
[2022-04-12 04:30:41] [INFO]: 正在检查更新. 
[2022-04-12 04:30:41] [INFO]: 已连接到反向WebSocket Universal服务器 ws://127.0.0.1:15510/cqhttp/ws/ 
[2022-04-12 04:30:41] [INFO]: 检查更新完成. 当前已运行最新版本. 
[2022-04-12 04:30:46] [INFO]: 开始诊断网络情况 
[2022-04-12 04:30:51] [INFO]: 网络诊断完成. 未发现问题 
[2022-04-12 17:00:01] [INFO]: 收到群 Py QQbot(813476953) 内 小八的狐狸尾巴~(1216878448) 的消息: youtubedl https://www.bilibili.com/video/BV1na41147Vz?spm_id_from=333.851.b_7265636f6d6d656e64.4 mp3 (-932348272) 
[2022-04-12 17:00:02] [INFO]: 发送群 Py QQbot(813476953) 的消息: [{"type":  ... (-1083552250) 
[2022-04-12 17:00:45] [INFO]: 收到群 Py QQbot(813476953) 内 小八的狐狸尾巴~(1216878448) 的消息: youtubedl https://www.bilibili.com/video/BV1na41147Vz?spm_id_from=333.851.b_7265636f6d6d656e64.4 mp3 ロストアンブレラ (802509719) 
[2022-04-12 17:00:45] [INFO]: 发送群 Py QQbot(813476953) 的消息: [{"type":  ... (1490182913) 
[2022-04-12 19:25:56] [INFO]: 成员 Adalm(1036552118) 离开了群 kenshi汉化和mod研究及暖暖化制作监督委员会-1群(696654735). 
[2022-04-12 20:12:43] [INFO]: 发送群 Py QQbot(813476953) 的消息: 秦喵喵发了新动态：  ... (-778962948) 
[2022-04-12 20:13:21] [INFO]: 发送群 Py QQbot(813476953) 的消息: [CQ:image, ... (1217963590) 
[2022-04-12 21:34:44] [INFO]: 收到群 <$ÿĀ>非狗X3＆肥欧狗X(859265365) 内 鲶鱼诺(1542195170) 的消息: [CQ:image,file=f9c1e37cbe01f98370f69538fdf7afdd.image,subType=1] (-1181819732) 
[2022-04-12 23:09:03] [INFO]: 收到群 kenshi汉化和mod研究及暖(696654735) 内 --初见--(920592790) 的消息: [CQ:image,file=6e6393fbf2f0a83741cd66acaf9257be.image,subType=0] (1076391543) 
