[2022-06-21 04:30:28] [INFO]: 当前版本:v1.0.0-rc1 
[2022-06-21 04:30:28] [INFO]: 将使用 device.json 内的设备信息运行Bot. 
[2022-06-21 04:30:28] [INFO]: Bot将在5秒后登录并开始信息处理, 按 Ctrl+C 取消. 
[2022-06-21 04:30:33] [INFO]: 开始尝试登录并同步消息... 
[2022-06-21 04:30:33] [INFO]: 使用协议: iPad 
[2022-06-21 04:30:36] [INFO]: Protocol -> connect to server: 43.135.106.161:8080 
[2022-06-21 04:30:39] [INFO]: 收到服务器地址更新通知, 将在下一次重连时应用.  
[2022-06-21 04:30:40] [INFO]: 登录成功 欢迎使用: 小八的狐狸耳朵~ 
[2022-06-21 04:30:40] [INFO]: 开始加载好友列表... 
[2022-06-21 04:30:40] [INFO]: 共加载 4 个好友. 
[2022-06-21 04:30:40] [INFO]: 开始加载群列表... 
[2022-06-21 04:30:41] [INFO]: 共加载 5 个群. 
[2022-06-21 04:30:41] [INFO]: 资源初始化完成, 开始处理信息. 
[2022-06-21 04:30:41] [INFO]: アトリは、高性能ですから! 
[2022-06-21 04:30:41] [INFO]: 开始尝试连接到反向WebSocket Universal服务器: ws://127.0.0.1:15510/cqhttp/ws/ 
[2022-06-21 04:30:41] [INFO]: 正在检查更新. 
[2022-06-21 04:30:41] [INFO]: 已连接到反向WebSocket Universal服务器 ws://127.0.0.1:15510/cqhttp/ws/ 
[2022-06-21 04:30:41] [INFO]: 当前有更新的 go-cqhttp 可供更新, 请前往 https://github.com/Mrs4s/go-cqhttp/releases 下载. 
[2022-06-21 04:30:41] [INFO]: 当前版本: v1.0.0-rc1 最新版本: v1.0.0-rc2 
[2022-06-21 04:30:46] [INFO]: 开始诊断网络情况 
[2022-06-21 04:30:51] [WARNING]: 警告: 长消息响应延迟为 2427ms, 大于 1000ms, 可能导致无法接收/发送长消息的情况, 请检查本地网络状态. 
[2022-06-21 04:30:51] [INFO]: 网络诊断完成. 未发现问题 
[2022-06-21 06:27:40] [INFO]: 发送群 Py QQbot(813476953) 的消息: 鹿乃酱发了新动态：  ... (-1400160632) 
[2022-06-21 06:27:43] [INFO]: 发送群 Py QQbot(813476953) 的消息: [CQ:image, ... (854567723) 
[2022-06-21 06:27:43] [INFO]: 发送群 Py QQbot(813476953) 的消息: 本条动态地址为htt ... (1172872125) 
[2022-06-21 15:57:47] [INFO]: 发送群 Py QQbot(813476953) 的消息: 秦喵喵转发了「Pin ... (-589182457) 
[2022-06-21 15:57:47] [INFO]: 发送群 Py QQbot(813476953) 的消息: 本条动态地址为htt ... (-1410925935) 
[2022-06-21 17:30:45] [INFO]: 发送群 Py QQbot(813476953) 的消息: 秦喵喵发了新动态：  ... (995747584) 
[2022-06-21 17:30:45] [INFO]: 发送群 Py QQbot(813476953) 的消息: 本条动态地址为htt ... (1281283990) 
[2022-06-21 19:48:44] [INFO]: 发送群 Py QQbot(813476953) 的消息: 秦喵喵发了新动态：  ... (748248691) 
[2022-06-21 19:48:46] [INFO]: 发送群 Py QQbot(813476953) 的消息: [CQ:image, ... (1537109733) 
[2022-06-21 19:48:47] [INFO]: 发送群 Py QQbot(813476953) 的消息: 本条动态地址为htt ... (-1030275233) 
[2022-06-21 22:03:41] [INFO]: 发送群 Py QQbot(813476953) 的消息: 鹿乃酱 开播啦啦啦！ ... (-1248849975) 
[2022-06-21 23:31:03] [INFO]: 收到群 kenshi汉化和mod研究及暖(696654735) 内 炎头队长沙福林(2175422756) 的消息: [CQ:forward,id=keegvknoF4kCtyZKpFBdaWibm911+motUvQiURuooZCZzLYu4wX5oFZPVz3TyhSs] (-918008554) 
[2022-06-21 23:31:50] [INFO]: 收到群 kenshi汉化和mod研究及暖(696654735) 内 炎头队长沙福林(2175422756) 的消息: [CQ:forward,id=HYzfsRVrN4Qo3CR7RZ5YfrXwUz4ErdZnQY4vP09BxQeQe2azXTLpS8Urfq3ZezPn] (-1102086784) 
[2022-06-21 23:57:43] [INFO]: 发送群 Py QQbot(813476953) 的消息: 鹿乃酱发了新动态：  ... (737450602) 
[2022-06-21 23:57:43] [INFO]: 发送群 Py QQbot(813476953) 的消息: 本条动态地址为htt ... (1559472892) 
