[2022-03-14 04:30:29] [INFO]: 当前版本:v1.0.0-rc1 
[2022-03-14 04:30:29] [INFO]: 将使用 device.json 内的设备信息运行Bot. 
[2022-03-14 04:30:29] [INFO]: Bot将在5秒后登录并开始信息处理, 按 Ctrl+C 取消. 
[2022-03-14 04:30:35] [INFO]: 开始尝试登录并同步消息... 
[2022-03-14 04:30:35] [INFO]: 使用协议: iPad 
[2022-03-14 04:30:38] [INFO]: Protocol -> connect to server: 203.205.255.221:8080 
[2022-03-14 04:30:41] [INFO]: 收到服务器地址更新通知, 将在下一次重连时应用.  
[2022-03-14 04:30:41] [INFO]: 登录成功 欢迎使用: 小八的狐狸耳朵~ 
[2022-03-14 04:30:41] [INFO]: 开始加载好友列表... 
[2022-03-14 04:30:42] [INFO]: 共加载 4 个好友. 
[2022-03-14 04:30:42] [INFO]: 开始加载群列表... 
[2022-03-14 04:30:42] [INFO]: 共加载 5 个群. 
[2022-03-14 04:30:43] [INFO]: 资源初始化完成, 开始处理信息. 
[2022-03-14 04:30:43] [INFO]: アトリは、高性能ですから! 
[2022-03-14 04:30:43] [INFO]: 开始尝试连接到反向WebSocket Universal服务器: ws://127.0.0.1:15510/cqhttp/ws/ 
[2022-03-14 04:30:43] [INFO]: 正在检查更新. 
[2022-03-14 04:30:43] [WARNING]: 连接到反向WebSocket Universal服务器 ws://127.0.0.1:15510/cqhttp/ws/ 时出现错误: dial tcp 127.0.0.1:15510: connect: connection refused 
[2022-03-14 04:30:43] [INFO]: 检查更新完成. 当前已运行最新版本. 
[2022-03-14 04:30:46] [INFO]: 开始尝试连接到反向WebSocket Universal服务器: ws://127.0.0.1:15510/cqhttp/ws/ 
[2022-03-14 04:30:46] [INFO]: 已连接到反向WebSocket Universal服务器 ws://127.0.0.1:15510/cqhttp/ws/ 
[2022-03-14 04:30:48] [INFO]: 开始诊断网络情况 
[2022-03-14 04:30:53] [INFO]: 网络诊断完成. 未发现问题 
[2022-03-14 15:50:42] [INFO]: 收到群 kenshi汉化和mod研究及暖(696654735) 内 埠淑阜(261908430) 的消息: [CQ:image,file=e687038c9ba745c118458fcbe465ee6c.image,subType=1] (1409839023) 
[2022-03-14 17:22:57] [INFO]: 收到群 kenshi汉化和mod研究及暖(696654735) 内 炎头队长沙福林(2175422756) 的消息: [CQ:image,file=8448fcb9a1c75177dfddd0993660cb56.image,subType=0] (588209977) 
[2022-03-14 17:37:46] [INFO]: 收到群 kenshi汉化和mod研究及暖(696654735) 内 高橋啟介(791258074) 的消息: 这么快就有了，游戏都还没通关 (-1174008189) 
[2022-03-14 17:37:48] [INFO]: 收到群 kenshi汉化和mod研究及暖(696654735) 内 高橋啟介(791258074) 的消息: [CQ:image,file=00305492179c64396ac1a8a35eeb3814.image,subType=1] (-855556587) 
[2022-03-14 18:02:23] [INFO]: 收到群 kenshi汉化和mod研究及暖(696654735) 内 阿格努(710621309) 的消息: 黎寨赣神魔啊 (1572742020) 
[2022-03-14 19:06:49] [INFO]: 发送群 Py QQbot(813476953) 的消息: 秦喵喵发了新动态：  ... (2014298800) 
[2022-03-14 19:06:51] [INFO]: 发送群 Py QQbot(813476953) 的消息: [CQ:image, ... (-519662838) 
[2022-03-14 19:06:52] [INFO]: 发送群 Py QQbot(813476953) 的消息: [CQ:image, ... (-1778277476) 
[2022-03-14 19:06:53] [INFO]: 发送群 Py QQbot(813476953) 的消息: 本条动态地址为htt ... (113163789) 
[2022-03-14 21:48:25] [INFO]: 收到群 kenshi汉化和mod研究及暖(696654735) 内 drm9900(515481577) 的消息: [CQ:image,file=cdc3a1e77017cc8e04dda1a591c867b5.image,subType=0] (716772114) 
