[2022-05-28 00:12:40] [INFO]: 发送群 Py QQbot(813476953) 的消息: 秦喵喵发了新动态：  ... (1358971887) 
[2022-05-28 00:12:42] [INFO]: 发送群 Py QQbot(813476953) 的消息: [CQ:image, ... (-938929579) 
[2022-05-28 00:12:43] [INFO]: 发送群 Py QQbot(813476953) 的消息: 本条动态地址为htt ... (-1089592637) 
[2022-05-28 04:30:26] [INFO]: 当前版本:v1.0.0-rc1 
[2022-05-28 04:30:26] [INFO]: 将使用 device.json 内的设备信息运行Bot. 
[2022-05-28 04:30:26] [INFO]: Bot将在5秒后登录并开始信息处理, 按 Ctrl+C 取消. 
[2022-05-28 04:30:31] [INFO]: 开始尝试登录并同步消息... 
[2022-05-28 04:30:31] [INFO]: 使用协议: iPad 
[2022-05-28 04:30:34] [INFO]: Protocol -> connect to server: 43.154.240.13:8080 
[2022-05-28 04:30:38] [INFO]: 收到服务器地址更新通知, 将在下一次重连时应用.  
[2022-05-28 04:30:38] [INFO]: 登录成功 欢迎使用: 小八的狐狸耳朵~ 
[2022-05-28 04:30:38] [INFO]: 开始加载好友列表... 
[2022-05-28 04:30:39] [INFO]: 共加载 4 个好友. 
[2022-05-28 04:30:39] [INFO]: 开始加载群列表... 
[2022-05-28 04:30:40] [INFO]: 共加载 5 个群. 
[2022-05-28 04:30:40] [INFO]: 资源初始化完成, 开始处理信息. 
[2022-05-28 04:30:40] [INFO]: アトリは、高性能ですから! 
[2022-05-28 04:30:40] [INFO]: 开始尝试连接到反向WebSocket Universal服务器: ws://127.0.0.1:15510/cqhttp/ws/ 
[2022-05-28 04:30:40] [INFO]: 正在检查更新. 
[2022-05-28 04:30:40] [INFO]: 已连接到反向WebSocket Universal服务器 ws://127.0.0.1:15510/cqhttp/ws/ 
[2022-05-28 04:30:40] [INFO]: 检查更新完成. 当前已运行最新版本. 
[2022-05-28 04:30:45] [INFO]: 开始诊断网络情况 
[2022-05-28 04:30:49] [WARNING]: 警告: 长消息响应延迟为 2179ms, 大于 1000ms, 可能导致无法接收/发送长消息的情况, 请检查本地网络状态. 
[2022-05-28 04:30:49] [INFO]: 网络诊断完成. 未发现问题 
[2022-05-28 16:09:16] [INFO]: 收到好友 小八的狐狸尾巴~(1216878448) 的消息: https://click.discord.com/ls/click?upn=qDOo8cnwIoKzt0aLL1cBeFE1RlVCKJFF5zAq8ml-2BFh1dq-2FeX22E9yMPFmLMSO5CY-2B7rfnVT8lZnoH9FocwRVzHhaBCtZ9pO-2Fzo-2BSneIhR9f8JXW7zJInxO5AmLR5-2FugfKh5SqSQKdHB-2FzpVvD3HcDDlwS7LtBZWyb9p0mAYtUbH7yF9urCJgMFiQ4mf8S4w30pFetPgHU4vkoq3VaZsNQA-3D-3DMBPd_JPe5LiBOg6Y7Kpm-2F6-2Fcufp5nRv9EFi2HV6NM4hbuoSqsDRTsA-2Fu53DKcW-2FMAPA2l4BkleAUfBxquh43mVRqzLvUf7WwxPN-2B6TMMn7KV9Txt9fFT2NjOgXW6naaRvxqGcVNfPIUOvzz85SBAcRU0N-2BjPWeFILrCIhwVI9j2wYpoEOA8Irqan0Fn4VdpoDz1aI-2FQ7kN0VM3Ii9dB70HI28KMYKRtJAm7kq-2FARzkqQgxIZy2n3pUEQgocectDZzUntj2hC6cNuCNO29rxU4FmeBWg-3D-3D (-837429983) 
[2022-05-28 19:36:42] [INFO]: 发送群 Py QQbot(813476953) 的消息: 秦喵喵发了新动态：  ... (560641888) 
[2022-05-28 19:36:44] [INFO]: 发送群 Py QQbot(813476953) 的消息: [CQ:image, ... (1450018806) 
[2022-05-28 19:36:45] [INFO]: 发送群 Py QQbot(813476953) 的消息: [CQ:image, ... (-815475124) 
[2022-05-28 19:36:47] [INFO]: 发送群 Py QQbot(813476953) 的消息: [CQ:image, ... (-1201412390) 
[2022-05-28 19:36:47] [INFO]: 发送群 Py QQbot(813476953) 的消息: 本条动态地址为htt ... (685570891) 
[2022-05-28 22:00:41] [INFO]: 发送群 Py QQbot(813476953) 的消息: 鹿乃酱 开播啦啦啦！ ... (1608240093) 
