[2022-06-13 04:30:03] [INFO]: 当前版本:v1.0.0-rc1 
[2022-06-13 04:30:03] [INFO]: 将使用 device.json 内的设备信息运行Bot. 
[2022-06-13 04:30:03] [INFO]: Bot将在5秒后登录并开始信息处理, 按 Ctrl+C 取消. 
[2022-06-13 04:30:08] [INFO]: 开始尝试登录并同步消息... 
[2022-06-13 04:30:08] [INFO]: 使用协议: iPad 
[2022-06-13 04:30:11] [INFO]: Protocol -> connect to server: 43.135.106.161:8080 
[2022-06-13 04:30:35] [INFO]: 当前版本:v1.0.0-rc1 
[2022-06-13 04:30:35] [INFO]: 将使用 device.json 内的设备信息运行Bot. 
[2022-06-13 04:30:35] [INFO]: Bot将在5秒后登录并开始信息处理, 按 Ctrl+C 取消. 
[2022-06-13 04:30:40] [INFO]: 开始尝试登录并同步消息... 
[2022-06-13 04:30:40] [INFO]: 使用协议: iPad 
[2022-06-13 04:30:44] [INFO]: Protocol -> connect to server: 43.154.240.13:8080 
[2022-06-13 04:30:48] [INFO]: 登录成功 欢迎使用: 小八的狐狸耳朵~ 
[2022-06-13 04:30:48] [INFO]: 开始加载好友列表... 
[2022-06-13 04:30:48] [INFO]: 共加载 4 个好友. 
[2022-06-13 04:30:48] [INFO]: 开始加载群列表... 
[2022-06-13 04:30:49] [INFO]: 共加载 5 个群. 
[2022-06-13 04:30:49] [INFO]: 资源初始化完成, 开始处理信息. 
[2022-06-13 04:30:49] [INFO]: アトリは、高性能ですから! 
[2022-06-13 04:30:49] [INFO]: 开始尝试连接到反向WebSocket Universal服务器: ws://127.0.0.1:15510/cqhttp/ws/ 
[2022-06-13 04:30:49] [INFO]: 正在检查更新. 
[2022-06-13 04:30:49] [INFO]: 已连接到反向WebSocket Universal服务器 ws://127.0.0.1:15510/cqhttp/ws/ 
[2022-06-13 04:30:49] [INFO]: 当前有更新的 go-cqhttp 可供更新, 请前往 https://github.com/Mrs4s/go-cqhttp/releases 下载. 
[2022-06-13 04:30:49] [INFO]: 当前版本: v1.0.0-rc1 最新版本: v1.0.0-rc2 
[2022-06-13 04:30:54] [INFO]: 开始诊断网络情况 
[2022-06-13 04:31:00] [INFO]: 网络诊断完成. 未发现问题 
[2022-06-13 10:01:33] [INFO]: 收到群 kenshi汉化和mod研究及暖(696654735) 内 drm9900(515481577) 的消息: [CQ:image,file=9753bfef8d2474bc02e64f4c78c386c8.image,subType=0] (-2094882415) 
[2022-06-13 10:07:04] [INFO]: 收到群 kenshi汉化和mod研究及暖(696654735) 内 drm9900(515481577) 的消息: [CQ:image,file=e80afda15ac9332ef8e6cfd40e625a6e.image,subType=0] (-198864633) 
[2022-06-13 10:47:06] [INFO]: 收到群 kenshi汉化和mod研究及暖(696654735) 内 ‭ (363843342) 的消息: [CQ:image,file=c4852c4e71ce869f0cb3d7a3584b608f.image,subType=0]
诈尸 (1782645924) 
[2022-06-13 13:22:39] [INFO]: 收到群 kenshi汉化和mod研究及暖(696654735) 内 法力无边(649871559) 的消息: 很久不来，此群依旧吊炸天 (491140146) 
[2022-06-13 14:02:15] [INFO]: 收到群 kenshi汉化和mod研究及暖(696654735) 内 囧※boy(1114167743) 的消息: 是你屌炸天了吧 (-2075171448) 
[2022-06-13 14:02:19] [INFO]: 收到群 kenshi汉化和mod研究及暖(696654735) 内 囧※boy(1114167743) 的消息: [CQ:image,file=ce5bf12a00fc69176be60204c0a7a8ea.image,subType=1] (-213363426) 
[2022-06-13 14:40:40] [INFO]: 收到群 kenshi汉化和mod研究及暖(696654735) 内 阿格努(710621309) 的消息: 我买了个小风车 fu fu~ 啊… (1677150351) 
[2022-06-13 18:00:50] [INFO]: 发送群 Py QQbot(813476953) 的消息: 秦喵喵转发了「北极熊 ... (436498448) 
[2022-06-13 18:00:50] [INFO]: 发送群 Py QQbot(813476953) 的消息: 本条动态地址为htt ... (2059663861) 
[2022-06-13 20:18:49] [INFO]: 发送群 Py QQbot(813476953) 的消息: 秦喵喵发了新动态：  ... (231000419) 
[2022-06-13 20:18:50] [INFO]: 发送群 Py QQbot(813476953) 的消息: 本条动态地址为htt ... (-1798465319) 
[2022-06-13 20:35:57] [INFO]: 收到群 kenshi汉化和mod研究及暖(696654735) 内 阿格努(710621309) 的消息: [CQ:image,file=08e9bff82e66d8a303b76f1819ae41f3.image,subType=0] (351303705) 
[2022-06-13 21:00:13] [INFO]: 收到群 kenshi汉化和mod研究及暖(696654735) 内 时之沙(2934771083) 的消息: 这是啥 (1949823484) 
[2022-06-13 21:00:47] [INFO]: 收到群 kenshi汉化和mod研究及暖(696654735) 内 ‭‭(2691449141) 的消息: 俩女一男 (53526890) 
[2022-06-13 21:01:22] [INFO]: 收到群 kenshi汉化和mod研究及暖(696654735) 内 ✎ 、时光(29013165) 的消息: 苏州潘女士的大家有没有 (-1707503408) 
[2022-06-13 21:15:09] [INFO]: 收到群 kenshi汉化和mod研究及暖(696654735) 内 高橋啟介(791258074) 的消息: [CQ:face,id=235] (-314662842) 
