[2022-05-08 04:30:29] [INFO]: 当前版本:v1.0.0-rc1 
[2022-05-08 04:30:29] [INFO]: 将使用 device.json 内的设备信息运行Bot. 
[2022-05-08 04:30:29] [INFO]: Bot将在5秒后登录并开始信息处理, 按 Ctrl+C 取消. 
[2022-05-08 04:30:34] [INFO]: 开始尝试登录并同步消息... 
[2022-05-08 04:30:34] [INFO]: 使用协议: iPad 
[2022-05-08 04:30:37] [INFO]: Protocol -> connect to server: 43.135.106.161:8080 
[2022-05-08 04:30:40] [INFO]: 收到服务器地址更新通知, 将在下一次重连时应用.  
[2022-05-08 04:30:42] [INFO]: 登录成功 欢迎使用: 小八的狐狸耳朵~ 
[2022-05-08 04:30:42] [INFO]: 开始加载好友列表... 
[2022-05-08 04:30:42] [INFO]: 共加载 4 个好友. 
[2022-05-08 04:30:42] [INFO]: 开始加载群列表... 
[2022-05-08 04:30:43] [INFO]: 共加载 5 个群. 
[2022-05-08 04:30:43] [INFO]: 资源初始化完成, 开始处理信息. 
[2022-05-08 04:30:43] [INFO]: アトリは、高性能ですから! 
[2022-05-08 04:30:43] [INFO]: 开始尝试连接到反向WebSocket Universal服务器: ws://127.0.0.1:15510/cqhttp/ws/ 
[2022-05-08 04:30:43] [INFO]: 正在检查更新. 
[2022-05-08 04:30:43] [INFO]: 已连接到反向WebSocket Universal服务器 ws://127.0.0.1:15510/cqhttp/ws/ 
[2022-05-08 04:30:43] [INFO]: 检查更新完成. 当前已运行最新版本. 
[2022-05-08 04:30:48] [INFO]: 开始诊断网络情况 
[2022-05-08 04:30:53] [INFO]: 网络诊断完成. 未发现问题 
[2022-05-08 10:36:32] [INFO]: 收到群 kenshi汉化和mod研究及暖(696654735) 内 岂无飞(402818767) 的消息: [CQ:forward,id=2k/Nl7AIEzlT67NzTXltewGXNFtPire2Nmdgiw+Mc9uUaKukvi4AoA040iS85aq+] (296990887) 
[2022-05-08 15:26:58] [INFO]: 收到群 kenshi汉化和mod研究及暖(696654735) 内 炎头队长沙福林(2175422756) 的消息: [CQ:forward,id=jJZccMJE6Gs2xST1iEqdXu0tJ2m66bk/2Rjjo61irPqQKuyY9eSKH1ibQQmuKY/y] (1723107377) 
[2022-05-08 20:09:42] [INFO]: 发送群 Py QQbot(813476953) 的消息: 秦喵喵发了新动态：  ... (-871908849) 
[2022-05-08 20:09:44] [INFO]: 发送群 Py QQbot(813476953) 的消息: [CQ:image, ... (1427041205) 
[2022-05-08 20:09:45] [INFO]: 发送群 Py QQbot(813476953) 的消息: [CQ:image, ... (571071267) 
[2022-05-08 20:09:46] [INFO]: 发送群 Py QQbot(813476953) 的消息: 本条动态地址为htt ... (-1133687168) 
[2022-05-08 20:51:43] [INFO]: 发送群 Py QQbot(813476953) 的消息: 鹿乃酱转发了「鹿乃ち ... (-882213354) 
[2022-05-08 20:51:43] [INFO]: 发送群 Py QQbot(813476953) 的消息: 本条动态地址为htt ... (1382231980) 
[2022-05-08 22:46:33] [INFO]: 收到群 kenshi汉化和mod研究及暖(696654735) 内 岂无飞(402818767) 的消息: [CQ:forward,id=U9FbtzhHQWcD/D0qXJrradzL5LKQKEWQzYNqpjVg+ZediaEKihz52dLz6hJhYZs9] (-4335221) 
[2022-05-08 23:39:56] [INFO]: 收到群 kenshi汉化和mod研究及暖(696654735) 内 岂无飞(402818767) 的消息: [CQ:forward,id=ltaFf2mLxc4EzSjn7o5R+vqyufsO+MIxdwZ2AUIliyzOlcjDc1vkqHjIJvkWFiet] (-2001016547) 
[2022-05-08 23:48:10] [INFO]: 收到群 kenshi汉化和mod研究及暖(696654735) 内 drm9900(515481577) 的消息: [CQ:image,file=77cc615d6ec0eafb0eb9370d9efdf51e.image,subType=1] (383679678) 
