[2022-03-28 00:16:38] [INFO]: 收到群 kenshi汉化和mod研究及暖(696654735) 内 水行修(2214497344) 的消息: 棱角分明的五官 (170323509) 
[2022-03-28 00:16:42] [INFO]: 收到群 kenshi汉化和mod研究及暖(696654735) 内 水行修(2214497344) 的消息: 挺好的 (2099371683) 
[2022-03-28 04:30:27] [INFO]: 当前版本:v1.0.0-rc1 
[2022-03-28 04:30:27] [INFO]: 将使用 device.json 内的设备信息运行Bot. 
[2022-03-28 04:30:27] [INFO]: Bot将在5秒后登录并开始信息处理, 按 Ctrl+C 取消. 
[2022-03-28 04:30:32] [INFO]: 开始尝试登录并同步消息... 
[2022-03-28 04:30:32] [INFO]: 使用协议: iPad 
[2022-03-28 04:30:34] [INFO]: Protocol -> connect to server: 203.205.255.221:8080 
[2022-03-28 04:30:38] [INFO]: 收到服务器地址更新通知, 将在下一次重连时应用.  
[2022-03-28 04:30:39] [INFO]: 登录成功 欢迎使用: 小八的狐狸耳朵~ 
[2022-03-28 04:30:39] [INFO]: 开始加载好友列表... 
[2022-03-28 04:30:39] [INFO]: 共加载 4 个好友. 
[2022-03-28 04:30:39] [INFO]: 开始加载群列表... 
[2022-03-28 04:30:40] [INFO]: 共加载 5 个群. 
[2022-03-28 04:30:40] [INFO]: 资源初始化完成, 开始处理信息. 
[2022-03-28 04:30:40] [INFO]: アトリは、高性能ですから! 
[2022-03-28 04:30:40] [INFO]: 开始尝试连接到反向WebSocket Universal服务器: ws://127.0.0.1:15510/cqhttp/ws/ 
[2022-03-28 04:30:40] [INFO]: 正在检查更新. 
[2022-03-28 04:30:40] [INFO]: 已连接到反向WebSocket Universal服务器 ws://127.0.0.1:15510/cqhttp/ws/ 
[2022-03-28 04:30:41] [INFO]: 检查更新完成. 当前已运行最新版本. 
[2022-03-28 04:30:45] [INFO]: 开始诊断网络情况 
[2022-03-28 04:30:50] [INFO]: 网络诊断完成. 未发现问题 
[2022-03-28 04:39:38] [INFO]: 发送群 Py QQbot(813476953) 的消息: 鹿乃酱转发了「咸鱼可 ... (-1294816649) 
[2022-03-28 04:39:38] [INFO]: 发送群 Py QQbot(813476953) 的消息: 本条动态地址为htt ... (-975856927) 
[2022-03-28 07:54:12] [INFO]: 收到群 kenshi汉化和mod研究及暖(696654735) 内 时之沙(2934771083) 的消息: 你说这是男的我真信 (501634886) 
[2022-03-28 07:56:25] [INFO]: 收到群 kenshi汉化和mod研究及暖(696654735) 内 水行修(2214497344) 的消息: [CQ:image,file=eec1353ac078247038b297ff58c1c6f3.image,subType=0] (1793157072) 
[2022-03-28 07:56:54] [INFO]: 收到群 kenshi汉化和mod研究及暖(696654735) 内 水行修(2214497344) 的消息: 古希腊古罗马曾经对女性的审美就是……长得像男人 (-202885526) 
[2022-03-28 07:57:18] [INFO]: 收到群 kenshi汉化和mod研究及暖(696654735) 内 水行修(2214497344) 的消息: [CQ:image,file=ebc7e98a145aa4febab483974d4cbd64.image,subType=0] (-2064709892) 
[2022-03-28 08:04:49] [INFO]: 收到群 kenshi汉化和mod研究及暖(696654735) 内 时之沙(2934771083) 的消息: …… (445354847) 
[2022-03-28 08:05:06] [INFO]: 收到群 kenshi汉化和mod研究及暖(696654735) 内 时之沙(2934771083) 的消息: 那和上男人有啥区别 (1837933513) 
[2022-03-28 08:50:23] [INFO]: 收到群 kenshi汉化和mod研究及暖(696654735) 内 圣徒的亡灵(1339837523) 的消息: 毛多欲望强,干的爽 (-192548237) 
[2022-03-28 11:11:20] [INFO]: 收到群 kenshi汉化和mod研究及暖(696654735) 内 潜行吧！奈亚子！(1751979054) 的消息: [CQ:image,file=6e11f2e9c97ea396e38368c46e732e1a.image,subType=1] (-2088582427) 
[2022-03-28 12:00:44] [INFO]: 发送群 Py QQbot(813476953) 的消息: Tm发了新视频「摸摸 ... (1871521621) 
[2022-03-28 12:00:44] [INFO]: 发送群 Py QQbot(813476953) 的消息: 本条动态地址为htt ... (411703235) 
[2022-03-28 12:47:23] [INFO]: 收到群 kenshi汉化和mod研究及暖(696654735) 内 时之沙(2934771083) 的消息: 你那胡子扎她，她拿体毛扎你 (322822004) 
[2022-03-28 12:47:30] [INFO]: 收到群 kenshi汉化和mod研究及暖(696654735) 内 时之沙(2934771083) 的消息: 你拿胡子扎她，她拿体毛扎你 (1681584098) 
[2022-03-28 20:30:40] [INFO]: 发送群 Py QQbot(813476953) 的消息: 秦喵喵转发了「Pin ... (-2122103175) 
[2022-03-28 20:30:41] [INFO]: 发送群 Py QQbot(813476953) 的消息: 本条动态地址为htt ... (-159090961) 
[2022-03-28 21:34:58] [INFO]: 收到群 kenshi汉化和mod研究及暖(696654735) 内 圣徒的亡灵(1339837523) 的消息: 你拿胡子扎她，她拿体毛扎你 (1386725761) 
[2022-03-28 21:34:58] [INFO]: 收到群 kenshi汉化和mod研究及暖(696654735) 内 圣徒的亡灵(1339837523) 的消息: 你拿胡子扎她，她拿体毛扎你 (-1129733971) 
[2022-03-28 21:34:58] [INFO]: 发送群 kenshi汉化和mod研究及暖暖化制作监督委员会-1群(696654735) 的消息: [{"type":  ... (631304471) 
[2022-03-28 21:36:04] [INFO]: 收到群 kenshi汉化和mod研究及暖(696654735) 内 水行修(2214497344) 的消息: 你拿胡子扎她，她拿体毛扎你 (-877752261) 
[2022-03-28 21:45:05] [INFO]: 收到群 kenshi汉化和mod研究及暖(696654735) 内 简单先上盆饭(372338248) 的消息: xs，胡子都没人家体毛旺盛 (1439303064) 
[2022-03-28 21:50:07] [INFO]: 收到群 kenshi汉化和mod研究及暖(696654735) 内 Boasd(799460742) 的消息: 不是硬度吗？ (583873806) 
[2022-03-28 21:50:16] [INFO]: 群 kenshi汉化和mod研究及暖暖化制作监督委员会-1群(696654735) 内 Boasd(799460742) 撤回了 Boasd(799460742) 的消息: 583873806. 
[2022-03-28 22:37:52] [INFO]: 收到群 kenshi汉化和mod研究及暖(696654735) 内 drm9900(515481577) 的消息: [CQ:image,file=551c44807ae375dcdb2b26b110187daf.image,subType=0] (-1144757068) 
[2022-03-28 23:51:10] [INFO]: 收到群 <$ÿĀ>非狗X3＆肥欧狗X(859265365) 内 吴狗男(1216878448) 的消息: [CQ:image,file=3f3c4e34245e122de74f31153c1aedbb.image,subType=0] (-1440552618) 
