[2022-05-10 00:44:14] [INFO]: 收到好友 小八的狐狸尾巴~(1216878448) 的消息: [CQ:json,data={"app":"com.tencent.miniapp_01"&#44;"config":{"autoSize":0&#44;"ctime":1652114653&#44;"forward":1&#44;"height":0&#44;"token":"063bf2cd5acfb418cd66352a0d1dd714"&#44;"type":"normal"&#44;"width":0}&#44;"desc":"哔哩哔哩"&#44;"extra":{"app_type":1&#44;"appid":100951776&#44;"uin":1216878448}&#44;"meta":{"detail_1":{"appType":0&#44;"appid":"1109937557"&#44;"desc":"VRChat短片 | 如果镜子是非法的"&#44;"gamePoints":""&#44;"gamePointsUrl":""&#44;"host":{"nick":"小八的狐狸尾巴~"&#44;"uin":1216878448}&#44;"icon":"https://open.gtimg.cn/open/app_icon/00/95/17/76/100951776_100_m.png?t=1649411918"&#44;"preview":"pubminishare-30161.picsz.qpic.cn/2c5ee575-ac65-46ec-a8a8-8b62f19a6ace"&#44;"qqdocurl":"https://b23.tv/24Sc7f2?share_medium=android&amp;share_source=qq&amp;bbid=XY0538E06FF6F401D5AAC381F933734A1B73D&amp;ts=1652114654805"&#44;"scene":1036&#44;"shareTemplateData":{}&#44;"shareTemplateId":"8C8E89B49BE609866298ADDFF2DBABA4"&#44;"showLittleTail":""&#44;"title":"哔哩哔哩"&#44;"url":"m.q.qq.com/a/s/8a0cd4c0d3d96b14b163749d358de47f"}}&#44;"needShareCallBack":false&#44;"prompt":"&#91;QQ小程序&#93;哔哩哔哩"&#44;"ver":"1.0.0.19"&#44;"view":"view_8C8E89B49BE609866298ADDFF2DBABA4"}] (-771773858) 
[2022-05-10 01:06:48] [INFO]: 发送群 Py QQbot(813476953) 的消息: 秦喵喵转发了「Mr. ... (-153085398) 
[2022-05-10 01:06:49] [INFO]: 发送群 Py QQbot(813476953) 的消息: 本条动态地址为htt ... (1717503931) 
[2022-05-10 01:09:17] [INFO]: 收到好友 小八的狐狸尾巴~(1216878448) 的消息: 视频里提到的两个库都是我自己写的，发到Github上了
https://github.com/DSP-8192 (858785723) 
[2022-05-10 01:44:16] [INFO]: 收到群 kenshi汉化和mod研究及暖(696654735) 内 炎头队长沙福林(2175422756) 的消息: [CQ:forward,id=2wQ/FuDWVW8jaXL36JHvGFAx8uUiWZdN7BTM7XbAl5FUSXK7KiZ81DPd8u4lSy/K] (-1881723644) 
[2022-05-10 01:50:59] [INFO]: 收到群 kenshi汉化和mod研究及暖(696654735) 内 阿格努(710621309) 的消息: [CQ:image,file=8f4495dcfd5c3b9bf30757aec8e225d8.image,subType=1] (526921877) 
[2022-05-10 01:54:50] [INFO]: 收到群 kenshi汉化和mod研究及暖(696654735) 内 a我在啊(321300250) 的消息: 兄弟们兄弟们 (1752104963) 
[2022-05-10 01:56:07] [INFO]: 收到群 kenshi汉化和mod研究及暖(696654735) 内 炎头队长沙福林(2175422756) 的消息: 找到了我会再发 (1592929888) 
[2022-05-10 01:56:17] [INFO]: 收到群 kenshi汉化和mod研究及暖(696654735) 内 炎头队长沙福林(2175422756) 的消息: 现在 能量 用完啦 (703930102) 
[2022-05-10 01:57:01] [INFO]: 收到群 kenshi汉化和mod研究及暖(696654735) 内 a我在啊(321300250) 的消息: 给力啊 (-1325641908) 
[2022-05-10 01:58:14] [INFO]: 收到群 kenshi汉化和mod研究及暖(696654735) 内 炎头队长沙福林(2175422756) 的消息: 就算是 天界太阳能 锻炉的能量 也不是 无限的 (-939819046) 
[2022-05-10 02:01:14] [INFO]: 收到群 kenshi汉化和mod研究及暖(696654735) 内 a我在啊(321300250) 的消息: [CQ:face,id=201] (1503652473) 
[2022-05-10 02:01:23] [INFO]: 收到群 kenshi汉化和mod研究及暖(696654735) 内 a我在啊(321300250) 的消息: 这谁顶得住啊 (781769455) 
[2022-05-10 02:10:55] [INFO]: 收到群 kenshi汉化和mod研究及暖(696654735) 内 炎头队长沙福林(2175422756) 的消息: [CQ:forward,id=nmZhPneHybFO6Ax8acjzowJLGKLQFZSPb/AZ6o1F3cvN1o0dzglrBdRON9Ypvikf] (-1215198379) 
[2022-05-10 02:20:35] [INFO]: 收到群 kenshi汉化和mod研究及暖(696654735) 内 a我在啊(321300250) 的消息: 不行了要晕过去了，先睡个觉 (-1063863357) 
[2022-05-10 02:57:19] [INFO]: 收到群 kenshi汉化和mod研究及暖(696654735) 内 炎头队长沙福林(2175422756) 的消息: 导晕了是吧 (1344906834) 
[2022-05-10 04:30:27] [INFO]: 当前版本:v1.0.0-rc1 
[2022-05-10 04:30:27] [INFO]: 将使用 device.json 内的设备信息运行Bot. 
[2022-05-10 04:30:27] [INFO]: Bot将在5秒后登录并开始信息处理, 按 Ctrl+C 取消. 
[2022-05-10 04:30:32] [INFO]: 开始尝试登录并同步消息... 
[2022-05-10 04:30:32] [INFO]: 使用协议: iPad 
[2022-05-10 04:30:37] [INFO]: Protocol -> connect to server: 43.135.106.161:8080 
[2022-05-10 04:30:41] [INFO]: 收到服务器地址更新通知, 将在下一次重连时应用.  
[2022-05-10 04:30:42] [INFO]: 登录成功 欢迎使用: 小八的狐狸耳朵~ 
[2022-05-10 04:30:42] [INFO]: 开始加载好友列表... 
[2022-05-10 04:30:42] [INFO]: 共加载 4 个好友. 
[2022-05-10 04:30:42] [INFO]: 开始加载群列表... 
[2022-05-10 04:30:43] [INFO]: 共加载 5 个群. 
[2022-05-10 04:30:43] [INFO]: 资源初始化完成, 开始处理信息. 
[2022-05-10 04:30:43] [INFO]: アトリは、高性能ですから! 
[2022-05-10 04:30:43] [INFO]: 开始尝试连接到反向WebSocket Universal服务器: ws://127.0.0.1:15510/cqhttp/ws/ 
[2022-05-10 04:30:43] [INFO]: 正在检查更新. 
[2022-05-10 04:30:43] [INFO]: 已连接到反向WebSocket Universal服务器 ws://127.0.0.1:15510/cqhttp/ws/ 
[2022-05-10 04:30:44] [INFO]: 检查更新完成. 当前已运行最新版本. 
[2022-05-10 04:30:48] [INFO]: 开始诊断网络情况 
[2022-05-10 04:30:53] [INFO]: 网络诊断完成. 未发现问题 
[2022-05-10 09:46:22] [INFO]: 收到群 kenshi汉化和mod研究及暖(696654735) 内 高橋啟介(791258074) 的消息: [CQ:image,file=0d0a94856af7fbc7aa90638e76978ee3.image,subType=1] (657364676) 
[2022-05-10 10:17:32] [INFO]: 成员 喋(853207641) 离开了群 kenshi汉化和mod研究及暖暖化制作监督委员会-1群(696654735). 
[2022-05-10 11:09:47] [INFO]: 发送群 Py QQbot(813476953) 的消息: Tm发了新视频「八仙 ... (290993965) 
[2022-05-10 11:09:48] [INFO]: 发送群 Py QQbot(813476953) 的消息: 本条动态地址为htt ... (1906294472) 
[2022-05-10 19:42:47] [INFO]: 发送群 Py QQbot(813476953) 的消息: 秦喵喵发了新动态：  ... (110661214) 
[2022-05-10 19:42:48] [INFO]: 发送群 Py QQbot(813476953) 的消息: [CQ:image, ... (-1617829916) 
[2022-05-10 19:42:49] [INFO]: 发送群 Py QQbot(813476953) 的消息: 本条动态地址为htt ... (-392761486) 
