[2022-06-27 04:30:26] [INFO]: 当前版本:v1.0.0-rc1 
[2022-06-27 04:30:26] [INFO]: 将使用 device.json 内的设备信息运行Bot. 
[2022-06-27 04:30:26] [INFO]: Bot将在5秒后登录并开始信息处理, 按 Ctrl+C 取消. 
[2022-06-27 04:30:31] [INFO]: 开始尝试登录并同步消息... 
[2022-06-27 04:30:31] [INFO]: 使用协议: iPad 
[2022-06-27 04:30:35] [INFO]: Protocol -> connect to server: 43.154.240.13:8080 
[2022-06-27 04:30:38] [INFO]: 收到服务器地址更新通知, 将在下一次重连时应用.  
[2022-06-27 04:30:39] [INFO]: 登录成功 欢迎使用: 小八的狐狸耳朵~ 
[2022-06-27 04:30:39] [INFO]: 开始加载好友列表... 
[2022-06-27 04:30:39] [INFO]: 共加载 4 个好友. 
[2022-06-27 04:30:39] [INFO]: 开始加载群列表... 
[2022-06-27 04:30:40] [INFO]: 共加载 5 个群. 
[2022-06-27 04:30:40] [INFO]: 资源初始化完成, 开始处理信息. 
[2022-06-27 04:30:40] [INFO]: アトリは、高性能ですから! 
[2022-06-27 04:30:40] [INFO]: 开始尝试连接到反向WebSocket Universal服务器: ws://127.0.0.1:15510/cqhttp/ws/ 
[2022-06-27 04:30:40] [INFO]: 正在检查更新. 
[2022-06-27 04:30:40] [WARNING]: 连接到反向WebSocket Universal服务器 ws://127.0.0.1:15510/cqhttp/ws/ 时出现错误: dial tcp 127.0.0.1:15510: connect: connection refused 
[2022-06-27 04:30:40] [INFO]: 当前有更新的 go-cqhttp 可供更新, 请前往 https://github.com/Mrs4s/go-cqhttp/releases 下载. 
[2022-06-27 04:30:40] [INFO]: 当前版本: v1.0.0-rc1 最新版本: v1.0.0-rc3 
[2022-06-27 04:30:43] [INFO]: 开始尝试连接到反向WebSocket Universal服务器: ws://127.0.0.1:15510/cqhttp/ws/ 
[2022-06-27 04:30:43] [INFO]: 已连接到反向WebSocket Universal服务器 ws://127.0.0.1:15510/cqhttp/ws/ 
[2022-06-27 04:30:45] [INFO]: 开始诊断网络情况 
[2022-06-27 04:30:50] [INFO]: 网络诊断完成. 未发现问题 
[2022-06-27 09:06:47] [INFO]: 发送群 Py QQbot(813476953) 的消息: Tm发了新视频「收下 ... (-1163291255) 
[2022-06-27 09:06:48] [INFO]: 发送群 Py QQbot(813476953) 的消息: 本条动态地址为htt ... (597738547) 
[2022-06-27 12:05:31] [INFO]: 收到群 kenshi汉化和mod研究及暖(696654735) 内 阿格努(710621309) 的消息: [CQ:image,file=5af8fa2a865c7e1d12df857309ae9dcb.image,subType=1] (131715357) 
[2022-06-27 12:14:39] [INFO]: 收到群 kenshi汉化和mod研究及暖(696654735) 内 高橋啟介(791258074) 的消息: [CQ:image,file=00305492179c64396ac1a8a35eeb3814.image,subType=1] (-1630502745) 
[2022-06-27 14:16:12] [INFO]: 收到群 kenshi汉化和mod研究及暖(696654735) 内 --初见--(920592790) 的消息: [CQ:at,qq=710621309] 原来你是这样的人，我看错你了，屁股撅起来把 (-371740623) 
[2022-06-27 14:21:22] [INFO]: 收到群 kenshi汉化和mod研究及暖(696654735) 内 高橋啟介(791258074) 的消息: 来一段经典舞蹈[CQ:image,file=0acec433686f691afdb74f9329cb09e3.image,subType=1] (2036903328) 
[2022-06-27 14:22:23] [INFO]: 收到群 kenshi汉化和mod研究及暖(696654735) 内 囧※boy(1114167743) 的消息: [CQ:image,file=86d14075c492a6fe5995c62cb0f100a4.image,subType=1] (242195766) 
[2022-06-27 14:22:45] [INFO]: 收到群 kenshi汉化和mod研究及暖(696654735) 内 囧※boy(1114167743) 的消息: 你群没有广告 (1553888849) 
[2022-06-27 15:24:56] [ERROR]: Protocol -> unexpected disconnect: EOF 
[2022-06-27 15:24:56] [INFO]: Protocol -> connect to server: 169.47.230.125:10001 
[2022-06-27 15:24:59] [INFO]: 收到服务器地址更新通知, 将在下一次重连时应用.  
[2022-06-27 15:53:30] [INFO]: 收到群 kenshi汉化和mod研究及暖(696654735) 内 ‭ (363843342) 的消息: [CQ:image,file=3c7cfc4e97a160dd27a0e0da2ea05b98.image,subType=0]
什么是良心的儿童出版物啊（战术后仰 (731465415) 
[2022-06-27 16:07:09] [INFO]: 收到群 kenshi汉化和mod研究及暖(696654735) 内 高橋啟介(791258074) 的消息: [CQ:image,file=ecfb22bdf9e7d981284a475d50ac325b.image,subType=2] (-1299179651) 
[2022-06-27 16:07:22] [INFO]: 收到群 kenshi汉化和mod研究及暖(696654735) 内 高橋啟介(791258074) 的消息: 有点瑟 (-979949589) 
[2022-06-27 16:22:23] [INFO]: 收到群 kenshi汉化和mod研究及暖(696654735) 内 囧※boy(1114167743) 的消息: 笑 (1542697544) 
[2022-06-27 16:22:32] [INFO]: 收到群 kenshi汉化和mod研究及暖(696654735) 内 囧※boy(1114167743) 的消息: 只能说玩游戏的都啊太监 (754221790) 
[2022-06-27 16:22:37] [INFO]: 收到群 kenshi汉化和mod研究及暖(696654735) 内 囧※boy(1114167743) 的消息: 看个福瑞都受不了 (-1241656476) 
[2022-06-27 16:25:59] [INFO]: 收到群 kenshi汉化和mod研究及暖(696654735) 内 ‭ (363843342) 的消息: ？ (-1023745038) 
[2022-06-27 16:26:32] [INFO]: 收到群 kenshi汉化和mod研究及暖(696654735) 内 --初见--(920592790) 的消息: 玩个轰炸机，拉多加地图，对面三个点和基地上面全部有超大超厚黑云，下到1300m才能看见，而我方高空晴天万里，在加上对面都是288，两轮我们基地就没了，我方轰炸机被黑云逼的下高度然后被猎火鸡，这地图设计的真合理啊 (1380318819) 
[2022-06-27 16:27:12] [INFO]: 群 kenshi汉化和mod研究及暖暖化制作监督委员会-1群(696654735) 内 --初见--(920592790) 撤回了 --初见--(920592790) 的消息: 1380318819. 
[2022-06-27 16:27:44] [INFO]: 发送群 Py QQbot(813476953) 的消息: 秦喵喵转发了「CZC ... (1420293285) 
[2022-06-27 16:27:44] [INFO]: 发送群 Py QQbot(813476953) 的消息: 本条动态地址为htt ... (-893165306) 
[2022-06-27 18:28:22] [INFO]: 收到群 kenshi汉化和mod研究及暖(696654735) 内 水行修(2214497344) 的消息: [CQ:image,file=09fd048fb4c0a19edae8d9090077be04.image,subType=0] (625135349) 
[2022-06-27 18:28:25] [INFO]: 收到群 kenshi汉化和mod研究及暖(696654735) 内 水行修(2214497344) 的消息: 多来点福瑞 (1166362384) 
[2022-06-27 18:42:52] [INFO]: 发送群 Py QQbot(813476953) 的消息: 秦喵喵发了新动态：  ... (-1111207536) 
[2022-06-27 18:42:56] [INFO]: 发送群 Py QQbot(813476953) 的消息: [CQ:image, ... (617414698) 
[2022-06-27 18:42:59] [INFO]: 发送群 Py QQbot(813476953) 的消息: [CQ:image, ... (1405759676) 
[2022-06-27 18:43:09] [INFO]: 发送群 Py QQbot(813476953) 的消息: [CQ:image, ... (-1015730899) 
[2022-06-27 18:43:10] [INFO]: 发送群 Py QQbot(813476953) 的消息: 本条动态地址为htt ... (-1267589701) 
[2022-06-27 19:00:49] [INFO]: 发送群 Py QQbot(813476953) 的消息: 狗妈发了新视频「【神 ... (-427559204) 
[2022-06-27 19:00:50] [INFO]: 发送群 Py QQbot(813476953) 的消息: 本条动态地址为htt ... (-1853569462) 
[2022-06-27 19:22:30] [INFO]: 收到群 kenshi汉化和mod研究及暖(696654735) 内 时之沙(2934771083) 的消息: [CQ:image,file=d9ab7df3d937f49c173f83173b46ab0f.image,subType=0] (847411078) 
[2022-06-27 19:36:08] [INFO]: 收到群 kenshi汉化和mod研究及暖(696654735) 内 drm9900(515481577) 的消息: [CQ:image,file=8d350d00151fe59f20c95523e4e67333.image,subType=0] (-1416944068) 
[2022-06-27 19:38:26] [INFO]: 收到群 kenshi汉化和mod研究及暖(696654735) 内 甘蔗(1418318036) 的消息: [CQ:image,file=3ddd9b77058a38ea76ba82fc1f4a4421.image,subType=1] (-594798934) 
[2022-06-27 20:22:04] [INFO]: 收到群 <$ÿĀ>非狗X3＆肥欧狗X(859265365) 内 汪狗涛(2640365924) 的消息: [CQ:image,file=f22d12f64af335f5ee3af3c8662c0be1.image,subType=0] (1325391876) 
[2022-06-27 21:43:17] [INFO]: 收到群 <$ÿĀ>非狗X3＆肥欧狗X(859265365) 内 曾德狗(97189033) 的消息: 笑死 (-795118169) 
