[2022-04-25 04:30:27] [INFO]: 当前版本:v1.0.0-rc1 
[2022-04-25 04:30:27] [INFO]: 将使用 device.json 内的设备信息运行Bot. 
[2022-04-25 04:30:27] [INFO]: Bot将在5秒后登录并开始信息处理, 按 Ctrl+C 取消. 
[2022-04-25 04:30:32] [INFO]: 开始尝试登录并同步消息... 
[2022-04-25 04:30:32] [INFO]: 使用协议: iPad 
[2022-04-25 04:30:35] [INFO]: Protocol -> connect to server: 43.154.240.13:8080 
[2022-04-25 04:30:38] [INFO]: 收到服务器地址更新通知, 将在下一次重连时应用.  
[2022-04-25 04:30:38] [INFO]: 登录成功 欢迎使用: 小八的狐狸耳朵~ 
[2022-04-25 04:30:38] [INFO]: 开始加载好友列表... 
[2022-04-25 04:30:38] [INFO]: 共加载 4 个好友. 
[2022-04-25 04:30:38] [INFO]: 开始加载群列表... 
[2022-04-25 04:30:39] [INFO]: 共加载 5 个群. 
[2022-04-25 04:30:39] [INFO]: 资源初始化完成, 开始处理信息. 
[2022-04-25 04:30:39] [INFO]: アトリは、高性能ですから! 
[2022-04-25 04:30:39] [INFO]: 开始尝试连接到反向WebSocket Universal服务器: ws://127.0.0.1:15510/cqhttp/ws/ 
[2022-04-25 04:30:39] [INFO]: 正在检查更新. 
[2022-04-25 04:30:39] [INFO]: 已连接到反向WebSocket Universal服务器 ws://127.0.0.1:15510/cqhttp/ws/ 
[2022-04-25 04:30:40] [INFO]: 检查更新完成. 当前已运行最新版本. 
[2022-04-25 04:30:44] [INFO]: 开始诊断网络情况 
[2022-04-25 04:30:49] [WARNING]: 警告: 长消息响应延迟为 2012ms, 大于 1000ms, 可能导致无法接收/发送长消息的情况, 请检查本地网络状态. 
[2022-04-25 04:30:49] [INFO]: 网络诊断完成. 未发现问题 
[2022-04-25 16:24:46] [INFO]: 收到群 kenshi汉化和mod研究及暖(696654735) 内 思维网球(1158813857) 的消息: [CQ:image,file=0a3f074169f12587369fe038b8046cc8.image,subType=0] (1530379769) 
[2022-04-25 16:25:06] [INFO]: 收到群 kenshi汉化和mod研究及暖(696654735) 内 思维网球(1158813857) 的消息: 不敢太涩 (-1036063677) 
[2022-04-25 16:25:16] [INFO]: 收到群 kenshi汉化和mod研究及暖(696654735) 内 思维网球(1158813857) 的消息: [CQ:image,file=c90f8295cb78b042e0c8a9e56e00de67.image,subType=0] (-1254499115) 
[2022-04-25 16:40:16] [INFO]: 收到群 kenshi汉化和mod研究及暖(696654735) 内 方便的面团(261908430) 的消息: [CQ:reply,id=1530379769][CQ:at,qq=1158813857] [CQ:at,qq=1158813857] 啥游戏 (629588292) 
[2022-04-25 16:46:16] [INFO]: 收到群 kenshi汉化和mod研究及暖(696654735) 内 时之沙(2934771083) 的消息: 看这柰子，碧蓝航线？ (1384247762) 
[2022-04-25 17:50:33] [INFO]: 收到群 kenshi汉化和mod研究及暖(696654735) 内 思维网球(1158813857) 的消息: [CQ:reply,id=629588292][CQ:at,qq=261908430] [CQ:at,qq=261908430] 碧蓝航线 (7346869) 
[2022-04-25 17:51:04] [INFO]: 收到群 kenshi汉化和mod研究及暖(696654735) 内 思维网球(1158813857) 的消息: [CQ:reply,id=1384247762][CQ:at,qq=2934771083] [CQ:at,qq=2934771083] 对，但是碧蓝航线也是有平胸的，钢板！ (2004298275) 
[2022-04-25 17:52:18] [INFO]: 收到群 kenshi汉化和mod研究及暖(696654735) 内 时之沙(2934771083) 的消息: djs (-293700711) 
[2022-04-25 17:52:22] [INFO]: 收到群 kenshi汉化和mod研究及暖(696654735) 内 时之沙(2934771083) 的消息: 独角兽🦄 (-1720104177) 
[2022-04-25 18:21:07] [INFO]: 收到群 kenshi汉化和mod研究及暖(696654735) 内 方便的面团(261908430) 的消息: [CQ:face,id=180] (119398060) 
[2022-04-25 19:43:53] [INFO]: 收到群 kenshi汉化和mod研究及暖(696654735) 内 圣徒的亡灵(1339837523) 的消息: 好久没有色图了,让人不禁联想炎头是不是坐牢了[CQ:at,qq=2175422756] (1880813114) 
[2022-04-25 19:56:40] [INFO]: 收到群 kenshi汉化和mod研究及暖(696654735) 内 ‭‭(2691449141) 的消息: 红头就此陨落 (-384581760) 
[2022-04-25 20:00:18] [INFO]: 收到群 kenshi汉化和mod研究及暖(696654735) 内 魔男(511198723) 的消息: 炎上 (-1642819818) 
[2022-04-25 20:06:38] [INFO]: 发送群 Py QQbot(813476953) 的消息: 秦喵喵转发了「Pin ... (-1392354851) 
[2022-04-25 20:06:39] [INFO]: 发送群 Py QQbot(813476953) 的消息: 本条动态地址为htt ... (-637179573) 
[2022-04-25 20:09:38] [INFO]: 发送群 Py QQbot(813476953) 的消息: 秦喵喵发了新动态：  ... (-1161633618) 
[2022-04-25 20:09:48] [INFO]: 发送群 Py QQbot(813476953) 的消息: [CQ:image, ... (-842674120) 
[2022-04-25 20:09:49] [INFO]: 发送群 Py QQbot(813476953) 的消息: 本条动态地址为htt ... (1422688642) 
[2022-04-25 20:15:46] [INFO]: 收到群 kenshi汉化和mod研究及暖(696654735) 内 水行修(2214497344) 的消息: 17.0是不是要挂了 (246125191) 
[2022-04-25 20:15:48] [INFO]: 群 kenshi汉化和mod研究及暖暖化制作监督委员会-1群(696654735) 内 水行修(2214497344) 撤回了 水行修(2214497344) 的消息: 246125191. 
[2022-04-25 20:50:53] [INFO]: 收到群 kenshi汉化和mod研究及暖(696654735) 内 炎头队长沙福林(2175422756) 的消息: 不 其实炎头尝试发过色图 但是闪退了 (2041356817) 
[2022-04-25 21:10:04] [INFO]: 收到群 kenshi汉化和mod研究及暖(696654735) 内 drm9900(515481577) 的消息: [CQ:image,file=b5599c3ce82c7f86fcd4c518785c256a.image,subType=0] (426454004) 
