[2022-05-24 03:14:47] [INFO]: 收到群 kenshi汉化和mod研究及暖(696654735) 内 炎头队长沙福林(2175422756) 的消息: [CQ:forward,id=g70iqDfXbiL+iyNcmJfTfdpI4wN2DRQlrfbUU72dePzFiJvnEtSrYLBMcmYC4+Rd] (52045570) 
[2022-05-24 04:30:29] [INFO]: 当前版本:v1.0.0-rc1 
[2022-05-24 04:30:29] [INFO]: 将使用 device.json 内的设备信息运行Bot. 
[2022-05-24 04:30:29] [INFO]: Bot将在5秒后登录并开始信息处理, 按 Ctrl+C 取消. 
[2022-05-24 04:30:34] [INFO]: 开始尝试登录并同步消息... 
[2022-05-24 04:30:34] [INFO]: 使用协议: iPad 
[2022-05-24 04:30:37] [INFO]: Protocol -> connect to server: 43.135.106.161:8080 
[2022-05-24 04:30:41] [INFO]: 收到服务器地址更新通知, 将在下一次重连时应用.  
[2022-05-24 04:30:41] [INFO]: 登录成功 欢迎使用: 小八的狐狸耳朵~ 
[2022-05-24 04:30:41] [INFO]: 开始加载好友列表... 
[2022-05-24 04:30:41] [INFO]: 共加载 4 个好友. 
[2022-05-24 04:30:41] [INFO]: 开始加载群列表... 
[2022-05-24 04:30:42] [INFO]: 共加载 5 个群. 
[2022-05-24 04:30:42] [INFO]: 资源初始化完成, 开始处理信息. 
[2022-05-24 04:30:42] [INFO]: アトリは、高性能ですから! 
[2022-05-24 04:30:42] [INFO]: 开始尝试连接到反向WebSocket Universal服务器: ws://127.0.0.1:15510/cqhttp/ws/ 
[2022-05-24 04:30:42] [INFO]: 正在检查更新. 
[2022-05-24 04:30:42] [WARNING]: 连接到反向WebSocket Universal服务器 ws://127.0.0.1:15510/cqhttp/ws/ 时出现错误: dial tcp 127.0.0.1:15510: connect: connection refused 
[2022-05-24 04:30:43] [INFO]: 检查更新完成. 当前已运行最新版本. 
[2022-05-24 04:30:45] [INFO]: 开始尝试连接到反向WebSocket Universal服务器: ws://127.0.0.1:15510/cqhttp/ws/ 
[2022-05-24 04:30:45] [INFO]: 已连接到反向WebSocket Universal服务器 ws://127.0.0.1:15510/cqhttp/ws/ 
[2022-05-24 04:30:47] [INFO]: 开始诊断网络情况 
[2022-05-24 04:30:52] [INFO]: 网络诊断完成. 未发现问题 
[2022-05-24 06:39:31] [INFO]: 收到群 kenshi汉化和mod研究及暖(696654735) 内 魔男(511198723) 的消息: 太劲了 (-1710000456) 
[2022-05-24 11:09:57] [INFO]: 收到群 kenshi汉化和mod研究及暖(696654735) 内 思维网球(1158813857) 的消息: [CQ:reply,id=1948063636][CQ:at,qq=1328676962] [CQ:at,qq=1328676962] 你们这些邪教徒，必然将在我奥克兰的圣火中净化 (-317438418) 
[2022-05-24 11:10:47] [INFO]: 收到群 kenshi汉化和mod研究及暖(696654735) 内 思维网球(1158813857) 的消息: 喝啊！ (1936774029) 
[2022-05-24 11:10:47] [INFO]: 群 kenshi汉化和mod研究及暖暖化制作监督委员会-1群(696654735) 的 圣国教士(1158813857) 更新了名片  -> 圣国教士 
[2022-05-24 11:48:46] [INFO]: 收到群 kenshi汉化和mod研究及暖(696654735) 内 阿格努(710621309) 的消息: 娜可儿是啥 (74965787) 
[2022-05-24 11:49:06] [INFO]: 收到群 kenshi汉化和mod研究及暖(696654735) 内 炎头队长沙福林(2175422756) 的消息: 圣国那边的邪神 (-1652641119) 
[2022-05-24 11:49:19] [INFO]: 收到群 kenshi汉化和mod研究及暖(696654735) 内 炎头队长沙福林(2175422756) 的消息: 跟圣国敌对的他们都叫那可儿 (-361135561) 
[2022-05-24 11:49:23] [INFO]: 收到群 kenshi汉化和mod研究及暖(696654735) 内 阿格努(710621309) 的消息: 确定不是 娜儿可？ (2059837350) 
[2022-05-24 11:54:46] [INFO]: 收到群 kenshi汉化和mod研究及暖(696654735) 内 囧※boy(1114167743) 的消息: 我比较好奇 (230797104) 
[2022-05-24 11:54:58] [INFO]: 收到群 kenshi汉化和mod研究及暖(696654735) 内 囧※boy(1114167743) 的消息: 现在kenshi r18mod做到什么程度了 (-209384613) 
[2022-05-24 11:56:13] [INFO]: 收到群 kenshi汉化和mod研究及暖(696654735) 内 阿格努(710621309) 的消息: 问甜秋 (-2071839795) 
[2022-05-24 11:57:56] [INFO]: 收到群 kenshi汉化和mod研究及暖(696654735) 内 岂无飞(402818767) 的消息: [CQ:reply,id=-209384613][CQ:at,qq=1114167743] [CQ:at,qq=1114167743] 你想要那么程度 (495676023) 
[2022-05-24 11:59:17] [INFO]: 收到群 kenshi汉化和mod研究及暖(696654735) 内 岂无飞(402818767) 的消息: 我这有超猎奇，超涩情的mod (1787583201) 
[2022-05-24 12:06:36] [INFO]: 收到群 kenshi汉化和mod研究及暖(696654735) 内 阿格努(710621309) 的消息: 元婴双修有没有[CQ:face,id=98] (-186069182) 
[2022-05-24 12:10:05] [INFO]: 收到群 kenshi汉化和mod研究及暖(696654735) 内 岂无飞(402818767) 的消息: 没有 (-2081423404) 
[2022-05-24 12:12:47] [INFO]: 收到群 kenshi汉化和mod研究及暖(696654735) 内 囧※boy(1114167743) 的消息: [CQ:reply,id=1787583201][CQ:at,qq=402818767] 我全都要 (451325550) 
[2022-05-24 12:12:55] [INFO]: 收到群 kenshi汉化和mod研究及暖(696654735) 内 囧※boy(1114167743) 的消息: [CQ:image,file=27c6c38e6ff375da93aed4b32b0ec4b0.image,subType=0] (1843502840) 
[2022-05-24 12:13:57] [INFO]: 收到群 kenshi汉化和mod研究及暖(696654735) 内 岂无飞(402818767) 的消息: 等我下班康康 (-44137623) 
[2022-05-24 12:14:11] [INFO]: 收到群 kenshi汉化和mod研究及暖(696654735) 内 月如明镜(1728159097) 的消息: 来点超涩情的 (-1973832705) 
[2022-05-24 12:14:53] [INFO]: 收到群 kenshi汉化和mod研究及暖(696654735) 内 岂无飞(402818767) 的消息: [CQ:image,file=178a4ebe671b7f2377e029718a1e6618.image,subType=1] (-358729190) 
[2022-05-24 12:14:57] [INFO]: 收到群 kenshi汉化和mod研究及暖(696654735) 内 岂无飞(402818767) 的消息: 木枷涩情 (-1650914676) 
[2022-05-24 12:18:01] [INFO]: 收到群 kenshi汉化和mod研究及暖(696654735) 内 囧※boy(1114167743) 的消息: 超猎奇的记得也给我 (76569398) 
[2022-05-24 13:17:36] [INFO]: 收到群 kenshi汉化和mod研究及暖(696654735) 内 岂无飞(402818767) 的消息: [CQ:image,file=549177cb424c00a98771ade782bbab7e.image,subType=1] (1939303328) 
[2022-05-24 13:29:16] [INFO]: 收到群 kenshi汉化和mod研究及暖(696654735) 内 炎头队长沙福林(2175422756) 的消息: [CQ:forward,id=CMJOTSrlNaPGWtf+eALFcrbv8MnCZtsIlajUHaWaHEgkOUg8GoUmxsP+gJ5qWQab] (-302776829) 
[2022-05-24 17:24:44] [INFO]: 发送群 Py QQbot(813476953) 的消息: 秦喵喵发了新动态：  ... (3612784) 
[2022-05-24 17:24:48] [INFO]: 发送群 Py QQbot(813476953) 的消息: [CQ:image, ... (-1723960886) 
[2022-05-24 17:24:49] [INFO]: 发送群 Py QQbot(813476953) 的消息: 本条动态地址为htt ... (-298237604) 
[2022-05-24 19:33:44] [INFO]: 发送群 Py QQbot(813476953) 的消息: 秦喵喵转发了「Pin ... (2122734797) 
[2022-05-24 19:33:44] [INFO]: 发送群 Py QQbot(813476953) 的消息: 本条动态地址为htt ... (159476827) 
[2022-05-24 19:36:44] [INFO]: 发送群 Py QQbot(813476953) 的消息: 秦喵喵发了新动态：  ... (1534101308) 
[2022-05-24 19:37:13] [WARNING]: 转换CQ码 [CQ:image,file=https://i0.hdslb.com/bfs/album/d5783599337cdadaa0c7716a5d64395448298914.jpg] 时出现错误: stream error: stream ID 1; INTERNAL_ERROR; received from peer 将原样发送. 
[2022-05-24 19:37:13] [INFO]: 发送群 Py QQbot(813476953) 的消息: [CQ:image, ... (746043306) 
[2022-05-24 19:37:14] [INFO]: 发送群 Py QQbot(813476953) 的消息: [CQ:image, ... (-1249974768) 
[2022-05-24 19:37:16] [INFO]: 发送群 Py QQbot(813476953) 的消息: [CQ:image, ... (-1032202618) 
[2022-05-24 19:37:17] [INFO]: 发送群 Py QQbot(813476953) 的消息: [CQ:image, ... (1545421605) 
[2022-05-24 19:37:18] [INFO]: 发送群 Py QQbot(813476953) 的消息: 本条动态地址为htt ... (723153843) 
