[2022-02-25 03:39:43] [INFO]: 发送群 Py QQbot(813476953) 的消息: 秦喵喵转发了「Pin ... (-1249099902) 
[2022-02-25 03:39:43] [INFO]: 发送群 Py QQbot(813476953) 的消息: 本条动态地址为htt ... (-1031074028) 
[2022-02-25 03:39:46] [INFO]: 发送群 Py QQbot(813476953) 的消息: 秦喵喵发了新动态：  ... (1559206583) 
[2022-02-25 03:39:47] [INFO]: 发送群 Py QQbot(813476953) 的消息: 本条动态地址为htt ... (736668193) 
[2022-02-25 04:30:26] [INFO]: 当前版本:v1.0.0-beta6 
[2022-02-25 04:30:26] [INFO]: 用户交流群: 721829413 
[2022-02-25 04:30:26] [INFO]: 将使用 device.json 内的设备信息运行Bot. 
[2022-02-25 04:30:26] [INFO]: Bot将在5秒后登录并开始信息处理, 按 Ctrl+C 取消. 
[2022-02-25 04:30:31] [INFO]: 开始尝试登录并同步消息... 
[2022-02-25 04:30:31] [INFO]: 使用协议: iPad 
[2022-02-25 04:30:35] [INFO]: Protocol -> connect to server: 203.205.255.221:8080 
[2022-02-25 04:30:35] [ERROR]: Protocol -> decrypt payload error: unknown flag 
[2022-02-25 04:30:49] [ERROR]: Protocol -> decrypt payload error: unknown flag 
[2022-02-25 04:31:04] [WARNING]: 恢复会话失败: Packet timed out , 尝试使用正常流程登录. 
[2022-02-25 04:31:07] [INFO]: Protocol -> connect to server: 203.205.255.221:8080 
[2022-02-25 04:31:07] [ERROR]: Protocol -> decrypt payload error: unknown flag 
[2022-02-25 04:31:22] [ERROR]: Protocol -> decrypt payload error: unknown flag 
[2022-02-25 04:31:37] [FATAL]: 登录时发生致命错误: Packet timed out 
[2022-02-25 04:31:38] [INFO]: 当前版本:v1.0.0-beta6 
[2022-02-25 04:31:38] [INFO]: 用户交流群: 721829413 
[2022-02-25 04:31:38] [INFO]: 将使用 device.json 内的设备信息运行Bot. 
[2022-02-25 04:31:38] [INFO]: Bot将在5秒后登录并开始信息处理, 按 Ctrl+C 取消. 
[2022-02-25 04:31:43] [INFO]: 开始尝试登录并同步消息... 
[2022-02-25 04:31:43] [INFO]: 使用协议: iPad 
[2022-02-25 04:31:46] [INFO]: Protocol -> connect to server: 203.205.255.221:8080 
[2022-02-25 04:31:47] [ERROR]: Protocol -> decrypt payload error: unknown flag 
[2022-02-25 04:32:02] [ERROR]: Protocol -> decrypt payload error: unknown flag 
[2022-02-25 04:32:16] [FATAL]: 登录时发生致命错误: Packet timed out 
[2022-02-25 04:32:18] [INFO]: 当前版本:v1.0.0-beta6 
[2022-02-25 04:32:18] [INFO]: 用户交流群: 721829413 
[2022-02-25 04:32:18] [INFO]: 将使用 device.json 内的设备信息运行Bot. 
[2022-02-25 04:32:18] [INFO]: Bot将在5秒后登录并开始信息处理, 按 Ctrl+C 取消. 
[2022-02-25 04:32:23] [INFO]: 开始尝试登录并同步消息... 
[2022-02-25 04:32:23] [INFO]: 使用协议: iPad 
[2022-02-25 04:32:25] [INFO]: Protocol -> connect to server: 203.205.255.221:8080 
[2022-02-25 04:32:26] [ERROR]: Protocol -> decrypt payload error: unknown flag 
[2022-02-25 04:32:41] [ERROR]: Protocol -> decrypt payload error: unknown flag 
[2022-02-25 04:32:56] [FATAL]: 登录时发生致命错误: Packet timed out 
[2022-02-25 04:32:57] [INFO]: 当前版本:v1.0.0-beta6 
[2022-02-25 04:32:57] [INFO]: 用户交流群: 721829413 
[2022-02-25 04:32:57] [INFO]: 将使用 device.json 内的设备信息运行Bot. 
[2022-02-25 04:32:57] [INFO]: Bot将在5秒后登录并开始信息处理, 按 Ctrl+C 取消. 
[2022-02-25 04:33:02] [INFO]: 开始尝试登录并同步消息... 
[2022-02-25 04:33:02] [INFO]: 使用协议: iPad 
[2022-02-25 04:33:04] [INFO]: Protocol -> connect to server: 203.205.255.221:8080 
[2022-02-25 04:33:05] [ERROR]: Protocol -> decrypt payload error: unknown flag 
[2022-02-25 04:33:20] [ERROR]: Protocol -> decrypt payload error: unknown flag 
[2022-02-25 04:33:34] [FATAL]: 登录时发生致命错误: Packet timed out 
[2022-02-25 04:33:35] [INFO]: 当前版本:v1.0.0-beta6 
[2022-02-25 04:33:35] [INFO]: 用户交流群: 721829413 
[2022-02-25 04:33:35] [INFO]: 将使用 device.json 内的设备信息运行Bot. 
[2022-02-25 04:33:35] [INFO]: Bot将在5秒后登录并开始信息处理, 按 Ctrl+C 取消. 
[2022-02-25 04:33:40] [INFO]: 开始尝试登录并同步消息... 
[2022-02-25 04:33:40] [INFO]: 使用协议: iPad 
[2022-02-25 04:33:43] [INFO]: Protocol -> connect to server: 203.205.255.220:8080 
[2022-02-25 04:33:43] [ERROR]: Protocol -> decrypt payload error: unknown flag 
[2022-02-25 04:33:58] [ERROR]: Protocol -> decrypt payload error: unknown flag 
[2022-02-25 04:34:13] [FATAL]: 登录时发生致命错误: Packet timed out 
[2022-02-25 04:34:14] [INFO]: 当前版本:v1.0.0-beta6 
[2022-02-25 04:34:14] [INFO]: 用户交流群: 721829413 
[2022-02-25 04:34:14] [INFO]: 将使用 device.json 内的设备信息运行Bot. 
[2022-02-25 04:34:14] [INFO]: Bot将在5秒后登录并开始信息处理, 按 Ctrl+C 取消. 
[2022-02-25 04:34:19] [INFO]: 开始尝试登录并同步消息... 
[2022-02-25 04:34:19] [INFO]: 使用协议: iPad 
[2022-02-25 04:34:22] [INFO]: Protocol -> connect to server: 203.205.255.220:8080 
[2022-02-25 04:34:25] [INFO]: 登录成功 欢迎使用: 小八的狐狸耳朵~ 
[2022-02-25 04:34:25] [INFO]: 开始加载好友列表... 
[2022-02-25 04:34:25] [INFO]: 共加载 4 个好友. 
[2022-02-25 04:34:25] [INFO]: 开始加载群列表... 
[2022-02-25 04:34:26] [INFO]: 共加载 5 个群. 
[2022-02-25 04:34:27] [INFO]: 信息数据库初始化完成. 
[2022-02-25 04:34:27] [INFO]: 资源初始化完成, 开始处理信息. 
[2022-02-25 04:34:27] [INFO]: アトリは、高性能ですから! 
[2022-02-25 04:34:27] [INFO]: 开始尝试连接到反向WebSocket Universal服务器: ws://127.0.0.1:15510/cqhttp/ws/ 
[2022-02-25 04:34:27] [INFO]: 正在检查更新. 
[2022-02-25 04:34:27] [INFO]: 收到服务器地址更新通知, 将在下一次重连时应用.  
[2022-02-25 04:34:27] [INFO]: 当前有更新的 go-cqhttp 可供更新, 请前往 https://github.com/Mrs4s/go-cqhttp/releases 下载. 
[2022-02-25 04:34:27] [INFO]: 当前版本: v1.0.0-beta6 最新版本: v1.0.0-rc1 
[2022-02-25 12:12:43] [INFO]: 发送群 Py QQbot(813476953) 的消息: 秦喵喵发了新视频「【 ... (-1293812837) 
[2022-02-25 12:12:43] [INFO]: 发送群 Py QQbot(813476953) 的消息: 本条动态地址为htt ... (-974730483) 
[2022-02-25 15:19:12] [INFO]: 收到群 kenshi汉化和mod研究及暖(696654735) 内 drm9900(515481577) 的消息: [CQ:image,file=6a9dfea245be571a6e9db2257904a359.image] (1997752038) 
[2022-02-25 15:20:14] [INFO]: 收到群 kenshi汉化和mod研究及暖(696654735) 内 cullen(815405958) 的消息: [CQ:image,file=1243b7af11e3700b32f5e4d8f06623bc.image] (-300279972) 
[2022-02-25 16:21:44] [INFO]: 发送群 Py QQbot(813476953) 的消息: Tm发了新视频「呜呼 ... (1431951004) 
[2022-02-25 16:21:44] [INFO]: 发送群 Py QQbot(813476953) 的消息: 本条动态地址为htt ... (576644618) 
[2022-02-25 17:12:43] [INFO]: 发送群 Py QQbot(813476953) 的消息: 秦喵喵转发了「Mr. ... (348375145) 
[2022-02-25 17:12:43] [INFO]: 发送群 Py QQbot(813476953) 的消息: 本条动态地址为htt ... (1673853183) 
