[2022-07-16 02:36:46] [INFO]: 发送群 Py QQbot(813476953) 的消息: 秦喵喵转发了「Mr. ... (-1487162177) 
[2022-07-16 02:36:47] [INFO]: 发送群 Py QQbot(813476953) 的消息: 本条动态地址为htt ... (1045619973) 
[2022-07-16 04:30:27] [INFO]: 当前版本:v1.0.0-rc1 
[2022-07-16 04:30:27] [INFO]: 将使用 device.json 内的设备信息运行Bot. 
[2022-07-16 04:30:27] [INFO]: Bot将在5秒后登录并开始信息处理, 按 Ctrl+C 取消. 
[2022-07-16 04:30:32] [INFO]: 开始尝试登录并同步消息... 
[2022-07-16 04:30:32] [INFO]: 使用协议: iPad 
[2022-07-16 04:30:36] [INFO]: Protocol -> connect to server: 43.154.240.13:8080 
[2022-07-16 04:30:39] [INFO]: 收到服务器地址更新通知, 将在下一次重连时应用.  
[2022-07-16 04:30:40] [INFO]: 登录成功 欢迎使用: 小八的狐狸耳朵~ 
[2022-07-16 04:30:40] [INFO]: 开始加载好友列表... 
[2022-07-16 04:30:40] [INFO]: 共加载 4 个好友. 
[2022-07-16 04:30:40] [INFO]: 开始加载群列表... 
[2022-07-16 04:30:41] [INFO]: 共加载 5 个群. 
[2022-07-16 04:30:41] [INFO]: 资源初始化完成, 开始处理信息. 
[2022-07-16 04:30:41] [INFO]: アトリは、高性能ですから! 
[2022-07-16 04:30:41] [INFO]: 开始尝试连接到反向WebSocket Universal服务器: ws://127.0.0.1:15510/cqhttp/ws/ 
[2022-07-16 04:30:41] [INFO]: 正在检查更新. 
[2022-07-16 04:30:41] [WARNING]: 连接到反向WebSocket Universal服务器 ws://127.0.0.1:15510/cqhttp/ws/ 时出现错误: dial tcp 127.0.0.1:15510: connect: connection refused 
[2022-07-16 04:30:41] [INFO]: 当前有更新的 go-cqhttp 可供更新, 请前往 https://github.com/Mrs4s/go-cqhttp/releases 下载. 
[2022-07-16 04:30:41] [INFO]: 当前版本: v1.0.0-rc1 最新版本: v1.0.0-rc3 
[2022-07-16 04:30:44] [INFO]: 开始尝试连接到反向WebSocket Universal服务器: ws://127.0.0.1:15510/cqhttp/ws/ 
[2022-07-16 04:30:44] [INFO]: 已连接到反向WebSocket Universal服务器 ws://127.0.0.1:15510/cqhttp/ws/ 
[2022-07-16 04:30:46] [INFO]: 开始诊断网络情况 
[2022-07-16 04:30:51] [INFO]: 网络诊断完成. 未发现问题 
[2022-07-16 14:39:40] [INFO]: 发送群 Py QQbot(813476953) 的消息: 鹿乃酱发了新动态：  ... (1230362003) 
[2022-07-16 14:39:41] [INFO]: 发送群 Py QQbot(813476953) 的消息: 本条动态地址为htt ... (-638924798) 
[2022-07-16 17:42:46] [INFO]: 发送群 Py QQbot(813476953) 的消息: Tm发了新视频「自爆 ... (-1360136044) 
[2022-07-16 17:42:46] [INFO]: 发送群 Py QQbot(813476953) 的消息: 本条动态地址为htt ... (-836079247) 
[2022-07-16 17:48:58] [INFO]: 发送群 Py QQbot(813476953) 的消息: 秦喵喵转发了「Mur ... (-1188216345) 
[2022-07-16 17:48:58] [INFO]: 发送群 Py QQbot(813476953) 的消息: 本条动态地址为htt ... (539234397) 
[2022-07-16 17:57:44] [INFO]: 收到群 kenshi汉化和mod研究及暖(696654735) 内 洛羽尘(402818767) 的消息: [CQ:forward,id=p3v/iJ3lZBowkrkFyhFYjoGiVfHkUsXfhJZ3LTl7KgcM9Rj9XWVqKjAWboJKM15F] (-175925259) 
[2022-07-16 17:57:44] [INFO]: 收到群 kenshi汉化和mod研究及暖(696654735) 内 洛羽尘(402818767) 的消息: [CQ:forward,id=GsHOc9/egpUnY775JinfInTkmjNC4F7+HHQZZvqEFQOETc5tcurXnFIGi3v/XIgC] (1698466404) 
[2022-07-16 18:03:55] [INFO]: 发送群 Py QQbot(813476953) 的消息: 鹿乃酱发了新视频「日 ... (1461919947) 
[2022-07-16 18:03:56] [INFO]: 发送群 Py QQbot(813476953) 的消息: 本条动态地址为htt ... (-918047384) 
[2022-07-16 19:04:46] [INFO]: 收到群 kenshi汉化和mod研究及暖(696654735) 内 魔男(511198723) 的消息: 女子 (305904370) 
[2022-07-16 20:03:45] [INFO]: 发送群 Py QQbot(813476953) 的消息: 秦喵喵发了新动态：  ... (-1103067650) 
[2022-07-16 20:03:48] [INFO]: 发送群 Py QQbot(813476953) 的消息: [CQ:image, ... (659149892) 
[2022-07-16 20:03:49] [INFO]: 发送群 Py QQbot(813476953) 的消息: [CQ:image, ... (1347347666) 
[2022-07-16 20:03:50] [INFO]: 发送群 Py QQbot(813476953) 的消息: 本条动态地址为htt ... (-1057883837) 
