[2022-05-14 03:27:45] [INFO]: 发送群 Py QQbot(813476953) 的消息: Tm 开播啦啦啦！！ ... (980772078) 
[2022-05-14 04:30:02] [WARNING]: 监听反向WS Universal时出现错误: websocket: close 1006 (abnormal closure): unexpected EOF 
[2022-05-14 04:30:25] [INFO]: 当前版本:v1.0.0-rc1 
[2022-05-14 04:30:26] [INFO]: 将使用 device.json 内的设备信息运行Bot. 
[2022-05-14 04:30:26] [INFO]: Bot将在5秒后登录并开始信息处理, 按 Ctrl+C 取消. 
[2022-05-14 04:30:31] [INFO]: 开始尝试登录并同步消息... 
[2022-05-14 04:30:31] [INFO]: 使用协议: iPad 
[2022-05-14 04:30:34] [INFO]: Protocol -> connect to server: 43.135.106.161:8080 
[2022-05-14 04:30:38] [INFO]: 收到服务器地址更新通知, 将在下一次重连时应用.  
[2022-05-14 04:30:39] [INFO]: 登录成功 欢迎使用: 小八的狐狸耳朵~ 
[2022-05-14 04:30:39] [INFO]: 开始加载好友列表... 
[2022-05-14 04:30:39] [INFO]: 共加载 4 个好友. 
[2022-05-14 04:30:39] [INFO]: 开始加载群列表... 
[2022-05-14 04:30:40] [INFO]: 共加载 5 个群. 
[2022-05-14 04:30:40] [INFO]: 资源初始化完成, 开始处理信息. 
[2022-05-14 04:30:40] [INFO]: アトリは、高性能ですから! 
[2022-05-14 04:30:40] [INFO]: 开始尝试连接到反向WebSocket Universal服务器: ws://127.0.0.1:15510/cqhttp/ws/ 
[2022-05-14 04:30:40] [INFO]: 正在检查更新. 
[2022-05-14 04:30:40] [WARNING]: 连接到反向WebSocket Universal服务器 ws://127.0.0.1:15510/cqhttp/ws/ 时出现错误: dial tcp 127.0.0.1:15510: connect: connection refused 
[2022-05-14 04:30:40] [INFO]: 检查更新完成. 当前已运行最新版本. 
[2022-05-14 04:30:43] [INFO]: 开始尝试连接到反向WebSocket Universal服务器: ws://127.0.0.1:15510/cqhttp/ws/ 
[2022-05-14 04:30:43] [INFO]: 已连接到反向WebSocket Universal服务器 ws://127.0.0.1:15510/cqhttp/ws/ 
[2022-05-14 04:30:45] [INFO]: 开始诊断网络情况 
[2022-05-14 04:30:50] [INFO]: 网络诊断完成. 未发现问题 
[2022-05-14 12:17:38] [INFO]: 新成员 KARAS(391735171) 进入了群 kenshi汉化和mod研究及暖暖化制作监督委员会-1群(696654735). 
[2022-05-14 12:17:41] [INFO]: 新成员 👼﹏Justin丶role👼(229242782) 进入了群 kenshi汉化和mod研究及暖暖化制作监督委员会-1群(696654735). 
[2022-05-14 19:06:45] [INFO]: 发送群 Py QQbot(813476953) 的消息: 狗妈 开播啦啦啦！！ ... (216550029) 
[2022-05-14 19:57:42] [INFO]: 发送群 Py QQbot(813476953) 的消息: 秦喵喵发了新动态：  ... (2079291931) 
[2022-05-14 19:57:44] [INFO]: 发送群 Py QQbot(813476953) 的消息: [CQ:image, ... (-488232031) 
[2022-05-14 19:57:45] [INFO]: 发送群 Py QQbot(813476953) 的消息: 本条动态地址为htt ... (-1780409545) 
[2022-05-14 20:03:01] [INFO]: 收到群 kenshi汉化和mod研究及暖(696654735) 内 👼﹏Justin丶role👼(229242782) 的消息: 大佬们，，请教下 ，，这么调 xml碰撞体积？谢谢了 (-2059382278) 
[2022-05-14 20:03:05] [INFO]: 收到群 kenshi汉化和mod研究及暖(696654735) 内 👼﹏Justin丶role👼(229242782) 的消息: [CQ:image,file=661dbd30a250226fa85b772f067d9987.image,subType=0] (474546240) 
[2022-05-14 20:18:56] [INFO]: 收到群 kenshi汉化和mod研究及暖(696654735) 内 阿格努(710621309) 的消息: 这得问田秋 (1800286422) 
[2022-05-14 20:21:47] [INFO]: 收到群 kenshi汉化和mod研究及暖(696654735) 内 圣徒的亡灵(1339837523) 的消息: 不会热 (-181754507) 
[2022-05-14 20:21:49] [INFO]: 收到群 kenshi汉化和mod研究及暖(696654735) 内 圣徒的亡灵(1339837523) 的消息: 不会 (-2110941725) 
[2022-05-14 20:21:52] [INFO]: 收到群 kenshi汉化和mod研究及暖(696654735) 内 圣徒的亡灵(1339837523) 的消息: 搞黄色灰 (455394393) 
[2022-05-14 20:22:11] [INFO]: 收到群 kenshi汉化和mod研究及暖(696654735) 内 圣徒的亡灵(1339837523) 的消息: 搞黄色会,游戏不会 (1814295759) 
[2022-05-14 20:22:36] [INFO]: 收到群 kenshi汉化和mod研究及暖(696654735) 内 圣徒的亡灵(1339837523) 的消息: 我们都是娜儿可化身 (-56825506) 
[2022-05-14 20:22:40] [INFO]: 收到群 kenshi汉化和mod研究及暖(696654735) 内 KARAS(391735171) 的消息: 我才进来以为是狼友交流群  (-1952720440) 
[2022-05-14 20:22:49] [INFO]: 收到群 kenshi汉化和mod研究及暖(696654735) 内 KARAS(391735171) 的消息: 我是来学习mod的 (-346271699) 
[2022-05-14 20:22:54] [INFO]: 收到群 kenshi汉化和mod研究及暖(696654735) 内 👼﹏Justin丶role👼(229242782) 的消息: 对啊 (-1671733061) 
[2022-05-14 20:22:59] [INFO]: 收到群 kenshi汉化和mod研究及暖(696654735) 内 KARAS(391735171) 的消息: 进来看聊天记录吓我一跳 (89272577) 
[2022-05-14 20:24:00] [INFO]: 收到群 kenshi汉化和mod研究及暖(696654735) 内 👼﹏Justin丶role👼(229242782) 的消息: [CQ:image,file=8dfc591537a5180fef93a0c25b9a44a2.image,subType=0] (1918173591) 
[2022-05-14 20:24:24] [INFO]: 收到群 kenshi汉化和mod研究及暖(696654735) 内 👼﹏Justin丶role👼(229242782) 的消息: 看见 田秋大佬名字 (-332295116) 
[2022-05-14 20:24:36] [INFO]: 收到群 kenshi汉化和mod研究及暖(696654735) 内 👼﹏Justin丶role👼(229242782) 的消息: 啪的一下 就进来了 (-1690917726) 
[2022-05-14 20:25:36] [INFO]: 收到群 kenshi汉化和mod研究及暖(696654735) 内 👼﹏Justin丶role👼(229242782) 的消息: 我是准备来学造故宫的[CQ:face,id=182] (37745944) 
[2022-05-14 21:13:43] [INFO]: 收到群 kenshi汉化和mod研究及暖(696654735) 内 盒子咸鱼(951399482) 的消息: [CQ:image,file=2e5b3f05c6cab077b0a4d3f09ce47aca.image,subType=1] (1966654862) 
[2022-05-14 21:13:55] [INFO]: 收到群 kenshi汉化和mod研究及暖(696654735) 内 盒子咸鱼(951399482) 的消息: 居然是新人 (-444082145) 
[2022-05-14 21:16:23] [INFO]: 收到群 kenshi汉化和mod研究及暖(696654735) 内 👼﹏Justin丶role👼(229242782) 的消息: 我哭了，，没人教，一个问题 一周了 还没解决[CQ:face,id=182] (-1837045623) 
[2022-05-14 21:16:35] [INFO]: 收到群 kenshi汉化和mod研究及暖(696654735) 内 👼﹏Justin丶role👼(229242782) 的消息: 发张图 镇楼 (995918163) 
[2022-05-14 21:17:43] [INFO]: 收到群 kenshi汉化和mod研究及暖(696654735) 内 👼﹏Justin丶role👼(229242782) 的消息: [CQ:image,file=8d9d715ea7d4903be13ab2bf30ed990b.image,subType=0] (1281077701) 
[2022-05-14 21:18:30] [INFO]: 收到群 kenshi汉化和mod研究及暖(696654735) 内 KARAS(391735171) 的消息: [CQ:at,qq=229242782] 阿斯顿马丁 (-715988865) 
[2022-05-14 21:18:33] [INFO]: 收到群 kenshi汉化和mod研究及暖(696654735) 内 KARAS(391735171) 的消息: 汽车么 (-1571434263) 
[2022-05-14 21:18:44] [INFO]: 收到群 kenshi汉化和mod研究及暖(696654735) 内 KARAS(391735171) 的消息: 你们连汽车都整出来了么 (1009861962) 
[2022-05-14 21:19:19] [INFO]: 收到群 kenshi汉化和mod研究及暖(696654735) 内 👼﹏Justin丶role👼(229242782) 的消息: [CQ:image,file=c1b380e1a632d76b3b2936d149e30bad.image,subType=0] (1261860316) 
[2022-05-14 21:19:24] [INFO]: 收到群 kenshi汉化和mod研究及暖(696654735) 内 👼﹏Justin丶role👼(229242782) 的消息: 战损版 (-767613850) 
[2022-05-14 21:19:30] [INFO]: 收到群 kenshi汉化和mod研究及暖(696654735) 内 👼﹏Justin丶role👼(229242782) 的消息: [CQ:face,id=182] (-1523051280) 
[2022-05-14 21:20:03] [INFO]: 收到群 kenshi汉化和mod研究及暖(696654735) 内 👼﹏Justin丶role👼(229242782) 的消息: 现在 飞机 ，太空飞船 都出来了 (898042209) 
[2022-05-14 21:20:19] [INFO]: 收到群 kenshi汉化和mod研究及暖(696654735) 内 圣徒的亡灵(1339837523) 的消息: 能开吗 (1115699703) 
[2022-05-14 21:22:39] [INFO]: 收到群 kenshi汉化和mod研究及暖(696654735) 内 👼﹏Justin丶role👼(229242782) 的消息: [CQ:image,file=04ec79fb2afdf3d88d94da8058cb28d9.image,subType=0] (575123474) 
[2022-05-14 21:22:46] [INFO]: 收到群 kenshi汉化和mod研究及暖(696654735) 内 👼﹏Justin丶role👼(229242782) 的消息: [CQ:image,file=94822db64db094074ee2afe5ee9765df.image,subType=0] (1430290564) 
[2022-05-14 21:36:14] [INFO]: 收到群 kenshi汉化和mod研究及暖(696654735) 内 炎头队长沙福林(2175422756) 的消息: 我那年代 还只有 (-867577538) 
[2022-05-14 21:36:22] [INFO]: 收到群 kenshi汉化和mod研究及暖(696654735) 内 炎头队长沙福林(2175422756) 的消息: 硬核骑马 (-1152458328) 
[2022-05-14 23:59:16] [INFO]: 收到群 kenshi汉化和mod研究及暖(696654735) 内 简单先上盆饭(372338248) 的消息: 咱那个驼兽叫啥？ (623539211) 
[2022-05-14 23:59:20] [INFO]: 收到群 kenshi汉化和mod研究及暖(696654735) 内 简单先上盆饭(372338248) 的消息: 就叫驼兽？ (1378698397) 
