[2022-06-17 02:36:42] [INFO]: 发送群 Py QQbot(813476953) 的消息: 秦喵喵转发了「CZC ... (-1583989182) 
[2022-06-17 02:36:43] [INFO]: 发送群 Py QQbot(813476953) 的消息: 本条动态地址为htt ... (-695136556) 
[2022-06-17 04:30:27] [INFO]: 当前版本:v1.0.0-rc1 
[2022-06-17 04:30:27] [INFO]: 将使用 device.json 内的设备信息运行Bot. 
[2022-06-17 04:30:27] [INFO]: Bot将在5秒后登录并开始信息处理, 按 Ctrl+C 取消. 
[2022-06-17 04:30:32] [INFO]: 开始尝试登录并同步消息... 
[2022-06-17 04:30:32] [INFO]: 使用协议: iPad 
[2022-06-17 04:30:35] [INFO]: Protocol -> connect to server: 43.135.106.161:8080 
[2022-06-17 04:30:39] [INFO]: 收到服务器地址更新通知, 将在下一次重连时应用.  
[2022-06-17 04:30:39] [INFO]: 登录成功 欢迎使用: 小八的狐狸耳朵~ 
[2022-06-17 04:30:39] [INFO]: 开始加载好友列表... 
[2022-06-17 04:30:39] [INFO]: 共加载 4 个好友. 
[2022-06-17 04:30:39] [INFO]: 开始加载群列表... 
[2022-06-17 04:30:40] [INFO]: 共加载 5 个群. 
[2022-06-17 04:30:40] [INFO]: 资源初始化完成, 开始处理信息. 
[2022-06-17 04:30:40] [INFO]: アトリは、高性能ですから! 
[2022-06-17 04:30:40] [INFO]: 开始尝试连接到反向WebSocket Universal服务器: ws://127.0.0.1:15510/cqhttp/ws/ 
[2022-06-17 04:30:40] [INFO]: 正在检查更新. 
[2022-06-17 04:30:40] [INFO]: 已连接到反向WebSocket Universal服务器 ws://127.0.0.1:15510/cqhttp/ws/ 
[2022-06-17 04:30:41] [INFO]: 当前有更新的 go-cqhttp 可供更新, 请前往 https://github.com/Mrs4s/go-cqhttp/releases 下载. 
[2022-06-17 04:30:41] [INFO]: 当前版本: v1.0.0-rc1 最新版本: v1.0.0-rc2 
[2022-06-17 04:30:45] [INFO]: 开始诊断网络情况 
[2022-06-17 04:30:50] [INFO]: 网络诊断完成. 未发现问题 
[2022-06-17 06:41:08] [INFO]: 收到群 kenshi汉化和mod研究及暖(696654735) 内 落雨无声(418598289) 的消息: 实战还得看陈鹤皋 (-363633569) 
[2022-06-17 11:55:13] [INFO]: 收到群 kenshi汉化和mod研究及暖(696654735) 内 潜行吧！奈亚子！(1751979054) 的消息: [CQ:reply,id=-1655417655][CQ:at,qq=1195074247] [CQ:at,qq=1195074247] 蠢材 美式传武解决 (2062318030) 
[2022-06-17 11:55:16] [INFO]: 收到群 kenshi汉化和mod研究及暖(696654735) 内 潜行吧！奈亚子！(1751979054) 的消息: [CQ:image,file=6e11f2e9c97ea396e38368c46e732e1a.image,subType=1] (233523544) 
[2022-06-17 15:12:39] [INFO]: 发送群 Py QQbot(813476953) 的消息: 秦喵喵转发了「MKi ... (1177424709) 
[2022-06-17 15:12:40] [INFO]: 发送群 Py QQbot(813476953) 的消息: 本条动态地址为htt ... (824779731) 
[2022-06-17 18:36:43] [INFO]: 收到群 kenshi汉化和mod研究及暖(696654735) 内 drm9900(515481577) 的消息: [CQ:image,file=771538482214d5472455c2d402787d65.image,subType=0] (1595580991) 
[2022-06-17 18:39:20] [INFO]: 收到群 kenshi汉化和mod研究及暖(696654735) 内 月如明镜(1728159097) 的消息: 郑女士是谁 (673026729) 
[2022-06-17 18:41:47] [INFO]: 收到群 kenshi汉化和mod研究及暖(696654735) 内 高橋啟介(791258074) 的消息: 卧槽 (-1324039405) 
[2022-06-17 18:41:53] [INFO]: 收到群 kenshi汉化和mod研究及暖(696654735) 内 drm9900(515481577) 的消息: [CQ:image,file=e3149389d27410099fab3cc211293003.image,subType=0] (-971771003) 
[2022-06-17 18:42:18] [INFO]: 收到群 kenshi汉化和mod研究及暖(696654735) 内 drm9900(515481577) 的消息: 怎么最近没瑟图了[CQ:image,file=d88bc11a6a302468742c471acba74268.image,subType=1] (1484219942) 
[2022-06-17 18:42:35] [INFO]: 收到群 kenshi汉化和mod研究及暖(696654735) 内 高橋啟介(791258074) 的消息: 我还以为真的 (795891376) 
[2022-06-17 18:42:44] [INFO]: 收到群 kenshi汉化和mod研究及暖(696654735) 内 高橋啟介(791258074) 的消息: [CQ:face,id=265] (-1233582326) 
[2022-06-17 19:05:23] [INFO]: 收到群 kenshi汉化和mod研究及暖(696654735) 内 潜行吧！奈亚子！(1751979054) 的消息: [CQ:reply,id=1595580991][CQ:at,qq=515481577] [CQ:at,qq=515481577] 还TMD是人母 (-1048692836) 
[2022-06-17 19:08:17] [INFO]: 收到群 kenshi汉化和mod研究及暖(696654735) 内 drm9900(515481577) 的消息:  (1371613709) 
[2022-06-17 19:09:19] [INFO]: 收到群 kenshi汉化和mod研究及暖(696654735) 内 时之沙(2934771083) 的消息: 好像3d啊 (650517147) 
[2022-06-17 19:11:52] [INFO]: 收到群 kenshi汉化和mod研究及暖(696654735) 内 drm9900(515481577) 的消息: 是，都觉得这是画的，不是照片 (1174508414) 
[2022-06-17 19:20:07] [INFO]: 收到群 kenshi汉化和mod研究及暖(696654735) 内 drm9900(515481577) 的消息: [CQ:forward,id=fGjv8k/ejhrN1qgJb+297N5YMJLg2kjd3vVqDvLKxq8ypcIJFHyScNaxBb6OkP+r] (822518760) 
[2022-06-17 19:24:40] [INFO]: 发送群 Py QQbot(813476953) 的消息: 秦喵喵发了新动态：  ... (129240496) 
[2022-06-17 19:24:41] [INFO]: 发送群 Py QQbot(813476953) 的消息: [CQ:image, ... (1890794790) 
[2022-06-17 19:24:43] [INFO]: 发送群 Py QQbot(813476953) 的消息: [CQ:image, ... (-373658468) 
[2022-06-17 19:24:44] [INFO]: 发送群 Py QQbot(813476953) 的消息: [CQ:image, ... (-1631757302) 
[2022-06-17 19:24:46] [INFO]: 发送群 Py QQbot(813476953) 的消息: [CQ:image, ... (14272937) 
[2022-06-17 19:24:46] [INFO]: 发送群 Py QQbot(813476953) 的消息: 本条动态地址为htt ... (2011101503) 
[2022-06-17 19:29:04] [INFO]: 收到群 kenshi汉化和mod研究及暖(696654735) 内 潜行吧！奈亚子！(1751979054) 的消息: [CQ:image,file=6e11f2e9c97ea396e38368c46e732e1a.image,subType=1] (-1475349934) 
[2022-06-17 19:29:08] [INFO]: 收到群 kenshi汉化和mod研究及暖(696654735) 内 潜行吧！奈亚子！(1751979054) 的消息: [CQ:forward,id=tuk3DyVi7D58iO8QdF4vouQrgH2bk724ovri/m6yOSx/ngPJYhqMnhRKZyS7wWcJ] (-553073980) 
[2022-06-17 19:30:48] [INFO]: 收到群 kenshi汉化和mod研究及暖(696654735) 内 岂无飞(402818767) 的消息: 啊哈哈哈 (1097619303) 
[2022-06-17 19:31:02] [INFO]: 收到群 kenshi汉化和mod研究及暖(696654735) 内 潜行吧！奈亚子！(1751979054) 的消息: 我特么 (913008625) 
[2022-06-17 19:31:05] [INFO]: 收到群 kenshi汉化和mod研究及暖(696654735) 内 潜行吧！奈亚子！(1751979054) 的消息: 我都不知道我干啥了 (-1352518069) 
[2022-06-17 19:31:08] [INFO]: 收到群 kenshi汉化和mod研究及暖(696654735) 内 潜行吧！奈亚子！(1751979054) 的消息: 沃日 (-664467747) 
[2022-06-17 19:31:12] [INFO]: 收到群 kenshi汉化和mod研究及暖(696654735) 内 潜行吧！奈亚子！(1751979054) 的消息: [CQ:image,file=bb94a067fa4cf4ea0db4249f278abc37.image,subType=1] (1222253388) 
[2022-06-17 19:34:38] [INFO]: 收到群 kenshi汉化和mod研究及暖(696654735) 内 岂无飞(402818767) 的消息: [CQ:at,qq=1751979054] 你去跟他私聊说，卧槽你得罪 (1071459290) 
[2022-06-17 19:35:03] [INFO]: 收到群 kenshi汉化和mod研究及暖(696654735) 内 岂无飞(402818767) 的消息: 你早晚被这个图里的男人给啪啪 (155190713) 
[2022-06-17 19:35:12] [INFO]: 收到群 kenshi汉化和mod研究及暖(696654735) 内 潜行吧！奈亚子！(1751979054) 的消息: [CQ:image,file=bb94a067fa4cf4ea0db4249f278abc37.image,subType=1] (2118595887) 
[2022-06-17 19:35:15] [INFO]: 收到群 kenshi汉化和mod研究及暖(696654735) 内 岂无飞(402818767) 的消息: [CQ:image,file=1f3da2f5e1dfebab5f5652c850dd9055.image,subType=0] (-414292843) 
[2022-06-17 19:35:25] [INFO]: 收到群 kenshi汉化和mod研究及暖(696654735) 内 潜行吧！奈亚子！(1751979054) 的消息: 然而那群主把番名都说出来了 (-1874242557) 
[2022-06-17 19:35:26] [INFO]: 收到群 kenshi汉化和mod研究及暖(696654735) 内 岂无飞(402818767) 的消息: 虽然说你如果在我的群里发这个 (237879712) 
[2022-06-17 19:35:32] [INFO]: 收到群 kenshi汉化和mod研究及暖(696654735) 内 岂无飞(402818767) 的消息: 大概率也会被我禁言 (2032857398) 
[2022-06-17 19:35:34] [INFO]: 收到群 kenshi汉化和mod研究及暖(696654735) 内 岂无飞(402818767) 的消息: [CQ:image,file=6b2c24fcba968a23da6e1bdfcd258367.image,subType=1] (-534536052) 
[2022-06-17 19:35:35] [INFO]: 收到群 kenshi汉化和mod研究及暖(696654735) 内 潜行吧！奈亚子！(1751979054) 的消息: 还说这男的怼的赘肉 (-1759211494) 
[2022-06-17 19:35:39] [INFO]: 收到群 kenshi汉化和mod研究及暖(696654735) 内 潜行吧！奈亚子！(1751979054) 的消息: 为啥？ (127634827) 
[2022-06-17 19:35:42] [INFO]: 收到群 kenshi汉化和mod研究及暖(696654735) 内 潜行吧！奈亚子！(1751979054) 的消息: [CQ:image,file=6e11f2e9c97ea396e38368c46e732e1a.image,subType=1] (1889320221) 
[2022-06-17 19:35:55] [INFO]: 收到群 kenshi汉化和mod研究及暖(696654735) 内 Baki今天吃冒险家(3117086319) 的消息: 为啥 (274412792) 
[2022-06-17 19:36:03] [INFO]: 收到群 kenshi汉化和mod研究及暖(696654735) 内 Baki今天吃冒险家(3117086319) 的消息: 这个有片源吗 (1734083694) 
[2022-06-17 19:36:04] [INFO]: 收到群 kenshi汉化和mod研究及暖(696654735) 内 Baki今天吃冒险家(3117086319) 的消息: 话说 (-27961900) 
[2022-06-17 19:36:08] [INFO]: 收到群 kenshi汉化和mod研究及暖(696654735) 内 Baki今天吃冒险家(3117086319) 的消息: 我还挺想看的 (-1991088830) 
[2022-06-17 19:36:15] [INFO]: 收到群 kenshi汉化和mod研究及暖(696654735) 内 潜行吧！奈亚子！(1751979054) 的消息: 那人好像从推特上看过 (389476577) 
[2022-06-17 19:36:24] [INFO]: 收到群 kenshi汉化和mod研究及暖(696654735) 内 潜行吧！奈亚子！(1751979054) 的消息: 啪的一下过程都说出来了 (1613873271) 
[2022-06-17 19:38:08] [INFO]: 收到群 kenshi汉化和mod研究及暖(696654735) 内 岂无飞(402818767) 的消息: [CQ:reply,id=127634827][CQ:at,qq=1751979054] [CQ:at,qq=1751979054] 因为恶心 (-113733171) 
[2022-06-17 19:38:16] [INFO]: 收到群 kenshi汉化和mod研究及暖(696654735) 内 潜行吧！奈亚子！(1751979054) 的消息: [CQ:image,file=bb94a067fa4cf4ea0db4249f278abc37.image,subType=1] (-1908432549) 
[2022-06-17 19:38:25] [INFO]: 收到群 kenshi汉化和mod研究及暖(696654735) 内 潜行吧！奈亚子！(1751979054) 的消息: 恶心么 (511753418) 
[2022-06-17 19:38:27] [INFO]: 收到群 kenshi汉化和mod研究及暖(696654735) 内 潜行吧！奈亚子！(1751979054) 的消息: 现实中 (1770490972) 
[2022-06-17 19:38:47] [INFO]: 收到群 kenshi汉化和mod研究及暖(696654735) 内 潜行吧！奈亚子！(1751979054) 的消息: 被富有的胖子大叔用爱感化的年轻女孩多了去了 (997615419) 
[2022-06-17 19:38:55] [INFO]: 收到群 kenshi汉化和mod研究及暖(696654735) 内 潜行吧！奈亚子！(1751979054) 的消息: 纷纷献上第一次不是很多么 (1282496429) 
[2022-06-17 19:39:06] [INFO]: 收到群 kenshi汉化和mod研究及暖(696654735) 内 潜行吧！奈亚子！(1751979054) 的消息: 你为什么没被恶心死呢？ (-713554409) 
[2022-06-17 19:39:17] [INFO]: 收到群 kenshi汉化和mod研究及暖(696654735) 内 潜行吧！奈亚子！(1751979054) 的消息: 讲道理兄弟们我说的对么？ (-1568721279) 
[2022-06-17 19:40:21] [INFO]: 收到群 kenshi汉化和mod研究及暖(696654735) 内 drm9900(515481577) 的消息: [CQ:image,file=73871ff0253e36b4ee26c0338043e27d.image,subType=1] (1008444194) 
[2022-06-17 19:41:14] [INFO]: 收到群 kenshi汉化和mod研究及暖(696654735) 内 岂无飞(402818767) 的消息: [CQ:reply,id=-713554409][CQ:at,qq=1751979054] [CQ:at,qq=1751979054] 那你女朋友必被有钱的胖男人🌿 (1260164020) 
[2022-06-17 19:41:26] [INFO]: 收到群 kenshi汉化和mod研究及暖(696654735) 内 潜行吧！奈亚子！(1751979054) 的消息: 可是我都没有女朋友啊 (-770326002) 
[2022-06-17 19:41:28] [INFO]: 收到群 kenshi汉化和mod研究及暖(696654735) 内 潜行吧！奈亚子！(1751979054) 的消息: 我是穷人 (-1525484904) 
[2022-06-17 19:41:36] [INFO]: 收到群 kenshi汉化和mod研究及暖(696654735) 内 潜行吧！奈亚子！(1751979054) 的消息: 但是看到的是周围的老板们 (900591369) 
[2022-06-17 19:41:40] [INFO]: 收到群 kenshi汉化和mod研究及暖(696654735) 内 岂无飞(402818767) 的消息: 所以你只能看别人🌿？） (1118494623) 
[2022-06-17 19:41:41] [INFO]: 收到群 kenshi汉化和mod研究及暖(696654735) 内 潜行吧！奈亚子！(1751979054) 的消息: 女人都是年轻女人 (577590906) 
[2022-06-17 19:41:48] [INFO]: 收到群 kenshi汉化和mod研究及暖(696654735) 内 潜行吧！奈亚子！(1751979054) 的消息: 我看都看不到啊 (1433036524) 
[2022-06-17 19:41:51] [INFO]: 收到群 kenshi汉化和mod研究及暖(696654735) 内 潜行吧！奈亚子！(1751979054) 的消息: 这是事实啊 (-865913002) 
[2022-06-17 19:41:53] [INFO]: 收到群 kenshi汉化和mod研究及暖(696654735) 内 岂无飞(402818767) 的消息: [CQ:image,file=4e2e54373f6c5d15a225b0bd9875ba79.image,subType=0] (-1151072320) 
[2022-06-17 19:41:55] [INFO]: 收到群 kenshi汉化和mod研究及暖(696654735) 内 潜行吧！奈亚子！(1751979054) 的消息: 有些KTV (620794467) 
[2022-06-17 19:41:56] [INFO]: 收到群 kenshi汉化和mod研究及暖(696654735) 内 潜行吧！奈亚子！(1751979054) 的消息: 甚至 (1376232181) 
[2022-06-17 19:41:57] [INFO]: 收到群 kenshi汉化和mod研究及暖(696654735) 内 岂无飞(402818767) 的消息: 绿帽子就扣在你头上 (-888212657) 
[2022-06-17 19:41:59] [INFO]: 收到群 kenshi汉化和mod研究及暖(696654735) 内 潜行吧！奈亚子！(1751979054) 的消息: 会所 (-1140210727) 
[2022-06-17 19:42:04] [INFO]: 收到群 kenshi汉化和mod研究及暖(696654735) 内 潜行吧！奈亚子！(1751979054) 的消息: 不都很正常么？ (750181960) 
[2022-06-17 19:42:07] [INFO]: 收到群 kenshi汉化和mod研究及暖(696654735) 内 潜行吧！奈亚子！(1751979054) 的消息: 20来岁女孩 (1538387678) 
[2022-06-17 19:42:11] [INFO]: 收到群 kenshi汉化和mod研究及暖(696654735) 内 岂无飞(402818767) 的消息: 不正常 (-1510651211) 
[2022-06-17 19:42:16] [INFO]: 收到群 kenshi汉化和mod研究及暖(696654735) 内 潜行吧！奈亚子！(1751979054) 的消息: [CQ:image,file=6e11f2e9c97ea396e38368c46e732e1a.image,subType=1] (-755860957) 
[2022-06-17 19:42:18] [INFO]: 收到群 kenshi汉化和mod研究及暖(696654735) 内 岂无飞(402818767) 的消息: 我几把没钱也有女朋友 (1274751897) 
[2022-06-17 19:42:31] [INFO]: 收到群 kenshi汉化和mod研究及暖(696654735) 内 岂无飞(402818767) 的消息: 出去吃饭玩乐还是跟女的AA (1023154959) 
[2022-06-17 19:42:40] [INFO]: 收到群 kenshi汉化和mod研究及暖(696654735) 内 岂无飞(402818767) 的消息: 你不要把所有都放在钱上 (-1567060308) 
[2022-06-17 19:43:14] [INFO]: 收到群 kenshi汉化和mod研究及暖(696654735) 内 岂无飞(402818767) 的消息: 你不行归你不行 (-710951366) 
[2022-06-17 19:43:22] [INFO]: 收到群 kenshi汉化和mod研究及暖(696654735) 内 岂无飞(402818767) 的消息: 和钱关系不大 (1284960128) 
[2022-06-17 19:44:08] [INFO]: 收到群 kenshi汉化和mod研究及暖(696654735) 内 潜行吧！奈亚子！(1751979054) 的消息: [CQ:image,file=6e11f2e9c97ea396e38368c46e732e1a.image,subType=1] (999415574) 
[2022-06-17 19:44:14] [INFO]: 收到群 kenshi汉化和mod研究及暖(696654735) 内 潜行吧！奈亚子！(1751979054) 的消息: 就是我没钱长得丑 (-1422998905) 
[2022-06-17 19:44:18] [INFO]: 收到群 kenshi汉化和mod研究及暖(696654735) 内 潜行吧！奈亚子！(1751979054) 的消息: 人家直接丑拒 (-601230831) 
[2022-06-17 19:44:25] [INFO]: 收到群 kenshi汉化和mod研究及暖(696654735) 内 潜行吧！奈亚子！(1751979054) 的消息: 我连母人看都看不到 (-1125221388) 
[2022-06-17 19:44:28] [INFO]: 收到群 kenshi汉化和mod研究及暖(696654735) 内 潜行吧！奈亚子！(1751979054) 的消息: 看看群里的人吧 (-873903262) 
[2022-06-17 19:44:39] [INFO]: 收到群 kenshi汉化和mod研究及暖(696654735) 内 潜行吧！奈亚子！(1751979054) 的消息: 哪个不是这样的 大部分不都是这个亚子么？ (1390418648) 
[2022-06-17 19:44:45] [INFO]: 收到群 kenshi汉化和mod研究及暖(696654735) 内 岂无飞(402818767) 的消息: 丑不丑没关系 (635906638) 
[2022-06-17 19:44:46] [INFO]: 收到群 kenshi汉化和mod研究及暖(696654735) 内 潜行吧！奈亚子！(1751979054) 的消息: 你反而是这里奇怪的另类 (-1148993555) 
[2022-06-17 19:44:49] [INFO]: 收到群 kenshi汉化和mod研究及暖(696654735) 内 岂无飞(402818767) 的消息: 你看我发过自拍吗 (-863727749) 
[2022-06-17 19:44:56] [INFO]: 收到群 kenshi汉化和mod研究及暖(696654735) 内 岂无飞(402818767) 的消息: 我甚至还胖 (1435360961) 
[2022-06-17 19:45:05] [INFO]: 收到群 kenshi汉化和mod研究及暖(696654735) 内 潜行吧！奈亚子！(1751979054) 的消息: 你看过我自拍么 (579530327) 
[2022-06-17 19:45:11] [INFO]: 收到群 kenshi汉化和mod研究及暖(696654735) 内 潜行吧！奈亚子！(1751979054) 的消息: 长得丑陋无比 (-1305087034) 
[2022-06-17 19:45:13] [INFO]: 收到群 kenshi汉化和mod研究及暖(696654735) 内 潜行吧！奈亚子！(1751979054) 的消息: 被人嘲笑 (-986528944) 
[2022-06-17 19:45:44] [INFO]: 收到群 kenshi汉化和mod研究及暖(696654735) 内 岂无飞(402818767) 的消息: 谁不是 (1869250276) 
[2022-06-17 19:45:48] [INFO]: 收到群 kenshi汉化和mod研究及暖(696654735) 内 岂无飞(402818767) 的消息: 我个头才170 (409816690) 
[2022-06-17 19:45:56] [INFO]: 收到群 kenshi汉化和mod研究及暖(696654735) 内 潜行吧！奈亚子！(1751979054) 的消息: 谁不是 (-2124144696) 
[2022-06-17 19:46:00] [INFO]: 收到群 kenshi汉化和mod研究及暖(696654735) 内 潜行吧！奈亚子！(1751979054) 的消息: 你发你自拍我们瞅瞅 (-161271970) 
[2022-06-17 19:46:05] [INFO]: 收到群 kenshi汉化和mod研究及暖(696654735) 内 潜行吧！奈亚子！(1751979054) 的消息: 你发我就发我的 (1745337085) 
[2022-06-17 19:46:31] [INFO]: 收到群 kenshi汉化和mod研究及暖(696654735) 内 岂无飞(402818767) 的消息: 发就发 (520129131) 
[2022-06-17 19:46:49] [INFO]: 收到群 kenshi汉化和mod研究及暖(696654735) 内 潜行吧！奈亚子！(1751979054) 的消息: [CQ:image,file=6e11f2e9c97ea396e38368c46e732e1a.image,subType=1] (-2046174255) 
[2022-06-17 19:47:38] [INFO]: 收到群 kenshi汉化和mod研究及暖(696654735) 内 Baki今天吃冒险家(3117086319) 的消息: 别 (-250680505) 
[2022-06-17 19:47:43] [INFO]: 收到群 kenshi汉化和mod研究及暖(696654735) 内 Baki今天吃冒险家(3117086319) 的消息: 你们这也 (1639053014) 
[2022-06-17 19:47:53] [INFO]: 收到群 kenshi汉化和mod研究及暖(696654735) 内 潜行吧！奈亚子！(1751979054) 的消息: 中门对狙不是么 (381077056) 
[2022-06-17 19:47:58] [INFO]: 收到群 kenshi汉化和mod研究及暖(696654735) 内 潜行吧！奈亚子！(1751979054) 的消息: 我穷也穷的理直气壮 (1987137445) 
[2022-06-17 19:48:02] [INFO]: 收到群 kenshi汉化和mod研究及暖(696654735) 内 潜行吧！奈亚子！(1751979054) 的消息: 我就是没有女朋友怎么了 (24543027) 
[2022-06-17 19:48:14] [INFO]: 收到群 kenshi汉化和mod研究及暖(696654735) 内 潜行吧！奈亚子！(1751979054) 的消息: 我连年轻女孩看都看不到这不是很正常么 (-1736495479) 
[2022-06-17 19:48:15] [INFO]: 收到群 kenshi汉化和mod研究及暖(696654735) 内 Baki今天吃冒险家(3117086319) 的消息: 没事 (-277340641) 
[2022-06-17 19:48:24] [INFO]: 收到群 kenshi汉化和mod研究及暖(696654735) 内 Baki今天吃冒险家(3117086319) 的消息: [CQ:image,file=8d5bb8a273e08a39787209ec8085a5a4.image,subType=1] (1897696188) 
[2022-06-17 19:48:37] [INFO]: 收到群 kenshi汉化和mod研究及暖(696654735) 内 Baki今天吃冒险家(3117086319) 的消息: 没有女朋友也没关系的 (102480682) 
[2022-06-17 19:48:53] [INFO]: 收到群 kenshi汉化和mod研究及暖(696654735) 内 潜行吧！奈亚子！(1751979054) 的消息: [CQ:image,file=bb94a067fa4cf4ea0db4249f278abc37.image,subType=1] (-1626150256) 
[2022-06-17 19:53:46] [INFO]: 收到群 kenshi汉化和mod研究及暖(696654735) 内 潜行吧！奈亚子！(1751979054) 的消息: [CQ:at,qq=402818767] 照片呢？ (-401221114) 
[2022-06-17 19:53:48] [INFO]: 收到群 kenshi汉化和mod研究及暖(696654735) 内 Baki今天吃冒险家(3117086319) 的消息: [CQ:at,qq=1751979054] 所以能多发点这种吗 (2024458135) 
[2022-06-17 19:53:49] [INFO]: 收到群 kenshi汉化和mod研究及暖(696654735) 内 潜行吧！奈亚子！(1751979054) 的消息: 哎 (263059201) 
[2022-06-17 19:53:57] [INFO]: 收到群 kenshi汉化和mod研究及暖(696654735) 内 潜行吧！奈亚子！(1751979054) 的消息: [CQ:image,file=fb4784a839947a361ded52317a952df4.image,subType=1] (1566317670) 
[2022-06-17 19:56:17] [INFO]: 收到群 kenshi汉化和mod研究及暖(696654735) 内 潜行吧！奈亚子！(1751979054) 的消息: [CQ:image,file=88dd62581e3a0aaa2f63b4ef02da882e.image,subType=1][CQ:at,qq=3117086319] 比如这种？ (710618352) 
[2022-06-17 19:59:33] [INFO]: 收到群 kenshi汉化和mod研究及暖(696654735) 内 Baki今天吃冒险家(3117086319) 的消息: 不 (-1286439606) 
[2022-06-17 19:59:40] [INFO]: 收到群 kenshi汉化和mod研究及暖(696654735) 内 Baki今天吃冒险家(3117086319) 的消息: [CQ:image,file=1f3da2f5e1dfebab5f5652c850dd9055.image,subType=0] (-1001042468) 
[2022-06-17 19:59:42] [INFO]: 收到群 kenshi汉化和mod研究及暖(696654735) 内 Baki今天吃冒险家(3117086319) 的消息: 这种 (1513216127) 
[2022-06-17 20:02:42] [INFO]: 收到群 kenshi汉化和mod研究及暖(696654735) 内 简单先上盆饭(372338248) 的消息: 所以你们发不发照片？ (758573289) 
[2022-06-17 20:02:53] [INFO]: 收到群 kenshi汉化和mod研究及暖(696654735) 内 简单先上盆饭(372338248) 的消息: [CQ:image,file=a44a7ca505b486b9363f977cc41c4a98.image,subType=1] (-1270892205) 
[2022-06-17 20:03:35] [INFO]: 收到群 kenshi汉化和mod研究及暖(696654735) 内 简单先上盆饭(372338248) 的消息: 还有就是说，你们知不知道有一种人叫喜猪妹 (-1019704891) 
[2022-06-17 20:03:51] [INFO]: 收到群 kenshi汉化和mod研究及暖(696654735) 内 潜行吧！奈亚子！(1751979054) 的消息: [CQ:image,file=6e11f2e9c97ea396e38368c46e732e1a.image,subType=1] (1401394260) 
[2022-06-17 20:04:13] [INFO]: 收到群 kenshi汉化和mod研究及暖(696654735) 内 简单先上盆饭(372338248) 的消息: 那是真的喜欢胖子 (612410562) 
[2022-06-17 20:04:18] [INFO]: 收到群 kenshi汉化和mod研究及暖(696654735) 内 简单先上盆饭(372338248) 的消息: [CQ:image,file=e6daae215c48480d5b3e0f407090f698.image,subType=1] (1145515303) 
[2022-06-17 20:04:19] [INFO]: 收到群 kenshi汉化和mod研究及暖(696654735) 内 潜行吧！奈亚子！(1751979054) 的消息: 我发我的 (859839921) 
[2022-06-17 20:04:23] [INFO]: 收到群 kenshi汉化和mod研究及暖(696654735) 内 潜行吧！奈亚子！(1751979054) 的消息: 你们看到我就吐了 (-1438036981) 
[2022-06-17 20:04:27] [INFO]: 收到群 kenshi汉化和mod研究及暖(696654735) 内 潜行吧！奈亚子！(1751979054) 的消息: 又丑又老 (-582058851) 
[2022-06-17 20:05:20] [INFO]: 收到群 kenshi汉化和mod研究及暖(696654735) 内 岂无飞(402818767) 的消息: [CQ:at,qq=1751979054]  (1126885694) 
[2022-06-17 20:05:26] [WARNING]: 获取闪照地址时出现错误: para error 
[2022-06-17 20:05:26] [INFO]: 收到群 kenshi汉化和mod研究及暖(696654735) 内 岂无飞(402818767) 的消息: [CQ:image,file=9ab75759323714aff1cf8a4a3055bc84.image,type=flash,subType=0] (875420072) 
[2022-06-17 20:05:30] [INFO]: 收到群 kenshi汉化和mod研究及暖(696654735) 内 岂无飞(402818767) 的消息: 刚才干活去了 (-1390114798) 
[2022-06-17 20:06:53] [INFO]: 收到群 kenshi汉化和mod研究及暖(696654735) 内 简单先上盆饭(372338248) 的消息: yydz，鉴定为 (-635193212) 
[2022-06-17 20:07:00] [INFO]: 收到群 kenshi汉化和mod研究及暖(696654735) 内 简单先上盆饭(372338248) 的消息: 和言论不符 (1251779861) 
[2022-06-17 20:07:05] [INFO]: 群 kenshi汉化和mod研究及暖暖化制作监督委员会-1群(696654735) 内 简单先上盆饭(372338248) 撤回了 简单先上盆饭(372338248) 的消息: 1251779861. 
[2022-06-17 20:07:12] [INFO]: 收到群 kenshi汉化和mod研究及暖(696654735) 内 简单先上盆饭(372338248) 的消息: 和自述不符 (1033606531) 
[2022-06-17 20:08:05] [WARNING]: 获取闪照地址时出现错误: para error 
[2022-06-17 20:08:05] [INFO]: 收到群 kenshi汉化和mod研究及暖(696654735) 内 潜行吧！奈亚子！(1751979054) 的消息: [CQ:image,file=962d48d5dc64e9ede711f660cfbd3829.image,type=flash,subType=0] (184990688) 
[2022-06-17 20:08:10] [INFO]: 收到群 kenshi汉化和mod研究及暖(696654735) 内 潜行吧！奈亚子！(1751979054) 的消息: 都说了我长得丑 (2080476022) 
[2022-06-17 20:08:15] [INFO]: 收到群 kenshi汉化和mod研究及暖(696654735) 内 潜行吧！奈亚子！(1751979054) 的消息: 又老又丑 (-452404532) 
[2022-06-17 20:09:26] [INFO]: 群 kenshi汉化和mod研究及暖暖化制作监督委员会-1群(696654735) 内 潜行吧！奈亚子！(1751979054) 撤回了 潜行吧！奈亚子！(1751979054) 的消息: 184990688. 
[2022-06-17 20:09:33] [INFO]: 收到群 kenshi汉化和mod研究及暖(696654735) 内 简单先上盆饭(372338248) 的消息: 鉴定为，全脸都不发 (-1844450726) 
[2022-06-17 20:09:37] [WARNING]: 获取闪照地址时出现错误: para error 
[2022-06-17 20:09:37] [INFO]: 收到群 kenshi汉化和mod研究及暖(696654735) 内 潜行吧！奈亚子！(1751979054) 的消息: [CQ:image,file=f6dacccfe11687716a7ec26dd801e5b4.image,type=flash,subType=0] (208371705) 
[2022-06-17 20:09:44] [INFO]: 收到群 kenshi汉化和mod研究及暖(696654735) 内 潜行吧！奈亚子！(1751979054) 的消息: 抱歉我开了磨皮 (2070695791) 
[2022-06-17 20:09:49] [INFO]: 收到群 kenshi汉化和mod研究及暖(696654735) 内 潜行吧！奈亚子！(1751979054) 的消息: 这张不是 (-496689451) 
[2022-06-17 20:11:18] [INFO]: 收到群 kenshi汉化和mod研究及暖(696654735) 内 岂无飞(402818767) 的消息: [CQ:image,file=d1a3c60572c454d3dd489d4658473f45.image,subType=1] (-1788727741) 
[2022-06-17 20:13:17] [INFO]: 收到群 kenshi汉化和mod研究及暖(696654735) 内 潜行吧！奈亚子！(1751979054) 的消息: 你看他都丑哭了 (98382802) 
[2022-06-17 20:13:21] [INFO]: 收到群 kenshi汉化和mod研究及暖(696654735) 内 潜行吧！奈亚子！(1751979054) 的消息: 别哭别哭我错 (1926890308) 
[2022-06-17 20:13:31] [INFO]: 收到群 kenshi汉化和mod研究及暖(696654735) 内 潜行吧！奈亚子！(1751979054) 的消息: 被我丑陋的脸给吓哭了 (303925921) 
[2022-06-17 20:18:26] [INFO]: 收到群 kenshi汉化和mod研究及暖(696654735) 内 魔男(511198723) 的消息: [CQ:image,file=67d0171667b2df4ffc63aa5401f0c435.image,subType=0] (1696250423) 
[2022-06-17 20:18:28] [INFO]: 收到群 kenshi汉化和mod研究及暖(696654735) 内 魔男(511198723) 的消息: [CQ:image,file=7aeab583bd755a19566bbc2ba93ac182.image,subType=0] (-65803379) 
[2022-06-17 20:22:16] [INFO]: 收到群 kenshi汉化和mod研究及暖(696654735) 内 潜行吧！奈亚子！(1751979054) 的消息: [CQ:at,qq=511198723] [CQ:image,file=33077dac377ed86b47638328953d7260.image,subType=1] (-1961567461) 
[2022-06-17 20:22:18] [INFO]: 收到群 kenshi汉化和mod研究及暖(696654735) 内 潜行吧！奈亚子！(1751979054) 的消息: 什么意思 (359681720) 
[2022-06-17 20:22:27] [INFO]: 收到群 kenshi汉化和mod研究及暖(696654735) 内 潜行吧！奈亚子！(1751979054) 的消息: [CQ:at,qq=372338248] 他怎么了？ (1651998254) 
[2022-06-17 20:22:31] [INFO]: 收到群 kenshi汉化和mod研究及暖(696654735) 内 潜行吧！奈亚子！(1751979054) 的消息: [CQ:image,file=6e11f2e9c97ea396e38368c46e732e1a.image,subType=1] (-75616364) 
[2022-06-17 20:22:38] [INFO]: 收到群 kenshi汉化和mod研究及暖(696654735) 内 潜行吧！奈亚子！(1751979054) 的消息: 不是你们都被我丑哭了吧 (-1938219262) 
[2022-06-17 20:23:27] [INFO]: 收到群 kenshi汉化和mod研究及暖(696654735) 内 魔男(511198723) 的消息: 群友应该手冲去了 (482738835) 
[2022-06-17 20:24:19] [INFO]: 收到群 kenshi汉化和mod研究及暖(696654735) 内 魔男(511198723) 的消息: 谁谁闲着没事冲浪啊 (1807823365) 
[2022-06-17 20:24:31] [INFO]: 收到群 kenshi汉化和mod研究及暖(696654735) 内 魔男(511198723) 的消息: 有时间不如多冲两发 (959502690) 
[2022-06-17 20:24:39] [INFO]: 收到群 kenshi汉化和mod研究及暖(696654735) 内 魔男(511198723) 的消息: [CQ:image,file=12d6b74b62309711536bc3667b30c094.image,subType=1] (1312287220) 
[2022-06-17 20:25:19] [INFO]: 收到群 kenshi汉化和mod研究及暖(696654735) 内 潜行吧！奈亚子！(1751979054) 的消息: [CQ:image,file=6e11f2e9c97ea396e38368c46e732e1a.image,subType=1] (-683755442) 
[2022-06-17 20:30:31] [INFO]: 收到群 kenshi汉化和mod研究及暖(696654735) 内 drm9900(515481577) 的消息:  (-1606842152) 
[2022-06-17 20:33:38] [INFO]: 收到群 kenshi汉化和mod研究及暖(696654735) 内 魔男(511198723) 的消息: 微博是真的蠢 (1046289787) 
[2022-06-17 20:33:49] [INFO]: 收到群 kenshi汉化和mod研究及暖(696654735) 内 魔男(511198723) 的消息: 我明明看着没被和谐的 (1230646765) 
[2022-06-17 20:35:09] [INFO]: 收到群 kenshi汉化和mod研究及暖(696654735) 内 魔男(511198723) 的消息: [CQ:image,file=2ec8843dacb298944a1307204ca9b7fa.image,subType=11] (-799835049) 
[2022-06-17 20:35:16] [INFO]: 收到群 kenshi汉化和mod研究及暖(696654735) 内 魔男(511198723) 的消息: 结果存一堆这个 (-1487647551) 
[2022-06-17 20:44:38] [INFO]: 收到群 kenshi汉化和mod研究及暖(696654735) 内 魔男(511198723) 的消息: [CQ:video,file=10e3c5973772a9aab753884a1c990c24.video] (938168656) 
