[2022-04-17 04:30:25] [INFO]: 当前版本:v1.0.0-rc1 
[2022-04-17 04:30:25] [INFO]: 将使用 device.json 内的设备信息运行Bot. 
[2022-04-17 04:30:25] [INFO]: Bot将在5秒后登录并开始信息处理, 按 Ctrl+C 取消. 
[2022-04-17 04:30:30] [INFO]: 开始尝试登录并同步消息... 
[2022-04-17 04:30:30] [INFO]: 使用协议: iPad 
[2022-04-17 04:30:34] [INFO]: Protocol -> connect to server: 43.135.106.161:8080 
[2022-04-17 04:30:37] [INFO]: 收到服务器地址更新通知, 将在下一次重连时应用.  
[2022-04-17 04:30:38] [INFO]: 登录成功 欢迎使用: 小八的狐狸耳朵~ 
[2022-04-17 04:30:38] [INFO]: 开始加载好友列表... 
[2022-04-17 04:30:38] [INFO]: 共加载 4 个好友. 
[2022-04-17 04:30:38] [INFO]: 开始加载群列表... 
[2022-04-17 04:30:39] [INFO]: 共加载 5 个群. 
[2022-04-17 04:30:39] [INFO]: 资源初始化完成, 开始处理信息. 
[2022-04-17 04:30:39] [INFO]: アトリは、高性能ですから! 
[2022-04-17 04:30:39] [INFO]: 开始尝试连接到反向WebSocket Universal服务器: ws://127.0.0.1:15510/cqhttp/ws/ 
[2022-04-17 04:30:39] [INFO]: 正在检查更新. 
[2022-04-17 04:30:39] [WARNING]: 连接到反向WebSocket Universal服务器 ws://127.0.0.1:15510/cqhttp/ws/ 时出现错误: dial tcp 127.0.0.1:15510: connect: connection refused 
[2022-04-17 04:30:39] [INFO]: 检查更新完成. 当前已运行最新版本. 
[2022-04-17 04:30:42] [INFO]: 开始尝试连接到反向WebSocket Universal服务器: ws://127.0.0.1:15510/cqhttp/ws/ 
[2022-04-17 04:30:42] [INFO]: 已连接到反向WebSocket Universal服务器 ws://127.0.0.1:15510/cqhttp/ws/ 
[2022-04-17 04:30:44] [INFO]: 开始诊断网络情况 
[2022-04-17 04:30:49] [INFO]: 网络诊断完成. 未发现问题 
[2022-04-17 09:16:00] [INFO]: 收到群 kenshi汉化和mod研究及暖(696654735) 内 音无 奏🦖(296053120) 的消息: [CQ:image,file=35455c8f3dc165a2e46e95227c7b0867.image,subType=0] (-1832131093) 
[2022-04-17 09:16:00] [INFO]: 收到群 kenshi汉化和mod研究及暖(696654735) 内 音无 奏🦖(296053120) 的消息: [CQ:image,file=fe3a292315662c1798561ac103fd181c.image,subType=0] (-439560835) 
[2022-04-17 09:17:10] [INFO]: 收到群 kenshi汉化和mod研究及暖(696654735) 内 水行修(2214497344) 的消息: 能理解威尔士人 (2074624222) 
[2022-04-17 09:17:27] [INFO]: 收到群 kenshi汉化和mod研究及暖(696654735) 内 水行修(2214497344) 的消息: 天天看着一堆动物，突然有个看着像人 (212824136) 
[2022-04-17 09:17:31] [INFO]: 收到群 kenshi汉化和mod研究及暖(696654735) 内 水行修(2214497344) 的消息: 换我我也日了 (-1784274446) 
[2022-04-17 11:36:57] [INFO]: 收到群 kenshi汉化和mod研究及暖(696654735) 内 魔男(511198723) 的消息: [CQ:forward,id=7JVMWLFIlIGanigPHYRHuZ/E1uwRACbzQcZruXoRNeIC1RCea7gx4y/PpOUJ0XIc] (-492760732) 
[2022-04-17 11:51:59] [INFO]: 收到好友 小八的狐狸尾巴~(1216878448) 的消息: https://twitter.com/dyarikku/status/1513231491685306372 (-1489726212) 
[2022-04-17 12:27:26] [INFO]: 收到群 kenshi汉化和mod研究及暖(696654735) 内 囧※boy(1114167743) 的消息: 没漏 (1914572021) 
[2022-04-17 14:06:30] [INFO]: 收到群 kenshi汉化和mod研究及暖(696654735) 内 音无 奏🦖(296053120) 的消息: [CQ:reply,id=-492760732][CQ:at,qq=511198723] 海梦到底是“引爆cos圈” (85539939) 
[2022-04-17 16:12:42] [INFO]: 发送群 Py QQbot(813476953) 的消息: 秦喵喵发了新视频「【 ... (1583086972) 
[2022-04-17 16:12:42] [INFO]: 发送群 Py QQbot(813476953) 的消息: 本条动态地址为htt ... (693947882) 
[2022-04-17 17:42:39] [INFO]: 发送群 Py QQbot(813476953) 的消息: 秦喵喵转发了「yww ... (-1336566704) 
[2022-04-17 17:42:40] [INFO]: 发送群 Py QQbot(813476953) 的消息: 本条动态地址为htt ... (-950883130) 
[2022-04-17 19:30:39] [INFO]: 发送群 Py QQbot(813476953) 的消息: 秦喵喵发了新动态：  ... (1475195223) 
[2022-04-17 19:30:43] [INFO]: 发送群 Py QQbot(813476953) 的消息: [CQ:image, ... (552239553) 
[2022-04-17 19:30:44] [INFO]: 发送群 Py QQbot(813476953) 的消息: 本条动态地址为htt ... (1076693028) 
[2022-04-17 22:00:38] [INFO]: 发送群 Py QQbot(813476953) 的消息: 鹿乃酱 开播啦啦啦！ ... (925513906) 
[2022-04-17 22:16:56] [INFO]: 收到群 kenshi汉化和mod研究及暖(696654735) 内 音无 奏🦖(296053120) 的消息: [CQ:image,file=301943c5f900af739c0d1b4806eb90a9.image,subType=0] (-77752312) 
[2022-04-17 22:16:56] [INFO]: 收到群 kenshi汉化和mod研究及暖(696654735) 内 音无 奏🦖(296053120) 的消息: [CQ:image,file=24f08794e796800fce155a15f2d0a7b2.image,subType=0] (-1940215650) 
[2022-04-17 22:16:56] [INFO]: 收到群 kenshi汉化和mod研究及暖(696654735) 内 音无 奏🦖(296053120) 的消息: [CQ:image,file=76ef96858d0cc6d4d8f479127795778d.image,subType=0] (357824804) 
[2022-04-17 22:16:57] [INFO]: 收到群 kenshi汉化和mod研究及暖(696654735) 内 音无 奏🦖(296053120) 的消息: [CQ:image,file=3ee4b9424c01ff99ca1450a76987ce3c.image,subType=0] (1649723826) 
[2022-04-17 22:16:57] [INFO]: 收到群 kenshi汉化和mod研究及暖(696654735) 内 音无 奏🦖(296053120) 的消息: [CQ:image,file=73f885f219fe3bdd9665160f67327345.image,subType=0] (-63939567) 
[2022-04-17 22:16:57] [INFO]: 收到群 kenshi汉化和mod研究及暖(696654735) 内 音无 奏🦖(296053120) 的消息: [CQ:image,file=e7caf00ad89938a48ca86cf0c9c2315c.image,subType=0] (-1959302009) 
[2022-04-17 22:16:58] [INFO]: 收到群 kenshi汉化和mod研究及暖(696654735) 内 音无 奏🦖(296053120) 的消息: [CQ:image,file=7fdd593c6374eb3cf29a1d419852e886.image,subType=0] (306068797) 
