[2022-06-15 02:06:50] [INFO]: 发送群 Py QQbot(813476953) 的消息: 秦喵喵转发了「Mr. ... (1374595638) 
[2022-06-15 02:06:51] [INFO]: 发送群 Py QQbot(813476953) 的消息: 本条动态地址为htt ... (652843680) 
[2022-06-15 04:30:04] [INFO]: 当前版本:v1.0.0-rc1 
[2022-06-15 04:30:04] [INFO]: 将使用 device.json 内的设备信息运行Bot. 
[2022-06-15 04:30:04] [INFO]: Bot将在5秒后登录并开始信息处理, 按 Ctrl+C 取消. 
[2022-06-15 04:30:09] [INFO]: 开始尝试登录并同步消息... 
[2022-06-15 04:30:09] [INFO]: 使用协议: iPad 
[2022-06-15 04:30:12] [INFO]: Protocol -> connect to server: 43.135.106.161:8080 
[2022-06-15 04:30:36] [INFO]: 当前版本:v1.0.0-rc1 
[2022-06-15 04:30:36] [INFO]: 将使用 device.json 内的设备信息运行Bot. 
[2022-06-15 04:30:36] [INFO]: Bot将在5秒后登录并开始信息处理, 按 Ctrl+C 取消. 
[2022-06-15 04:30:41] [INFO]: 开始尝试登录并同步消息... 
[2022-06-15 04:30:41] [INFO]: 使用协议: iPad 
[2022-06-15 04:30:44] [INFO]: Protocol -> connect to server: 43.154.240.13:8080 
[2022-06-15 04:30:48] [INFO]: 登录成功 欢迎使用: 小八的狐狸耳朵~ 
[2022-06-15 04:30:48] [INFO]: 开始加载好友列表... 
[2022-06-15 04:30:48] [INFO]: 共加载 4 个好友. 
[2022-06-15 04:30:48] [INFO]: 开始加载群列表... 
[2022-06-15 04:30:49] [INFO]: 共加载 5 个群. 
[2022-06-15 04:30:50] [INFO]: 资源初始化完成, 开始处理信息. 
[2022-06-15 04:30:50] [INFO]: アトリは、高性能ですから! 
[2022-06-15 04:30:50] [INFO]: 开始尝试连接到反向WebSocket Universal服务器: ws://127.0.0.1:15510/cqhttp/ws/ 
[2022-06-15 04:30:50] [INFO]: 正在检查更新. 
[2022-06-15 04:30:50] [INFO]: 已连接到反向WebSocket Universal服务器 ws://127.0.0.1:15510/cqhttp/ws/ 
[2022-06-15 04:30:50] [INFO]: 当前有更新的 go-cqhttp 可供更新, 请前往 https://github.com/Mrs4s/go-cqhttp/releases 下载. 
[2022-06-15 04:30:50] [INFO]: 当前版本: v1.0.0-rc1 最新版本: v1.0.0-rc2 
[2022-06-15 04:30:55] [INFO]: 开始诊断网络情况 
[2022-06-15 04:31:01] [INFO]: 网络诊断完成. 未发现问题 
[2022-06-15 14:54:52] [INFO]: 发送群 Py QQbot(813476953) 的消息: 秦喵喵发了新视频「【 ... (-1075786982) 
[2022-06-15 14:54:53] [INFO]: 发送群 Py QQbot(813476953) 的消息: 本条动态地址为htt ... (-924320884) 
[2022-06-15 19:42:49] [INFO]: 发送群 Py QQbot(813476953) 的消息: 秦喵喵发了新动态：  ... (1451453999) 
[2022-06-15 19:42:51] [INFO]: 发送群 Py QQbot(813476953) 的消息: [CQ:image, ... (562323129) 
[2022-06-15 19:42:52] [INFO]: 发送群 Py QQbot(813476953) 的消息: 本条动态地址为htt ... (-1198715133) 
[2022-06-15 23:45:35] [INFO]: 收到群 <$ÿĀ>非狗X3＆肥欧狗X(859265365) 内 吴狗男(1216878448) 的消息: [CQ:image,file=346ccb8796595f091f3e1c6d6f0575db.image,subType=0] (-1100952483) 
