[2022-07-17 04:30:28] [INFO]: 当前版本:v1.0.0-rc1 
[2022-07-17 04:30:28] [INFO]: 将使用 device.json 内的设备信息运行Bot. 
[2022-07-17 04:30:28] [INFO]: Bot将在5秒后登录并开始信息处理, 按 Ctrl+C 取消. 
[2022-07-17 04:30:33] [INFO]: 开始尝试登录并同步消息... 
[2022-07-17 04:30:33] [INFO]: 使用协议: iPad 
[2022-07-17 04:30:36] [INFO]: Protocol -> connect to server: 43.154.240.194:8080 
[2022-07-17 04:30:40] [INFO]: 收到服务器地址更新通知, 将在下一次重连时应用.  
[2022-07-17 04:30:40] [INFO]: 登录成功 欢迎使用: 小八的狐狸耳朵~ 
[2022-07-17 04:30:40] [INFO]: 开始加载好友列表... 
[2022-07-17 04:30:41] [INFO]: 共加载 4 个好友. 
[2022-07-17 04:30:41] [INFO]: 开始加载群列表... 
[2022-07-17 04:30:42] [INFO]: 共加载 5 个群. 
[2022-07-17 04:30:42] [INFO]: 资源初始化完成, 开始处理信息. 
[2022-07-17 04:30:42] [INFO]: アトリは、高性能ですから! 
[2022-07-17 04:30:42] [INFO]: 开始尝试连接到反向WebSocket Universal服务器: ws://127.0.0.1:15510/cqhttp/ws/ 
[2022-07-17 04:30:42] [INFO]: 正在检查更新. 
[2022-07-17 04:30:42] [WARNING]: 连接到反向WebSocket Universal服务器 ws://127.0.0.1:15510/cqhttp/ws/ 时出现错误: dial tcp 127.0.0.1:15510: connect: connection refused 
[2022-07-17 04:30:42] [INFO]: 当前有更新的 go-cqhttp 可供更新, 请前往 https://github.com/Mrs4s/go-cqhttp/releases 下载. 
[2022-07-17 04:30:42] [INFO]: 当前版本: v1.0.0-rc1 最新版本: v1.0.0-rc3 
[2022-07-17 04:30:45] [INFO]: 开始尝试连接到反向WebSocket Universal服务器: ws://127.0.0.1:15510/cqhttp/ws/ 
[2022-07-17 04:30:45] [INFO]: 已连接到反向WebSocket Universal服务器 ws://127.0.0.1:15510/cqhttp/ws/ 
[2022-07-17 04:30:47] [INFO]: 开始诊断网络情况 
[2022-07-17 04:30:52] [INFO]: 网络诊断完成. 未发现问题 
[2022-07-17 06:30:16] [INFO]: 收到群 kenshi汉化和mod研究及暖(696654735) 内 阿格努(710621309) 的消息: 女少   口阿  ！ ！ ！ (1929130775) 
[2022-07-17 12:08:16] [INFO]: 收到群 Py QQbot(813476953) 内 小八的狐狸尾巴~(1216878448) 的消息: youtubedl (-1208563243) 
[2022-07-17 12:08:17] [INFO]: 发送群 Py QQbot(813476953) 的消息: [{"type":  ... (-452517198) 
[2022-07-17 12:10:03] [INFO]: 收到群 Py QQbot(813476953) 内 小八的狐狸尾巴~(1216878448) 的消息: youtubedl https://youtu.be/s0wL3C891TM (-1845489116) 
[2022-07-17 12:10:04] [INFO]: 发送群 Py QQbot(813476953) 的消息: [{"type":  ... (185156510) 
[2022-07-17 12:10:29] [INFO]: 收到群 Py QQbot(813476953) 内 小八的狐狸尾巴~(1216878448) 的消息: catlogs (2081321736) 
[2022-07-17 18:47:40] [INFO]: 发送群 Py QQbot(813476953) 的消息: [{"type":  ... (-496310613) 
[2022-07-17 18:47:42] [INFO]: 发送群 Py QQbot(813476953) 的消息: [{"type":  ... (-1787963843) 
