[2022-04-24 04:30:28] [INFO]: 当前版本:v1.0.0-rc1 
[2022-04-24 04:30:28] [INFO]: 将使用 device.json 内的设备信息运行Bot. 
[2022-04-24 04:30:28] [INFO]: Bot将在5秒后登录并开始信息处理, 按 Ctrl+C 取消. 
[2022-04-24 04:30:33] [INFO]: 开始尝试登录并同步消息... 
[2022-04-24 04:30:33] [INFO]: 使用协议: iPad 
[2022-04-24 04:30:36] [INFO]: Protocol -> connect to server: 43.135.106.161:8080 
[2022-04-24 04:30:39] [INFO]: 收到服务器地址更新通知, 将在下一次重连时应用.  
[2022-04-24 04:30:40] [INFO]: 登录成功 欢迎使用: 小八的狐狸耳朵~ 
[2022-04-24 04:30:40] [INFO]: 开始加载好友列表... 
[2022-04-24 04:30:40] [INFO]: 共加载 4 个好友. 
[2022-04-24 04:30:40] [INFO]: 开始加载群列表... 
[2022-04-24 04:30:41] [INFO]: 共加载 5 个群. 
[2022-04-24 04:30:41] [INFO]: 资源初始化完成, 开始处理信息. 
[2022-04-24 04:30:41] [INFO]: アトリは、高性能ですから! 
[2022-04-24 04:30:41] [INFO]: 开始尝试连接到反向WebSocket Universal服务器: ws://127.0.0.1:15510/cqhttp/ws/ 
[2022-04-24 04:30:41] [INFO]: 正在检查更新. 
[2022-04-24 04:30:41] [WARNING]: 连接到反向WebSocket Universal服务器 ws://127.0.0.1:15510/cqhttp/ws/ 时出现错误: dial tcp 127.0.0.1:15510: connect: connection refused 
[2022-04-24 04:30:41] [INFO]: 检查更新完成. 当前已运行最新版本. 
[2022-04-24 04:30:44] [INFO]: 开始尝试连接到反向WebSocket Universal服务器: ws://127.0.0.1:15510/cqhttp/ws/ 
[2022-04-24 04:30:44] [INFO]: 已连接到反向WebSocket Universal服务器 ws://127.0.0.1:15510/cqhttp/ws/ 
[2022-04-24 04:30:46] [INFO]: 开始诊断网络情况 
[2022-04-24 04:30:51] [INFO]: 网络诊断完成. 未发现问题 
[2022-04-24 09:51:08] [INFO]: 新成员 西北老汉(3515075747) 进入了群 kenshi汉化和mod研究及暖暖化制作监督委员会-1群(696654735). 
[2022-04-24 17:03:44] [INFO]: 发送群 Py QQbot(813476953) 的消息: 秦喵喵发了新动态：  ... (1412118959) 
[2022-04-24 17:03:47] [INFO]: 发送群 Py QQbot(813476953) 的消息: [CQ:image, ... (-853383147) 
[2022-04-24 17:03:49] [INFO]: 发送群 Py QQbot(813476953) 的消息: [CQ:image, ... (-1171957629) 
[2022-04-24 17:03:49] [INFO]: 发送群 Py QQbot(813476953) 的消息: 本条动态地址为htt ... (714753298) 
[2022-04-24 18:12:54] [INFO]: 发送群 Py QQbot(813476953) 的消息: 秦喵喵发了新视频「【 ... (1570600324) 
[2022-04-24 18:12:55] [INFO]: 发送群 Py QQbot(813476953) 的消息: 本条动态地址为htt ... (-1546006033) 
[2022-04-24 18:42:45] [INFO]: 发送群 Py QQbot(813476953) 的消息: 秦喵喵转发了「Pin ... (-723590791) 
[2022-04-24 18:42:45] [INFO]: 发送群 Py QQbot(813476953) 的消息: 本条动态地址为htt ... (1305981123) 
[2022-04-24 19:30:45] [INFO]: 发送群 Py QQbot(813476953) 的消息: 秦喵喵发了新动态：  ... (986742869) 
[2022-04-24 19:30:47] [INFO]: 发送群 Py QQbot(813476953) 的消息: [CQ:image, ... (-1531701770) 
[2022-04-24 19:30:53] [INFO]: 发送群 Py QQbot(813476953) 的消息: [CQ:image, ... (-743234208) 
[2022-04-24 19:30:55] [INFO]: 发送群 Py QQbot(813476953) 的消息: [CQ:image, ... (1253733594) 
[2022-04-24 19:30:56] [INFO]: 发送群 Py QQbot(813476953) 的消息: 本条动态地址为htt ... (1035813964) 
