[2022-04-01 04:30:27] [INFO]: 当前版本:v1.0.0-rc1 
[2022-04-01 04:30:27] [INFO]: 将使用 device.json 内的设备信息运行Bot. 
[2022-04-01 04:30:27] [INFO]: Bot将在5秒后登录并开始信息处理, 按 Ctrl+C 取消. 
[2022-04-01 04:30:32] [INFO]: 开始尝试登录并同步消息... 
[2022-04-01 04:30:32] [INFO]: 使用协议: iPad 
[2022-04-01 04:30:35] [INFO]: Protocol -> connect to server: 203.205.255.221:8080 
[2022-04-01 04:30:38] [INFO]: 收到服务器地址更新通知, 将在下一次重连时应用.  
[2022-04-01 04:30:39] [INFO]: 登录成功 欢迎使用: 小八的狐狸耳朵~ 
[2022-04-01 04:30:39] [INFO]: 开始加载好友列表... 
[2022-04-01 04:30:39] [INFO]: 共加载 4 个好友. 
[2022-04-01 04:30:39] [INFO]: 开始加载群列表... 
[2022-04-01 04:30:40] [INFO]: 共加载 5 个群. 
[2022-04-01 04:30:40] [INFO]: 资源初始化完成, 开始处理信息. 
[2022-04-01 04:30:40] [INFO]: アトリは、高性能ですから! 
[2022-04-01 04:30:40] [INFO]: 开始尝试连接到反向WebSocket Universal服务器: ws://127.0.0.1:15510/cqhttp/ws/ 
[2022-04-01 04:30:40] [INFO]: 正在检查更新. 
[2022-04-01 04:30:40] [WARNING]: 连接到反向WebSocket Universal服务器 ws://127.0.0.1:15510/cqhttp/ws/ 时出现错误: dial tcp 127.0.0.1:15510: connect: connection refused 
[2022-04-01 04:30:41] [INFO]: 检查更新完成. 当前已运行最新版本. 
[2022-04-01 04:30:43] [INFO]: 开始尝试连接到反向WebSocket Universal服务器: ws://127.0.0.1:15510/cqhttp/ws/ 
[2022-04-01 04:30:43] [INFO]: 已连接到反向WebSocket Universal服务器 ws://127.0.0.1:15510/cqhttp/ws/ 
[2022-04-01 04:30:45] [INFO]: 开始诊断网络情况 
[2022-04-01 04:30:50] [INFO]: 网络诊断完成. 未发现问题 
[2022-04-01 10:16:03] [INFO]: 收到群 kenshi汉化和mod研究及暖(696654735) 内 drm9900(515481577) 的消息: [CQ:image,file=0b25d453729c57c7947256f57c4e709a.image,subType=0] (1729879863) 
[2022-04-01 10:24:45] [INFO]: 发送群 Py QQbot(813476953) 的消息: 狗妈发了新动态： ナ ... (199352913) 
[2022-04-01 10:24:48] [INFO]: 发送群 Py QQbot(813476953) 的消息: [CQ:image, ... (2095502023) 
[2022-04-01 10:24:49] [INFO]: 发送群 Py QQbot(813476953) 的消息: 本条动态地址为htt ... (-437288067) 
[2022-04-01 11:48:49] [INFO]: 收到群 kenshi汉化和mod研究及暖(696654735) 内 阿格努(710621309) 的消息: 老痰酸菜卖不出去了
这叫营销战术 (-109098348) 
[2022-04-01 11:48:51] [INFO]: 收到群 kenshi汉化和mod研究及暖(696654735) 内 阿格努(710621309) 的消息: [CQ:face,id=178] (-1904707070) 
[2022-04-01 12:03:46] [INFO]: 收到群 kenshi汉化和mod研究及暖(696654735) 内 岂无飞(402818767) 的消息: [CQ:image,file=231f9e11c3466c9178f4f638c0409522.image,subType=0] (393292728) 
[2022-04-01 12:28:26] [INFO]: 收到群 kenshi汉化和mod研究及暖(696654735) 内 炎头队长沙福林(2175422756) 的消息: [CQ:image,file=2dd12235ee7fce80a8a05b4d2b83cfd9.image,subType=0] (1618352942) 
[2022-04-01 12:28:27] [INFO]: 收到群 kenshi汉化和mod研究及暖(696654735) 内 炎头队长沙福林(2175422756) 的消息: [CQ:image,file=d350ac85ce9b2bb3f179f5dc5ac47741.image,subType=0] (-255260993) 
[2022-04-01 12:28:28] [INFO]: 收到群 kenshi汉化和mod研究及暖(696654735) 内 炎头队长沙福林(2175422756) 的消息: [CQ:image,file=baf4c1ae97db9583df28a3b30161bce6.image,subType=0] (-2016528855) 
[2022-04-01 12:28:29] [INFO]: 收到群 kenshi汉化和mod研究及暖(696654735) 内 炎头队长沙福林(2175422756) 的消息: [CQ:image,file=072a9676e867efc66178d28d66fe3764.image,subType=0] (-418791476) 
[2022-04-01 12:28:29] [INFO]: 收到群 kenshi汉化和mod研究及暖(696654735) 内 炎头队长沙福林(2175422756) 的消息: [CQ:image,file=221ef31d2f50f30a1aa41da32f793378.image,subType=0] (-1878093990) 
[2022-04-01 12:28:29] [INFO]: 收到群 kenshi汉化和mod研究及暖(696654735) 内 炎头队长沙福林(2175422756) 的消息: [CQ:image,file=8a0f536d20ae8902edb1837ad82a4e73.image,subType=0] (151510752) 
[2022-04-01 12:28:30] [INFO]: 收到群 kenshi汉化和mod研究及暖(696654735) 内 炎头队长沙福林(2175422756) 的消息: [CQ:image,file=e48c549156f7128d9ffd469be947053d.image,subType=0] (2113990262) 
[2022-04-01 12:28:31] [INFO]: 收到群 kenshi汉化和mod研究及暖(696654735) 内 炎头队长沙福林(2175422756) 的消息: [CQ:image,file=2f15dbcab770722d24f2b6aa1ca335dc.image,subType=0] (-530285611) 
[2022-04-01 12:28:31] [INFO]: 收到群 kenshi汉化和mod研究及暖(696654735) 内 炎头队长沙福林(2175422756) 的消息: [CQ:image,file=b660d88394d3eb9024c63cd4bdf92616.image,subType=0] (-1755100349) 
[2022-04-01 15:48:57] [INFO]: 收到群 kenshi汉化和mod研究及暖(696654735) 内 音无 奏🦖(296053120) 的消息: 好臭好恶心 (241834745) 
[2022-04-01 15:51:39] [INFO]: 发送群 Py QQbot(813476953) 的消息: 鹿乃酱发了新动态：  ... (-1830243349) 
[2022-04-01 15:51:40] [INFO]: 发送群 Py QQbot(813476953) 的消息: 本条动态地址为htt ... (210511432) 
[2022-04-01 16:00:05] [INFO]: 收到群 kenshi汉化和mod研究及暖(696654735) 内 水行修(2214497344) 的消息: 滂臭 (2037197423) 
[2022-04-01 17:41:37] [INFO]: 收到群 kenshi汉化和mod研究及暖(696654735) 内 炎头队长沙福林(2175422756) 的消息: [CQ:forward,id=ODD7hJ0P3XxCjZIkkkMlYdYysx8BkF6Oy9Snyq+V7y2sFTDnsOFPuh4oiZWpJzg4] (-372099074) 
[2022-04-01 18:03:39] [INFO]: 发送群 Py QQbot(813476953) 的消息: 鹿乃酱发了新视频「【 ... (2072712926) 
[2022-04-01 18:03:40] [INFO]: 发送群 Py QQbot(813476953) 的消息: 本条动态地址为htt ... (-494778524) 
[2022-04-01 18:24:43] [INFO]: 发送群 Py QQbot(813476953) 的消息: 狗妈转发了「喜欢酸辣 ... (-1786415118) 
[2022-04-01 18:24:44] [INFO]: 发送群 Py QQbot(813476953) 的消息: 本条动态地址为htt ... (87714403) 
[2022-04-01 18:34:24] [INFO]: 收到群 kenshi汉化和mod研究及暖(696654735) 内 时之沙(2934771083) 的消息: [CQ:image,file=b067051ae95cea8fc8d7e0cc275f5922.image,subType=0] (-1630206104) 
[2022-04-01 19:39:41] [INFO]: 发送群 Py QQbot(813476953) 的消息: 秦喵喵发了新动态：  ... (1916623605) 
[2022-04-01 19:39:43] [INFO]: 发送群 Py QQbot(813476953) 的消息: [CQ:image, ... (318427920) 
[2022-04-01 19:39:45] [INFO]: 发送群 Py QQbot(813476953) 的消息: [CQ:image, ... (1711137670) 
[2022-04-01 19:39:45] [INFO]: 发送群 Py QQbot(813476953) 的消息: 本条动态地址为htt ... (-51072452) 
[2022-04-01 20:26:04] [INFO]: 收到群 kenshi汉化和mod研究及暖(696654735) 内 圣徒的亡灵(1339837523) 的消息: 炎头说这些图太low了,他有更厉害的图要发 (864293376) 
[2022-04-01 20:26:30] [INFO]: 收到群 kenshi汉化和mod研究及暖(696654735) 内 潜行吧！奈亚子！(1751979054) 的消息: 你们怎么就喜欢看这种荡妇呢 (1149444758) 
[2022-04-01 20:26:41] [INFO]: 收到群 kenshi汉化和mod研究及暖(696654735) 内 潜行吧！奈亚子！(1751979054) 的消息: 难道你们喜欢和很多人男人共享妻子？ (-578129108) 
[2022-04-01 20:26:46] [INFO]: 收到群 kenshi汉化和mod研究及暖(696654735) 内 潜行吧！奈亚子！(1751979054) 的消息: 准确来说是壮汉 (-1433582662) 
[2022-04-01 20:27:02] [INFO]: 收到群 kenshi汉化和mod研究及暖(696654735) 内 圣徒的亡灵(1339837523) 的消息: 准确的来说我们是娜儿可 (887739929) 
[2022-04-01 20:27:28] [INFO]: 收到群 kenshi汉化和mod研究及暖(696654735) 内 圣徒的亡灵(1339837523) 的消息: 奥克兰的光必将消散 (1139730063) 
[2022-04-01 20:27:38] [INFO]: 收到群 kenshi汉化和mod研究及暖(696654735) 内 潜行吧！奈亚子！(1751979054) 的消息: 色孽分子 (-622348491) 
[2022-04-01 20:27:48] [INFO]: 收到群 kenshi汉化和mod研究及暖(696654735) 内 潜行吧！奈亚子！(1751979054) 的消息: [CQ:image,file=569a152f94b992978a54e818ee13990a.image,subType=1] (-1377794141) 
[2022-04-01 20:28:07] [INFO]: 收到群 kenshi汉化和mod研究及暖(696654735) 内 潜行吧！奈亚子！(1751979054) 的消息: [CQ:image,file=f168806e36f0c6603f1845e2f040f22a.image,subType=1] (1029675570) 
[2022-04-01 20:28:43] [INFO]: 收到群 kenshi汉化和mod研究及暖(696654735) 内 圣徒的亡灵(1339837523) 的消息: [CQ:image,file=a07e4a406caf233d95fb2c1219cd9189.image,subType=1] (1247324836) 
[2022-04-01 20:30:17] [INFO]: 收到群 kenshi汉化和mod研究及暖(696654735) 内 潜行吧！奈亚子！(1751979054) 的消息: [CQ:image,file=8e49570482da3cb605601270e8f670ae.image,subType=1] (715072321) 
[2022-04-01 21:06:43] [INFO]: 发送群 Py QQbot(813476953) 的消息: 狗妈转发了「蔬菜サラ ... (-1946975574) 
[2022-04-01 21:06:44] [INFO]: 发送群 Py QQbot(813476953) 的消息: 本条动态地址为htt ... (362223369) 
[2022-04-01 21:09:43] [INFO]: 发送群 Py QQbot(813476953) 的消息: 狗妈转发了「非道君」 ... (1653614495) 
[2022-04-01 21:09:44] [INFO]: 发送群 Py QQbot(813476953) 的消息: 本条动态地址为htt ... (-73828827) 
