[2022-02-28 03:42:44] [INFO]: 发送群 Py QQbot(813476953) 的消息: 秦喵喵转发了「Mr. ... (-1073939631) 
[2022-02-28 03:42:45] [INFO]: 发送群 Py QQbot(813476953) 的消息: 本条动态地址为htt ... (563638002) 
[2022-02-28 04:30:27] [INFO]: 当前版本:v1.0.0-beta6 
[2022-02-28 04:30:27] [INFO]: 用户交流群: 721829413 
[2022-02-28 04:30:27] [INFO]: 将使用 device.json 内的设备信息运行Bot. 
[2022-02-28 04:30:27] [INFO]: Bot将在5秒后登录并开始信息处理, 按 Ctrl+C 取消. 
[2022-02-28 04:30:33] [INFO]: 开始尝试登录并同步消息... 
[2022-02-28 04:30:33] [INFO]: 使用协议: iPad 
[2022-02-28 04:30:36] [INFO]: Protocol -> connect to server: 203.205.255.221:8080 
[2022-02-28 04:30:38] [INFO]: 登录成功 欢迎使用: 小八的狐狸耳朵~ 
[2022-02-28 04:30:38] [INFO]: 开始加载好友列表... 
[2022-02-28 04:30:38] [INFO]: 共加载 4 个好友. 
[2022-02-28 04:30:38] [INFO]: 开始加载群列表... 
[2022-02-28 04:30:39] [INFO]: 收到服务器地址更新通知, 将在下一次重连时应用.  
[2022-02-28 04:30:39] [INFO]: 共加载 5 个群. 
[2022-02-28 04:30:40] [INFO]: 信息数据库初始化完成. 
[2022-02-28 04:30:40] [INFO]: 资源初始化完成, 开始处理信息. 
[2022-02-28 04:30:40] [INFO]: アトリは、高性能ですから! 
[2022-02-28 04:30:40] [INFO]: 开始尝试连接到反向WebSocket Universal服务器: ws://127.0.0.1:15510/cqhttp/ws/ 
[2022-02-28 04:30:40] [INFO]: 正在检查更新. 
[2022-02-28 04:30:40] [WARNING]: 连接到反向WebSocket Universal服务器 ws://127.0.0.1:15510/cqhttp/ws/ 时出现错误: dial tcp 127.0.0.1:15510: connect: connection refused 
[2022-02-28 04:30:40] [INFO]: 当前有更新的 go-cqhttp 可供更新, 请前往 https://github.com/Mrs4s/go-cqhttp/releases 下载. 
[2022-02-28 04:30:40] [INFO]: 当前版本: v1.0.0-beta6 最新版本: v1.0.0-rc1 
[2022-02-28 04:30:43] [INFO]: 开始尝试连接到反向WebSocket Universal服务器: ws://127.0.0.1:15510/cqhttp/ws/ 
[2022-02-28 13:51:46] [INFO]: 发送群 Py QQbot(813476953) 的消息: 秦喵喵发了新视频「【 ... (1453284964) 
[2022-02-28 13:51:47] [INFO]: 发送群 Py QQbot(813476953) 的消息: 本条动态地址为htt ... (-812249122) 
[2022-02-28 19:57:46] [INFO]: 发送群 Py QQbot(813476953) 的消息: 秦喵喵发了新动态：  ... (-1198440632) 
[2022-02-28 19:57:49] [INFO]: 发送群 Py QQbot(813476953) 的消息: [CQ:image, ... (674112217) 
[2022-02-28 19:57:49] [INFO]: 发送群 Py QQbot(813476953) 的消息: 本条动态地址为htt ... (1596527183) 
[2022-02-28 20:00:45] [INFO]: 发送群 Py QQbot(813476953) 的消息: 秦喵喵转发了「Mr. ... (1072602026) 
[2022-02-28 20:00:45] [INFO]: 发送群 Py QQbot(813476953) 的消息: 本条动态地址为htt ... (1223273276) 
[2022-02-28 21:36:44] [INFO]: 发送群 Py QQbot(813476953) 的消息: 秦喵喵发了新动态：  ... (-773784954) 
[2022-02-28 21:36:46] [INFO]: 发送群 Py QQbot(813476953) 的消息: [CQ:image, ... (-1494758896) 
[2022-02-28 21:36:47] [INFO]: 发送群 Py QQbot(813476953) 的消息: [CQ:image, ... (948133811) 
[2022-02-28 21:36:49] [INFO]: 发送群 Py QQbot(813476953) 的消息: [CQ:image, ... (1334079269) 
[2022-02-28 21:36:49] [INFO]: 发送群 Py QQbot(813476953) 的消息: 本条动态地址为htt ... (-695386465) 
