[2022-05-21 00:27:42] [INFO]: 发送群 Py QQbot(813476953) 的消息: 鹿乃酱 开播啦啦啦！ ... (542074234) 
[2022-05-21 03:54:43] [INFO]: 发送群 Py QQbot(813476953) 的消息: 秦喵喵转发了「yww ... (-1104416551) 
[2022-05-21 03:54:44] [INFO]: 发送群 Py QQbot(813476953) 的消息: 本条动态地址为htt ... (-919814065) 
[2022-05-21 04:30:25] [INFO]: 当前版本:v1.0.0-rc1 
[2022-05-21 04:30:25] [INFO]: 将使用 device.json 内的设备信息运行Bot. 
[2022-05-21 04:30:25] [INFO]: Bot将在5秒后登录并开始信息处理, 按 Ctrl+C 取消. 
[2022-05-21 04:30:30] [INFO]: 开始尝试登录并同步消息... 
[2022-05-21 04:30:30] [INFO]: 使用协议: iPad 
[2022-05-21 04:30:32] [INFO]: Protocol -> connect to server: 43.154.240.13:8080 
[2022-05-21 04:30:36] [INFO]: 收到服务器地址更新通知, 将在下一次重连时应用.  
[2022-05-21 04:30:36] [INFO]: 登录成功 欢迎使用: 小八的狐狸耳朵~ 
[2022-05-21 04:30:36] [INFO]: 开始加载好友列表... 
[2022-05-21 04:30:36] [INFO]: 共加载 4 个好友. 
[2022-05-21 04:30:36] [INFO]: 开始加载群列表... 
[2022-05-21 04:30:37] [INFO]: 共加载 5 个群. 
[2022-05-21 04:30:38] [INFO]: 资源初始化完成, 开始处理信息. 
[2022-05-21 04:30:38] [INFO]: アトリは、高性能ですから! 
[2022-05-21 04:30:38] [INFO]: 开始尝试连接到反向WebSocket Universal服务器: ws://127.0.0.1:15510/cqhttp/ws/ 
[2022-05-21 04:30:38] [INFO]: 正在检查更新. 
[2022-05-21 04:30:38] [INFO]: 已连接到反向WebSocket Universal服务器 ws://127.0.0.1:15510/cqhttp/ws/ 
[2022-05-21 04:30:38] [INFO]: 检查更新完成. 当前已运行最新版本. 
[2022-05-21 04:30:43] [INFO]: 开始诊断网络情况 
[2022-05-21 04:30:47] [INFO]: 网络诊断完成. 未发现问题 
[2022-05-21 13:18:37] [INFO]: 新成员 柱子Yang(2209669329) 进入了群 kenshi汉化和mod研究及暖暖化制作监督委员会-1群(696654735). 
[2022-05-21 15:33:03] [INFO]: 昨日 鲶鱼诺(1542195170) 在群 859265365 内发言最积极, 获得 龙王 标识。 
[2022-05-21 16:54:40] [INFO]: 发送群 Py QQbot(813476953) 的消息: 秦喵喵发了新视频「【 ... (1344639477) 
[2022-05-21 16:54:41] [INFO]: 发送群 Py QQbot(813476953) 的消息: 本条动态地址为htt ... (656580963) 
[2022-05-21 20:42:37] [INFO]: 发送群 Py QQbot(813476953) 的消息: 秦喵喵发了新动态：  ... (-1214399246) 
[2022-05-21 20:42:39] [INFO]: 发送群 Py QQbot(813476953) 的消息: [CQ:image, ... (-1063613340) 
[2022-05-21 20:42:40] [INFO]: 发送群 Py QQbot(813476953) 的消息: 本条动态地址为htt ... (1766254014) 
[2022-05-21 21:10:54] [INFO]: 收到群 kenshi汉化和mod研究及暖(696654735) 内 炎头队长沙福林(2175422756) 的消息: [CQ:image,file=303ea81d139379954f4ff31b46eba84f.image,subType=0] (653065459) 
[2022-05-21 21:59:27] [INFO]: 收到群 kenshi汉化和mod研究及暖(696654735) 内 方便的面团(261908430) 的消息: 再宽点更好 (1177253142) 
[2022-05-21 21:59:40] [INFO]: 收到群 kenshi汉化和mod研究及暖(696654735) 内 方便的面团(261908430) 的消息: 最好把天狗挤得只有一半 (824984960) 
[2022-05-21 21:59:44] [INFO]: 收到群 kenshi汉化和mod研究及暖(696654735) 内 方便的面团(261908430) 的消息: [CQ:face,id=178] (-1473964998) 
[2022-05-21 22:00:36] [INFO]: 发送群 Py QQbot(813476953) 的消息: 鹿乃酱 开播啦啦啦！ ... (507630888) 
[2022-05-21 22:01:37] [INFO]: 收到群 kenshi汉化和mod研究及暖(696654735) 内 guichu777(3484823613) 的消息: 这不是色图群么 (-551410516) 
