[2022-05-11 04:30:24] [INFO]: 当前版本:v1.0.0-rc1 
[2022-05-11 04:30:24] [INFO]: 将使用 device.json 内的设备信息运行Bot. 
[2022-05-11 04:30:24] [INFO]: Bot将在5秒后登录并开始信息处理, 按 Ctrl+C 取消. 
[2022-05-11 04:30:29] [INFO]: 开始尝试登录并同步消息... 
[2022-05-11 04:30:29] [INFO]: 使用协议: iPad 
[2022-05-11 04:30:32] [INFO]: Protocol -> connect to server: 43.154.240.13:8080 
[2022-05-11 04:30:36] [INFO]: 收到服务器地址更新通知, 将在下一次重连时应用.  
[2022-05-11 04:30:37] [INFO]: 登录成功 欢迎使用: 小八的狐狸耳朵~ 
[2022-05-11 04:30:37] [INFO]: 开始加载好友列表... 
[2022-05-11 04:30:38] [INFO]: 共加载 4 个好友. 
[2022-05-11 04:30:38] [INFO]: 开始加载群列表... 
[2022-05-11 04:30:38] [INFO]: 共加载 5 个群. 
[2022-05-11 04:30:39] [INFO]: 资源初始化完成, 开始处理信息. 
[2022-05-11 04:30:39] [INFO]: アトリは、高性能ですから! 
[2022-05-11 04:30:39] [INFO]: 开始尝试连接到反向WebSocket Universal服务器: ws://127.0.0.1:15510/cqhttp/ws/ 
[2022-05-11 04:30:39] [INFO]: 正在检查更新. 
[2022-05-11 04:30:39] [INFO]: 已连接到反向WebSocket Universal服务器 ws://127.0.0.1:15510/cqhttp/ws/ 
[2022-05-11 04:30:39] [INFO]: 检查更新完成. 当前已运行最新版本. 
[2022-05-11 04:30:44] [INFO]: 开始诊断网络情况 
[2022-05-11 04:30:48] [WARNING]: 警告: 长消息响应延迟为 3212ms, 大于 1000ms, 可能导致无法接收/发送长消息的情况, 请检查本地网络状态. 
[2022-05-11 04:30:48] [INFO]: 网络诊断完成. 未发现问题 
[2022-05-11 10:00:58] [ERROR]: Protocol -> unexpected disconnect: EOF 
[2022-05-11 10:00:58] [INFO]: Protocol -> connect to server: 169.47.230.125:10001 
[2022-05-11 10:00:58] [ERROR]: Protocol -> unexpected disconnect: EOF 
[2022-05-11 10:00:58] [INFO]: Protocol -> connect to server: 43.135.106.179:8080 
[2022-05-11 10:00:58] [ERROR]: Protocol -> connect server error: dial tcp error: dial tcp 43.135.106.179:8080: connect: connection refused 
[2022-05-11 10:00:58] [ERROR]: Protocol -> connect server error: dial tcp error: dial tcp 43.135.106.179:8080: connect: connection refused 
[2022-05-11 10:00:58] [WARNING]: Bot已离线: connection dropped by server. 
[2022-05-11 10:01:02] [WARNING]: 尝试重连... 
[2022-05-11 10:01:02] [INFO]: Protocol -> connect to server: 183.47.98.105:443 
[2022-05-11 10:01:06] [INFO]: 收到服务器地址更新通知, 将在下一次重连时应用.  
[2022-05-11 10:01:13] [INFO]: 当前版本:v1.0.0-rc1 
[2022-05-11 10:01:13] [INFO]: 将使用 device.json 内的设备信息运行Bot. 
[2022-05-11 10:01:13] [INFO]: Bot将在5秒后登录并开始信息处理, 按 Ctrl+C 取消. 
[2022-05-11 10:01:18] [INFO]: 开始尝试登录并同步消息... 
[2022-05-11 10:01:18] [INFO]: 使用协议: iPad 
[2022-05-11 10:01:21] [INFO]: Protocol -> connect to server: 43.135.106.161:8080 
[2022-05-11 10:01:26] [INFO]: 登录成功 欢迎使用: 小八的狐狸耳朵~ 
[2022-05-11 10:01:26] [INFO]: 开始加载好友列表... 
[2022-05-11 10:01:26] [INFO]: 共加载 4 个好友. 
[2022-05-11 10:01:26] [INFO]: 开始加载群列表... 
[2022-05-11 10:01:27] [INFO]: 共加载 5 个群. 
[2022-05-11 10:01:27] [INFO]: 资源初始化完成, 开始处理信息. 
[2022-05-11 10:01:27] [INFO]: アトリは、高性能ですから! 
[2022-05-11 10:01:27] [INFO]: 开始尝试连接到反向WebSocket Universal服务器: ws://127.0.0.1:15510/cqhttp/ws/ 
[2022-05-11 10:01:27] [INFO]: 正在检查更新. 
[2022-05-11 10:01:27] [INFO]: 已连接到反向WebSocket Universal服务器 ws://127.0.0.1:15510/cqhttp/ws/ 
[2022-05-11 10:01:27] [INFO]: 检查更新完成. 当前已运行最新版本. 
[2022-05-11 10:01:32] [INFO]: 开始诊断网络情况 
[2022-05-11 10:01:39] [INFO]: 网络诊断完成. 未发现问题 
[2022-05-11 19:27:43] [INFO]: 发送群 Py QQbot(813476953) 的消息: 秦喵喵发了新动态：  ... (1995602641) 
[2022-05-11 19:27:44] [INFO]: 发送群 Py QQbot(813476953) 的消息: [CQ:image, ... (32852551) 
[2022-05-11 19:27:46] [INFO]: 发送群 Py QQbot(813476953) 的消息: [CQ:image, ... (-1728308227) 
[2022-05-11 19:27:47] [INFO]: 发送群 Py QQbot(813476953) 的消息: [CQ:image, ... (-268752021) 
[2022-05-11 19:27:47] [INFO]: 发送群 Py QQbot(813476953) 的消息: 本条动态地址为htt ... (2135176954) 
[2022-05-11 19:35:15] [INFO]: 收到群 Py QQbot(813476953) 内 小八的狐狸尾巴~(1216878448) 的消息: line (138610284) 
[2022-05-11 19:35:16] [INFO]: 发送群 Py QQbot(813476953) 的消息: [{"type":  ... (1521675531) 
[2022-05-11 19:35:31] [INFO]: 收到群 Py QQbot(813476953) 内 小八的狐狸尾巴~(1216878448) 的消息: 19143455 (766893469) 
[2022-05-11 19:35:32] [INFO]: 发送群 Py QQbot(813476953) 的消息: [{"type":  ... (-1262711769) 
[2022-05-11 19:35:39] [WARNING]: 上传群文件 ./fox/data/line/hololive sticker Minato Aqua.zip 失败: 文件不存在 
[2022-05-11 19:37:12] [INFO]: 收到好友 小八的狐狸尾巴~(1216878448) 的消息: catlogs (1181449700) 
[2022-05-11 19:37:12] [INFO]: 发送好友 1216878448(1216878448)  的消息: [{"type":  ... (890376041) 
[2022-05-11 19:37:12] [INFO]: 发送好友 1216878448(1216878448)  的消息: [{"type":  ... (-708319625) 
