[2022-05-23 04:30:28] [INFO]: 当前版本:v1.0.0-rc1 
[2022-05-23 04:30:28] [INFO]: 将使用 device.json 内的设备信息运行Bot. 
[2022-05-23 04:30:28] [INFO]: Bot将在5秒后登录并开始信息处理, 按 Ctrl+C 取消. 
[2022-05-23 04:30:33] [INFO]: 开始尝试登录并同步消息... 
[2022-05-23 04:30:33] [INFO]: 使用协议: iPad 
[2022-05-23 04:30:36] [INFO]: Protocol -> connect to server: 43.135.106.161:8080 
[2022-05-23 04:30:39] [INFO]: 收到服务器地址更新通知, 将在下一次重连时应用.  
[2022-05-23 04:30:39] [INFO]: 登录成功 欢迎使用: 小八的狐狸耳朵~ 
[2022-05-23 04:30:39] [INFO]: 开始加载好友列表... 
[2022-05-23 04:30:39] [INFO]: 共加载 4 个好友. 
[2022-05-23 04:30:39] [INFO]: 开始加载群列表... 
[2022-05-23 04:30:40] [INFO]: 共加载 5 个群. 
[2022-05-23 04:30:41] [INFO]: 资源初始化完成, 开始处理信息. 
[2022-05-23 04:30:41] [INFO]: アトリは、高性能ですから! 
[2022-05-23 04:30:41] [INFO]: 开始尝试连接到反向WebSocket Universal服务器: ws://127.0.0.1:15510/cqhttp/ws/ 
[2022-05-23 04:30:41] [INFO]: 正在检查更新. 
[2022-05-23 04:30:41] [WARNING]: 连接到反向WebSocket Universal服务器 ws://127.0.0.1:15510/cqhttp/ws/ 时出现错误: dial tcp 127.0.0.1:15510: connect: connection refused 
[2022-05-23 04:30:41] [INFO]: 检查更新完成. 当前已运行最新版本. 
[2022-05-23 04:30:44] [INFO]: 开始尝试连接到反向WebSocket Universal服务器: ws://127.0.0.1:15510/cqhttp/ws/ 
[2022-05-23 04:30:44] [INFO]: 已连接到反向WebSocket Universal服务器 ws://127.0.0.1:15510/cqhttp/ws/ 
[2022-05-23 04:30:46] [INFO]: 开始诊断网络情况 
[2022-05-23 04:30:51] [WARNING]: 警告: 长消息响应延迟为 2155ms, 大于 1000ms, 可能导致无法接收/发送长消息的情况, 请检查本地网络状态. 
[2022-05-23 04:30:51] [INFO]: 网络诊断完成. 未发现问题 
[2022-05-23 10:06:35] [INFO]: 收到群 kenshi汉化和mod研究及暖(696654735) 内 阿格努(710621309) 的消息: 没有人考验老干部了吗 (-665853771) 
[2022-05-23 10:13:15] [INFO]: 收到群 kenshi汉化和mod研究及暖(696654735) 内 盒子咸鱼(951399482) 的消息: 炎头呢 (1223752996) 
[2022-05-23 10:13:27] [INFO]: 收到群 kenshi汉化和mod研究及暖(696654735) 内 盒子咸鱼(951399482) 的消息: [CQ:face,id=311,type=sticker] (1073204658) 
[2022-05-23 11:22:56] [INFO]: 收到群 Py QQbot(813476953) 内 小八的狐狸尾巴~(1216878448) 的消息: 来点涩图 (1885197567) 
[2022-05-23 11:22:56] [INFO]: 发送群 Py QQbot(813476953) 的消息: [{"type":  ... (123397225) 
[2022-05-23 11:23:07] [INFO]: 发送群 Py QQbot(813476953) 的消息: [CQ:image, ... (-1638681133) 
[2022-05-23 11:38:49] [INFO]: 收到群 kenshi汉化和mod研究及暖(696654735) 内 炎头队长沙福林(2175422756) 的消息: 炎头在战斗中倒下了 (1829119701) 
[2022-05-23 14:03:58] [INFO]: 收到群 kenshi汉化和mod研究及暖(696654735) 内 無雙(2863373708) 的消息: 我先白嫖一个整合包 (436278851) 
[2022-05-23 14:04:06] [INFO]: 收到群 kenshi汉化和mod研究及暖(696654735) 内 無雙(2863373708) 的消息: [CQ:image,file=abd2e9d5ad0678b16a89220fc3d83114.image,subType=1] (-2096609287) 
[2022-05-23 17:54:32] [INFO]: 收到群 kenshi汉化和mod研究及暖(696654735) 内 囧※boy(1114167743) 的消息: 炎头在战斗中倒下了 (-200312977) 
[2022-05-23 17:54:39] [INFO]: 收到群 kenshi汉化和mod研究及暖(696654735) 内 囧※boy(1114167743) 的消息: 你们都不玩kenshi吗 (1785455308) 
[2022-05-23 18:30:44] [INFO]: 发送群 Py QQbot(813476953) 的消息: 秦喵喵转发了「Pin ... (-380336827) 
[2022-05-23 18:30:45] [INFO]: 发送群 Py QQbot(813476953) 的消息: 本条动态地址为htt ... (1999638758) 
[2022-05-23 23:18:35] [INFO]: 收到群 kenshi汉化和mod研究及暖(696654735) 内 😏開汧吣伈😄(1910879566) 的消息: 已经在等kenshi2了 (493671002) 
[2022-05-23 23:18:36] [INFO]: 收到群 kenshi汉化和mod研究及暖(696654735) 内 😏開汧吣伈😄(1910879566) 的消息: [CQ:face,id=277] (-2073721888) 
[2022-05-23 23:19:59] [INFO]: 收到群 kenshi汉化和mod研究及暖(696654735) 内 重装KGZ晓琳(2860677522) 的消息: [CQ:at,qq=1114167743] 你忠诚吗？ (-211635338) 
[2022-05-23 23:20:24] [INFO]: 收到群 kenshi汉化和mod研究及暖(696654735) 内 重装KGZ晓琳(2860677522) 的消息: 你的包里有圣火吗？ (1675472615) 
[2022-05-23 23:20:50] [INFO]: 收到群 kenshi汉化和mod研究及暖(696654735) 内 重装KGZ晓琳(2860677522) 的消息: 如若没有，取尔狗头 (349871729) 
[2022-05-23 23:31:00] [INFO]: 收到群 kenshi汉化和mod研究及暖(696654735) 内 🤗(1328676962) 的消息: 我们都是娜可儿 (1948063636) 
