[2022-06-24 04:30:27] [INFO]: 当前版本:v1.0.0-rc1 
[2022-06-24 04:30:27] [INFO]: 将使用 device.json 内的设备信息运行Bot. 
[2022-06-24 04:30:27] [INFO]: Bot将在5秒后登录并开始信息处理, 按 Ctrl+C 取消. 
[2022-06-24 04:30:33] [INFO]: 开始尝试登录并同步消息... 
[2022-06-24 04:30:33] [INFO]: 使用协议: iPad 
[2022-06-24 04:30:35] [INFO]: Protocol -> connect to server: 43.154.240.13:8080 
[2022-06-24 04:30:39] [INFO]: 收到服务器地址更新通知, 将在下一次重连时应用.  
[2022-06-24 04:30:40] [INFO]: 登录成功 欢迎使用: 小八的狐狸耳朵~ 
[2022-06-24 04:30:40] [INFO]: 开始加载好友列表... 
[2022-06-24 04:30:40] [INFO]: 共加载 4 个好友. 
[2022-06-24 04:30:40] [INFO]: 开始加载群列表... 
[2022-06-24 04:30:41] [INFO]: 共加载 5 个群. 
[2022-06-24 04:30:41] [INFO]: 资源初始化完成, 开始处理信息. 
[2022-06-24 04:30:41] [INFO]: アトリは、高性能ですから! 
[2022-06-24 04:30:41] [INFO]: 开始尝试连接到反向WebSocket Universal服务器: ws://127.0.0.1:15510/cqhttp/ws/ 
[2022-06-24 04:30:41] [INFO]: 正在检查更新. 
[2022-06-24 04:30:41] [INFO]: 已连接到反向WebSocket Universal服务器 ws://127.0.0.1:15510/cqhttp/ws/ 
[2022-06-24 04:30:41] [INFO]: 当前有更新的 go-cqhttp 可供更新, 请前往 https://github.com/Mrs4s/go-cqhttp/releases 下载. 
[2022-06-24 04:30:41] [INFO]: 当前版本: v1.0.0-rc1 最新版本: v1.0.0-rc3 
[2022-06-24 04:30:46] [INFO]: 开始诊断网络情况 
[2022-06-24 04:30:51] [INFO]: 网络诊断完成. 未发现问题 
[2022-06-24 19:42:42] [INFO]: 发送群 Py QQbot(813476953) 的消息: 秦喵喵转发了「Pin ... (-1032812686) 
[2022-06-24 19:42:43] [INFO]: 发送群 Py QQbot(813476953) 的消息: 本条动态地址为htt ... (1534711496) 
[2022-06-24 20:18:45] [INFO]: 发送群 Py QQbot(813476953) 的消息: 秦喵喵发了新动态：  ... (746514014) 
[2022-06-24 20:18:47] [INFO]: 发送群 Py QQbot(813476953) 的消息: [CQ:image, ... (-1128137777) 
[2022-06-24 20:18:48] [INFO]: 发送群 Py QQbot(813476953) 的消息: [CQ:image, ... (-876164263) 
[2022-06-24 20:18:48] [INFO]: 发送群 Py QQbot(813476953) 的消息: 本条动态地址为htt ... (-726297506) 
[2022-06-24 23:15:42] [INFO]: 发送群 Py QQbot(813476953) 的消息: 秦喵喵转发了「yww ... (-1548573496) 
[2022-06-24 23:15:42] [INFO]: 发送群 Py QQbot(813476953) 的消息: 本条动态地址为htt ... (985396594) 
