[2022-05-25 04:30:28] [INFO]: 当前版本:v1.0.0-rc1 
[2022-05-25 04:30:28] [INFO]: 将使用 device.json 内的设备信息运行Bot. 
[2022-05-25 04:30:28] [INFO]: Bot将在5秒后登录并开始信息处理, 按 Ctrl+C 取消. 
[2022-05-25 04:30:33] [INFO]: 开始尝试登录并同步消息... 
[2022-05-25 04:30:33] [INFO]: 使用协议: iPad 
[2022-05-25 04:30:37] [INFO]: Protocol -> connect to server: 43.154.240.13:8080 
[2022-05-25 04:30:41] [INFO]: 收到服务器地址更新通知, 将在下一次重连时应用.  
[2022-05-25 04:30:41] [ERROR]: Protocol -> get self guild profile error: decode packet error: oidb result unsuccessful: 36012 msg: no guild tab 
[2022-05-25 04:30:41] [INFO]: 登录成功 欢迎使用: 小八的狐狸耳朵~ 
[2022-05-25 04:30:41] [INFO]: 开始加载好友列表... 
[2022-05-25 04:30:41] [INFO]: 共加载 4 个好友. 
[2022-05-25 04:30:41] [INFO]: 开始加载群列表... 
[2022-05-25 04:30:42] [INFO]: 共加载 5 个群. 
[2022-05-25 04:30:43] [INFO]: 资源初始化完成, 开始处理信息. 
[2022-05-25 04:30:43] [INFO]: アトリは、高性能ですから! 
[2022-05-25 04:30:43] [INFO]: 开始尝试连接到反向WebSocket Universal服务器: ws://127.0.0.1:15510/cqhttp/ws/ 
[2022-05-25 04:30:43] [INFO]: 正在检查更新. 
[2022-05-25 04:30:43] [WARNING]: 连接到反向WebSocket Universal服务器 ws://127.0.0.1:15510/cqhttp/ws/ 时出现错误: dial tcp 127.0.0.1:15510: connect: connection refused 
[2022-05-25 04:30:43] [INFO]: 检查更新完成. 当前已运行最新版本. 
[2022-05-25 04:30:46] [INFO]: 开始尝试连接到反向WebSocket Universal服务器: ws://127.0.0.1:15510/cqhttp/ws/ 
[2022-05-25 04:30:46] [INFO]: 已连接到反向WebSocket Universal服务器 ws://127.0.0.1:15510/cqhttp/ws/ 
[2022-05-25 04:30:48] [INFO]: 开始诊断网络情况 
[2022-05-25 04:30:52] [WARNING]: 警告: 长消息响应延迟为 2128ms, 大于 1000ms, 可能导致无法接收/发送长消息的情况, 请检查本地网络状态. 
[2022-05-25 04:30:52] [INFO]: 网络诊断完成. 未发现问题 
[2022-05-25 17:03:46] [INFO]: 发送群 Py QQbot(813476953) 的消息: 秦喵喵发了新视频「【 ... (-1307368951) 
[2022-05-25 17:03:47] [INFO]: 发送群 Py QQbot(813476953) 的消息: 本条动态地址为htt ... (-988540257) 
[2022-05-25 19:24:41] [INFO]: 发送群 Py QQbot(813476953) 的消息: 鹿乃酱转发了「防刺钢 ... (1437273870) 
[2022-05-25 19:24:41] [INFO]: 发送群 Py QQbot(813476953) 的消息: 本条动态地址为htt ... (581713816) 
[2022-05-25 19:24:42] [INFO]: 发送群 Py QQbot(813476953) 的消息: 鹿乃酱转发了「林海幼 ... (1114355325) 
[2022-05-25 19:24:42] [INFO]: 发送群 Py QQbot(813476953) 的消息: 本条动态地址为htt ... (896304875) 
[2022-05-25 20:15:41] [INFO]: 发送群 Py QQbot(813476953) 的消息: 鹿乃酱发了新动态：  ... (-1402611887) 
[2022-05-25 20:15:42] [INFO]: 发送群 Py QQbot(813476953) 的消息: [CQ:image, ... (-614275129) 
[2022-05-25 20:15:43] [INFO]: 发送群 Py QQbot(813476953) 的消息: 本条动态地址为htt ... (1158050404) 
[2022-05-25 20:18:43] [INFO]: 发送群 Py QQbot(813476953) 的消息: 秦喵喵发了新动态：  ... (838943474) 
[2022-05-25 20:18:44] [INFO]: 发送群 Py QQbot(813476953) 的消息: [CQ:image, ... (-1425534136) 
[2022-05-25 20:18:46] [INFO]: 发送群 Py QQbot(813476953) 的消息: [CQ:image, ... (-602987554) 
[2022-05-25 20:18:47] [INFO]: 发送群 Py QQbot(813476953) 的消息: 本条动态地址为htt ... (1286618703) 
[2022-05-25 23:00:42] [INFO]: 发送群 Py QQbot(813476953) 的消息: 鹿乃酱 开播啦啦啦！ ... (1001852633) 
