[2022-03-26 02:54:01] [INFO]: 收到群 kenshi汉化和mod研究及暖(696654735) 内 炎头队长沙福林(2175422756) 的消息: 我也 没找到 (940608695) 
[2022-03-26 03:16:52] [INFO]: 收到群 kenshi汉化和mod研究及暖(696654735) 内 音无 奏🦖(296053120) 的消息: https://arcxingye.github.io/r18/index.html (1326955553) 
[2022-03-26 04:30:26] [INFO]: 当前版本:v1.0.0-rc1 
[2022-03-26 04:30:26] [INFO]: 将使用 device.json 内的设备信息运行Bot. 
[2022-03-26 04:30:26] [INFO]: Bot将在5秒后登录并开始信息处理, 按 Ctrl+C 取消. 
[2022-03-26 04:30:31] [INFO]: 开始尝试登录并同步消息... 
[2022-03-26 04:30:31] [INFO]: 使用协议: iPad 
[2022-03-26 04:30:34] [INFO]: Protocol -> connect to server: 203.205.255.220:8080 
[2022-03-26 04:30:38] [INFO]: 收到服务器地址更新通知, 将在下一次重连时应用.  
[2022-03-26 04:30:39] [INFO]: 登录成功 欢迎使用: 小八的狐狸耳朵~ 
[2022-03-26 04:30:39] [INFO]: 开始加载好友列表... 
[2022-03-26 04:30:39] [INFO]: 共加载 4 个好友. 
[2022-03-26 04:30:39] [INFO]: 开始加载群列表... 
[2022-03-26 04:30:40] [INFO]: 共加载 5 个群. 
[2022-03-26 04:30:40] [INFO]: 资源初始化完成, 开始处理信息. 
[2022-03-26 04:30:40] [INFO]: アトリは、高性能ですから! 
[2022-03-26 04:30:40] [INFO]: 开始尝试连接到反向WebSocket Universal服务器: ws://127.0.0.1:15510/cqhttp/ws/ 
[2022-03-26 04:30:40] [INFO]: 正在检查更新. 
[2022-03-26 04:30:40] [INFO]: 已连接到反向WebSocket Universal服务器 ws://127.0.0.1:15510/cqhttp/ws/ 
[2022-03-26 04:30:40] [INFO]: 检查更新完成. 当前已运行最新版本. 
[2022-03-26 04:30:45] [INFO]: 开始诊断网络情况 
[2022-03-26 04:30:50] [INFO]: 网络诊断完成. 未发现问题 
[2022-03-26 09:15:31] [INFO]: 收到群 <$ÿĀ>非狗X3＆肥欧狗X(859265365) 内 鲶鱼诺(1542195170) 的消息: [CQ:image,file=8a7c9ea2f6eca9a8cff261c28ce1a14b.image,subType=0] (1301988433) 
[2022-03-26 09:15:37] [INFO]: 收到群 <$ÿĀ>非狗X3＆肥欧狗X(859265365) 内 鲶鱼诺(1542195170) 的消息: [CQ:image,file=28a1e7133b420003f34bb4fed8862f8c.image,subType=1] (-584721984) 
[2022-03-26 10:50:40] [INFO]: 收到群 kenshi汉化和mod研究及暖(696654735) 内 盒子咸鱼(951399482) 的消息: [CQ:image,file=830a7a6e948490a35ff147dd4487b41f.image,subType=0] (802174404) 
[2022-03-26 10:52:33] [INFO]: 收到群 kenshi汉化和mod研究及暖(696654735) 内 星边(925341254) 的消息: 什么JB片 (1490486610) 
[2022-03-26 11:24:54] [INFO]: 发送群 Py QQbot(813476953) 的消息: Tm发了新视频「谁人 ... (-1412850890) 
[2022-03-26 11:24:55] [INFO]: 发送群 Py QQbot(813476953) 的消息: 本条动态地址为htt ... (-590435424) 
[2022-03-26 15:29:20] [INFO]: 收到群 kenshi汉化和mod研究及暖(696654735) 内 --初见--(920592790) 的消息: [CQ:at,qq=1339837523] 兄弟，我找到解压码了575976479 (-1042393880) 
[2022-03-26 15:35:36] [INFO]: 收到群 kenshi汉化和mod研究及暖(696654735) 内 drm9900(515481577) 的消息: [CQ:image,file=1b9d11528a3a61652df16f01efb56763.image,subType=1] (-1227266946) 
[2022-03-26 17:50:06] [INFO]: 收到群 kenshi汉化和mod研究及暖(696654735) 内 盒子咸鱼(951399482) 的消息: [CQ:face,id=266] (683536861) 
[2022-03-26 17:54:41] [INFO]: 收到群 kenshi汉化和mod研究及暖(696654735) 内 甘蔗(1418318036) 的消息: [CQ:face,id=306][CQ:face,id=306][CQ:face,id=306] (1606074699) 
[2022-03-26 18:43:14] [INFO]: 收到群 kenshi汉化和mod研究及暖(696654735) 内 --初见--(920592790) 的消息: [CQ:video,file=049cb2278771874249d484354841afb9.video] (-961310479) 
[2022-03-26 18:44:31] [INFO]: 收到群 kenshi汉化和mod研究及暖(696654735) 内 炎头队长沙福林(2175422756) 的消息: 看过啦 (-1313562521) 
[2022-03-26 18:44:44] [INFO]: 收到群 kenshi汉化和mod研究及暖(696654735) 内 炎头队长沙福林(2175422756) 的消息: 我只能说 我觉得 恶心 看不下去  (554417654) 
[2022-03-26 18:44:52] [INFO]: 收到群 kenshi汉化和mod研究及暖(696654735) 内 炎头队长沙福林(2175422756) 的消息: 主播 撑住了 牛逼 (1443663200) 
[2022-03-26 19:42:41] [INFO]: 发送群 Py QQbot(813476953) 的消息: 秦喵喵转发了「Rem ... (-1140252091) 
[2022-03-26 19:42:42] [INFO]: 发送群 Py QQbot(813476953) 的消息: 本条动态地址为htt ... (-888270125) 
[2022-03-26 21:27:41] [INFO]: 发送群 Py QQbot(813476953) 的消息: 秦喵喵转发了「Rem ... (1376207721) 
[2022-03-26 21:27:41] [INFO]: 发送群 Py QQbot(813476953) 的消息: 本条动态地址为htt ... (620786687) 
[2022-03-26 23:09:22] [INFO]: 收到群 kenshi汉化和mod研究及暖(696654735) 内 圣徒的亡灵(1339837523) 的消息: [CQ:reply,id=-1042393880][CQ:at,qq=920592790] [CQ:at,qq=920592790] 谢谢兄弟 (83715591) 
