[2022-05-15 00:00:39] [INFO]: 收到群 kenshi汉化和mod研究及暖(696654735) 内 阿格努(710621309) 的消息: 估计是套个外形增加移动速度  底盘下面是两个腿[CQ:face,id=178] (-886827737) 
[2022-05-15 03:26:55] [INFO]: 收到群 kenshi汉化和mod研究及暖(696654735) 内 炎头队长沙福林(2175422756) 的消息: [CQ:forward,id=D023Tj0A2DEXEfKYw2htdnnj2ieRP8c2vtb4aC0Sf5HG5yShFybmyB+LE5xKKttp] (-1138547279) 
[2022-05-15 04:30:02] [WARNING]: 监听反向WS Universal时出现错误: websocket: close 1006 (abnormal closure): unexpected EOF 
[2022-05-15 04:30:26] [INFO]: 当前版本:v1.0.0-rc1 
[2022-05-15 04:30:27] [INFO]: 将使用 device.json 内的设备信息运行Bot. 
[2022-05-15 04:30:27] [INFO]: Bot将在5秒后登录并开始信息处理, 按 Ctrl+C 取消. 
[2022-05-15 04:30:32] [INFO]: 开始尝试登录并同步消息... 
[2022-05-15 04:30:32] [INFO]: 使用协议: iPad 
[2022-05-15 04:30:35] [INFO]: Protocol -> connect to server: 43.154.240.13:8080 
[2022-05-15 04:30:39] [INFO]: 收到服务器地址更新通知, 将在下一次重连时应用.  
[2022-05-15 04:30:39] [INFO]: 登录成功 欢迎使用: 小八的狐狸耳朵~ 
[2022-05-15 04:30:39] [INFO]: 开始加载好友列表... 
[2022-05-15 04:30:39] [INFO]: 共加载 4 个好友. 
[2022-05-15 04:30:39] [INFO]: 开始加载群列表... 
[2022-05-15 04:30:40] [INFO]: 共加载 5 个群. 
[2022-05-15 04:30:40] [INFO]: 资源初始化完成, 开始处理信息. 
[2022-05-15 04:30:40] [INFO]: アトリは、高性能ですから! 
[2022-05-15 04:30:40] [INFO]: 开始尝试连接到反向WebSocket Universal服务器: ws://127.0.0.1:15510/cqhttp/ws/ 
[2022-05-15 04:30:40] [INFO]: 正在检查更新. 
[2022-05-15 04:30:40] [WARNING]: 连接到反向WebSocket Universal服务器 ws://127.0.0.1:15510/cqhttp/ws/ 时出现错误: dial tcp 127.0.0.1:15510: connect: connection refused 
[2022-05-15 04:30:41] [INFO]: 检查更新完成. 当前已运行最新版本. 
[2022-05-15 04:30:43] [INFO]: 开始尝试连接到反向WebSocket Universal服务器: ws://127.0.0.1:15510/cqhttp/ws/ 
[2022-05-15 04:30:43] [INFO]: 已连接到反向WebSocket Universal服务器 ws://127.0.0.1:15510/cqhttp/ws/ 
[2022-05-15 04:30:45] [INFO]: 开始诊断网络情况 
[2022-05-15 04:30:50] [INFO]: 网络诊断完成. 未发现问题 
[2022-05-15 10:04:19] [INFO]: 收到群 kenshi汉化和mod研究及暖(696654735) 内 無雙(2863373708) 的消息: 不会吧不会吧 (748435488) 
[2022-05-15 10:04:29] [INFO]: 收到群 kenshi汉化和mod研究及暖(696654735) 内 無雙(2863373708) 的消息: 你们居然在这群里聊mod (1536886966) 
[2022-05-15 10:04:37] [INFO]: 收到群 kenshi汉化和mod研究及暖(696654735) 内 無雙(2863373708) 的消息: 这不是车群么 (158000081) 
[2022-05-15 10:04:40] [INFO]: 收到群 kenshi汉化和mod研究及暖(696654735) 内 無雙(2863373708) 的消息: [CQ:image,file=60fee823d9e32365aed6a59493fbf22a.image,subType=1] (2121126727) 
[2022-05-15 10:06:11] [INFO]: 收到群 kenshi汉化和mod研究及暖(696654735) 内 🤗(1328676962) 的消息: 好看的都失效了 (-412843267) 
[2022-05-15 10:06:15] [INFO]: 收到群 kenshi汉化和mod研究及暖(696654735) 内 🤗(1328676962) 的消息: [CQ:face,id=173] (-1872514453) 
[2022-05-15 10:06:54] [INFO]: 收到群 kenshi汉化和mod研究及暖(696654735) 内 🤗(1328676962) 的消息: 我见识一下完整版 (235349960) 
[2022-05-15 10:06:56] [INFO]: 收到群 kenshi汉化和mod研究及暖(696654735) 内 🤗(1328676962) 的消息: [CQ:face,id=294] (2030049118) 
[2022-05-15 11:03:44] [INFO]: 收到群 kenshi汉化和mod研究及暖(696654735) 内 简单先上盆饭(372338248) 的消息: 哇 (-536262940) 
[2022-05-15 11:05:25] [INFO]: 收到群 kenshi汉化和mod研究及暖(696654735) 内 简单先上盆饭(372338248) 的消息: [CQ:reply,id=-1138547279][CQ:at,qq=2175422756] 看前面没感觉，看到那张跟小学生一样的背影我🤤了 (-1760659854) 
[2022-05-15 11:37:18] [INFO]: 收到群 kenshi汉化和mod研究及暖(696654735) 内 Baki今天吃冒险家(3117086319) 的消息: 什么恋童癖🤔 (129068003) 
[2022-05-15 12:34:16] [INFO]: 收到群 kenshi汉化和mod研究及暖(696654735) 内 阿格努(710621309) 的消息: 冲了兄弟萌 (1890999157) 
[2022-05-15 14:50:55] [INFO]: 收到好友 小八的狐狸尾巴~(1216878448) 的消息: [CQ:image,file=bfe4bc70809162c6ebbe10c1271750c2.image] (1103516225) 
[2022-05-15 15:30:47] [INFO]: 昨日 👼﹏Justin丶role👼(229242782) 在群 696654735 内发言最积极, 获得 龙王 标识。 
[2022-05-15 15:45:50] [INFO]: 当前版本:v1.0.0-rc1 
[2022-05-15 15:45:50] [INFO]: 将使用 device.json 内的设备信息运行Bot. 
[2022-05-15 15:45:50] [INFO]: Bot将在5秒后登录并开始信息处理, 按 Ctrl+C 取消. 
[2022-05-15 15:45:55] [INFO]: 开始尝试登录并同步消息... 
[2022-05-15 15:45:55] [INFO]: 使用协议: iPad 
[2022-05-15 15:46:03] [INFO]: Protocol -> connect to server: 43.154.240.13:8080 
[2022-05-15 15:46:07] [INFO]: 收到服务器地址更新通知, 将在下一次重连时应用.  
[2022-05-15 15:46:08] [INFO]: 登录成功 欢迎使用: 小八的狐狸耳朵~ 
[2022-05-15 15:46:08] [INFO]: 开始加载好友列表... 
[2022-05-15 15:46:08] [INFO]: 共加载 4 个好友. 
[2022-05-15 15:46:08] [INFO]: 开始加载群列表... 
[2022-05-15 15:46:09] [INFO]: 共加载 5 个群. 
[2022-05-15 15:46:09] [INFO]: 资源初始化完成, 开始处理信息. 
[2022-05-15 15:46:09] [INFO]: アトリは、高性能ですから! 
[2022-05-15 15:46:09] [INFO]: 开始尝试连接到反向WebSocket Universal服务器: ws://127.0.0.1:15510/cqhttp/ws/ 
[2022-05-15 15:46:09] [INFO]: 正在检查更新. 
[2022-05-15 15:46:09] [INFO]: 已连接到反向WebSocket Universal服务器 ws://127.0.0.1:15510/cqhttp/ws/ 
[2022-05-15 15:46:10] [INFO]: 检查更新完成. 当前已运行最新版本. 
[2022-05-15 15:46:14] [INFO]: 开始诊断网络情况 
[2022-05-15 15:46:19] [WARNING]: 警告: 长消息响应延迟为 3624ms, 大于 1000ms, 可能导致无法接收/发送长消息的情况, 请检查本地网络状态. 
[2022-05-15 15:46:19] [INFO]: 网络诊断完成. 未发现问题 
[2022-05-15 16:37:10] [INFO]: 发送群 Py QQbot(813476953) 的消息: 秦喵喵发了新视频「【 ... (193302164) 
[2022-05-15 16:37:10] [INFO]: 发送群 Py QQbot(813476953) 的消息: 本条动态地址为htt ... (2088943106) 
[2022-05-15 17:28:11] [INFO]: 发送群 Py QQbot(813476953) 的消息: Tm发了新视频「彩虹 ... (-443813960) 
[2022-05-15 17:28:12] [INFO]: 发送群 Py QQbot(813476953) 的消息: 本条动态地址为htt ... (-1836261586) 
[2022-05-15 18:10:37] [INFO]: 收到群 kenshi汉化和mod研究及暖(696654735) 内 时之沙(2934771083) 的消息: 圣国和沙克 (275894928) 
[2022-05-15 18:10:53] [INFO]: 收到群 kenshi汉化和mod研究及暖(696654735) 内 时之沙(2934771083) 的消息: 弟中之弟 (1735844358) 
[2022-05-15 18:11:04] [INFO]: 收到群 kenshi汉化和mod研究及暖(696654735) 内 时之沙(2934771083) 的消息: [CQ:video,file=b44c9d3176100880a2b44e8a0a0f6135.video] (-25185348) 
[2022-05-15 18:11:09] [INFO]: 收到群 kenshi汉化和mod研究及暖(696654735) 内 时之沙(2934771083) 的消息: [CQ:face,id=265] (-1988590806) 
[2022-05-15 18:11:13] [INFO]: 收到群 kenshi汉化和mod研究及暖(696654735) 内 时之沙(2934771083) 的消息: [CQ:face,id=182] (387716745) 
[2022-05-15 18:11:15] [INFO]: 群 kenshi汉化和mod研究及暖暖化制作监督委员会-1群(696654735) 内 时之沙(2934771083) 撤回了 时之沙(2934771083) 的消息: -1988590806. 
[2022-05-15 18:25:07] [INFO]: 发送群 Py QQbot(813476953) 的消息: 秦喵喵发了新视频「【 ... (36946623) 
[2022-05-15 18:25:07] [INFO]: 发送群 Py QQbot(813476953) 的消息: 本条动态地址为htt ... (1966404137) 
[2022-05-15 20:13:07] [INFO]: 发送群 Py QQbot(813476953) 的消息: 秦喵喵发了新动态：  ... (368278476) 
[2022-05-15 20:13:09] [INFO]: 发送群 Py QQbot(813476953) 的消息: [CQ:image, ... (1660177242) 
[2022-05-15 20:13:09] [INFO]: 发送群 Py QQbot(813476953) 的消息: 本条动态地址为htt ... (-67298592) 
[2022-05-15 21:07:12] [INFO]: 发送群 Py QQbot(813476953) 的消息: Tm 开播啦啦啦！！ ... (-1929762186) 
