[2022-03-21 00:08:31] [INFO]: 收到群 <$ÿĀ>非狗X3＆肥欧狗X(859265365) 内 汪狗涛(2640365924) 的消息: [CQ:image,file=452ef19e415333558d83c75a2849821a.image,subType=0] (-890937165) 
[2022-03-21 00:42:51] [INFO]: 发送群 Py QQbot(813476953) 的消息: 秦喵喵发了新动态：  ... (337060264) 
[2022-03-21 00:42:52] [INFO]: 发送群 Py QQbot(813476953) 的消息: 本条动态地址为htt ... (1959831629) 
[2022-03-21 04:30:04] [INFO]: 当前版本:v1.0.0-rc1 
[2022-03-21 04:30:04] [INFO]: 将使用 device.json 内的设备信息运行Bot. 
[2022-03-21 04:30:04] [INFO]: Bot将在5秒后登录并开始信息处理, 按 Ctrl+C 取消. 
[2022-03-21 04:30:09] [INFO]: 开始尝试登录并同步消息... 
[2022-03-21 04:30:09] [INFO]: 使用协议: iPad 
[2022-03-21 04:30:12] [INFO]: Protocol -> connect to server: 203.205.255.221:8080 
[2022-03-21 04:30:37] [INFO]: 当前版本:v1.0.0-rc1 
[2022-03-21 04:30:37] [INFO]: 将使用 device.json 内的设备信息运行Bot. 
[2022-03-21 04:30:37] [INFO]: Bot将在5秒后登录并开始信息处理, 按 Ctrl+C 取消. 
[2022-03-21 04:30:42] [INFO]: 开始尝试登录并同步消息... 
[2022-03-21 04:30:42] [INFO]: 使用协议: iPad 
[2022-03-21 04:30:45] [INFO]: Protocol -> connect to server: 60.29.242.161:14000 
[2022-03-21 04:30:49] [INFO]: 收到服务器地址更新通知, 将在下一次重连时应用.  
[2022-03-21 04:30:50] [INFO]: 登录成功 欢迎使用: 小八的狐狸耳朵~ 
[2022-03-21 04:30:50] [INFO]: 开始加载好友列表... 
[2022-03-21 04:30:51] [INFO]: 共加载 4 个好友. 
[2022-03-21 04:30:51] [INFO]: 开始加载群列表... 
[2022-03-21 04:30:52] [INFO]: 共加载 5 个群. 
[2022-03-21 04:30:52] [INFO]: 资源初始化完成, 开始处理信息. 
[2022-03-21 04:30:52] [INFO]: アトリは、高性能ですから! 
[2022-03-21 04:30:52] [INFO]: 开始尝试连接到反向WebSocket Universal服务器: ws://127.0.0.1:15510/cqhttp/ws/ 
[2022-03-21 04:30:52] [INFO]: 正在检查更新. 
[2022-03-21 04:30:52] [INFO]: 已连接到反向WebSocket Universal服务器 ws://127.0.0.1:15510/cqhttp/ws/ 
[2022-03-21 04:30:52] [INFO]: 检查更新完成. 当前已运行最新版本. 
[2022-03-21 04:30:57] [INFO]: 开始诊断网络情况 
[2022-03-21 04:31:02] [INFO]: 网络诊断完成. 未发现问题 
[2022-03-21 12:06:52] [INFO]: 发送群 Py QQbot(813476953) 的消息: 秦喵喵转发了「CZC ... (64461019) 
[2022-03-21 12:06:53] [INFO]: 发送群 Py QQbot(813476953) 的消息: 本条动态地址为htt ... (-1696675487) 
[2022-03-21 13:45:52] [INFO]: 发送群 Py QQbot(813476953) 的消息: 秦喵喵发了新动态：  ... (-304481801) 
[2022-03-21 13:45:55] [INFO]: 发送群 Py QQbot(813476953) 的消息: [CQ:image, ... (1941793876) 
[2022-03-21 13:45:55] [INFO]: 发送群 Py QQbot(813476953) 的消息: 本条动态地址为htt ... (79322306) 
[2022-03-21 14:10:26] [WARNING]: 群消息发送失败: 账号可能被风控. 
[2022-03-21 16:18:44] [ERROR]: Protocol -> unexpected disconnect: EOF 
[2022-03-21 16:18:44] [INFO]: Protocol -> connect to server: 169.47.230.125:10001 
[2022-03-21 16:18:48] [INFO]: 收到服务器地址更新通知, 将在下一次重连时应用.  
[2022-03-21 17:36:58] [INFO]: 发送群 Py QQbot(813476953) 的消息: Tm发了新视频「幸运 ... (-357286418) 
[2022-03-21 17:36:58] [INFO]: 发送群 Py QQbot(813476953) 的消息: 本条动态地址为htt ... (2047549567) 
[2022-03-21 17:54:29] [INFO]: 收到群 216大🐦转转转(487347867) 内 田理介(1164504727) 的消息: 民航坠毁了 (1424711278) 
[2022-03-21 17:55:09] [INFO]: 收到群 216大🐦转转转(487347867) 内 田理介(1164504727) 的消息: 一飞机的人没了 (-1001110529) 
[2022-03-21 17:56:33] [INFO]: 收到群 216大🐦转转转(487347867) 内 goDot(1799093586) 的消息: 🙏🏻 (-1286376599) 
[2022-03-21 17:56:57] [INFO]: 收到群 216大🐦转转转(487347867) 内 田理介(1164504727) 的消息: [CQ:image,file=c5bda8b446843bca23ec5d915ab10f10.image,subType=0] (-745211252) 
[2022-03-21 17:57:05] [INFO]: 收到群 216大🐦转转转(487347867) 内 田理介(1164504727) 的消息: 飞机是垂直坠落的 (-1533818342) 
[2022-03-21 17:57:16] [INFO]: 收到群 216大🐦转转转(487347867) 内 goDot(1799093586) 的消息: 我正想发 (1033542560) 
[2022-03-21 17:57:29] [INFO]: 收到群 216大🐦转转转(487347867) 内 goDot(1799093586) 的消息: 看得我猛起鸡皮疙瘩 (1251846966) 
[2022-03-21 17:57:33] [INFO]: 收到群 216大🐦转转转(487347867) 内 goDot(1799093586) 的消息: 😰😰 (-721863019) 
[2022-03-21 17:57:48] [INFO]: 收到群 216大🐦转转转(487347867) 内 田理介(1164504727) 的消息: 太可怕了 这些人太倒霉了 (-1543631357) 
[2022-03-21 17:57:56] [INFO]: 群 216大🐦转转转(487347867) 内 goDot(1799093586) 上传了文件: mmexport1647854980975.mp4 
[2022-03-21 17:58:51] [INFO]: 收到群 216大🐦转转转(487347867) 内 goDot(1799093586) 的消息: 有一个健康码有问题没上去的幸运儿 (1307602735) 
[2022-03-21 17:59:19] [INFO]: 收到群 216大🐦转转转(487347867) 内 田理介(1164504727) 的消息: [CQ:image,file=a705ce89a747b5e11e643fec6ff1b324.image,subType=0] (-581995842) 
[2022-03-21 17:59:41] [INFO]: 收到群 216大🐦转转转(487347867) 内 田理介(1164504727) 的消息: 上辈子救了银河系 (-1438105048) 
[2022-03-21 17:59:53] [INFO]: 收到群 216大🐦转转转(487347867) 内 goDot(1799093586) 的消息: 😰😰 (-122050225) 
[2022-03-21 18:00:25] [INFO]: 收到群 216大🐦转转转(487347867) 内 田理介(1164504727) 的消息: [CQ:video,file=36048554fdef9d54d5afa71ee20b1e41.video] (-1883334183) 
[2022-03-21 19:36:51] [INFO]: 发送群 Py QQbot(813476953) 的消息: 秦喵喵发了新动态：  ... (218894569) 
[2022-03-21 19:36:54] [INFO]: 发送群 Py QQbot(813476953) 的消息: [CQ:image, ... (1610480526) 
[2022-03-21 19:36:56] [INFO]: 发送群 Py QQbot(813476953) 的消息: [CQ:image, ... (687524632) 
[2022-03-21 19:36:59] [INFO]: 发送群 Py QQbot(813476953) 的消息: [CQ:image, ... (-1309435230) 
[2022-03-21 19:37:00] [INFO]: 发送群 Py QQbot(813476953) 的消息: 本条动态地址为htt ... (-957044172) 
[2022-03-21 22:44:44] [INFO]: 收到群 Py QQbot(813476953) 内 小八的狐狸尾巴~(1216878448) 的消息: 711682858 (1485848471) 
