[2022-03-24 04:30:28] [INFO]: 当前版本:v1.0.0-rc1 
[2022-03-24 04:30:28] [INFO]: 将使用 device.json 内的设备信息运行Bot. 
[2022-03-24 04:30:28] [INFO]: Bot将在5秒后登录并开始信息处理, 按 Ctrl+C 取消. 
[2022-03-24 04:30:33] [INFO]: 开始尝试登录并同步消息... 
[2022-03-24 04:30:33] [INFO]: 使用协议: iPad 
[2022-03-24 04:30:36] [INFO]: Protocol -> connect to server: 203.205.255.221:8080 
[2022-03-24 04:30:40] [INFO]: 收到服务器地址更新通知, 将在下一次重连时应用.  
[2022-03-24 04:30:41] [INFO]: 登录成功 欢迎使用: 小八的狐狸耳朵~ 
[2022-03-24 04:30:41] [INFO]: 开始加载好友列表... 
[2022-03-24 04:30:41] [INFO]: 共加载 4 个好友. 
[2022-03-24 04:30:41] [INFO]: 开始加载群列表... 
[2022-03-24 04:30:42] [INFO]: 共加载 5 个群. 
[2022-03-24 04:30:42] [INFO]: 资源初始化完成, 开始处理信息. 
[2022-03-24 04:30:42] [INFO]: アトリは、高性能ですから! 
[2022-03-24 04:30:42] [INFO]: 开始尝试连接到反向WebSocket Universal服务器: ws://127.0.0.1:15510/cqhttp/ws/ 
[2022-03-24 04:30:42] [INFO]: 正在检查更新. 
[2022-03-24 04:30:42] [WARNING]: 连接到反向WebSocket Universal服务器 ws://127.0.0.1:15510/cqhttp/ws/ 时出现错误: dial tcp 127.0.0.1:15510: connect: connection refused 
[2022-03-24 04:30:42] [INFO]: 检查更新完成. 当前已运行最新版本. 
[2022-03-24 04:30:45] [INFO]: 开始尝试连接到反向WebSocket Universal服务器: ws://127.0.0.1:15510/cqhttp/ws/ 
[2022-03-24 04:30:45] [INFO]: 已连接到反向WebSocket Universal服务器 ws://127.0.0.1:15510/cqhttp/ws/ 
[2022-03-24 04:30:47] [INFO]: 开始诊断网络情况 
[2022-03-24 04:30:52] [INFO]: 网络诊断完成. 未发现问题 
[2022-03-24 12:08:44] [INFO]: 收到群 kenshi汉化和mod研究及暖(696654735) 内 音无 奏🦖(296053120) 的消息: [CQ:forward,id=upclNQXIlpuVmHuZqKWAUMTNevxC84HHQTmcdn+581mpJ+ES8z4G706aBh3uddHy] (-2046010338) 
[2022-03-24 12:19:06] [INFO]: 收到群 Py QQbot(813476953) 内 小八的狐狸尾巴~(1216878448) 的消息: catlogs (1887167660) 
[2022-03-24 12:19:20] [INFO]: 发送群 Py QQbot(813476953) 的消息: [{"type":  ... (280784201) 
[2022-03-24 12:19:22] [INFO]: 发送群 Py QQbot(813476953) 的消息: [{"type":  ... (1740332511) 
[2022-03-24 12:27:12] [INFO]: 收到群 kenshi汉化和mod研究及暖(696654735) 内 重装KGZ晓琳(2860677522) 的消息: 为啥 (-422849029) 
[2022-03-24 12:28:07] [INFO]: 收到群 kenshi汉化和mod研究及暖(696654735) 内 重装KGZ晓琳(2860677522) 的消息: 我就不能空投军事力量吗 (-1848842899) 
[2022-03-24 12:28:59] [INFO]: 收到群 kenshi汉化和mod研究及暖(696654735) 内 ‭‭(2691449141) 的消息: 钢丝玩家？ (147174615) 
[2022-03-24 12:30:52] [INFO]: 发送群 Py QQbot(813476953) 的消息: Tm发了新视频「“下 ... (-21885851) 
[2022-03-24 12:30:52] [INFO]: 发送群 Py QQbot(813476953) 的消息: 本条动态地址为htt ... (-1984611085) 
[2022-03-24 12:41:52] [INFO]: 收到群 kenshi汉化和mod研究及暖(696654735) 内 潜行吧！奈亚子！(1751979054) 的消息: [CQ:reply,id=-1848842899][CQ:at,qq=2860677522] [CQ:at,qq=2860677522] 因为毛熊没钱了 (2143454273) 
[2022-03-24 12:42:14] [INFO]: 收到群 kenshi汉化和mod研究及暖(696654735) 内 潜行吧！奈亚子！(1751979054) 的消息: 不是苏联时期人车一体下来一堆t80 t72把人压死 (-509210142) 
[2022-03-24 15:18:55] [INFO]: 昨日 田理介(1164504727) 在群 487347867 内发言最积极, 获得 龙王 标识。 
[2022-03-24 18:27:00] [INFO]: 收到群 kenshi汉化和mod研究及暖(696654735) 内 岂无飞(402818767) 的消息: [CQ:forward,id=uxlMkahLJFY6RVsCHXuUjk3WXR8vDnLQHvA/xkx0KhzwCC5QV/mLy7b+7mrDGis5] (-1767825036) 
[2022-03-24 18:51:45] [INFO]: 发送群 Py QQbot(813476953) 的消息: 秦喵喵转发了「Pin ... (399616336) 
[2022-03-24 18:51:46] [INFO]: 发送群 Py QQbot(813476953) 的消息: 本条动态地址为htt ... (1624676806) 
[2022-03-24 19:39:45] [INFO]: 发送群 Py QQbot(813476953) 的消息: 秦喵喵发了新动态：  ... (-102774660) 
[2022-03-24 19:39:47] [INFO]: 发送群 Py QQbot(813476953) 的消息: [CQ:image, ... (-1898383126) 
[2022-03-24 19:39:48] [INFO]: 发送群 Py QQbot(813476953) 的消息: 本条动态地址为htt ... (510125435) 
[2022-03-24 21:32:27] [INFO]: 收到群 kenshi汉化和mod研究及暖(696654735) 内 炎头队长沙福林(2175422756) 的消息: [CQ:forward,id=hCW2Qw32JBG4tSN/yTNwARbQs6EbtJv/YvpYvjQ0BVqKCZ+9ZrougnbZ5kkhwkV5] (262697166) 
[2022-03-24 21:46:18] [INFO]: 收到群 kenshi汉化和mod研究及暖(696654735) 内 圣徒的亡灵(1339837523) 的消息: 还有吗?炎头说还想看 (2024751192) 
[2022-03-24 22:51:45] [INFO]: 发送群 Py QQbot(813476953) 的消息: 秦喵喵发了新动态：  ... (1767953901) 
[2022-03-24 22:51:48] [INFO]: 发送群 Py QQbot(813476953) 的消息: [CQ:image, ... (999374474) 
[2022-03-24 22:51:49] [INFO]: 发送群 Py QQbot(813476953) 的消息: 本条动态地址为htt ... (1284902428) 
[2022-03-24 23:04:46] [INFO]: 收到群 kenshi汉化和mod研究及暖(696654735) 内 AshenOne(591880317) 的消息: [CQ:forward,id=mgNUysqjmN/Ba0BjEclraZv/lqKnxxpmQTfj785MsP8XLDVd1akSBa93lla0vhGF] (-401580599) 
[2022-03-24 23:12:51] [INFO]: 发送群 Py QQbot(813476953) 的消息: 狗妈发了新动态： 稍 ... (-710975578) 
[2022-03-24 23:12:54] [INFO]: 发送群 Py QQbot(813476953) 的消息: [CQ:image, ... (-1567068368) 
[2022-03-24 23:12:54] [INFO]: 发送群 Py QQbot(813476953) 的消息: 本条动态地址为htt ... (1023212179) 
[2022-03-24 23:20:38] [INFO]: 收到群 kenshi汉化和mod研究及暖(696654735) 内 盒子咸鱼(951399482) 的消息: 虽然但是。。这图片好眼熟 (-1625854625) 
[2022-03-24 23:20:52] [INFO]: 收到群 kenshi汉化和mod研究及暖(696654735) 内 盒子咸鱼(951399482) 的消息: 我怀疑几个月前看过，但我没有证据 (919274629) 
