[2022-03-01 04:30:29] [INFO]: 当前版本:v1.0.0-beta6 
[2022-03-01 04:30:29] [INFO]: 用户交流群: 721829413 
[2022-03-01 04:30:29] [INFO]: 将使用 device.json 内的设备信息运行Bot. 
[2022-03-01 04:30:29] [INFO]: Bot将在5秒后登录并开始信息处理, 按 Ctrl+C 取消. 
[2022-03-01 04:30:34] [INFO]: 开始尝试登录并同步消息... 
[2022-03-01 04:30:34] [INFO]: 使用协议: iPad 
[2022-03-01 04:30:37] [INFO]: Protocol -> connect to server: 203.205.255.218:8080 
[2022-03-01 04:30:38] [ERROR]: Protocol -> decrypt payload error: unknown flag 
[2022-03-01 04:30:52] [ERROR]: Protocol -> decrypt payload error: unknown flag 
[2022-03-01 04:31:06] [WARNING]: 恢复会话失败: Packet timed out , 尝试使用正常流程登录. 
[2022-03-01 04:31:10] [INFO]: Protocol -> connect to server: 203.205.255.220:8080 
[2022-03-01 04:31:10] [ERROR]: Protocol -> decrypt payload error: unknown flag 
[2022-03-01 04:31:25] [ERROR]: Protocol -> decrypt payload error: unknown flag 
[2022-03-01 04:31:40] [FATAL]: 登录时发生致命错误: Packet timed out 
[2022-03-01 04:31:41] [INFO]: 当前版本:v1.0.0-beta6 
[2022-03-01 04:31:41] [INFO]: 用户交流群: 721829413 
[2022-03-01 04:31:41] [INFO]: 将使用 device.json 内的设备信息运行Bot. 
[2022-03-01 04:31:41] [INFO]: Bot将在5秒后登录并开始信息处理, 按 Ctrl+C 取消. 
[2022-03-01 04:31:46] [INFO]: 开始尝试登录并同步消息... 
[2022-03-01 04:31:46] [INFO]: 使用协议: iPad 
[2022-03-01 04:31:49] [INFO]: Protocol -> connect to server: 203.205.255.221:8080 
[2022-03-01 04:31:49] [ERROR]: Protocol -> decrypt payload error: unknown flag 
[2022-03-01 04:32:04] [ERROR]: Protocol -> decrypt payload error: unknown flag 
[2022-03-01 04:32:19] [FATAL]: 登录时发生致命错误: Packet timed out 
[2022-03-01 04:32:20] [INFO]: 当前版本:v1.0.0-beta6 
[2022-03-01 04:32:20] [INFO]: 用户交流群: 721829413 
[2022-03-01 04:32:20] [INFO]: 将使用 device.json 内的设备信息运行Bot. 
[2022-03-01 04:32:20] [INFO]: Bot将在5秒后登录并开始信息处理, 按 Ctrl+C 取消. 
[2022-03-01 04:32:25] [INFO]: 开始尝试登录并同步消息... 
[2022-03-01 04:32:25] [INFO]: 使用协议: iPad 
[2022-03-01 04:32:28] [INFO]: Protocol -> connect to server: 203.205.255.221:8080 
[2022-03-01 04:32:29] [ERROR]: Protocol -> decrypt payload error: unknown flag 
[2022-03-01 04:32:44] [ERROR]: Protocol -> decrypt payload error: unknown flag 
[2022-03-01 04:32:58] [FATAL]: 登录时发生致命错误: Packet timed out 
[2022-03-01 04:32:59] [INFO]: 当前版本:v1.0.0-beta6 
[2022-03-01 04:32:59] [INFO]: 用户交流群: 721829413 
[2022-03-01 04:32:59] [INFO]: 将使用 device.json 内的设备信息运行Bot. 
[2022-03-01 04:32:59] [INFO]: Bot将在5秒后登录并开始信息处理, 按 Ctrl+C 取消. 
[2022-03-01 04:33:04] [INFO]: 开始尝试登录并同步消息... 
[2022-03-01 04:33:04] [INFO]: 使用协议: iPad 
[2022-03-01 04:33:07] [INFO]: Protocol -> connect to server: 203.205.255.221:8080 
[2022-03-01 04:33:08] [ERROR]: Protocol -> decrypt payload error: unknown flag 
[2022-03-01 04:33:23] [ERROR]: Protocol -> decrypt payload error: unknown flag 
[2022-03-01 04:33:37] [FATAL]: 登录时发生致命错误: Packet timed out 
[2022-03-01 04:33:38] [INFO]: 当前版本:v1.0.0-beta6 
[2022-03-01 04:33:38] [INFO]: 用户交流群: 721829413 
[2022-03-01 04:33:38] [INFO]: 将使用 device.json 内的设备信息运行Bot. 
[2022-03-01 04:33:38] [INFO]: Bot将在5秒后登录并开始信息处理, 按 Ctrl+C 取消. 
[2022-03-01 04:33:43] [INFO]: 开始尝试登录并同步消息... 
[2022-03-01 04:33:43] [INFO]: 使用协议: iPad 
[2022-03-01 04:33:46] [INFO]: Protocol -> connect to server: 203.205.255.220:8080 
[2022-03-01 04:33:47] [ERROR]: Protocol -> decrypt payload error: unknown flag 
[2022-03-01 04:34:02] [ERROR]: Protocol -> decrypt payload error: unknown flag 
[2022-03-01 04:34:17] [FATAL]: 登录时发生致命错误: Packet timed out 
[2022-03-01 04:34:18] [INFO]: 当前版本:v1.0.0-beta6 
[2022-03-01 04:34:18] [INFO]: 用户交流群: 721829413 
[2022-03-01 04:34:18] [INFO]: 将使用 device.json 内的设备信息运行Bot. 
[2022-03-01 04:34:18] [INFO]: Bot将在5秒后登录并开始信息处理, 按 Ctrl+C 取消. 
[2022-03-01 04:34:23] [INFO]: 开始尝试登录并同步消息... 
[2022-03-01 04:34:23] [INFO]: 使用协议: iPad 
[2022-03-01 04:34:26] [INFO]: Protocol -> connect to server: 203.205.255.221:8080 
[2022-03-01 04:34:26] [ERROR]: Protocol -> decrypt payload error: unknown flag 
[2022-03-01 04:34:41] [ERROR]: Protocol -> decrypt payload error: unknown flag 
[2022-03-01 04:34:56] [FATAL]: 登录时发生致命错误: Packet timed out 
[2022-03-01 04:34:57] [INFO]: 当前版本:v1.0.0-beta6 
[2022-03-01 04:34:57] [INFO]: 用户交流群: 721829413 
[2022-03-01 04:34:57] [INFO]: 将使用 device.json 内的设备信息运行Bot. 
[2022-03-01 04:34:57] [INFO]: Bot将在5秒后登录并开始信息处理, 按 Ctrl+C 取消. 
[2022-03-01 04:35:02] [INFO]: 开始尝试登录并同步消息... 
[2022-03-01 04:35:02] [INFO]: 使用协议: iPad 
[2022-03-01 04:35:05] [INFO]: Protocol -> connect to server: 203.205.255.221:8080 
[2022-03-01 04:35:07] [INFO]: 登录成功 欢迎使用: 小八的狐狸耳朵~ 
[2022-03-01 04:35:07] [INFO]: 开始加载好友列表... 
[2022-03-01 04:35:08] [INFO]: 共加载 4 个好友. 
[2022-03-01 04:35:08] [INFO]: 开始加载群列表... 
[2022-03-01 04:35:09] [INFO]: 共加载 5 个群. 
[2022-03-01 04:35:09] [INFO]: 信息数据库初始化完成. 
[2022-03-01 04:35:09] [INFO]: 资源初始化完成, 开始处理信息. 
[2022-03-01 04:35:09] [INFO]: アトリは、高性能ですから! 
[2022-03-01 04:35:09] [INFO]: 开始尝试连接到反向WebSocket Universal服务器: ws://127.0.0.1:15510/cqhttp/ws/ 
[2022-03-01 04:35:09] [INFO]: 正在检查更新. 
[2022-03-01 04:35:09] [INFO]: 收到服务器地址更新通知, 将在下一次重连时应用.  
[2022-03-01 04:35:09] [INFO]: 当前有更新的 go-cqhttp 可供更新, 请前往 https://github.com/Mrs4s/go-cqhttp/releases 下载. 
[2022-03-01 04:35:09] [INFO]: 当前版本: v1.0.0-beta6 最新版本: v1.0.0-rc1 
[2022-03-01 14:09:48] [INFO]: 发送群 Py QQbot(813476953) 的消息: 秦喵喵发了新视频「【 ... (-1584787959) 
[2022-03-01 14:09:49] [INFO]: 发送群 Py QQbot(813476953) 的消息: 本条动态地址为htt ... (825562008) 
[2022-03-01 18:33:44] [INFO]: 发送群 Py QQbot(813476953) 的消息: 秦喵喵转发了「Pin ... (1177690894) 
[2022-03-01 18:33:44] [INFO]: 发送群 Py QQbot(813476953) 的消息: 本条动态地址为htt ... (-1200191643) 
[2022-03-01 19:36:45] [INFO]: 发送群 Py QQbot(813476953) 的消息: 秦喵喵发了新动态：  ... (-814630925) 
[2022-03-01 19:36:47] [INFO]: 发送群 Py QQbot(813476953) 的消息: [CQ:image, ... (1450763849) 
[2022-03-01 19:36:47] [INFO]: 发送群 Py QQbot(813476953) 的消息: 本条动态地址为htt ... (562026207) 
[2022-03-01 22:55:00] [INFO]: 收到群 kenshi汉化和mod研究及暖(696654735) 内 呜喵王(1751979054) 的消息: [CQ:image,file=5f13a255f075f98b7010d8249eebdef1.image]这怎么那么像你们之前发的那个本子？ (-1203719974) 
