[2022-06-10 02:37:29] [INFO]: 收到好友 小八的狐狸尾巴~(1216878448) 的消息: [CQ:json,data={"app":"com.tencent.miniapp_01"&#44;"config":{"autoSize":0&#44;"ctime":1654799848&#44;"forward":1&#44;"height":0&#44;"token":"f473ed85658f4d94cffd9dfb65a0c632"&#44;"type":"normal"&#44;"width":0}&#44;"desc":"哔哩哔哩"&#44;"extra":{"app_type":1&#44;"appid":100951776&#44;"uin":1216878448}&#44;"meta":{"detail_1":{"appType":0&#44;"appid":"1109937557"&#44;"desc":"让K20Pro在2022年再次伟大！"&#44;"gamePoints":""&#44;"gamePointsUrl":""&#44;"host":{"nick":"小八的狐狸尾巴~"&#44;"uin":1216878448}&#44;"icon":"https://open.gtimg.cn/open/app_icon/00/95/17/76/100951776_100_m.png?t=1649411918"&#44;"preview":"pubminishare-30161.picsz.qpic.cn/287c8ae7-435c-42f5-a3bc-53056d566ef0"&#44;"qqdocurl":"https://b23.tv/lyltPjm?share_medium=android&amp;share_source=qq&amp;bbid=XY8779C885C545C5777C67B5A657003D75A26&amp;ts=1654799831715"&#44;"scene":1036&#44;"shareTemplateData":{}&#44;"shareTemplateId":"8C8E89B49BE609866298ADDFF2DBABA4"&#44;"showLittleTail":""&#44;"title":"哔哩哔哩"&#44;"url":"m.q.qq.com/a/s/46cf6265ae9da890f2b915ed1dce2d89"}}&#44;"needShareCallBack":false&#44;"prompt":"&#91;QQ小程序&#93;哔哩哔哩"&#44;"ver":"1.0.0.19"&#44;"view":"view_8C8E89B49BE609866298ADDFF2DBABA4"}] (-2103614855) 
[2022-06-10 04:30:04] [INFO]: 当前版本:v1.0.0-rc1 
[2022-06-10 04:30:04] [INFO]: 将使用 device.json 内的设备信息运行Bot. 
[2022-06-10 04:30:04] [INFO]: Bot将在5秒后登录并开始信息处理, 按 Ctrl+C 取消. 
[2022-06-10 04:30:09] [INFO]: 开始尝试登录并同步消息... 
[2022-06-10 04:30:09] [INFO]: 使用协议: iPad 
[2022-06-10 04:30:12] [INFO]: Protocol -> connect to server: 43.135.106.161:8080 
[2022-06-10 04:30:35] [INFO]: 当前版本:v1.0.0-rc1 
[2022-06-10 04:30:35] [INFO]: 将使用 device.json 内的设备信息运行Bot. 
[2022-06-10 04:30:35] [INFO]: Bot将在5秒后登录并开始信息处理, 按 Ctrl+C 取消. 
[2022-06-10 04:30:40] [INFO]: 开始尝试登录并同步消息... 
[2022-06-10 04:30:40] [INFO]: 使用协议: iPad 
[2022-06-10 04:30:43] [INFO]: Protocol -> connect to server: 43.154.240.13:8080 
[2022-06-10 04:30:47] [INFO]: 登录成功 欢迎使用: 小八的狐狸耳朵~ 
[2022-06-10 04:30:47] [INFO]: 开始加载好友列表... 
[2022-06-10 04:30:47] [INFO]: 共加载 4 个好友. 
[2022-06-10 04:30:47] [INFO]: 开始加载群列表... 
[2022-06-10 04:30:48] [INFO]: 共加载 5 个群. 
[2022-06-10 04:30:49] [INFO]: 资源初始化完成, 开始处理信息. 
[2022-06-10 04:30:49] [INFO]: アトリは、高性能ですから! 
[2022-06-10 04:30:49] [INFO]: 开始尝试连接到反向WebSocket Universal服务器: ws://127.0.0.1:15510/cqhttp/ws/ 
[2022-06-10 04:30:49] [INFO]: 正在检查更新. 
[2022-06-10 04:30:49] [INFO]: 已连接到反向WebSocket Universal服务器 ws://127.0.0.1:15510/cqhttp/ws/ 
[2022-06-10 04:30:49] [INFO]: 当前有更新的 go-cqhttp 可供更新, 请前往 https://github.com/Mrs4s/go-cqhttp/releases 下载. 
[2022-06-10 04:30:49] [INFO]: 当前版本: v1.0.0-rc1 最新版本: v1.0.0-rc2 
[2022-06-10 04:30:54] [INFO]: 开始诊断网络情况 
[2022-06-10 04:31:00] [INFO]: 网络诊断完成. 未发现问题 
[2022-06-10 10:22:23] [INFO]: 收到群 kenshi汉化和mod研究及暖(696654735) 内 Ahoge(1195074247) 的消息: 可惜，是个卖图的，不是片子 (1245266350) 
[2022-06-10 11:04:50] [INFO]: 收到群 kenshi汉化和mod研究及暖(696654735) 内 Baki今天吃冒险家(3117086319) 的消息: 有色图嘛 (1027502392) 
[2022-06-10 11:04:56] [INFO]: 收到群 kenshi汉化和mod研究及暖(696654735) 内 Baki今天吃冒险家(3117086319) 的消息: 是r18的嘛 (-1554324325) 
[2022-06-10 19:39:51] [INFO]: 发送群 Py QQbot(813476953) 的消息: 秦喵喵转发了「Pin ... (-1287675417) 
[2022-06-10 19:39:51] [INFO]: 发送群 Py QQbot(813476953) 的消息: 本条动态地址为htt ... (595639414) 
[2022-06-10 20:12:50] [INFO]: 发送群 Py QQbot(813476953) 的消息: 秦喵喵发了新动态：  ... (1418169568) 
[2022-06-10 20:12:52] [INFO]: 发送群 Py QQbot(813476953) 的消息: [CQ:image, ... (-1430050677) 
[2022-06-10 20:12:53] [INFO]: 发送群 Py QQbot(813476953) 的消息: 本条动态地址为htt ... (-574351331) 
[2022-06-10 20:31:38] [INFO]: 收到群 kenshi汉化和mod研究及暖(696654735) 内 阿格努(710621309) 的消息: 有没有考验老干部的连图？我想挑战一下我的软肋 (-732048371) 
[2022-06-10 20:31:41] [INFO]: 收到群 kenshi汉化和mod研究及暖(696654735) 内 阿格努(710621309) 的消息: 栓Q (1297384887) 
[2022-06-10 20:31:57] [INFO]: 收到群 kenshi汉化和mod研究及暖(696654735) 内 阿格努(710621309) 的消息: [CQ:at,qq=2175422756]  (978564385) 
[2022-06-10 20:48:54] [INFO]: 发送群 Py QQbot(813476953) 的消息: 秦喵喵发了新视频「【 ... (1154304423) 
[2022-06-10 20:48:55] [INFO]: 发送群 Py QQbot(813476953) 的消息: 本条动态地址为htt ... (868907313) 
[2022-06-10 21:18:49] [INFO]: 发送群 Py QQbot(813476953) 的消息: 鹿乃酱转发了「鹿乃ち ... (-1381045102) 
[2022-06-10 21:18:49] [INFO]: 发送群 Py QQbot(813476953) 的消息: 本条动态地址为htt ... (-626402300) 
[2022-06-10 21:18:50] [INFO]: 发送群 Py QQbot(813476953) 的消息: 鹿乃酱转发了「LON ... (1134595518) 
[2022-06-10 21:18:50] [INFO]: 发送群 Py QQbot(813476953) 的消息: 本条动态地址为htt ... (883408168) 
[2022-06-10 21:21:48] [INFO]: 发送群 Py QQbot(813476953) 的消息: 鹿乃酱转发了「LON ... (-1541889863) 
[2022-06-10 21:21:49] [INFO]: 发送群 Py QQbot(813476953) 的消息: 本条动态地址为htt ... (-752906193) 
