[2022-03-23 00:03:18] [INFO]: 收到群 kenshi汉化和mod研究及暖(696654735) 内 简单先上盆饭(372338248) 的消息: [CQ:video,file=1ec19be6a682c1162a2343d9973cfbaa.video] (-121823069) 
[2022-03-23 00:03:19] [INFO]: 收到群 kenshi汉化和mod研究及暖(696654735) 内 简单先上盆饭(372338248) 的消息: [CQ:video,file=a76b698cb79d99b1a93ccd7b2020fa84.video] (-1883631563) 
[2022-03-23 00:03:57] [INFO]: 收到群 kenshi汉化和mod研究及暖(696654735) 内 简单先上盆饭(372338248) 的消息: 基辅 (380846479) 
[2022-03-23 00:04:18] [INFO]: 收到群 kenshi汉化和mod研究及暖(696654735) 内 简单先上盆饭(372338248) 的消息: 被打的都是小偷 (1639215385) 
[2022-03-23 04:30:29] [INFO]: 当前版本:v1.0.0-rc1 
[2022-03-23 04:30:29] [INFO]: 将使用 device.json 内的设备信息运行Bot. 
[2022-03-23 04:30:29] [INFO]: Bot将在5秒后登录并开始信息处理, 按 Ctrl+C 取消. 
[2022-03-23 04:30:34] [INFO]: 开始尝试登录并同步消息... 
[2022-03-23 04:30:34] [INFO]: 使用协议: iPad 
[2022-03-23 04:30:38] [INFO]: Protocol -> connect to server: 220.194.118.217:14000 
[2022-03-23 04:30:40] [INFO]: 收到服务器地址更新通知, 将在下一次重连时应用.  
[2022-03-23 04:30:41] [INFO]: 登录成功 欢迎使用: 小八的狐狸耳朵~ 
[2022-03-23 04:30:41] [INFO]: 开始加载好友列表... 
[2022-03-23 04:30:42] [INFO]: 共加载 4 个好友. 
[2022-03-23 04:30:42] [INFO]: 开始加载群列表... 
[2022-03-23 04:30:43] [INFO]: 共加载 5 个群. 
[2022-03-23 04:30:43] [INFO]: 资源初始化完成, 开始处理信息. 
[2022-03-23 04:30:43] [INFO]: アトリは、高性能ですから! 
[2022-03-23 04:30:43] [INFO]: 开始尝试连接到反向WebSocket Universal服务器: ws://127.0.0.1:15510/cqhttp/ws/ 
[2022-03-23 04:30:43] [INFO]: 正在检查更新. 
[2022-03-23 04:30:43] [WARNING]: 连接到反向WebSocket Universal服务器 ws://127.0.0.1:15510/cqhttp/ws/ 时出现错误: dial tcp 127.0.0.1:15510: connect: connection refused 
[2022-03-23 04:30:43] [INFO]: 检查更新完成. 当前已运行最新版本. 
[2022-03-23 04:30:46] [INFO]: 开始尝试连接到反向WebSocket Universal服务器: ws://127.0.0.1:15510/cqhttp/ws/ 
[2022-03-23 04:30:46] [INFO]: 已连接到反向WebSocket Universal服务器 ws://127.0.0.1:15510/cqhttp/ws/ 
[2022-03-23 04:30:48] [INFO]: 开始诊断网络情况 
[2022-03-23 04:30:53] [INFO]: 网络诊断完成. 未发现问题 
[2022-03-23 10:40:05] [ERROR]: Protocol -> unexpected disconnect: EOF 
[2022-03-23 10:40:05] [INFO]: Protocol -> connect to server: 169.47.230.125:10001 
[2022-03-23 10:40:08] [INFO]: 收到服务器地址更新通知, 将在下一次重连时应用.  
[2022-03-23 10:53:01] [INFO]: 收到群 216大🐦转转转(487347867) 内 田理介(1164504727) 的消息: 金君 快发会议号呀 (381143139) 
[2022-03-23 10:53:19] [INFO]: 收到群 216大🐦转转转(487347867) 内 张金豪(1789176239) 的消息: 我不管 (1638988021) 
[2022-03-23 10:53:36] [INFO]: 收到群 216大🐦转转转(487347867) 内 张金豪(1789176239) 的消息: 凭什么每次都是我 (-2855594) 
[2022-03-23 10:53:38] [INFO]: 收到群 216大🐦转转转(487347867) 内 张金豪(1789176239) 的消息: 我不要分 (-1999413824) 
[2022-03-23 10:53:47] [INFO]: 收到群 216大🐦转转转(487347867) 内 田理介(1164504727) 的消息: 有东西 (299502714) 
[2022-03-23 10:54:02] [INFO]: 收到群 216大🐦转转转(487347867) 内 田理介(1164504727) 的消息: 那我发  (1725775084) 
[2022-03-23 10:54:05] [INFO]: 收到群 216大🐦转转转(487347867) 内 田理介(1164504727) 的消息: 你们加进来 (-161341059) 
[2022-03-23 10:54:19] [INFO]: 收到群 216大🐦转转转(487347867) 内 张金豪(1789176239) 的消息: 你发你不说东西？ (-2124082709) 
[2022-03-23 10:54:28] [INFO]: 收到群 216大🐦转转转(487347867) 内 田理介(1164504727) 的消息: 不 (-509437938) 
[2022-03-23 10:54:31] [INFO]: 收到群 216大🐦转转转(487347867) 内 田理介(1164504727) 的消息: 你说 (-1767528296) 
[2022-03-23 10:54:45] [INFO]: 收到群 216大🐦转转转(487347867) 内 张金豪(1789176239) 的消息: 笑话 (262994210) 
[2022-03-23 10:56:38] [INFO]: 收到群 216大🐦转转转(487347867) 内 田理介(1164504727) 的消息: 他让说啥呢 (2024524212) 
[2022-03-23 10:57:00] [INFO]: 收到群 216大🐦转转转(487347867) 内 张金豪(1789176239) 的消息: 总结上学期的项目 (-422618089) 
[2022-03-23 10:57:36] [INFO]: 收到群 216大🐦转转转(487347867) 内 田理介(1164504727) 的消息: 咱们这项目是你定的呀 肯定是你说啊 (-1849135999) 
[2022-03-23 10:58:09] [INFO]: 收到群 216大🐦转转转(487347867) 内 张金豪(1789176239) 的消息: 这tm是我定的？ (146881851) 
[2022-03-23 10:58:17] [INFO]: 收到群 216大🐦转转转(487347867) 内 田理介(1164504727) 的消息: 小学嘛 (2143686061) 
[2022-03-23 10:58:19] [INFO]: 收到群 216大🐦转转转(487347867) 内 张金豪(1789176239) 的消息: 你是怎么恶心人怎么说是吧 (-277278660) 
[2022-03-23 10:58:24] [INFO]: 收到群 216大🐦转转转(487347867) 内 张金豪(1789176239) 的消息: 哦 (-1736564566) 
[2022-03-23 10:58:40] [INFO]: 收到群 216大🐦转转转(487347867) 内 张金豪(1789176239) 的消息: 你在这装什么傻 (1715111105) 
[2022-03-23 10:58:51] [INFO]: 收到群 216大🐦转转转(487347867) 内 张金豪(1789176239) 的消息: 你实验报告写得是什么你不知道？ (289256535) 
[2022-03-23 10:59:04] [INFO]: 收到群 216大🐦转转转(487347867) 内 张金豪(1789176239) 的消息: 你还写了软件说明书了的 (-2009799187) 
[2022-03-23 10:59:09] [INFO]: 收到群 216大🐦转转转(487347867) 内 田理介(1164504727) 的消息: 没事 等214那边 (-13380229) 
[2022-03-23 11:09:23] [INFO]: 收到群 216大🐦转转转(487347867) 内 田理介(1164504727) 的消息: 怎么说 (1633108184) 
[2022-03-23 11:09:28] [INFO]: 收到群 216大🐦转转转(487347867) 内 田理介(1164504727) 的消息: 李一龙发了 (374370382) 
[2022-03-23 12:58:34] [INFO]: 收到群 kenshi汉化和mod研究及暖(696654735) 内 炎头队长沙福林(2175422756) 的消息: [CQ:image,file=4e278503ce788e1dd4cee75f2fe105df.image,subType=0] (-250909560) 
[2022-03-23 15:24:48] [INFO]: 发送群 Py QQbot(813476953) 的消息: 秦喵喵发了新视频「【 ... (-1748776533) 
[2022-03-23 15:24:49] [INFO]: 发送群 Py QQbot(813476953) 的消息: 本条动态地址为htt ... (125621306) 
[2022-03-23 20:41:35] [INFO]: 收到群 <$ÿĀ>非狗X3＆肥欧狗X(859265365) 内 汪狗涛(2640365924) 的消息: [CQ:image,file=dc8c57d5144ccd3c1eb50aa2c9b273b0.image,subType=0] (-1550539395) 
[2022-03-23 20:41:44] [INFO]: 收到群 <$ÿĀ>非狗X3＆肥欧狗X(859265365) 内 汪狗涛(2640365924) 的消息: 快给可莉充电吧 (983430343) 
