[2022-08-18 04:30:29] [INFO]: 当前版本:v1.0.0-rc1 
[2022-08-18 04:30:29] [INFO]: 将使用 device.json 内的设备信息运行Bot. 
[2022-08-18 04:30:29] [INFO]: Bot将在5秒后登录并开始信息处理, 按 Ctrl+C 取消. 
[2022-08-18 04:30:34] [INFO]: 开始尝试登录并同步消息... 
[2022-08-18 04:30:34] [INFO]: 使用协议: iPad 
[2022-08-18 04:30:41] [INFO]: Protocol -> connect to server: 43.154.240.13:8080 
[2022-08-18 04:30:45] [INFO]: 收到服务器地址更新通知, 将在下一次重连时应用.  
[2022-08-18 04:30:45] [INFO]: 登录成功 欢迎使用: 小八的狐狸耳朵~ 
[2022-08-18 04:30:45] [INFO]: 开始加载好友列表... 
[2022-08-18 04:30:45] [INFO]: 共加载 4 个好友. 
[2022-08-18 04:30:45] [INFO]: 开始加载群列表... 
[2022-08-18 04:30:46] [INFO]: 共加载 4 个群. 
[2022-08-18 04:30:47] [INFO]: 资源初始化完成, 开始处理信息. 
[2022-08-18 04:30:47] [INFO]: アトリは、高性能ですから! 
[2022-08-18 04:30:47] [INFO]: 开始尝试连接到反向WebSocket Universal服务器: ws://127.0.0.1:15510/onebot/v11/ws/ 
[2022-08-18 04:30:47] [INFO]: 正在检查更新. 
[2022-08-18 04:30:47] [WARNING]: 连接到反向WebSocket Universal服务器 ws://127.0.0.1:15510/onebot/v11/ws/ 时出现错误: dial tcp 127.0.0.1:15510: connect: connection refused 
[2022-08-18 04:30:47] [INFO]: 当前有更新的 go-cqhttp 可供更新, 请前往 https://github.com/Mrs4s/go-cqhttp/releases 下载. 
[2022-08-18 04:30:47] [INFO]: 当前版本: v1.0.0-rc1 最新版本: v1.0.0-rc3 
[2022-08-18 04:30:50] [INFO]: 开始尝试连接到反向WebSocket Universal服务器: ws://127.0.0.1:15510/onebot/v11/ws/ 
[2022-08-18 04:30:50] [INFO]: 已连接到反向WebSocket Universal服务器 ws://127.0.0.1:15510/onebot/v11/ws/ 
[2022-08-18 04:30:52] [INFO]: 开始诊断网络情况 
[2022-08-18 04:30:58] [WARNING]: 警告: 长消息响应延迟为 3565ms, 大于 1000ms, 可能导致无法接收/发送长消息的情况, 请检查本地网络状态. 
[2022-08-18 04:30:58] [INFO]: 网络诊断完成. 未发现问题 
[2022-08-18 09:48:41] [INFO]: 收到群 Py QQbot(813476953) 内 小八的狐狸尾巴~(1216878448) 的消息: youtubedl https://youtu.be/nIlfKzWgGGI (667111768) 
[2022-08-18 09:48:42] [INFO]: 发送群 Py QQbot(813476953) 的消息: [{"type":  ... (-1180187397) 
[2022-08-18 09:51:09] [INFO]: 收到群 Py QQbot(813476953) 内 小八的狐狸尾巴~(1216878448) 的消息: youtubedl https://youtu.be/nIlfKzWgGGI (-828312467) 
[2022-08-18 09:51:14] [INFO]: 发送群 Py QQbot(813476953) 的消息: [{"type":  ... (1470735831) 
[2022-08-18 09:51:15] [INFO]: 发送群 Py QQbot(813476953) 的消息: [{"type":  ... (548312385) 
[2022-08-18 09:51:20] [INFO]: 收到群 Py QQbot(813476953) 内 小八的狐狸尾巴~(1216878448) 的消息: y (-1341028144) 
[2022-08-18 09:51:21] [INFO]: 发送群 Py QQbot(813476953) 的消息: [{"type":  ... (-954812346) 
[2022-08-18 09:51:30] [INFO]: 发送群 Py QQbot(813476953) 的消息: [{"type":  ... (-1479462493) 
[2022-08-18 15:44:34] [INFO]: 昨日 小八的狐狸尾巴~(1216878448) 在群 813476953 内发言最积极, 获得 龙王 标识。 
[2022-08-18 16:12:48] [INFO]: 发送群 Py QQbot(813476953) 的消息: 秦喵喵发了新视频「【 ... (1239371919) 
[2022-08-18 16:12:49] [INFO]: 发送群 Py QQbot(813476953) 的消息: 本条动态地址为htt ... (1054367769) 
[2022-08-18 19:49:01] [INFO]: 发送群 Py QQbot(813476953) 的消息: 秦喵喵发了新动态：  ... (-1598229062) 
[2022-08-18 19:49:03] [INFO]: 发送群 Py QQbot(813476953) 的消息: [CQ:image, ... (-675560148) 
[2022-08-18 19:49:05] [INFO]: 发送群 Py QQbot(813476953) 的消息: [CQ:image, ... (1320326294) 
[2022-08-18 19:49:07] [INFO]: 发送群 Py QQbot(813476953) 的消息: [CQ:image, ... (968205312) 
[2022-08-18 19:49:08] [INFO]: 发送群 Py QQbot(813476953) 的消息: [CQ:image, ... (-1458914927) 
[2022-08-18 19:49:10] [INFO]: 发送群 Py QQbot(813476953) 的消息: [CQ:image, ... (-569538297) 
[2022-08-18 19:49:10] [INFO]: 发送群 Py QQbot(813476953) 的消息: 本条动态地址为htt ... (-1929616800) 
