[2022-07-08 04:30:03] [INFO]: 当前版本:v1.0.0-rc1 
[2022-07-08 04:30:03] [INFO]: 将使用 device.json 内的设备信息运行Bot. 
[2022-07-08 04:30:03] [INFO]: Bot将在5秒后登录并开始信息处理, 按 Ctrl+C 取消. 
[2022-07-08 04:30:08] [INFO]: 开始尝试登录并同步消息... 
[2022-07-08 04:30:08] [INFO]: 使用协议: iPad 
[2022-07-08 04:30:36] [INFO]: 当前版本:v1.0.0-rc1 
[2022-07-08 04:30:36] [INFO]: 将使用 device.json 内的设备信息运行Bot. 
[2022-07-08 04:30:36] [INFO]: Bot将在5秒后登录并开始信息处理, 按 Ctrl+C 取消. 
[2022-07-08 04:30:41] [INFO]: 开始尝试登录并同步消息... 
[2022-07-08 04:30:41] [INFO]: 使用协议: iPad 
[2022-07-08 04:30:44] [INFO]: Protocol -> connect to server: 43.154.240.13:8080 
[2022-07-08 04:30:48] [INFO]: 收到服务器地址更新通知, 将在下一次重连时应用.  
[2022-07-08 04:30:48] [INFO]: 登录成功 欢迎使用: 小八的狐狸耳朵~ 
[2022-07-08 04:30:48] [INFO]: 开始加载好友列表... 
[2022-07-08 04:30:48] [INFO]: 共加载 4 个好友. 
[2022-07-08 04:30:48] [INFO]: 开始加载群列表... 
[2022-07-08 04:30:49] [INFO]: 共加载 5 个群. 
[2022-07-08 04:30:49] [INFO]: 资源初始化完成, 开始处理信息. 
[2022-07-08 04:30:49] [INFO]: アトリは、高性能ですから! 
[2022-07-08 04:30:49] [INFO]: 开始尝试连接到反向WebSocket Universal服务器: ws://127.0.0.1:15510/cqhttp/ws/ 
[2022-07-08 04:30:49] [INFO]: 正在检查更新. 
[2022-07-08 04:30:49] [WARNING]: 连接到反向WebSocket Universal服务器 ws://127.0.0.1:15510/cqhttp/ws/ 时出现错误: dial tcp 127.0.0.1:15510: connect: connection refused 
[2022-07-08 04:30:50] [INFO]: 当前有更新的 go-cqhttp 可供更新, 请前往 https://github.com/Mrs4s/go-cqhttp/releases 下载. 
[2022-07-08 04:30:50] [INFO]: 当前版本: v1.0.0-rc1 最新版本: v1.0.0-rc3 
[2022-07-08 04:30:53] [INFO]: 开始尝试连接到反向WebSocket Universal服务器: ws://127.0.0.1:15510/cqhttp/ws/ 
[2022-07-08 04:30:53] [INFO]: 已连接到反向WebSocket Universal服务器 ws://127.0.0.1:15510/cqhttp/ws/ 
[2022-07-08 04:30:55] [INFO]: 开始诊断网络情况 
[2022-07-08 04:30:59] [INFO]: 网络诊断完成. 未发现问题 
[2022-07-08 10:00:56] [ERROR]: Protocol -> highway upload long message error: connect error: dial tcp 220.194.81.56:443: i/o timeout 
[2022-07-08 10:01:00] [INFO]: 发送群 Py QQbot(813476953) 的消息: 秦喵喵发了新视频「【 ... (156237255) 
[2022-07-08 10:01:00] [INFO]: 发送群 Py QQbot(813476953) 的消息: 本条动态地址为htt ... (2118700369) 
[2022-07-08 11:18:30] [INFO]: 新成员 (￣△￣)"(1047657829) 进入了群 kenshi汉化和mod研究及暖暖化制作监督委员会-1群(696654735). 
[2022-07-08 12:34:19] [INFO]: 收到群 216大🐦转转转(487347867) 内 群老二次元(1216878448) 的消息: [CQ:image,file=5abb655b9d3e1fbd1b66f9a2135c93c3.image,subType=0] (632105231) 
[2022-07-08 20:00:56] [INFO]: 发送群 Py QQbot(813476953) 的消息: 秦喵喵发了新动态：  ... (-533964558) 
[2022-07-08 20:00:59] [INFO]: 发送群 Py QQbot(813476953) 的消息: [CQ:image, ... (-1758762908) 
[2022-07-08 20:01:01] [INFO]: 发送群 Py QQbot(813476953) 的消息: [CQ:image, ... (237124062) 
[2022-07-08 20:01:02] [INFO]: 发送群 Py QQbot(813476953) 的消息: [CQ:image, ... (2032470344) 
[2022-07-08 20:01:04] [INFO]: 发送群 Py QQbot(813476953) 的消息: [CQ:image, ... (-375778087) 
[2022-07-08 20:01:07] [INFO]: 发送群 Py QQbot(813476953) 的消息: [CQ:image, ... (-1633868721) 
[2022-07-08 20:01:07] [INFO]: 发送群 Py QQbot(813476953) 的消息: 本条动态地址为htt ... (-27611734) 
[2022-07-08 21:24:58] [INFO]: 发送群 Py QQbot(813476953) 的消息: Tm 开播啦啦啦！！ ... (-1990353604) 
