[2022-04-04 04:30:04] [INFO]: 当前版本:v1.0.0-rc1 
[2022-04-04 04:30:04] [INFO]: 将使用 device.json 内的设备信息运行Bot. 
[2022-04-04 04:30:04] [INFO]: Bot将在5秒后登录并开始信息处理, 按 Ctrl+C 取消. 
[2022-04-04 04:30:09] [INFO]: 开始尝试登录并同步消息... 
[2022-04-04 04:30:09] [INFO]: 使用协议: iPad 
[2022-04-04 04:30:12] [INFO]: Protocol -> connect to server: 203.205.255.221:8080 
[2022-04-04 04:30:36] [INFO]: 当前版本:v1.0.0-rc1 
[2022-04-04 04:30:37] [INFO]: 将使用 device.json 内的设备信息运行Bot. 
[2022-04-04 04:30:37] [INFO]: Bot将在5秒后登录并开始信息处理, 按 Ctrl+C 取消. 
[2022-04-04 04:30:42] [INFO]: 开始尝试登录并同步消息... 
[2022-04-04 04:30:42] [INFO]: 使用协议: iPad 
[2022-04-04 04:30:49] [INFO]: Protocol -> connect to server: 203.205.255.220:8080 
[2022-04-04 04:30:53] [INFO]: 登录成功 欢迎使用: 小八的狐狸耳朵~ 
[2022-04-04 04:30:53] [INFO]: 开始加载好友列表... 
[2022-04-04 04:30:54] [INFO]: 共加载 4 个好友. 
[2022-04-04 04:30:54] [INFO]: 开始加载群列表... 
[2022-04-04 04:30:55] [INFO]: 共加载 5 个群. 
[2022-04-04 04:30:55] [INFO]: 资源初始化完成, 开始处理信息. 
[2022-04-04 04:30:55] [INFO]: アトリは、高性能ですから! 
[2022-04-04 04:30:55] [INFO]: 开始尝试连接到反向WebSocket Universal服务器: ws://127.0.0.1:15510/cqhttp/ws/ 
[2022-04-04 04:30:55] [INFO]: 正在检查更新. 
[2022-04-04 04:30:55] [INFO]: 已连接到反向WebSocket Universal服务器 ws://127.0.0.1:15510/cqhttp/ws/ 
[2022-04-04 04:30:55] [INFO]: 检查更新完成. 当前已运行最新版本. 
[2022-04-04 04:31:00] [INFO]: 开始诊断网络情况 
[2022-04-04 04:31:06] [INFO]: 网络诊断完成. 未发现问题 
[2022-04-04 14:36:51] [INFO]: 发送群 Py QQbot(813476953) 的消息: 秦喵喵发了新视频「【 ... (1230687345) 
[2022-04-04 14:36:52] [INFO]: 发送群 Py QQbot(813476953) 的消息: 本条动态地址为htt ... (1046346983) 
[2022-04-04 19:51:52] [INFO]: 发送群 Py QQbot(813476953) 的消息: 秦喵喵发了新动态：  ... (-1606850236) 
[2022-04-04 19:51:54] [INFO]: 发送群 Py QQbot(813476953) 的消息: [CQ:image, ... (-683779630) 
[2022-04-04 19:51:54] [INFO]: 发送群 Py QQbot(813476953) 的消息: 本条动态地址为htt ... (1312229480) 
[2022-04-04 21:00:54] [INFO]: 发送群 Py QQbot(813476953) 的消息: 狗妈转发了「葱来」的 ... (959461630) 
[2022-04-04 21:00:54] [INFO]: 发送群 Py QQbot(813476953) 的消息: 本条动态地址为htt ... (-1450236561) 
[2022-04-04 21:00:55] [INFO]: 发送群 Py QQbot(813476953) 的消息: 狗妈转发了「俊无」的 ... (-561506823) 
[2022-04-04 21:00:56] [INFO]: 发送群 Py QQbot(813476953) 的消息: 本条动态地址为htt ... (-1102078948) 
[2022-04-04 21:00:56] [INFO]: 发送群 Py QQbot(813476953) 的消息: 狗妈转发了「姚大萌」 ... (-917984118) 
[2022-04-04 21:00:57] [INFO]: 发送群 Py QQbot(813476953) 的消息: 本条动态地址为htt ... (1346501936) 
[2022-04-04 23:08:45] [INFO]: 收到群 kenshi汉化和mod研究及暖(696654735) 内 drm9900(515481577) 的消息: [CQ:image,file=0579cc17c2b48a1d765b66bcf8335836.image,subType=0] (1873703253) 
