[2022-07-04 04:30:27] [INFO]: 当前版本:v1.0.0-rc1 
[2022-07-04 04:30:27] [INFO]: 将使用 device.json 内的设备信息运行Bot. 
[2022-07-04 04:30:27] [INFO]: Bot将在5秒后登录并开始信息处理, 按 Ctrl+C 取消. 
[2022-07-04 04:30:32] [INFO]: 开始尝试登录并同步消息... 
[2022-07-04 04:30:32] [INFO]: 使用协议: iPad 
[2022-07-04 04:30:35] [INFO]: Protocol -> connect to server: 43.135.106.161:8080 
[2022-07-04 04:30:39] [INFO]: 收到服务器地址更新通知, 将在下一次重连时应用.  
[2022-07-04 04:30:39] [INFO]: 登录成功 欢迎使用: 小八的狐狸耳朵~ 
[2022-07-04 04:30:39] [INFO]: 开始加载好友列表... 
[2022-07-04 04:30:39] [INFO]: 共加载 4 个好友. 
[2022-07-04 04:30:39] [INFO]: 开始加载群列表... 
[2022-07-04 04:30:40] [INFO]: 共加载 5 个群. 
[2022-07-04 04:30:41] [INFO]: 资源初始化完成, 开始处理信息. 
[2022-07-04 04:30:41] [INFO]: アトリは、高性能ですから! 
[2022-07-04 04:30:41] [INFO]: 开始尝试连接到反向WebSocket Universal服务器: ws://127.0.0.1:15510/cqhttp/ws/ 
[2022-07-04 04:30:41] [INFO]: 正在检查更新. 
[2022-07-04 04:30:41] [WARNING]: 连接到反向WebSocket Universal服务器 ws://127.0.0.1:15510/cqhttp/ws/ 时出现错误: dial tcp 127.0.0.1:15510: connect: connection refused 
[2022-07-04 04:30:41] [INFO]: 当前有更新的 go-cqhttp 可供更新, 请前往 https://github.com/Mrs4s/go-cqhttp/releases 下载. 
[2022-07-04 04:30:41] [INFO]: 当前版本: v1.0.0-rc1 最新版本: v1.0.0-rc3 
[2022-07-04 04:30:44] [INFO]: 开始尝试连接到反向WebSocket Universal服务器: ws://127.0.0.1:15510/cqhttp/ws/ 
[2022-07-04 04:30:44] [INFO]: 已连接到反向WebSocket Universal服务器 ws://127.0.0.1:15510/cqhttp/ws/ 
[2022-07-04 04:30:46] [INFO]: 开始诊断网络情况 
[2022-07-04 04:30:50] [INFO]: 网络诊断完成. 未发现问题 
[2022-07-04 17:18:37] [INFO]: 收到群 kenshi汉化和mod研究及暖(696654735) 内 时之沙(2934771083) 的消息: 。 (791808550) 
[2022-07-04 17:20:18] [INFO]: 收到群 kenshi汉化和mod研究及暖(696654735) 内 时之沙(2934771083) 的消息: 。 (1479883440) 
[2022-07-04 18:08:01] [INFO]: 收到群 kenshi汉化和mod研究及暖(696654735) 内 岂无飞(402818767) 的消息: [CQ:forward,id=qkfOT01csVh7nc1M7bUi5KBQzT45CyS7SyAdTGXItXwAUZeAqZzFsxvTUEVL3ml6] (-1502503205) 
[2022-07-04 18:36:48] [INFO]: 发送群 Py QQbot(813476953) 的消息: 秦喵喵转发了「Mr. ... (997826373) 
[2022-07-04 18:36:48] [INFO]: 发送群 Py QQbot(813476953) 的消息: 本条动态地址为htt ... (1283370963) 
[2022-07-04 19:00:51] [INFO]: 收到群 kenshi汉化和mod研究及暖(696654735) 内 炎头队长沙福林(2175422756) 的消息: [CQ:forward,id=e/3Sov9eDscDKfZ2ZOGofNwZJIamVcARv4L6kW7IvEdUNcfAKj9XXBzzLt0cejxt] (-780751283) 
[2022-07-04 20:11:11] [INFO]: 收到群 kenshi汉化和mod研究及暖(696654735) 内 圣徒的亡灵(1339837523) 的消息: 还好不是我媳妇,不然我活不过3个月 (1216348151) 
[2022-07-04 20:11:37] [INFO]: 收到群 kenshi汉化和mod研究及暖(696654735) 内 潜行吧！奈亚子！(1751979054) 的消息: [CQ:reply,id=1216348151][CQ:at,qq=1339837523] [CQ:at,qq=1339837523] 你活着只是为了让人受孕 (1064882017) 
[2022-07-04 20:13:35] [INFO]: 收到群 kenshi汉化和mod研究及暖(696654735) 内 圣徒的亡灵(1339837523) 的消息: 不,是我3个月就被榨干了 (-1591977278) 
[2022-07-04 20:14:12] [INFO]: 收到群 kenshi汉化和mod研究及暖(696654735) 内 潜行吧！奈亚子！(1751979054) 的消息: [CQ:image,file=6e11f2e9c97ea396e38368c46e732e1a.image,subType=1] (-702846380) 
[2022-07-04 20:33:16] [INFO]: 收到群 kenshi汉化和mod研究及暖(696654735) 内 阿格努(710621309) 的消息: 打着科普的旗号GHS是吧 (1326595054) 
[2022-07-04 20:33:24] [INFO]: 收到群 kenshi汉化和mod研究及暖(696654735) 内 阿格努(710621309) 的消息: 不过我喜欢[CQ:face,id=178] (940903288) 
[2022-07-04 21:52:16] [INFO]: 收到群 kenshi汉化和mod研究及暖(696654735) 内 Ahoge(1195074247) 的消息: 炎头让我问问今天的色图呢？ (-1465248023) 
[2022-07-04 21:54:31] [INFO]: 收到群 kenshi汉化和mod研究及暖(696654735) 内 潜行吧！奈亚子！(1751979054) 的消息: [CQ:image,file=88dd62581e3a0aaa2f63b4ef02da882e.image,subType=1] (-542300545) 
