[2022-05-12 04:30:29] [INFO]: 当前版本:v1.0.0-rc1 
[2022-05-12 04:30:29] [INFO]: 将使用 device.json 内的设备信息运行Bot. 
[2022-05-12 04:30:29] [INFO]: Bot将在5秒后登录并开始信息处理, 按 Ctrl+C 取消. 
[2022-05-12 04:30:34] [INFO]: 开始尝试登录并同步消息... 
[2022-05-12 04:30:34] [INFO]: 使用协议: iPad 
[2022-05-12 04:30:37] [INFO]: Protocol -> connect to server: 43.135.106.161:8080 
[2022-05-12 04:30:41] [INFO]: 收到服务器地址更新通知, 将在下一次重连时应用.  
[2022-05-12 04:30:42] [INFO]: 登录成功 欢迎使用: 小八的狐狸耳朵~ 
[2022-05-12 04:30:42] [INFO]: 开始加载好友列表... 
[2022-05-12 04:30:42] [INFO]: 共加载 4 个好友. 
[2022-05-12 04:30:42] [INFO]: 开始加载群列表... 
[2022-05-12 04:30:43] [INFO]: 共加载 5 个群. 
[2022-05-12 04:30:43] [INFO]: 资源初始化完成, 开始处理信息. 
[2022-05-12 04:30:43] [INFO]: アトリは、高性能ですから! 
[2022-05-12 04:30:43] [INFO]: 开始尝试连接到反向WebSocket Universal服务器: ws://127.0.0.1:15510/cqhttp/ws/ 
[2022-05-12 04:30:43] [INFO]: 正在检查更新. 
[2022-05-12 04:30:43] [INFO]: 已连接到反向WebSocket Universal服务器 ws://127.0.0.1:15510/cqhttp/ws/ 
[2022-05-12 04:30:44] [INFO]: 检查更新完成. 当前已运行最新版本. 
[2022-05-12 04:30:48] [INFO]: 开始诊断网络情况 
[2022-05-12 04:30:53] [INFO]: 网络诊断完成. 未发现问题 
[2022-05-12 04:43:28] [INFO]: 收到群 kenshi汉化和mod研究及暖(696654735) 内 炎头队长沙福林(2175422756) 的消息: tnnd 刚刚被封号了 (1206460193) 
[2022-05-12 09:55:21] [INFO]: 收到群 kenshi汉化和mod研究及暖(696654735) 内 思维网球(1158813857) 的消息: 你转发了太多涩图了[CQ:face,id=2] (820916151) 
[2022-05-12 09:56:05] [INFO]: 收到群 kenshi汉化和mod研究及暖(696654735) 内 简单先上盆饭(372338248) 的消息: 不是，是有女鬼 (-1444446707) 
[2022-05-12 09:56:08] [INFO]: 收到群 kenshi汉化和mod研究及暖(696654735) 内 简单先上盆饭(372338248) 的消息: 内 (-555725157) 
[2022-05-12 10:15:42] [INFO]: 收到群 kenshi汉化和mod研究及暖(696654735) 内 囧※boy(1114167743) 的消息: 不是，是有内鬼 (1082448696) 
[2022-05-12 10:15:58] [INFO]: 收到群 kenshi汉化和mod研究及暖(696654735) 内 囧※boy(1114167743) 的消息: [CQ:at,qq=2175422756] 是不是突然掉线 (931392430) 
[2022-05-12 10:16:02] [INFO]: 收到群 kenshi汉化和mod研究及暖(696654735) 内 囧※boy(1114167743) 的消息: 然后登陆就好了 (-1366640108) 
[2022-05-12 10:16:13] [INFO]: 收到群 kenshi汉化和mod研究及暖(696654735) 内 囧※boy(1114167743) 的消息: 之后提醒你，下次一定小心 (-645035390) 
[2022-05-12 10:16:17] [INFO]: 收到群 kenshi汉化和mod研究及暖(696654735) 内 囧※boy(1114167743) 的消息: [CQ:image,file=e0e98d48bf42f674c5554ca4c00c25bd.image,subType=1] (1228052243) 
[2022-05-12 14:01:32] [INFO]: 收到群 kenshi汉化和mod研究及暖(696654735) 内 炎头队长沙福林(2175422756) 的消息: 对 (1043703685) 
[2022-05-12 14:05:45] [INFO]: 收到群 kenshi汉化和mod研究及暖(696654735) 内 阿格努(710621309) 的消息: 这儿也有内鬼了？ (1824804066) 
[2022-05-12 14:06:02] [INFO]: 收到群 kenshi汉化和mod研究及暖(696654735) 内 阿格努(710621309) 的消息: 全员肃反 (465796212) 
[2022-05-12 14:06:21] [INFO]: 收到群 kenshi汉化和mod研究及暖(696654735) 内 高橋啟介(791258074) 的消息: [CQ:image,file=19b5808d9514f813435abcc44d45e2f5.image,subType=1] (-2100679218) 
[2022-05-12 14:16:02] [INFO]: 收到群 kenshi汉化和mod研究及暖(696654735) 内 重装KGZ晓琳(2860677522) 的消息: [CQ:image,file=29f4ed762d8b538f6f246324e1e91a26.image,subType=1] (-171106984) 
[2022-05-12 15:57:20] [INFO]: 收到群 kenshi汉化和mod研究及暖(696654735) 内 炎头队长沙福林(2175422756) 的消息: 掉线 然后申请解封 还要输身份证人脸验证 (1806272763) 
[2022-05-12 15:57:44] [INFO]: 收到群 kenshi汉化和mod研究及暖(696654735) 内 炎头队长沙福林(2175422756) 的消息: 还好这回不是那种 冻结一天两天自动解封的那种 (481212525) 
[2022-05-12 16:33:06] [INFO]: 收到群 kenshi汉化和mod研究及暖(696654735) 内 岂无飞(402818767) 的消息: [CQ:forward,id=Oay2uPbfDNJnAgx04Q+DYwyJhdiAKs73v8rPFayevBDgJNi727LTJO4D6NvXMMaT] (-2052593193) 
[2022-05-12 16:39:55] [INFO]: 收到群 kenshi汉化和mod研究及暖(696654735) 内 水行修(2214497344) 的消息: 本体链接寄了 (-224339647) 
[2022-05-12 16:45:15] [INFO]: 收到群 kenshi汉化和mod研究及暖(696654735) 内 drm9900(515481577) 的消息: 又被淘宝奸商举报了吧。。。 (1646249168) 
[2022-05-12 16:49:30] [INFO]: 收到群 kenshi汉化和mod研究及暖(696654735) 内 岂无飞(402818767) 的消息: [CQ:face,id=179] (353956934) 
[2022-05-12 17:00:05] [ERROR]: Protocol -> unexpected disconnect: EOF 
[2022-05-12 17:00:05] [INFO]: Protocol -> connect to server: 169.47.230.125:10001 
[2022-05-12 17:00:09] [INFO]: 收到服务器地址更新通知, 将在下一次重连时应用.  
[2022-05-12 17:44:48] [INFO]: 收到群 kenshi汉化和mod研究及暖(696654735) 内 --初见--(920592790) 的消息: 刚刚海鲜卖了我老婆，俊影南茜170，1500块，tmd运费220[CQ:image,file=e5156bcc6729eb41299880e3b6b4aad6.image,subType=0] (1977580963) 
[2022-05-12 17:46:51] [INFO]: 收到群 kenshi汉化和mod研究及暖(696654735) 内 简单先上盆饭(372338248) 的消息: 郑州封了？ (47729973) 
[2022-05-12 18:44:13] [INFO]: 收到群 kenshi汉化和mod研究及暖(696654735) 内 --初见--(920592790) 的消息: [CQ:image,file=33d7cc907d185a34d19371d9f9f9a048.image,subType=0] (-1680794481) 
[2022-05-12 18:44:58] [INFO]: 收到群 kenshi汉化和mod研究及暖(696654735) 内 --初见--(920592790) 的消息: [CQ:image,file=751cd528f98f50c464ce28fdc3ae20d3.image,subType=0] 生人宰一半，熟人大满贯 (-321508327) 
[2022-05-12 18:47:01] [INFO]: 收到群 kenshi汉化和mod研究及暖(696654735) 内 --初见--(920592790) 的消息: [CQ:image,file=b6593982ac57dde4a4d19527057e9171.image,subType=0] ntr (1924315578) 
[2022-05-12 18:50:54] [INFO]: 收到群 kenshi汉化和mod研究及暖(696654735) 内 高橋啟介(791258074) 的消息: 你选的嘛偶像 (95783212) 
[2022-05-12 19:02:01] [INFO]: 收到群 kenshi汉化和mod研究及暖(696654735) 内 --初见--(920592790) 的消息: [CQ:forward,id=EUhs0KDPDalERjCS5z2hHSb+flzoHoA5cGADjhTAknXKuc9hcWi/OzDQzipb9ujt] (-1665345386) 
[2022-05-12 19:05:56] [INFO]: 收到群 kenshi汉化和mod研究及暖(696654735) 内 ‭‭(2691449141) 的消息: 死去的老转发记录突然攻击我 (-340006912) 
[2022-05-12 19:15:36] [INFO]: 收到群 kenshi汉化和mod研究及暖(696654735) 内 炎头队长沙福林(2175422756) 的消息: 在好几个群看过了 (2063922577) 
[2022-05-12 19:42:44] [INFO]: 发送群 Py QQbot(813476953) 的消息: 秦喵喵发了新动态：  ... (-1011106639) 
[2022-05-12 19:43:28] [INFO]: 发送群 Py QQbot(813476953) 的消息: [CQ:image, ... (1574906130) 
[2022-05-12 20:37:20] [INFO]: 收到群 kenshi汉化和mod研究及暖(696654735) 内 阿格努(710621309) 的消息: [CQ:reply,id=1924315578][CQ:at,qq=920592790] [CQ:at,qq=920592790] 这声 老公 …… (201573639) 
[2022-05-12 23:45:24] [INFO]: 收到好友 小八的狐狸尾巴~(1216878448) 的消息: &#91;语音&#93; (-1143267511) 
