[2022-05-09 00:15:42] [INFO]: 发送群 Py QQbot(813476953) 的消息: 秦喵喵发了新动态：  ... (627318586) 
[2022-05-09 00:15:45] [INFO]: 发送群 Py QQbot(813476953) 的消息: [CQ:image, ... (-1243938133) 
[2022-05-09 00:15:47] [INFO]: 发送群 Py QQbot(813476953) 的消息: [CQ:image, ... (-1025756611) 
[2022-05-09 00:15:53] [INFO]: 发送群 Py QQbot(813476953) 的消息: [CQ:image, ... (1753517961) 
[2022-05-09 00:15:53] [INFO]: 发送群 Py QQbot(813476953) 的消息: 本条动态地址为htt ... (528727839) 
[2022-05-09 04:30:03] [INFO]: 当前版本:v1.0.0-rc1 
[2022-05-09 04:30:03] [INFO]: 将使用 device.json 内的设备信息运行Bot. 
[2022-05-09 04:30:03] [INFO]: Bot将在5秒后登录并开始信息处理, 按 Ctrl+C 取消. 
[2022-05-09 04:30:08] [INFO]: 开始尝试登录并同步消息... 
[2022-05-09 04:30:08] [INFO]: 使用协议: iPad 
[2022-05-09 04:30:11] [INFO]: Protocol -> connect to server: 43.135.106.161:8080 
[2022-05-09 04:30:35] [INFO]: 当前版本:v1.0.0-rc1 
[2022-05-09 04:30:35] [INFO]: 将使用 device.json 内的设备信息运行Bot. 
[2022-05-09 04:30:35] [INFO]: Bot将在5秒后登录并开始信息处理, 按 Ctrl+C 取消. 
[2022-05-09 04:30:40] [INFO]: 开始尝试登录并同步消息... 
[2022-05-09 04:30:40] [INFO]: 使用协议: iPad 
[2022-05-09 04:30:46] [INFO]: Protocol -> connect to server: 43.135.106.161:8080 
[2022-05-09 04:30:50] [INFO]: 登录成功 欢迎使用: 小八的狐狸耳朵~ 
[2022-05-09 04:30:50] [INFO]: 开始加载好友列表... 
[2022-05-09 04:30:50] [INFO]: 共加载 4 个好友. 
[2022-05-09 04:30:50] [INFO]: 开始加载群列表... 
[2022-05-09 04:30:51] [INFO]: 共加载 5 个群. 
[2022-05-09 04:30:51] [INFO]: 资源初始化完成, 开始处理信息. 
[2022-05-09 04:30:51] [INFO]: アトリは、高性能ですから! 
[2022-05-09 04:30:51] [INFO]: 开始尝试连接到反向WebSocket Universal服务器: ws://127.0.0.1:15510/cqhttp/ws/ 
[2022-05-09 04:30:51] [INFO]: 正在检查更新. 
[2022-05-09 04:30:51] [INFO]: 已连接到反向WebSocket Universal服务器 ws://127.0.0.1:15510/cqhttp/ws/ 
[2022-05-09 04:30:52] [INFO]: 检查更新完成. 当前已运行最新版本. 
[2022-05-09 04:30:56] [INFO]: 开始诊断网络情况 
[2022-05-09 04:31:03] [INFO]: 网络诊断完成. 未发现问题 
[2022-05-09 06:17:14] [INFO]: 收到群 kenshi汉化和mod研究及暖(696654735) 内 时之沙(2934771083) 的消息: 哈哈哈屁眼修仙 (1641630760) 
[2022-05-09 09:29:28] [INFO]: 收到群 kenshi汉化和mod研究及暖(696654735) 内 落雨无声(418598289) 的消息: 。 (-120578670) 
[2022-05-09 13:03:52] [INFO]: 发送群 Py QQbot(813476953) 的消息: Tm发了新视频「真正 ... (-2037715291) 
[2022-05-09 13:03:52] [INFO]: 发送群 Py QQbot(813476953) 的消息: 本条动态地址为htt ... (-242360781) 
[2022-05-09 14:12:11] [INFO]: 收到好友 小八的狐狸尾巴~(1216878448) 的消息: 测试 (1681920505) 
[2022-05-09 14:12:11] [INFO]: 发送好友 1216878448(1216878448)  的消息: [{"type":  ... (890376041) 
[2022-05-09 14:12:16] [INFO]: 收到好友 小八的狐狸尾巴~(1216878448) 的消息: 1 (-98270118) 
[2022-05-09 14:12:16] [INFO]: 发送好友 1216878448(1216878448)  的消息: [{"type":  ... (1108688895) 
[2022-05-09 14:19:02] [INFO]: 收到好友 小八的狐狸尾巴~(1216878448) 的消息: 1 (1592126794) 
[2022-05-09 19:48:51] [INFO]: 发送群 Py QQbot(813476953) 的消息: 秦喵喵发了新动态：  ... (1877560208) 
[2022-05-09 19:48:52] [INFO]: 发送群 Py QQbot(813476953) 的消息: [CQ:image, ... (418282246) 
[2022-05-09 19:48:52] [INFO]: 发送群 Py QQbot(813476953) 的消息: 本条动态地址为htt ... (-2115556676) 
