[2022-05-06 04:30:26] [INFO]: 当前版本:v1.0.0-rc1 
[2022-05-06 04:30:26] [INFO]: 将使用 device.json 内的设备信息运行Bot. 
[2022-05-06 04:30:26] [INFO]: Bot将在5秒后登录并开始信息处理, 按 Ctrl+C 取消. 
[2022-05-06 04:30:31] [INFO]: 开始尝试登录并同步消息... 
[2022-05-06 04:30:31] [INFO]: 使用协议: iPad 
[2022-05-06 04:30:35] [INFO]: Protocol -> connect to server: 43.135.106.161:8080 
[2022-05-06 04:30:38] [INFO]: 收到服务器地址更新通知, 将在下一次重连时应用.  
[2022-05-06 04:30:40] [INFO]: 登录成功 欢迎使用: 小八的狐狸耳朵~ 
[2022-05-06 04:30:40] [INFO]: 开始加载好友列表... 
[2022-05-06 04:30:40] [INFO]: 共加载 4 个好友. 
[2022-05-06 04:30:40] [INFO]: 开始加载群列表... 
[2022-05-06 04:30:41] [INFO]: 共加载 5 个群. 
[2022-05-06 04:30:41] [INFO]: 资源初始化完成, 开始处理信息. 
[2022-05-06 04:30:41] [INFO]: アトリは、高性能ですから! 
[2022-05-06 04:30:41] [INFO]: 开始尝试连接到反向WebSocket Universal服务器: ws://127.0.0.1:15510/cqhttp/ws/ 
[2022-05-06 04:30:41] [INFO]: 正在检查更新. 
[2022-05-06 04:30:41] [INFO]: 已连接到反向WebSocket Universal服务器 ws://127.0.0.1:15510/cqhttp/ws/ 
[2022-05-06 04:30:41] [INFO]: 检查更新完成. 当前已运行最新版本. 
[2022-05-06 04:30:46] [INFO]: 开始诊断网络情况 
[2022-05-06 04:30:51] [INFO]: 网络诊断完成. 未发现问题 
[2022-05-06 17:00:42] [INFO]: 发送群 Py QQbot(813476953) 的消息: 秦喵喵发了新视频「【 ... (629384983) 
[2022-05-06 17:00:42] [INFO]: 发送群 Py QQbot(813476953) 的消息: 本条动态地址为htt ... (1384421249) 
[2022-05-06 18:06:45] [INFO]: 发送群 Py QQbot(813476953) 的消息: Tm发了新视频「So ... (-879901125) 
[2022-05-06 18:06:46] [INFO]: 发送群 Py QQbot(813476953) 的消息: 本条动态地址为htt ... (-1131743571) 
[2022-05-06 19:51:41] [INFO]: 发送群 Py QQbot(813476953) 的消息: 秦喵喵发了新动态：  ... (586048270) 
[2022-05-06 19:51:44] [INFO]: 发送群 Py QQbot(813476953) 的消息: [CQ:image, ... (1441354648) 
[2022-05-06 19:51:44] [INFO]: 发送群 Py QQbot(813476953) 的消息: 本条动态地址为htt ... (-857734622) 
[2022-05-06 20:33:48] [INFO]: 收到群 kenshi汉化和mod研究及暖(696654735) 内 阿格努(710621309) 的消息: [CQ:video,file=71d111ffd40bb11bb67c3f1fc9959e96.video] (-506778413) 
[2022-05-06 20:42:11] [INFO]: 收到群 kenshi汉化和mod研究及暖(696654735) 内 高橋啟介(791258074) 的消息: [CQ:face,id=229] (-1765008315) 
