[2022-02-26 03:27:40] [INFO]: 发送群 Py QQbot(813476953) 的消息: 秦喵喵发了新动态：  ... (-87185083) 
[2022-02-26 03:27:42] [INFO]: 发送群 Py QQbot(813476953) 的消息: [CQ:image, ... (-1916102189) 
[2022-02-26 03:27:43] [INFO]: 发送群 Py QQbot(813476953) 的消息: [CQ:image, ... (330173552) 
[2022-02-26 03:27:45] [INFO]: 发送群 Py QQbot(813476953) 的消息: [CQ:image, ... (1688812774) 
[2022-02-26 03:27:45] [INFO]: 发送群 Py QQbot(813476953) 的消息: 本条动态地址为htt ... (-39817892) 
[2022-02-26 04:30:03] [INFO]: 当前版本:v1.0.0-beta6 
[2022-02-26 04:30:03] [INFO]: 用户交流群: 721829413 
[2022-02-26 04:30:03] [INFO]: 将使用 device.json 内的设备信息运行Bot. 
[2022-02-26 04:30:03] [INFO]: Bot将在5秒后登录并开始信息处理, 按 Ctrl+C 取消. 
[2022-02-26 04:30:08] [INFO]: 开始尝试登录并同步消息... 
[2022-02-26 04:30:08] [INFO]: 使用协议: iPad 
[2022-02-26 04:30:12] [INFO]: Protocol -> connect to server: 203.205.255.221:8080 
[2022-02-26 04:30:12] [ERROR]: Protocol -> decrypt payload error: unknown flag 
[2022-02-26 04:30:37] [INFO]: 当前版本:v1.0.0-beta6 
[2022-02-26 04:30:37] [INFO]: 用户交流群: 721829413 
[2022-02-26 04:30:37] [INFO]: 将使用 device.json 内的设备信息运行Bot. 
[2022-02-26 04:30:37] [INFO]: Bot将在5秒后登录并开始信息处理, 按 Ctrl+C 取消. 
[2022-02-26 04:30:42] [INFO]: 开始尝试登录并同步消息... 
[2022-02-26 04:30:42] [INFO]: 使用协议: iPad 
[2022-02-26 04:30:46] [INFO]: Protocol -> connect to server: 203.205.255.220:8080 
[2022-02-26 04:30:46] [ERROR]: Protocol -> decrypt payload error: unknown flag 
[2022-02-26 04:31:01] [ERROR]: Protocol -> decrypt payload error: unknown flag 
[2022-02-26 04:31:16] [WARNING]: 恢复会话失败: Packet timed out , 尝试使用正常流程登录. 
[2022-02-26 04:31:19] [INFO]: Protocol -> connect to server: 203.205.255.221:8080 
[2022-02-26 04:31:22] [INFO]: 登录成功 欢迎使用: 小八的狐狸耳朵~ 
[2022-02-26 04:31:22] [INFO]: 开始加载好友列表... 
[2022-02-26 04:31:22] [INFO]: 共加载 4 个好友. 
[2022-02-26 04:31:22] [INFO]: 开始加载群列表... 
[2022-02-26 04:31:23] [INFO]: 共加载 5 个群. 
[2022-02-26 04:31:24] [INFO]: 收到服务器地址更新通知, 将在下一次重连时应用.  
[2022-02-26 04:31:24] [INFO]: 信息数据库初始化完成. 
[2022-02-26 04:31:24] [INFO]: 资源初始化完成, 开始处理信息. 
[2022-02-26 04:31:24] [INFO]: アトリは、高性能ですから! 
[2022-02-26 04:31:24] [INFO]: 开始尝试连接到反向WebSocket Universal服务器: ws://127.0.0.1:15510/cqhttp/ws/ 
[2022-02-26 04:31:24] [INFO]: 正在检查更新. 
[2022-02-26 04:31:24] [INFO]: 当前有更新的 go-cqhttp 可供更新, 请前往 https://github.com/Mrs4s/go-cqhttp/releases 下载. 
[2022-02-26 04:31:24] [INFO]: 当前版本: v1.0.0-beta6 最新版本: v1.0.0-rc1 
[2022-02-26 04:54:52] [INFO]: 发送群 Py QQbot(813476953) 的消息: 秦喵喵转发了「Pin ... (-1968742966) 
[2022-02-26 04:54:53] [INFO]: 发送群 Py QQbot(813476953) 的消息: 本条动态地址为htt ... (437796955) 
[2022-02-26 14:15:55] [INFO]: 发送群 Py QQbot(813476953) 的消息: 秦喵喵发了新视频「【 ... (1830777037) 
[2022-02-26 14:15:55] [INFO]: 发送群 Py QQbot(813476953) 的消息: 本条动态地址为htt ... (232323368) 
[2022-02-26 18:30:56] [INFO]: 发送群 Py QQbot(813476953) 的消息: Tm发了新视频「Hi ... (2061486526) 
[2022-02-26 18:30:56] [INFO]: 发送群 Py QQbot(813476953) 的消息: 本条动态地址为htt ... (-472475644) 
[2022-02-26 19:03:56] [INFO]: 发送群 Py QQbot(813476953) 的消息: 秦喵喵发了新动态：  ... (-1798199150) 
[2022-02-26 19:03:57] [INFO]: 发送群 Py QQbot(813476953) 的消息: [CQ:image, ... (179649841) 
[2022-02-26 19:03:58] [INFO]: 发送群 Py QQbot(813476953) 的消息: 本条动态地址为htt ... (2108820903) 
