[2022-07-03 01:09:43] [INFO]: 发送群 Py QQbot(813476953) 的消息: 秦喵喵转发了「阿翀与 ... (-334198238) 
[2022-07-03 01:09:44] [INFO]: 发送群 Py QQbot(813476953) 的消息: 本条动态地址为htt ... (-1693205836) 
[2022-07-03 04:30:26] [INFO]: 当前版本:v1.0.0-rc1 
[2022-07-03 04:30:26] [INFO]: 将使用 device.json 内的设备信息运行Bot. 
[2022-07-03 04:30:26] [INFO]: Bot将在5秒后登录并开始信息处理, 按 Ctrl+C 取消. 
[2022-07-03 04:30:31] [INFO]: 开始尝试登录并同步消息... 
[2022-07-03 04:30:31] [INFO]: 使用协议: iPad 
[2022-07-03 04:30:34] [INFO]: Protocol -> connect to server: 43.154.240.13:8080 
[2022-07-03 04:30:38] [INFO]: 收到服务器地址更新通知, 将在下一次重连时应用.  
[2022-07-03 04:30:38] [INFO]: 登录成功 欢迎使用: 小八的狐狸耳朵~ 
[2022-07-03 04:30:38] [INFO]: 开始加载好友列表... 
[2022-07-03 04:30:38] [INFO]: 共加载 4 个好友. 
[2022-07-03 04:30:38] [INFO]: 开始加载群列表... 
[2022-07-03 04:30:39] [INFO]: 共加载 5 个群. 
[2022-07-03 04:30:40] [INFO]: 资源初始化完成, 开始处理信息. 
[2022-07-03 04:30:40] [INFO]: アトリは、高性能ですから! 
[2022-07-03 04:30:40] [INFO]: 开始尝试连接到反向WebSocket Universal服务器: ws://127.0.0.1:15510/cqhttp/ws/ 
[2022-07-03 04:30:40] [INFO]: 正在检查更新. 
[2022-07-03 04:30:40] [INFO]: 已连接到反向WebSocket Universal服务器 ws://127.0.0.1:15510/cqhttp/ws/ 
[2022-07-03 04:30:40] [INFO]: 当前有更新的 go-cqhttp 可供更新, 请前往 https://github.com/Mrs4s/go-cqhttp/releases 下载. 
[2022-07-03 04:30:40] [INFO]: 当前版本: v1.0.0-rc1 最新版本: v1.0.0-rc3 
[2022-07-03 04:30:45] [INFO]: 开始诊断网络情况 
[2022-07-03 04:30:49] [INFO]: 网络诊断完成. 未发现问题 
[2022-07-03 12:15:20] [INFO]: 收到群 kenshi汉化和mod研究及暖(696654735) 内 时之沙(2934771083) 的消息: 。 (1458483842) 
[2022-07-03 14:42:43] [INFO]: 发送群 Py QQbot(813476953) 的消息: 秦喵喵发了新视频「【 ... (195864357) 
[2022-07-03 14:42:43] [INFO]: 发送群 Py QQbot(813476953) 的消息: 本条动态地址为htt ... (2091620275) 
[2022-07-03 15:35:56] [INFO]: 昨日 鲶鱼诺(1542195170) 在群 859265365 内发言最积极, 获得 龙王 标识。 
[2022-07-03 15:47:11] [INFO]: 收到群 kenshi汉化和mod研究及暖(696654735) 内 时之沙(2934771083) 的消息: 。 (-806886600) 
[2022-07-03 15:47:11] [INFO]: 发送群 kenshi汉化和mod研究及暖暖化制作监督委员会-1群(696654735) 的消息: [{"type":  ... (-1193225298) 
[2022-07-03 16:19:54] [INFO]: 收到群 kenshi汉化和mod研究及暖(696654735) 内 囧※boy(1114167743) 的消息: 。 (646202893) 
[2022-07-03 19:40:13] [INFO]: 收到群 kenshi汉化和mod研究及暖(696654735) 内 甘蔗(1418318036) 的消息: 。 (1367570075) 
[2022-07-03 19:44:09] [INFO]: 收到群 kenshi汉化和mod研究及暖(696654735) 内 阿格努(710621309) 的消息: 。 (-930470111) 
[2022-07-03 20:24:40] [INFO]: 发送群 Py QQbot(813476953) 的消息: 秦喵喵转发了「Mr. ... (-713556375) 
[2022-07-03 20:24:41] [INFO]: 发送群 Py QQbot(813476953) 的消息: 本条动态地址为htt ... (-1569665281) 
[2022-07-03 22:57:49] [INFO]: 收到群 kenshi汉化和mod研究及暖(696654735) 内 水行修(2214497344) 的消息: 。 (-1081272393) 
