[2022-06-22 04:30:03] [INFO]: 当前版本:v1.0.0-rc1 
[2022-06-22 04:30:03] [INFO]: 将使用 device.json 内的设备信息运行Bot. 
[2022-06-22 04:30:03] [INFO]: Bot将在5秒后登录并开始信息处理, 按 Ctrl+C 取消. 
[2022-06-22 04:30:08] [INFO]: 开始尝试登录并同步消息... 
[2022-06-22 04:30:08] [INFO]: 使用协议: iPad 
[2022-06-22 04:30:11] [INFO]: Protocol -> connect to server: 43.135.106.161:8080 
[2022-06-22 04:30:35] [INFO]: 当前版本:v1.0.0-rc1 
[2022-06-22 04:30:35] [INFO]: 将使用 device.json 内的设备信息运行Bot. 
[2022-06-22 04:30:35] [INFO]: Bot将在5秒后登录并开始信息处理, 按 Ctrl+C 取消. 
[2022-06-22 04:30:40] [INFO]: 开始尝试登录并同步消息... 
[2022-06-22 04:30:40] [INFO]: 使用协议: iPad 
[2022-06-22 04:30:43] [INFO]: Protocol -> connect to server: 43.154.240.13:8080 
[2022-06-22 04:30:47] [INFO]: 登录成功 欢迎使用: 小八的狐狸耳朵~ 
[2022-06-22 04:30:47] [INFO]: 开始加载好友列表... 
[2022-06-22 04:30:47] [INFO]: 共加载 4 个好友. 
[2022-06-22 04:30:47] [INFO]: 开始加载群列表... 
[2022-06-22 04:30:48] [INFO]: 共加载 5 个群. 
[2022-06-22 04:30:48] [INFO]: 资源初始化完成, 开始处理信息. 
[2022-06-22 04:30:48] [INFO]: アトリは、高性能ですから! 
[2022-06-22 04:30:48] [INFO]: 开始尝试连接到反向WebSocket Universal服务器: ws://127.0.0.1:15510/cqhttp/ws/ 
[2022-06-22 04:30:48] [INFO]: 正在检查更新. 
[2022-06-22 04:30:48] [INFO]: 已连接到反向WebSocket Universal服务器 ws://127.0.0.1:15510/cqhttp/ws/ 
[2022-06-22 04:30:49] [INFO]: 当前有更新的 go-cqhttp 可供更新, 请前往 https://github.com/Mrs4s/go-cqhttp/releases 下载. 
[2022-06-22 04:30:49] [INFO]: 当前版本: v1.0.0-rc1 最新版本: v1.0.0-rc3 
[2022-06-22 04:30:53] [INFO]: 开始诊断网络情况 
[2022-06-22 04:31:00] [INFO]: 网络诊断完成. 未发现问题 
[2022-06-22 06:27:53] [INFO]: 发送群 Py QQbot(813476953) 的消息: Tm发了新视频「大丈 ... (-973407418) 
[2022-06-22 06:27:54] [INFO]: 发送群 Py QQbot(813476953) 的消息: 本条动态地址为htt ... (-1291990064) 
[2022-06-22 07:28:30] [INFO]: 收到群 kenshi汉化和mod研究及暖(696654735) 内 炎头队长沙福林(2175422756) 的消息: [CQ:forward,id=Vm0jNRsqK0rC0WDd1IYZlZA6MzwBo90Qzk6oLSmmQZd2EeUM8hJNeuGFKpunLpAu] (787505169) 
[2022-06-22 07:40:54] [INFO]: 收到群 kenshi汉化和mod研究及暖(696654735) 内 阿格努(710621309) 的消息: [CQ:image,file=d230416dc35bca856fe17a85c283771a.image,subType=1] (1509380231) 
[2022-06-22 08:00:38] [INFO]: 收到群 kenshi汉化和mod研究及暖(696654735) 内 ‭ (363843342) 的消息: [CQ:image,file=9e05ef5c0cc1aa383cfd0f572876f097.image,subType=0]
什么叫普通而自信啊（战术后仰） (-1481378580) 
[2022-06-22 10:04:46] [INFO]: 收到群 kenshi汉化和mod研究及暖(696654735) 内 阿格努(710621309) 的消息: 原神很弔吗[CQ:face,id=98] (-793459590) 
[2022-06-22 10:34:02] [INFO]: 收到群 kenshi汉化和mod研究及暖(696654735) 内 Baki今天吃冒险家(3117086319) 的消息: 嘿嘿 (1237161408) 
[2022-06-22 10:34:09] [INFO]: 收到群 kenshi汉化和mod研究及暖(696654735) 内 Baki今天吃冒险家(3117086319) 的消息: 那可是O啊 (1052419414) 
[2022-06-22 11:45:47] [INFO]: 收到群 kenshi汉化和mod研究及暖(696654735) 内 阿格努(710621309) 的消息: 诡异多端的 (-1596051211) 
[2022-06-22 11:53:35] [INFO]: 收到群 kenshi汉化和mod研究及暖(696654735) 内 阿格努(710621309) 的消息: 诡计多端 (-673644445) 
[2022-06-22 12:42:46] [INFO]: 发送群 Py QQbot(813476953) 的消息: 秦喵喵发了新视频「【 ... (574805569) 
[2022-06-22 12:42:47] [INFO]: 发送群 Py QQbot(813476953) 的消息: 本条动态地址为htt ... (1430644439) 
[2022-06-22 12:57:14] [INFO]: 收到群 kenshi汉化和mod研究及暖(696654735) 内 潜行吧！奈亚子！(1751979054) 的消息: [CQ:reply,id=-1481378580][CQ:at,qq=363843342] [CQ:at,qq=363843342] 信息差 (1322275289) 
[2022-06-22 12:57:17] [INFO]: 收到群 kenshi汉化和mod研究及暖(696654735) 内 潜行吧！奈亚子！(1751979054) 的消息: [CQ:image,file=6e11f2e9c97ea396e38368c46e732e1a.image,subType=1] (970416463) 
[2022-06-22 12:57:28] [INFO]: 收到群 kenshi汉化和mod研究及暖(696654735) 内 潜行吧！奈亚子！(1751979054) 的消息: 结果让人发现steam不是吃鸡启动器 (-1452770082) 
[2022-06-22 12:57:43] [INFO]: 收到群 kenshi汉化和mod研究及暖(696654735) 内 ‭ (363843342) 的消息: 它在钓鱼🎣 (-563131320) 
[2022-06-22 12:57:51] [INFO]: 收到群 kenshi汉化和mod研究及暖(696654735) 内 潜行吧！奈亚子！(1751979054) 的消息: 这steam不是un未转变开始火的么 (-1096235603) 
[2022-06-22 12:57:57] [INFO]: 收到群 kenshi汉化和mod研究及暖(696654735) 内 潜行吧！奈亚子！(1751979054) 的消息: 让人难以接受 (-911215301) 
[2022-06-22 12:58:16] [INFO]: 收到群 kenshi汉化和mod研究及暖(696654735) 内 潜行吧！奈亚子！(1751979054) 的消息: 从14年开始steam就从年轻人普及开了 (1353098369) 
[2022-06-22 12:58:31] [INFO]: 收到群 kenshi汉化和mod研究及暖(696654735) 内 潜行吧！奈亚子！(1751979054) 的消息: 当年的dayz也是原因啊 (664900631) 
[2022-06-22 13:00:49] [INFO]: 收到群 kenshi汉化和mod研究及暖(696654735) 内 ‭ (363843342) 的消息: 不知道 (-1178271308) 
[2022-06-22 13:02:34] [INFO]: 收到群 kenshi汉化和mod研究及暖(696654735) 内 潜行吧！奈亚子！(1751979054) 的消息: [CQ:image,file=6e11f2e9c97ea396e38368c46e732e1a.image,subType=1] (-826134238) 
[2022-06-22 13:02:44] [INFO]: 收到群 kenshi汉化和mod研究及暖(696654735) 内 潜行吧！奈亚子！(1751979054) 的消息: 我感觉我社交脱节 (1472946328) 
[2022-06-22 13:02:48] [INFO]: 收到群 kenshi汉化和mod研究及暖(696654735) 内 潜行吧！奈亚子！(1751979054) 的消息: 真的 (550260750) 
[2022-06-22 13:03:05] [INFO]: 收到群 kenshi汉化和mod研究及暖(696654735) 内 ‭ (363843342) 的消息: 社交是什么? (-1334620769) 
[2022-06-22 13:10:17] [INFO]: 收到群 kenshi汉化和mod研究及暖(696654735) 内 潜行吧！奈亚子！(1751979054) 的消息: 我都没交配过谈过恋爱 (-948667127) 
[2022-06-22 13:10:25] [INFO]: 收到群 kenshi汉化和mod研究及暖(696654735) 内 潜行吧！奈亚子！(1751979054) 的消息: 不知道女孩喜欢啥 (1856509139) 
[2022-06-22 13:11:25] [INFO]: 收到群 kenshi汉化和mod研究及暖(696654735) 内 ‭ (363843342) 的消息: 女孩是什么？ (430908485) 
[2022-06-22 17:48:46] [INFO]: 发送群 Py QQbot(813476953) 的消息: 秦喵喵转发了「Mr. ... (-1425980740) 
[2022-06-22 17:48:47] [INFO]: 发送群 Py QQbot(813476953) 的消息: 本条动态地址为htt ... (-603557334) 
[2022-06-22 18:21:49] [INFO]: 发送群 Py QQbot(813476953) 的消息: 秦喵喵转发了「Mr. ... (1158620048) 
[2022-06-22 18:21:50] [INFO]: 发送群 Py QQbot(813476953) 的消息: 本条动态地址为htt ... (839389958) 
[2022-06-22 20:00:47] [INFO]: 发送群 Py QQbot(813476953) 的消息: 秦喵喵发了新动态：  ... (-1402173787) 
[2022-06-22 20:00:48] [INFO]: 发送群 Py QQbot(813476953) 的消息: [CQ:image, ... (-613697997) 
[2022-06-22 20:00:49] [INFO]: 发送群 Py QQbot(813476953) 的消息: 本条动态地址为htt ... (1113778057) 
