[2022-05-07 01:39:45] [INFO]: 发送群 Py QQbot(813476953) 的消息: 秦喵喵转发了「Mr. ... (-1142476108) 
[2022-05-07 01:39:45] [INFO]: 发送群 Py QQbot(813476953) 的消息: 本条动态地址为htt ... (727199525) 
[2022-05-07 03:33:42] [INFO]: 发送群 Py QQbot(813476953) 的消息: 秦喵喵转发了「北极熊 ... (1549737907) 
[2022-05-07 03:33:42] [INFO]: 发送群 Py QQbot(813476953) 的消息: 本条动态地址为htt ... (-1575240744) 
[2022-05-07 04:30:03] [INFO]: 当前版本:v1.0.0-rc1 
[2022-05-07 04:30:03] [INFO]: 将使用 device.json 内的设备信息运行Bot. 
[2022-05-07 04:30:03] [INFO]: Bot将在5秒后登录并开始信息处理, 按 Ctrl+C 取消. 
[2022-05-07 04:30:08] [INFO]: 开始尝试登录并同步消息... 
[2022-05-07 04:30:08] [INFO]: 使用协议: iPad 
[2022-05-07 04:30:11] [INFO]: Protocol -> connect to server: 43.154.240.13:8080 
[2022-05-07 04:30:36] [INFO]: 当前版本:v1.0.0-rc1 
[2022-05-07 04:30:36] [INFO]: 将使用 device.json 内的设备信息运行Bot. 
[2022-05-07 04:30:36] [INFO]: Bot将在5秒后登录并开始信息处理, 按 Ctrl+C 取消. 
[2022-05-07 04:30:41] [INFO]: 开始尝试登录并同步消息... 
[2022-05-07 04:30:41] [INFO]: 使用协议: iPad 
[2022-05-07 04:30:44] [INFO]: Protocol -> connect to server: 120.241.150.69:8080 
[2022-05-07 04:30:48] [INFO]: 登录成功 欢迎使用: 小八的狐狸耳朵~ 
[2022-05-07 04:30:48] [INFO]: 开始加载好友列表... 
[2022-05-07 04:30:49] [INFO]: 共加载 4 个好友. 
[2022-05-07 04:30:49] [INFO]: 开始加载群列表... 
[2022-05-07 04:30:49] [INFO]: 共加载 5 个群. 
[2022-05-07 04:30:50] [INFO]: 资源初始化完成, 开始处理信息. 
[2022-05-07 04:30:50] [INFO]: アトリは、高性能ですから! 
[2022-05-07 04:30:50] [INFO]: 开始尝试连接到反向WebSocket Universal服务器: ws://127.0.0.1:15510/cqhttp/ws/ 
[2022-05-07 04:30:50] [INFO]: 正在检查更新. 
[2022-05-07 04:30:50] [INFO]: 已连接到反向WebSocket Universal服务器 ws://127.0.0.1:15510/cqhttp/ws/ 
[2022-05-07 04:30:50] [INFO]: 检查更新完成. 当前已运行最新版本. 
[2022-05-07 04:30:55] [INFO]: 开始诊断网络情况 
[2022-05-07 04:31:01] [INFO]: 网络诊断完成. 未发现问题 
[2022-05-07 15:57:52] [INFO]: 发送群 Py QQbot(813476953) 的消息: 秦喵喵发了新视频「【 ... (-719549618) 
[2022-05-07 15:57:52] [INFO]: 发送群 Py QQbot(813476953) 的消息: 本条动态地址为htt ... (1276500724) 
[2022-05-07 16:48:50] [INFO]: 发送群 Py QQbot(813476953) 的消息: 鹿乃酱发了新动态：  ... (991095394) 
[2022-05-07 16:48:51] [INFO]: 发送群 Py QQbot(813476953) 的消息: 本条动态地址为htt ... (-1518960703) 
[2022-05-07 16:49:08] [INFO]: 收到群 kenshi汉化和mod研究及暖(696654735) 内 炎头队长沙福林(2175422756) 的消息: [CQ:forward,id=Z97OPy/u3MA5ZQG870pHBMnuXK5iDuEkkyiUm9pCfLk5LrBicPWSqtGLD6X5JAMk] (108200404) 
[2022-05-07 18:20:23] [INFO]: 收到群 kenshi汉化和mod研究及暖(696654735) 内 阿格努(710621309) 的消息: 想囸[CQ:face,id=98] (1903440194) 
[2022-05-07 18:33:56] [INFO]: 发送群 Py QQbot(813476953) 的消息: Tm转发了「Ycn_ ... (-764326057) 
[2022-05-07 18:33:56] [INFO]: 发送群 Py QQbot(813476953) 的消息: 本条动态地址为htt ... (1266163437) 
[2022-05-07 19:00:53] [INFO]: 发送群 Py QQbot(813476953) 的消息: 鹿乃酱发了新视频「因 ... (1014967931) 
[2022-05-07 19:00:53] [INFO]: 发送群 Py QQbot(813476953) 的消息: 本条动态地址为htt ... (-1396689942) 
[2022-05-07 20:03:52] [INFO]: 发送群 Py QQbot(813476953) 的消息: 秦喵喵发了新动态：  ... (-607714436) 
[2022-05-07 20:03:52] [INFO]: 发送群 Py QQbot(813476953) 的消息: 本条动态地址为htt ... (-1157592423) 
