[2022-06-23 01:09:55] [INFO]: 收到群 kenshi汉化和mod研究及暖(696654735) 内 简单先上盆饭(372338248) 的消息: 还想交配？ (-2136574465) 
[2022-06-23 01:10:01] [INFO]: 收到群 kenshi汉化和mod研究及暖(696654735) 内 简单先上盆饭(372338248) 的消息: 跟你说句话是看得起你 (-140425879) 
[2022-06-23 01:10:09] [INFO]: 收到群 kenshi汉化和mod研究及暖(696654735) 内 简单先上盆饭(372338248) 的消息: [CQ:image,file=a44a7ca505b486b9363f977cc41c4a98.image,subType=1] (1774571722) 
[2022-06-23 01:10:18] [INFO]: 收到群 kenshi汉化和mod研究及暖(696654735) 内 简单先上盆饭(372338248) 的消息: 别给脸不要脸 (516087900) 
[2022-06-23 01:10:42] [INFO]: 收到群 kenshi汉化和mod研究及暖(696654735) 内 Baki今天吃冒险家(3117086319) 的消息: [CQ:image,file=ffc11e8d500b49e3bfbde7d1fa80f7bd.image,subType=1] (-2016693786) 
[2022-06-23 01:10:59] [INFO]: 收到群 kenshi汉化和mod研究及暖(696654735) 内 简单先上盆饭(372338248) 的消息: 恐怖谷了 (-255032976) 
[2022-06-23 01:11:03] [INFO]: 收到群 kenshi汉化和mod研究及暖(696654735) 内 简单先上盆饭(372338248) 的消息: 这b表情 (1618189537) 
[2022-06-23 04:30:29] [INFO]: 当前版本:v1.0.0-rc1 
[2022-06-23 04:30:30] [INFO]: 将使用 device.json 内的设备信息运行Bot. 
[2022-06-23 04:30:30] [INFO]: Bot将在5秒后登录并开始信息处理, 按 Ctrl+C 取消. 
[2022-06-23 04:30:35] [INFO]: 开始尝试登录并同步消息... 
[2022-06-23 04:30:35] [INFO]: 使用协议: iPad 
[2022-06-23 04:30:38] [INFO]: Protocol -> connect to server: 43.135.106.161:8080 
[2022-06-23 04:30:41] [INFO]: 收到服务器地址更新通知, 将在下一次重连时应用.  
[2022-06-23 04:30:41] [INFO]: 登录成功 欢迎使用: 小八的狐狸耳朵~ 
[2022-06-23 04:30:41] [INFO]: 开始加载好友列表... 
[2022-06-23 04:30:41] [INFO]: 共加载 4 个好友. 
[2022-06-23 04:30:41] [INFO]: 开始加载群列表... 
[2022-06-23 04:30:43] [INFO]: 共加载 5 个群. 
[2022-06-23 04:30:43] [INFO]: 资源初始化完成, 开始处理信息. 
[2022-06-23 04:30:43] [INFO]: アトリは、高性能ですから! 
[2022-06-23 04:30:43] [INFO]: 开始尝试连接到反向WebSocket Universal服务器: ws://127.0.0.1:15510/cqhttp/ws/ 
[2022-06-23 04:30:43] [INFO]: 正在检查更新. 
[2022-06-23 04:30:43] [WARNING]: 连接到反向WebSocket Universal服务器 ws://127.0.0.1:15510/cqhttp/ws/ 时出现错误: dial tcp 127.0.0.1:15510: connect: connection refused 
[2022-06-23 04:30:43] [INFO]: 当前有更新的 go-cqhttp 可供更新, 请前往 https://github.com/Mrs4s/go-cqhttp/releases 下载. 
[2022-06-23 04:30:43] [INFO]: 当前版本: v1.0.0-rc1 最新版本: v1.0.0-rc3 
[2022-06-23 04:30:46] [INFO]: 开始尝试连接到反向WebSocket Universal服务器: ws://127.0.0.1:15510/cqhttp/ws/ 
[2022-06-23 04:30:46] [INFO]: 已连接到反向WebSocket Universal服务器 ws://127.0.0.1:15510/cqhttp/ws/ 
[2022-06-23 04:30:48] [INFO]: 开始诊断网络情况 
[2022-06-23 04:30:53] [WARNING]: 警告: 长消息响应延迟为 2212ms, 大于 1000ms, 可能导致无法接收/发送长消息的情况, 请检查本地网络状态. 
[2022-06-23 04:30:53] [INFO]: 网络诊断完成. 未发现问题 
[2022-06-23 15:26:42] [INFO]: 收到群 kenshi汉化和mod研究及暖(696654735) 内 潜行吧！奈亚子！(1751979054) 的消息: [CQ:image,file=88dd62581e3a0aaa2f63b4ef02da882e.image,subType=1] (393522295) 
[2022-06-23 15:32:55] [INFO]: 昨日 潜行吧！奈亚子！(1751979054) 在群 696654735 内发言最积极, 获得 龙王 标识。 
[2022-06-23 17:21:44] [INFO]: 发送群 Py QQbot(813476953) 的消息: 鹿乃酱发了新动态：  ... (895866655) 
[2022-06-23 17:21:46] [INFO]: 发送群 Py QQbot(813476953) 的消息: [CQ:image, ... (-1512387954) 
[2022-06-23 17:21:49] [INFO]: 发送群 Py QQbot(813476953) 的消息: [CQ:image, ... (-757204456) 
[2022-06-23 17:21:49] [INFO]: 发送群 Py QQbot(813476953) 的消息: 本条动态地址为htt ... (-1306889219) 
[2022-06-23 18:49:56] [INFO]: 收到群 kenshi汉化和mod研究及暖(696654735) 内 潜行吧！奈亚子！(1751979054) 的消息: 发福利了 (2008229266) 
[2022-06-23 18:49:58] [INFO]: 收到群 kenshi汉化和mod研究及暖(696654735) 内 潜行吧！奈亚子！(1751979054) 的消息: [CQ:image,file=3e1290ccac35f74717089dbd6acea298.image,subType=0] (11801860) 
[2022-06-23 20:09:46] [INFO]: 发送群 Py QQbot(813476953) 的消息: 秦喵喵发了新动态：  ... (-987937941) 
[2022-06-23 20:09:48] [INFO]: 发送群 Py QQbot(813476953) 的消息: [CQ:image, ... (1544819409) 
[2022-06-23 20:09:50] [INFO]: 发送群 Py QQbot(813476953) 的消息: [CQ:image, ... (722674247) 
[2022-06-23 20:09:50] [INFO]: 发送群 Py QQbot(813476953) 的消息: 本条动态地址为htt ... (-1250445340) 
[2022-06-23 20:23:49] [INFO]: 收到群 kenshi汉化和mod研究及暖(696654735) 内 阿格努(710621309) 的消息: 丢（粤） (-1715649346) 
