[2022-06-03 01:53:35] [INFO]: 收到群 kenshi汉化和mod研究及暖(696654735) 内 --初见--(920592790) 的消息:  [CQ:image,file=76813606e5ea8d0dd68571b30253d1bd.image,subType=0] (-1446143899) 
[2022-06-03 01:53:57] [INFO]: 群 kenshi汉化和mod研究及暖(696654735) 内 --初见--(920592790) 上传了文件: 79C05F9B2DBF0F2FFD1EBF2C1D01F9EE.mp4 
[2022-06-03 04:30:26] [INFO]: 当前版本:v1.0.0-rc1 
[2022-06-03 04:30:26] [INFO]: 将使用 device.json 内的设备信息运行Bot. 
[2022-06-03 04:30:26] [INFO]: Bot将在5秒后登录并开始信息处理, 按 Ctrl+C 取消. 
[2022-06-03 04:30:31] [INFO]: 开始尝试登录并同步消息... 
[2022-06-03 04:30:31] [INFO]: 使用协议: iPad 
[2022-06-03 04:30:35] [INFO]: Protocol -> connect to server: 43.154.240.13:8080 
[2022-06-03 04:30:37] [INFO]: 收到服务器地址更新通知, 将在下一次重连时应用.  
[2022-06-03 04:30:37] [INFO]: 登录成功 欢迎使用: 小八的狐狸耳朵~ 
[2022-06-03 04:30:37] [INFO]: 开始加载好友列表... 
[2022-06-03 04:30:38] [INFO]: 共加载 4 个好友. 
[2022-06-03 04:30:38] [INFO]: 开始加载群列表... 
[2022-06-03 04:30:39] [INFO]: 共加载 5 个群. 
[2022-06-03 04:30:39] [INFO]: 资源初始化完成, 开始处理信息. 
[2022-06-03 04:30:39] [INFO]: アトリは、高性能ですから! 
[2022-06-03 04:30:39] [INFO]: 开始尝试连接到反向WebSocket Universal服务器: ws://127.0.0.1:15510/cqhttp/ws/ 
[2022-06-03 04:30:39] [INFO]: 正在检查更新. 
[2022-06-03 04:30:39] [INFO]: 已连接到反向WebSocket Universal服务器 ws://127.0.0.1:15510/cqhttp/ws/ 
[2022-06-03 04:30:39] [INFO]: 检查更新完成. 当前已运行最新版本. 
[2022-06-03 04:30:44] [INFO]: 开始诊断网络情况 
[2022-06-03 04:30:49] [INFO]: 网络诊断完成. 未发现问题 
[2022-06-03 05:18:40] [INFO]: 发送群 Py QQbot(813476953) 的消息: 秦喵喵转发了「yww ... (1228403008) 
[2022-06-03 05:18:41] [INFO]: 发送群 Py QQbot(813476953) 的消息: 本条动态地址为htt ... (1043382742) 
[2022-06-03 09:55:28] [INFO]: 收到群 kenshi汉化和mod研究及暖(696654735) 内 睨红尘(2824666323) 的消息: [CQ:image,file=e9ba963a7633dd7b2df22729edfcefba.image,subType=0] (1085160784) 
[2022-06-03 09:55:35] [INFO]: 收到群 kenshi汉化和mod研究及暖(696654735) 内 睨红尘(2824666323) 的消息: 太励志了 (933825990) 
[2022-06-03 11:02:59] [INFO]: 收到群 kenshi汉化和mod研究及暖(696654735) 内 时之沙(2934771083) 的消息: [CQ:json,data={"app":"com.tencent.miniapp_01"&#44;"config":{"autoSize":0&#44;"ctime":1654225377&#44;"forward":1&#44;"height":0&#44;"token":"a63ce1caaf055b8aadd4502e153453b1"&#44;"type":"normal"&#44;"width":0}&#44;"desc":"哔哩哔哩"&#44;"extra":{"app_type":1&#44;"appid":100951776&#44;"uin":2934771083}&#44;"meta":{"detail_1":{"appType":0&#44;"appid":"1109937557"&#44;"desc":"武侠《流星蝴蝶剑》：什么才是江湖？古龙用一个故事，描绘出最真实的江湖众生相！"&#44;"gamePoints":""&#44;"gamePointsUrl":""&#44;"host":{"nick":"时之沙"&#44;"uin":2934771083}&#44;"icon":"https://open.gtimg.cn/open/app_icon/00/95/17/76/100951776_100_m.png?t=1649411918"&#44;"preview":"pubminishare-30161.picsz.qpic.cn/daae6f07-dc00-4b20-a63c-1007a2634caa"&#44;"qqdocurl":"https://b23.tv/9B3Y27z?share_medium=android&amp;share_source=qq&amp;bbid=XX6708B6F3105D42A700C65DCCB0C6C33A22C&amp;ts=1654225370316"&#44;"scene":1036&#44;"shareTemplateData":{}&#44;"shareTemplateId":"8C8E89B49BE609866298ADDFF2DBABA4"&#44;"showLittleTail":""&#44;"title":"哔哩哔哩"&#44;"url":"m.q.qq.com/a/s/d39b3a6da9131cbc547b4f3a723c51d0"}}&#44;"needShareCallBack":false&#44;"prompt":"&#91;QQ小程序&#93;哔哩哔哩"&#44;"ver":"1.0.0.19"&#44;"view":"view_8C8E89B49BE609866298ADDFF2DBABA4"}] (-1365222276) 
[2022-06-03 11:55:05] [INFO]: 收到群 kenshi汉化和mod研究及暖(696654735) 内 無雙(2863373708) 的消息: [CQ:reply,id=1085160784][CQ:at,qq=2824666323] [CQ:at,qq=2824666323] 来世只做小公主，只吃鸡巴不吃苦 (-643339030) 
[2022-06-03 11:57:57] [INFO]: 收到群 kenshi汉化和mod研究及暖(696654735) 内 岂无飞(402818767) 的消息: [CQ:at,qq=2934771083] 流星蝴蝶剑我是真的喜欢 (1226338683) 
[2022-06-03 12:49:43] [INFO]: 收到群 kenshi汉化和mod研究及暖(696654735) 内 时之沙(2934771083) 的消息: 流星蝴蝶剑，我没玩明白 (1042235885) 
[2022-06-03 12:50:07] [INFO]: 收到群 kenshi汉化和mod研究及暖(696654735) 内 时之沙(2934771083) 的消息: 小时候在网吧玩儿，好像就只能进一个类似决斗场里面还有梯子的一个房间 (142765966) 
[2022-06-03 12:50:20] [INFO]: 收到群 kenshi汉化和mod研究及暖(696654735) 内 时之沙(2934771083) 的消息: 然后就打里面的瓶瓶罐罐，也不知道咋玩儿 (2139447064) 
[2022-06-03 12:53:20] [INFO]: 收到群 kenshi汉化和mod研究及暖(696654735) 内 岂无飞(402818767) 的消息: [CQ:reply,id=1042235885][CQ:at,qq=2934771083] [CQ:at,qq=2934771083] 我是说的电视剧 (-427028830) 
[2022-06-03 12:53:29] [INFO]: 收到群 kenshi汉化和mod研究及暖(696654735) 内 岂无飞(402818767) 的消息: 游戏的话也可以 (-1853145548) 
[2022-06-03 15:36:51] [INFO]: 昨日 鲶鱼诺(1542195170) 在群 859265365 内发言最积极, 获得 龙王 标识。 
[2022-06-03 15:42:40] [INFO]: 发送群 Py QQbot(813476953) 的消息: 秦喵喵转发了「Pin ... (-1489399700) 
[2022-06-03 15:42:41] [INFO]: 发送群 Py QQbot(813476953) 的消息: 本条动态地址为htt ... (-801201926) 
[2022-06-03 16:42:40] [INFO]: 发送群 Py QQbot(813476953) 的消息: 秦喵喵发了新动态：  ... (1314534745) 
[2022-06-03 16:42:42] [INFO]: 发送群 Py QQbot(813476953) 的消息: [CQ:image, ... (962397647) 
[2022-06-03 16:42:42] [INFO]: 发送群 Py QQbot(813476953) 的消息: 本条动态地址为htt ... (-1605086091) 
[2022-06-03 17:36:40] [INFO]: 发送群 Py QQbot(813476953) 的消息: 秦喵喵发了新视频「【 ... (-682400541) 
[2022-06-03 17:36:41] [INFO]: 发送群 Py QQbot(813476953) 的消息: 本条动态地址为htt ... (1206679922) 
[2022-06-03 19:15:40] [INFO]: 发送群 Py QQbot(813476953) 的消息: 秦喵喵发了新动态：  ... (820726244) 
[2022-06-03 19:15:41] [INFO]: 发送群 Py QQbot(813476953) 的消息: [CQ:image, ... (108423047) 
[2022-06-03 19:15:45] [INFO]: 发送群 Py QQbot(813476953) 的消息: [CQ:image, ... (1903253265) 
[2022-06-03 19:15:46] [INFO]: 发送群 Py QQbot(813476953) 的消息: 本条动态地址为htt ... (-394787157) 
