[2022-04-06 01:00:07] [INFO]: 收到群 kenshi汉化和mod研究及暖(696654735) 内 音无 奏🦖(296053120) 的消息: 子为父隐，对子骂父，则是无礼​
这是丝绸之国的传统孝道[CQ:image,file=cebada3ea05242dd907ad6566f5836c5.image,subType=0] (-156819217) 
[2022-04-06 01:00:09] [INFO]: 收到群 kenshi汉化和mod研究及暖(696654735) 内 音无 奏🦖(296053120) 的消息: [CQ:image,file=e79ee719d9f71a07442c0f5075b688d3.image,subType=0] (-2120216455) 
[2022-04-06 01:00:19] [INFO]: 收到群 kenshi汉化和mod研究及暖(696654735) 内 音无 奏🦖(296053120) 的消息: [CQ:image,file=348ffd79102af91361bb03ed32581eba.image,subType=0] (532973018) 
[2022-04-06 01:57:39] [INFO]: 发送群 Py QQbot(813476953) 的消息: 秦喵喵发了新动态：  ... (1763871099) 
[2022-04-06 01:57:42] [INFO]: 发送群 Py QQbot(813476953) 的消息: [CQ:image, ... (505788909) 
[2022-04-06 01:57:43] [INFO]: 发送群 Py QQbot(813476953) 的消息: 本条动态地址为htt ... (-2027100073) 
[2022-04-06 04:30:28] [INFO]: 当前版本:v1.0.0-rc1 
[2022-04-06 04:30:28] [INFO]: 将使用 device.json 内的设备信息运行Bot. 
[2022-04-06 04:30:28] [INFO]: Bot将在5秒后登录并开始信息处理, 按 Ctrl+C 取消. 
[2022-04-06 04:30:33] [INFO]: 开始尝试登录并同步消息... 
[2022-04-06 04:30:33] [INFO]: 使用协议: iPad 
[2022-04-06 04:30:36] [INFO]: Protocol -> connect to server: 203.205.255.221:8080 
[2022-04-06 04:30:40] [INFO]: 收到服务器地址更新通知, 将在下一次重连时应用.  
[2022-04-06 04:30:41] [INFO]: 登录成功 欢迎使用: 小八的狐狸耳朵~ 
[2022-04-06 04:30:41] [INFO]: 开始加载好友列表... 
[2022-04-06 04:30:41] [INFO]: 共加载 4 个好友. 
[2022-04-06 04:30:41] [INFO]: 开始加载群列表... 
[2022-04-06 04:30:42] [INFO]: 共加载 5 个群. 
[2022-04-06 04:30:42] [INFO]: 资源初始化完成, 开始处理信息. 
[2022-04-06 04:30:42] [INFO]: アトリは、高性能ですから! 
[2022-04-06 04:30:42] [INFO]: 开始尝试连接到反向WebSocket Universal服务器: ws://127.0.0.1:15510/cqhttp/ws/ 
[2022-04-06 04:30:42] [INFO]: 正在检查更新. 
[2022-04-06 04:30:42] [INFO]: 已连接到反向WebSocket Universal服务器 ws://127.0.0.1:15510/cqhttp/ws/ 
[2022-04-06 04:30:42] [INFO]: 检查更新完成. 当前已运行最新版本. 
[2022-04-06 04:30:47] [INFO]: 开始诊断网络情况 
[2022-04-06 04:30:51] [INFO]: 网络诊断完成. 未发现问题 
[2022-04-06 06:57:20] [INFO]: 收到群 kenshi汉化和mod研究及暖(696654735) 内 岂无飞(402818767) 的消息: [CQ:forward,id=UbE8mcedqS5XedXGFg6bOhYNzJzvy5LlgTgpeL0LpfnblqHJY/6FlGJC0Nd9vsss] (1757656396) 
[2022-04-06 08:08:23] [INFO]: 收到群 kenshi汉化和mod研究及暖(696654735) 内 时之沙(2934771083) 的消息: 蠢沫沫？ (-238361354) 
[2022-04-06 13:18:03] [INFO]: 收到群 kenshi汉化和mod研究及暖(696654735) 内 drm9900(515481577) 的消息: [CQ:image,file=c76528a4051ecf83b4ea1a51bca868b7.image,subType=1] (-2033331104) 
[2022-04-06 13:48:47] [INFO]: 发送群 Py QQbot(813476953) 的消息: 秦喵喵转发了「CZC ... (-265561919) 
[2022-04-06 13:48:47] [INFO]: 发送群 Py QQbot(813476953) 的消息: 本条动态地址为htt ... (1620362576) 
[2022-04-06 14:48:44] [INFO]: 发送群 Py QQbot(813476953) 的消息: 秦喵喵发了新视频「【 ... (395572678) 
[2022-04-06 14:48:45] [INFO]: 发送群 Py QQbot(813476953) 的消息: 本条动态地址为htt ... (2002025507) 
[2022-04-06 20:00:44] [INFO]: 发送群 Py QQbot(813476953) 的消息: 秦喵喵发了新动态：  ... (5459125) 
[2022-04-06 20:00:50] [INFO]: 发送群 Py QQbot(813476953) 的消息: [CQ:image, ... (-1722147569) 
[2022-04-06 20:00:51] [INFO]: 发送群 Py QQbot(813476953) 的消息: 本条动态地址为htt ... (-295883367) 
[2022-04-06 20:23:07] [INFO]: 收到群 kenshi汉化和mod研究及暖(696654735) 内 圣徒的亡灵(1339837523) 的消息: 胶布撕掉啊 (376621553) 
[2022-04-06 22:17:52] [INFO]: 收到群 kenshi汉化和mod研究及暖(696654735) 内 法力无边(649871559) 的消息: [CQ:face,id=183]本以为是mod群没想到尽然是妙啊 (1635121511) 
[2022-04-06 22:28:50] [INFO]: 收到群 kenshi汉化和mod研究及暖(696654735) 内 炎头队长沙福林(2175422756) 的消息: [CQ:image,file=d042f67496be296a606204b8cd7c1ecd.image,subType=0] (1474877188) 
[2022-04-06 22:30:39] [INFO]: 收到群 kenshi汉化和mod研究及暖(696654735) 内 元亨利牝马之贞(1728159097) 的消息: 我可太喜欢这里了 (552593298) 
