[2022-05-03 04:30:28] [INFO]: 当前版本:v1.0.0-rc1 
[2022-05-03 04:30:28] [INFO]: 将使用 device.json 内的设备信息运行Bot. 
[2022-05-03 04:30:28] [INFO]: Bot将在5秒后登录并开始信息处理, 按 Ctrl+C 取消. 
[2022-05-03 04:30:33] [INFO]: 开始尝试登录并同步消息... 
[2022-05-03 04:30:33] [INFO]: 使用协议: iPad 
[2022-05-03 04:30:36] [INFO]: Protocol -> connect to server: 43.154.240.13:8080 
[2022-05-03 04:30:40] [INFO]: 收到服务器地址更新通知, 将在下一次重连时应用.  
[2022-05-03 04:30:40] [INFO]: 登录成功 欢迎使用: 小八的狐狸耳朵~ 
[2022-05-03 04:30:40] [INFO]: 开始加载好友列表... 
[2022-05-03 04:30:40] [INFO]: 共加载 4 个好友. 
[2022-05-03 04:30:40] [INFO]: 开始加载群列表... 
[2022-05-03 04:30:41] [INFO]: 共加载 5 个群. 
[2022-05-03 04:30:41] [INFO]: 资源初始化完成, 开始处理信息. 
[2022-05-03 04:30:41] [INFO]: アトリは、高性能ですから! 
[2022-05-03 04:30:41] [INFO]: 开始尝试连接到反向WebSocket Universal服务器: ws://127.0.0.1:15510/cqhttp/ws/ 
[2022-05-03 04:30:41] [INFO]: 正在检查更新. 
[2022-05-03 04:30:41] [INFO]: 已连接到反向WebSocket Universal服务器 ws://127.0.0.1:15510/cqhttp/ws/ 
[2022-05-03 04:30:42] [INFO]: 检查更新完成. 当前已运行最新版本. 
[2022-05-03 04:30:46] [INFO]: 开始诊断网络情况 
[2022-05-03 04:30:51] [INFO]: 网络诊断完成. 未发现问题 
[2022-05-03 14:54:44] [INFO]: 发送群 Py QQbot(813476953) 的消息: 秦喵喵发了新视频「【 ... (-19504992) 
[2022-05-03 14:54:45] [INFO]: 发送群 Py QQbot(813476953) 的消息: 本条动态地址为htt ... (-1982771146) 
[2022-05-03 17:09:48] [INFO]: 发送群 Py QQbot(813476953) 的消息: Tm发了新视频「暴风 ... (426659239) 
[2022-05-03 17:09:48] [INFO]: 发送群 Py QQbot(813476953) 的消息: 本条动态地址为htt ... (1852407089) 
[2022-05-03 19:57:44] [INFO]: 发送群 Py QQbot(813476953) 的消息: 秦喵喵发了新动态：  ... (1016632918) 
[2022-05-03 19:57:45] [INFO]: 发送群 Py QQbot(813476953) 的消息: [CQ:image, ... (1268754112) 
[2022-05-03 19:57:46] [INFO]: 发送群 Py QQbot(813476953) 的消息: 本条动态地址为htt ... (-761858182) 
