[2022-04-09 04:30:28] [INFO]: 当前版本:v1.0.0-rc1 
[2022-04-09 04:30:28] [INFO]: 将使用 device.json 内的设备信息运行Bot. 
[2022-04-09 04:30:28] [INFO]: Bot将在5秒后登录并开始信息处理, 按 Ctrl+C 取消. 
[2022-04-09 04:30:33] [INFO]: 开始尝试登录并同步消息... 
[2022-04-09 04:30:33] [INFO]: 使用协议: iPad 
[2022-04-09 04:30:36] [INFO]: Protocol -> connect to server: 183.47.99.24:14000 
[2022-04-09 04:30:40] [INFO]: 收到服务器地址更新通知, 将在下一次重连时应用.  
[2022-04-09 04:30:40] [INFO]: 登录成功 欢迎使用: 小八的狐狸耳朵~ 
[2022-04-09 04:30:40] [INFO]: 开始加载好友列表... 
[2022-04-09 04:30:40] [INFO]: 共加载 4 个好友. 
[2022-04-09 04:30:40] [INFO]: 开始加载群列表... 
[2022-04-09 04:30:41] [INFO]: 共加载 5 个群. 
[2022-04-09 04:30:41] [INFO]: 资源初始化完成, 开始处理信息. 
[2022-04-09 04:30:41] [INFO]: アトリは、高性能ですから! 
[2022-04-09 04:30:41] [INFO]: 开始尝试连接到反向WebSocket Universal服务器: ws://127.0.0.1:15510/cqhttp/ws/ 
[2022-04-09 04:30:41] [INFO]: 正在检查更新. 
[2022-04-09 04:30:41] [WARNING]: 连接到反向WebSocket Universal服务器 ws://127.0.0.1:15510/cqhttp/ws/ 时出现错误: dial tcp 127.0.0.1:15510: connect: connection refused 
[2022-04-09 04:30:42] [INFO]: 检查更新完成. 当前已运行最新版本. 
[2022-04-09 04:30:44] [INFO]: 开始尝试连接到反向WebSocket Universal服务器: ws://127.0.0.1:15510/cqhttp/ws/ 
[2022-04-09 04:30:44] [INFO]: 已连接到反向WebSocket Universal服务器 ws://127.0.0.1:15510/cqhttp/ws/ 
[2022-04-09 04:30:46] [INFO]: 开始诊断网络情况 
[2022-04-09 04:30:52] [INFO]: 网络诊断完成. 未发现问题 
[2022-04-09 05:06:50] [INFO]: 发送群 Py QQbot(813476953) 的消息: Tm 开播啦啦啦！！ ... (2051636457) 
[2022-04-09 15:38:46] [INFO]: 昨日 鲶鱼诺(1542195170) 在群 859265365 内发言最积极, 获得 龙王 标识。 
[2022-04-09 16:06:45] [INFO]: 发送群 Py QQbot(813476953) 的消息: 秦喵喵发了新视频「【 ... (-482333357) 
[2022-04-09 16:06:46] [INFO]: 发送群 Py QQbot(813476953) 的消息: 本条动态地址为htt ... (-1807278651) 
[2022-04-09 18:03:46] [INFO]: 发送群 Py QQbot(813476953) 的消息: 鹿乃酱发了新视频「【 ... (83361876) 
[2022-04-09 18:03:47] [INFO]: 发送群 Py QQbot(813476953) 的消息: 本条动态地址为htt ... (1946104002) 
[2022-04-09 19:00:45] [INFO]: 发送群 Py QQbot(813476953) 的消息: 秦喵喵发了新动态：  ... (322484519) 
[2022-04-09 19:00:49] [INFO]: 发送群 Py QQbot(813476953) 的消息: [CQ:image, ... (1681885617) 
[2022-04-09 19:00:50] [INFO]: 发送群 Py QQbot(813476953) 的消息: 本条动态地址为htt ... (-46737397) 
[2022-04-09 19:00:51] [INFO]: 发送群 Py QQbot(813476953) 的消息: 秦喵喵转发了「CZC ... (-1976440675) 
[2022-04-09 19:00:51] [INFO]: 发送群 Py QQbot(813476953) 的消息: 本条动态地址为htt ... (341146942) 
[2022-04-09 20:55:16] [INFO]: 收到群 216大🐦转转转(487347867) 内 张豪(2032657487) 的消息: 大家把核酸截图给我发过来 (-1774055243) 
[2022-04-09 20:59:52] [INFO]: 收到群 216大🐦转转转(487347867) 内 🐟✈️(1957006814) 的消息: [CQ:image,file=e3b118fb14b540083a88a6fcaaecd817.image,subType=0] (-515563485) 
[2022-04-09 21:00:09] [INFO]: 收到群 216大🐦转转转(487347867) 内 🐟✈️(1957006814) 的消息: 你这改的了名不 (1912225202) 
[2022-04-09 21:00:39] [INFO]: 收到群 216大🐦转转转(487347867) 内 🐟✈️(1957006814) 的消息: 能改帮我改一下，谢了哈[CQ:face,id=283] (117247268) 
[2022-04-09 21:00:57] [INFO]: 收到群 216大🐦转转转(487347867) 内 张豪(2032657487) 的消息: 嗯 (-1514190348) 
[2022-04-09 21:01:08] [INFO]: 收到群 216大🐦转转转(487347867) 内 张豪(2032657487) 的消息: 你让其他人也尽快发一下 (-759662238) 
[2022-04-09 21:01:14] [INFO]: 收到群 216大🐦转转转(487347867) 内 张豪(2032657487) 的消息: 在宿舍的 (1269901528) 
[2022-04-09 21:01:20] [INFO]: 收到群 216大🐦转转转(487347867) 内 🐟✈️(1957006814) 的消息: 我去叫下 (1018566734) 
[2022-04-09 21:02:02] [INFO]: 收到群 216大🐦转转转(487347867) 内 🐟✈️(1957006814) 的消息: 他们正打游戏 (-1563259411) 
[2022-04-09 21:02:06] [INFO]: 收到群 216大🐦转转转(487347867) 内 🐟✈️(1957006814) 的消息: 可能得等会 (-707412613) 
[2022-04-09 21:03:23] [INFO]: 收到群 216大🐦转转转(487347867) 内 田理介(1164504727) 的消息: [CQ:image,file=46f1816a74e8b0b010c236d38a6bcd19.image,subType=0][CQ:xml,data=<?xml version="1.0" encoding="utf-8"?>
<msg templateID="12345" brief="&#91;图片&#93;" serviceID="5"><item layout="0"><image md5="46F1816A74E8B0B010C236D38A6BCD19" uuid="{46F1816A-74E8-B0B0-10C2-36D38A6BCD19}.jpg"/></item><source/></msg>
,resid=60] (1289546945) 
[2022-04-09 21:08:50] [INFO]: 收到群 216大🐦转转转(487347867) 内 张金豪(1789176239) 的消息: [CQ:image,file=1f03195580240ce4af2e6810cd1b62ed.image,subType=0] (1004264535) 
[2022-04-09 21:09:51] [INFO]: 收到群 216大🐦转转转(487347867) 内 张豪(2032657487) 的消息: 让佳楠赶紧发一下 (-1419460154) 
[2022-04-09 21:10:01] [INFO]: 收到群 216大🐦转转转(487347867) 内 张豪(2032657487) 的消息: 叫一下他 (-597429936) 
[2022-04-09 21:14:46] [INFO]: 新成员 喋(853207641) 进入了群 kenshi汉化和mod研究及暖暖化制作监督委员会-1群(696654735). 
