[2022-04-11 00:21:49] [INFO]: 发送群 Py QQbot(813476953) 的消息: 秦喵喵发了新动态：  ... (940960484) 
[2022-04-11 00:21:52] [INFO]: 发送群 Py QQbot(813476953) 的消息: [CQ:image, ... (1326635634) 
[2022-04-11 00:21:53] [INFO]: 发送群 Py QQbot(813476953) 的消息: 本条动态地址为htt ... (-702837816) 
[2022-04-11 02:20:29] [INFO]: 收到好友 小八的狐狸尾巴~(1216878448) 的消息: [CQ:json,data={"app":"com.tencent.miniapp_01"&#44;"config":{"autoSize":0&#44;"ctime":1649614828&#44;"forward":1&#44;"height":0&#44;"token":"2ca53142e3aa2d343231790d812db5ff"&#44;"type":"normal"&#44;"width":0}&#44;"desc":"哔哩哔哩"&#44;"extra":{"app_type":1&#44;"appid":100951776&#44;"uin":1216878448}&#44;"meta":{"detail_1":{"appType":0&#44;"appid":"1109937557"&#44;"desc":"なにやってもうまくいかない / 猫又小粥 翻唱字幕付"&#44;"gamePoints":""&#44;"gamePointsUrl":""&#44;"host":{"nick":"小八的狐狸尾巴~"&#44;"uin":1216878448}&#44;"icon":"https://open.gtimg.cn/open/app_icon/00/95/17/76/100951776_100_m.png?t=1649411918"&#44;"preview":"pubminishare-30161.picsz.qpic.cn/c35ef4ce-de0d-46aa-b8fe-e2f3977e9c98"&#44;"qqdocurl":"https://b23.tv/Gnd3e2J?share_medium=android&amp;share_source=qq&amp;bbid=XY0538E06FF6F401D5AAC381F933734A1B73D&amp;ts=1649614827903"&#44;"scene":1036&#44;"shareTemplateData":{}&#44;"shareTemplateId":"8C8E89B49BE609866298ADDFF2DBABA4"&#44;"showLittleTail":""&#44;"title":"哔哩哔哩"&#44;"url":"m.q.qq.com/a/s/2e7c2e9bebfd436c66e5e2386cdd44ca"}}&#44;"needShareCallBack":false&#44;"prompt":"&#91;QQ小程序&#93;哔哩哔哩"&#44;"ver":"1.0.0.19"&#44;"view":"view_8C8E89B49BE609866298ADDFF2DBABA4"}] (1230909855) 
[2022-04-11 02:20:38] [INFO]: 收到好友 小八的狐狸尾巴~(1216878448) 的消息: catlogs 10 (-1978729400) 
[2022-04-11 02:20:38] [INFO]: 发送好友 1216878448(1216878448)  的消息: [{"type":  ... (890376041) 
[2022-04-11 02:20:38] [INFO]: 发送好友 1216878448(1216878448)  的消息: [{"type":  ... (119827947) 
[2022-04-11 04:30:05] [INFO]: 当前版本:v1.0.0-rc1 
[2022-04-11 04:30:05] [INFO]: 将使用 device.json 内的设备信息运行Bot. 
[2022-04-11 04:30:05] [INFO]: Bot将在5秒后登录并开始信息处理, 按 Ctrl+C 取消. 
[2022-04-11 04:30:10] [INFO]: 开始尝试登录并同步消息... 
[2022-04-11 04:30:10] [INFO]: 使用协议: iPad 
[2022-04-11 04:30:13] [INFO]: Protocol -> connect to server: 203.205.255.221:8080 
[2022-04-11 04:30:37] [INFO]: 当前版本:v1.0.0-rc1 
[2022-04-11 04:30:37] [INFO]: 将使用 device.json 内的设备信息运行Bot. 
[2022-04-11 04:30:37] [INFO]: Bot将在5秒后登录并开始信息处理, 按 Ctrl+C 取消. 
[2022-04-11 04:30:42] [INFO]: 开始尝试登录并同步消息... 
[2022-04-11 04:30:42] [INFO]: 使用协议: iPad 
[2022-04-11 04:30:45] [INFO]: Protocol -> connect to server: 203.205.255.221:8080 
[2022-04-11 04:30:49] [INFO]: 登录成功 欢迎使用: 小八的狐狸耳朵~ 
[2022-04-11 04:30:49] [INFO]: 开始加载好友列表... 
[2022-04-11 04:30:49] [INFO]: 共加载 4 个好友. 
[2022-04-11 04:30:49] [INFO]: 开始加载群列表... 
[2022-04-11 04:30:50] [INFO]: 共加载 5 个群. 
[2022-04-11 04:30:50] [INFO]: 资源初始化完成, 开始处理信息. 
[2022-04-11 04:30:50] [INFO]: アトリは、高性能ですから! 
[2022-04-11 04:30:50] [INFO]: 开始尝试连接到反向WebSocket Universal服务器: ws://127.0.0.1:15510/cqhttp/ws/ 
[2022-04-11 04:30:50] [INFO]: 正在检查更新. 
[2022-04-11 04:30:50] [WARNING]: 连接到反向WebSocket Universal服务器 ws://127.0.0.1:15510/cqhttp/ws/ 时出现错误: dial tcp 127.0.0.1:15510: connect: connection refused 
[2022-04-11 04:30:50] [INFO]: 检查更新完成. 当前已运行最新版本. 
[2022-04-11 04:30:53] [INFO]: 开始尝试连接到反向WebSocket Universal服务器: ws://127.0.0.1:15510/cqhttp/ws/ 
[2022-04-11 04:30:53] [INFO]: 已连接到反向WebSocket Universal服务器 ws://127.0.0.1:15510/cqhttp/ws/ 
[2022-04-11 04:30:55] [INFO]: 开始诊断网络情况 
[2022-04-11 04:31:01] [INFO]: 网络诊断完成. 未发现问题 
[2022-04-11 13:02:55] [INFO]: 收到群 kenshi汉化和mod研究及暖(696654735) 内 音无 奏🦖(296053120) 的消息: [CQ:forward,id=0Es5vJMs0QK4Y8EcJjLDq2RN2fOwKmXlAH6q805ohJKXQjupA2H4/tb7F/Z07r80] (972347091) 
[2022-04-11 13:15:34] [INFO]: 收到群 kenshi汉化和mod研究及暖(696654735) 内 重装KGZ晓琳(2860677522) 的消息: 哈哈哈 (-1593997463) 
[2022-04-11 13:16:30] [INFO]: 收到群 kenshi汉化和mod研究及暖(696654735) 内 元亨利牝马之贞(1728159097) 的消息: 暖她一整天 (-671434753) 
[2022-04-11 16:36:26] [INFO]: 收到好友 小八的狐狸尾巴~(1216878448) 的消息: echo test (-1981037780) 
[2022-04-11 16:36:26] [INFO]: 发送好友 1216878448(1216878448)  的消息: [{"type":  ... (890376041) 
[2022-04-11 16:36:34] [INFO]: 收到好友 小八的狐狸尾巴~(1216878448) 的消息: [CQ:reply,id=-655841637]msg (-619042741) 
[2022-04-11 16:36:34] [WARNING]: 获取消息时出现错误: get value error: leveldb: not found 
[2022-04-11 16:36:39] [INFO]: 收到好友 小八的狐狸尾巴~(1216878448) 的消息: catlogs (-1407379235) 
[2022-04-11 16:36:39] [INFO]: 发送好友 1216878448(1216878448)  的消息: [{"type":  ... (1108688895) 
[2022-04-11 16:36:39] [INFO]: 发送好友 1216878448(1216878448)  的消息: [{"type":  ... (-1564420383) 
[2022-04-11 16:37:49] [INFO]: 收到好友 小八的狐狸尾巴~(1216878448) 的消息: [CQ:reply,id=-655841637]d (1108572657) 
[2022-04-11 16:37:49] [WARNING]: 获取消息时出现错误: get value error: leveldb: not found 
[2022-04-11 16:38:08] [INFO]: 收到好友 小八的狐狸尾巴~(1216878448) 的消息: catlogs 10 (1165934056) 
[2022-04-11 16:38:09] [INFO]: 发送好友 1216878448(1216878448)  的消息: [{"type":  ... (1851107365) 
[2022-04-11 16:38:09] [INFO]: 发送好友 1216878448(1216878448)  的消息: [{"type":  ... (-1862880157) 
[2022-04-11 17:12:50] [INFO]: 发送群 Py QQbot(813476953) 的消息: 秦喵喵发了新动态：  ... (-1591952546) 
[2022-04-11 17:12:56] [INFO]: 发送群 Py QQbot(813476953) 的消息: [CQ:image, ... (1064840957) 
[2022-04-11 17:12:56] [INFO]: 发送群 Py QQbot(813476953) 的消息: 本条动态地址为htt ... (1216290411) 
[2022-04-11 18:00:53] [INFO]: 发送群 Py QQbot(813476953) 的消息: 秦喵喵发了新视频「【 ... (-780775471) 
[2022-04-11 18:00:53] [INFO]: 发送群 Py QQbot(813476953) 的消息: 本条动态地址为htt ... (-1502511289) 
[2022-04-11 18:18:54] [INFO]: 发送群 Py QQbot(813476953) 的消息: Tm发了新视频「栓  ... (919495382) 
[2022-04-11 18:18:55] [INFO]: 发送群 Py QQbot(813476953) 的消息: 本条动态地址为htt ... (1103712832) 
[2022-04-11 18:42:08] [INFO]: 收到群 kenshi汉化和mod研究及暖(696654735) 内 drm9900(515481577) 的消息: [CQ:image,file=1a9baea2ca93f047093a1a79097d7dc0.image,subType=1] (1235100252) 
[2022-04-11 18:59:19] [INFO]: 收到好友 小八的狐狸尾巴~(1216878448) 的消息: https://www.bilibili.com/video/BV11Y4y1v7AH/?spm_id_from=333.788.recommend_more_video.0 (538180139) 
[2022-04-11 19:42:51] [INFO]: 发送群 Py QQbot(813476953) 的消息: 鹿乃酱转发了「抹茶專 ... (554621861) 
[2022-04-11 19:42:52] [INFO]: 发送群 Py QQbot(813476953) 的消息: 本条动态地址为htt ... (1443490611) 
[2022-04-11 20:03:50] [INFO]: 发送群 Py QQbot(813476953) 的消息: 秦喵喵发了新动态：  ... (-822035831) 
[2022-04-11 20:03:53] [INFO]: 发送群 Py QQbot(813476953) 的消息: [CQ:image, ... (-1207465441) 
[2022-04-11 20:05:26] [WARNING]: 转换CQ码 [CQ:image,file=https://i0.hdslb.com/bfs/album/9e7779487d37ad3426ea0fefcdeb4ddb9740889f.png] 时出现错误: stream error: stream ID 3; INTERNAL_ERROR; received from peer 将原样发送. 
[2022-04-11 20:05:27] [INFO]: 发送群 Py QQbot(813476953) 的消息: [CQ:image, ... (644030396) 
[2022-04-11 20:26:07] [INFO]: 收到群 kenshi汉化和mod研究及暖(696654735) 内 drm9900(515481577) 的消息: [CQ:forward,id=s5awCnpMl+2UvJv8KRGalZJyz169Xn5EhH3aJPSA/V1qzrOlHm8hFPWLM9JfPrO+] (1050219210) 
[2022-04-11 22:34:37] [INFO]: 收到群 <$ÿĀ>非狗X3＆肥欧狗X(859265365) 内 吴狗男(1216878448) 的消息: [CQ:image,file=df9e7ce343db1be060b02d7735cd82c5.image,subType=0] (1357740441) 
[2022-04-11 23:08:36] [INFO]: 收到群 <$ÿĀ>非狗X3＆肥欧狗X(859265365) 内 汪狗涛(2640365924) 的消息: [CQ:image,file=f9c1e37cbe01f98370f69538fdf7afdd.image,subType=1] (-829821894) 
[2022-04-11 23:54:56] [INFO]: 发送群 Py QQbot(813476953) 的消息: Tm 开播啦啦啦！！ ... (1365520170) 
