[2022-03-07 04:30:30] [INFO]: 当前版本:v1.0.0-rc1 
[2022-03-07 04:30:30] [INFO]: 将使用 device.json 内的设备信息运行Bot. 
[2022-03-07 04:30:30] [INFO]: Bot将在5秒后登录并开始信息处理, 按 Ctrl+C 取消. 
[2022-03-07 04:30:35] [INFO]: 开始尝试登录并同步消息... 
[2022-03-07 04:30:35] [INFO]: 使用协议: iPad 
[2022-03-07 04:30:39] [INFO]: Protocol -> connect to server: 203.205.255.221:8080 
[2022-03-07 04:30:43] [INFO]: 收到服务器地址更新通知, 将在下一次重连时应用.  
[2022-03-07 04:30:43] [INFO]: 登录成功 欢迎使用: 小八的狐狸耳朵~ 
[2022-03-07 04:30:43] [INFO]: 开始加载好友列表... 
[2022-03-07 04:30:44] [INFO]: 共加载 4 个好友. 
[2022-03-07 04:30:44] [INFO]: 开始加载群列表... 
[2022-03-07 04:30:44] [INFO]: 共加载 5 个群. 
[2022-03-07 04:30:45] [INFO]: 资源初始化完成, 开始处理信息. 
[2022-03-07 04:30:45] [INFO]: アトリは、高性能ですから! 
[2022-03-07 04:30:45] [INFO]: 开始尝试连接到反向WebSocket Universal服务器: ws://127.0.0.1:15510/cqhttp/ws/ 
[2022-03-07 04:30:45] [INFO]: 正在检查更新. 
[2022-03-07 04:30:45] [INFO]: 已连接到反向WebSocket Universal服务器 ws://127.0.0.1:15510/cqhttp/ws/ 
[2022-03-07 04:30:45] [INFO]: 检查更新完成. 当前已运行最新版本. 
[2022-03-07 04:30:50] [INFO]: 开始诊断网络情况 
[2022-03-07 04:30:54] [INFO]: 网络诊断完成. 未发现问题 
[2022-03-07 05:36:46] [INFO]: 发送群 Py QQbot(813476953) 的消息: 鹿乃酱发了新动态：  ... (-445041110) 
[2022-03-07 05:36:48] [INFO]: 发送群 Py QQbot(813476953) 的消息: [CQ:image, ... (-1837234500) 
[2022-03-07 05:36:48] [INFO]: 发送群 Py QQbot(813476953) 的消息: 本条动态地址为htt ... (46209837) 
[2022-03-07 12:36:22] [INFO]: 收到群 <$ÿĀ>非狗X3＆肥欧狗X(859265365) 内 汪狗涛(2640365924) 的消息: [CQ:image,file=de86b0da1d6ce3a2753f2f2533f45ebd.image,subType=0] (-1988387703) 
[2022-03-07 19:54:48] [INFO]: 发送群 Py QQbot(813476953) 的消息: 秦喵喵发了新动态：  ... (1975921595) 
[2022-03-07 19:54:52] [INFO]: 发送群 Py QQbot(813476953) 的消息: [CQ:image, ... (657965276) 
[2022-03-07 19:54:53] [INFO]: 发送群 Py QQbot(813476953) 的消息: 本条动态地址为htt ... (1345384522) 
[2022-03-07 23:16:34] [INFO]: 收到群 216大🐦转转转(487347867) 内 群老二次元(1216878448) 的消息: [CQ:forward,id=xKukoq1pLYRMD0CJloifdwwWv4J3CvrXS/KM1qaBxoG6+FH4YQ7xJ/6QhRcTJqxV] (-1115096229) 
