[2022-07-01 04:30:26] [INFO]: 当前版本:v1.0.0-rc1 
[2022-07-01 04:30:26] [INFO]: 将使用 device.json 内的设备信息运行Bot. 
[2022-07-01 04:30:26] [INFO]: Bot将在5秒后登录并开始信息处理, 按 Ctrl+C 取消. 
[2022-07-01 04:30:31] [INFO]: 开始尝试登录并同步消息... 
[2022-07-01 04:30:31] [INFO]: 使用协议: iPad 
[2022-07-01 04:30:34] [INFO]: Protocol -> connect to server: 43.154.240.13:8080 
[2022-07-01 04:30:38] [INFO]: 收到服务器地址更新通知, 将在下一次重连时应用.  
[2022-07-01 04:30:38] [INFO]: 登录成功 欢迎使用: 小八的狐狸耳朵~ 
[2022-07-01 04:30:38] [INFO]: 开始加载好友列表... 
[2022-07-01 04:30:38] [INFO]: 共加载 4 个好友. 
[2022-07-01 04:30:38] [INFO]: 开始加载群列表... 
[2022-07-01 04:30:39] [INFO]: 共加载 5 个群. 
[2022-07-01 04:30:40] [INFO]: 资源初始化完成, 开始处理信息. 
[2022-07-01 04:30:40] [INFO]: アトリは、高性能ですから! 
[2022-07-01 04:30:40] [INFO]: 开始尝试连接到反向WebSocket Universal服务器: ws://127.0.0.1:15510/cqhttp/ws/ 
[2022-07-01 04:30:40] [INFO]: 正在检查更新. 
[2022-07-01 04:30:40] [WARNING]: 连接到反向WebSocket Universal服务器 ws://127.0.0.1:15510/cqhttp/ws/ 时出现错误: dial tcp 127.0.0.1:15510: connect: connection refused 
[2022-07-01 04:30:40] [INFO]: 当前有更新的 go-cqhttp 可供更新, 请前往 https://github.com/Mrs4s/go-cqhttp/releases 下载. 
[2022-07-01 04:30:40] [INFO]: 当前版本: v1.0.0-rc1 最新版本: v1.0.0-rc3 
[2022-07-01 04:30:43] [INFO]: 开始尝试连接到反向WebSocket Universal服务器: ws://127.0.0.1:15510/cqhttp/ws/ 
[2022-07-01 04:30:43] [INFO]: 已连接到反向WebSocket Universal服务器 ws://127.0.0.1:15510/cqhttp/ws/ 
[2022-07-01 04:30:45] [INFO]: 开始诊断网络情况 
[2022-07-01 04:30:49] [INFO]: 网络诊断完成. 未发现问题 
[2022-07-01 10:05:19] [INFO]: 收到群 kenshi汉化和mod研究及暖(696654735) 内 阿格努(710621309) 的消息: [CQ:image,file=e5c41c7710e0ea71829d7672497b89bf.image,subType=0] (486828196) 
[2022-07-01 10:05:20] [INFO]: 收到群 kenshi汉化和mod研究及暖(696654735) 内 阿格努(710621309) 的消息: 给劳资弹起来 (1778604082) 
[2022-07-01 10:19:10] [INFO]: 收到群 kenshi汉化和mod研究及暖(696654735) 内 高橋啟介(791258074) 的消息: 好Q弹 (955429717) 
[2022-07-01 10:19:25] [INFO]: 收到群 kenshi汉化和mod研究及暖(696654735) 内 高橋啟介(791258074) 的消息: [CQ:image,file=c61eca54e77a49517aa08b2dd08471c7.image,subType=1] (1341490115) 
[2022-07-01 12:05:36] [ERROR]: Protocol -> unexpected disconnect: EOF 
[2022-07-01 12:05:36] [INFO]: Protocol -> connect to server: 169.47.230.125:10001 
[2022-07-01 12:05:39] [INFO]: 收到服务器地址更新通知, 将在下一次重连时应用.  
[2022-07-01 12:41:49] [INFO]: 收到群 kenshi汉化和mod研究及暖(696654735) 内 时之沙(2934771083) 的消息: 。 (-688074119) 
[2022-07-01 13:15:40] [INFO]: 发送群 Py QQbot(813476953) 的消息: 鹿乃酱 开播啦啦啦！ ... (1922541484) 
[2022-07-01 14:33:40] [INFO]: 发送群 Py QQbot(813476953) 的消息: 鹿乃酱 开播啦啦啦！ ... (93361978) 
[2022-07-01 14:54:43] [INFO]: 发送群 Py QQbot(813476953) 的消息: 秦喵喵发了新视频「【 ... (-1792046421) 
[2022-07-01 14:54:44] [INFO]: 发送群 Py QQbot(813476953) 的消息: 本条动态地址为htt ... (-500647363) 
[2022-07-01 15:36:41] [INFO]: 昨日 吴狗男(1216878448) 在群 859265365 内发言最积极, 获得 龙王 标识。 
[2022-07-01 16:32:27] [INFO]: 收到群 kenshi汉化和mod研究及暖(696654735) 内 炎头队长沙福林(2175422756) 的消息: [CQ:forward,id=XB/b94rh+AQY+zGeap4Wq54Q4VP4ufsOfsl2kwxW81t/Z48bBch9PGXNOwpaTP54] (-1577327889) 
[2022-07-01 16:35:47] [INFO]: 收到群 kenshi汉化和mod研究及暖(696654735) 内 Cu re(1325263431) 的消息: [CQ:forward,id=rBFnYxs1s1i/zR1RKA6m3GHFVSYmXYE47EaCZ+/Glw/LaqF6vsVMH4GOdiT9Ro9C] (1067415372) 
[2022-07-01 16:35:48] [INFO]: 收到群 kenshi汉化和mod研究及暖(696654735) 内 Cu re(1325263431) 的消息: [CQ:forward,id=RLNVJ77roAzACLY4cHO6y5qKlfJ2JMJpg85m1CCwkBbCYtpAfaBi9kM8L0l7ji4e] (1217939418) 
[2022-07-01 16:35:48] [INFO]: 收到群 kenshi汉化和mod研究及暖(696654735) 内 Cu re(1325263431) 的消息: [CQ:forward,id=AUEbPmqUoXI1y9xmKqNI2NwWr1jHnto3DOZRyIOTHC4Ncm627nKGD8W6ldaYzXNs] (-779020704) 
[2022-07-01 16:35:48] [INFO]: 收到群 kenshi汉化和mod研究及暖(696654735) 内 Cu re(1325263431) 的消息: [CQ:forward,id=wJTzVUJZuANSBN6kFFIeSg3rVH8z70h5HxhriFySBIAPrHyvBWa3OdkEJgWeU9Y4] (-1500109066) 
[2022-07-01 17:13:01] [INFO]: 收到群 kenshi汉化和mod研究及暖(696654735) 内 高橋啟介(791258074) 的消息: [CQ:image,file=c61eca54e77a49517aa08b2dd08471c7.image,subType=1] (908671847) 
[2022-07-01 17:54:41] [INFO]: 发送群 Py QQbot(813476953) 的消息: 秦喵喵转发了「yww ... (476847702) 
[2022-07-01 17:54:41] [INFO]: 发送群 Py QQbot(813476953) 的消息: 本条动态地址为htt ... (1802186432) 
[2022-07-01 18:22:53] [INFO]: 收到群 kenshi汉化和mod研究及暖(696654735) 内 阿格努(710621309) 的消息: [CQ:image,file=57e6bbd5d2d08ce486fa9275d365f364.image,subType=1] (1093536753) 
[2022-07-01 19:03:41] [INFO]: 发送群 Py QQbot(813476953) 的消息: 秦喵喵转发了「Pin ... (-228425862) 
[2022-07-01 19:03:41] [INFO]: 发送群 Py QQbot(813476953) 的消息: 本条动态地址为htt ... (-2056957972) 
[2022-07-01 19:06:40] [INFO]: 发送群 Py QQbot(813476953) 的消息: 秦喵喵发了新动态：  ... (453106255) 
[2022-07-01 19:06:43] [INFO]: 发送群 Py QQbot(813476953) 的消息: [CQ:image, ... (1812392665) 
[2022-07-01 19:06:44] [INFO]: 发送群 Py QQbot(813476953) 的消息: 本条动态地址为htt ... (-183518365) 
[2022-07-01 20:09:41] [INFO]: 发送群 Py QQbot(813476953) 的消息: 秦喵喵转发了「Mr. ... (-2113369099) 
[2022-07-01 20:09:42] [INFO]: 发送群 Py QQbot(813476953) 的消息: 本条动态地址为htt ... (314021476) 
