[2022-06-06 04:30:27] [INFO]: 当前版本:v1.0.0-rc1 
[2022-06-06 04:30:28] [INFO]: 将使用 device.json 内的设备信息运行Bot. 
[2022-06-06 04:30:28] [INFO]: Bot将在5秒后登录并开始信息处理, 按 Ctrl+C 取消. 
[2022-06-06 04:30:33] [INFO]: 开始尝试登录并同步消息... 
[2022-06-06 04:30:33] [INFO]: 使用协议: iPad 
[2022-06-06 04:30:39] [INFO]: Protocol -> connect to server: 43.154.240.13:8080 
[2022-06-06 04:30:43] [INFO]: 收到服务器地址更新通知, 将在下一次重连时应用.  
[2022-06-06 04:30:43] [INFO]: 登录成功 欢迎使用: 小八的狐狸耳朵~ 
[2022-06-06 04:30:43] [INFO]: 开始加载好友列表... 
[2022-06-06 04:30:44] [INFO]: 共加载 4 个好友. 
[2022-06-06 04:30:44] [INFO]: 开始加载群列表... 
[2022-06-06 04:30:45] [INFO]: 共加载 5 个群. 
[2022-06-06 04:30:45] [INFO]: 资源初始化完成, 开始处理信息. 
[2022-06-06 04:30:45] [INFO]: アトリは、高性能ですから! 
[2022-06-06 04:30:45] [INFO]: 开始尝试连接到反向WebSocket Universal服务器: ws://127.0.0.1:15510/cqhttp/ws/ 
[2022-06-06 04:30:45] [INFO]: 正在检查更新. 
[2022-06-06 04:30:45] [INFO]: 已连接到反向WebSocket Universal服务器 ws://127.0.0.1:15510/cqhttp/ws/ 
[2022-06-06 04:30:45] [INFO]: 当前有更新的 go-cqhttp 可供更新, 请前往 https://github.com/Mrs4s/go-cqhttp/releases 下载. 
[2022-06-06 04:30:45] [INFO]: 当前版本: v1.0.0-rc1 最新版本: v1.0.0-rc2 
[2022-06-06 04:30:50] [INFO]: 开始诊断网络情况 
[2022-06-06 04:30:55] [INFO]: 网络诊断完成. 未发现问题 
[2022-06-06 16:25:19] [INFO]: 收到群 kenshi汉化和mod研究及暖(696654735) 内 时之沙(2934771083) 的消息: 游戏没玩明白，电视剧没看过 (267365271) 
[2022-06-06 16:26:00] [INFO]: 收到群 kenshi汉化和mod研究及暖(696654735) 内 岂无飞(402818767) 的消息: [CQ:reply,id=267365271][CQ:at,qq=2934771083] [CQ:at,qq=2934771083] 电视剧好看 (2028509953) 
[2022-06-06 16:26:04] [INFO]: 收到群 kenshi汉化和mod研究及暖(696654735) 内 岂无飞(402818767) 的消息: 你可以去看看 (-505296197) 
[2022-06-06 16:26:18] [INFO]: 收到群 kenshi汉化和mod研究及暖(696654735) 内 时之沙(2934771083) 的消息: [CQ:face,id=178] (-1763247571) 
[2022-06-06 16:32:03] [INFO]: 收到群 kenshi汉化和mod研究及暖(696654735) 内 高橋啟介(791258074) 的消息: 看过，只记得陈意涵 (106555324) 
[2022-06-06 16:32:07] [INFO]: 收到群 kenshi汉化和mod研究及暖(696654735) 内 高橋啟介(791258074) 的消息: [CQ:image,file=ea5f4375c03e2d9bb4608afb2a7b0de9.image,subType=1] (1902040874) 
[2022-06-06 20:12:40] [INFO]: 发送群 Py QQbot(813476953) 的消息: 秦喵喵发了新动态：  ... (145616821) 
[2022-06-06 20:12:41] [INFO]: 发送群 Py QQbot(813476953) 的消息: [CQ:image, ... (2141904675) 
[2022-06-06 20:12:43] [INFO]: 发送群 Py QQbot(813476953) 的消息: [CQ:image, ... (527259334) 
[2022-06-06 20:12:44] [INFO]: 发送群 Py QQbot(813476953) 的消息: 本条动态地址为htt ... (1751803472) 
[2022-06-06 20:23:53] [INFO]: 收到群 kenshi汉化和mod研究及暖(696654735) 内 阿格努(710621309) 的消息: 孟星魂 (295263951) 
[2022-06-06 20:28:20] [INFO]: 收到群 kenshi汉化和mod研究及暖(696654735) 内 岂无飞(402818767) 的消息: [CQ:face,id=277][CQ:face,id=277][CQ:face,id=277] (1721658969) 
