[2022-04-14 02:15:47] [INFO]: 发送群 Py QQbot(813476953) 的消息: Tm 开播啦啦啦！！ ... (-1471328424) 
[2022-04-14 04:30:03] [INFO]: 当前版本:v1.0.0-rc1 
[2022-04-14 04:30:03] [INFO]: 将使用 device.json 内的设备信息运行Bot. 
[2022-04-14 04:30:03] [INFO]: Bot将在5秒后登录并开始信息处理, 按 Ctrl+C 取消. 
[2022-04-14 04:30:08] [INFO]: 开始尝试登录并同步消息... 
[2022-04-14 04:30:08] [INFO]: 使用协议: iPad 
[2022-04-14 04:30:11] [INFO]: Protocol -> connect to server: 43.135.106.161:8080 
[2022-04-14 04:30:36] [INFO]: 当前版本:v1.0.0-rc1 
[2022-04-14 04:30:36] [INFO]: 将使用 device.json 内的设备信息运行Bot. 
[2022-04-14 04:30:36] [INFO]: Bot将在5秒后登录并开始信息处理, 按 Ctrl+C 取消. 
[2022-04-14 04:30:41] [INFO]: 开始尝试登录并同步消息... 
[2022-04-14 04:30:41] [INFO]: 使用协议: iPad 
[2022-04-14 04:30:44] [INFO]: Protocol -> connect to server: 43.135.106.161:8080 
[2022-04-14 04:30:47] [INFO]: 登录成功 欢迎使用: 小八的狐狸耳朵~ 
[2022-04-14 04:30:47] [INFO]: 开始加载好友列表... 
[2022-04-14 04:30:47] [INFO]: 共加载 4 个好友. 
[2022-04-14 04:30:47] [INFO]: 开始加载群列表... 
[2022-04-14 04:30:48] [INFO]: 共加载 5 个群. 
[2022-04-14 04:30:49] [INFO]: 资源初始化完成, 开始处理信息. 
[2022-04-14 04:30:49] [INFO]: アトリは、高性能ですから! 
[2022-04-14 04:30:49] [INFO]: 开始尝试连接到反向WebSocket Universal服务器: ws://127.0.0.1:15510/cqhttp/ws/ 
[2022-04-14 04:30:49] [INFO]: 正在检查更新. 
[2022-04-14 04:30:49] [INFO]: 已连接到反向WebSocket Universal服务器 ws://127.0.0.1:15510/cqhttp/ws/ 
[2022-04-14 04:30:49] [INFO]: 检查更新完成. 当前已运行最新版本. 
[2022-04-14 04:30:54] [INFO]: 开始诊断网络情况 
[2022-04-14 04:31:00] [INFO]: 网络诊断完成. 未发现问题 
[2022-04-14 09:25:26] [INFO]: 收到群 <$ÿĀ>非狗X3＆肥欧狗X(859265365) 内 鲶鱼诺(1542195170) 的消息: 羡慕了 (-1338470265) 
[2022-04-14 12:02:00] [INFO]: 收到群 216大🐦转转转(487347867) 内 goDot(1799093586) 的消息: [CQ:image,file=0a5644293384759db0fbec951032e3d1.image,subType=0] (-1130071883) 
[2022-04-14 20:00:47] [INFO]: 发送群 Py QQbot(813476953) 的消息: 秦喵喵发了新动态：  ... (-548765746) 
[2022-04-14 20:01:00] [INFO]: 发送群 Py QQbot(813476953) 的消息: [CQ:image, ... (-1081215445) 
[2022-04-14 20:01:01] [INFO]: 发送群 Py QQbot(813476953) 的消息: 本条动态地址为htt ... (-930429251) 
[2022-04-14 21:06:47] [INFO]: 发送群 Py QQbot(813476953) 的消息: 秦喵喵发了新动态：  ... (1367578375) 
[2022-04-14 21:06:53] [INFO]: 发送群 Py QQbot(813476953) 的消息: [CQ:image, ... (646227857) 
[2022-04-14 21:06:54] [INFO]: 发送群 Py QQbot(813476953) 的消息: 本条动态地址为htt ... (-1193266638) 
[2022-04-14 21:09:05] [INFO]: 收到群 kenshi汉化和mod研究及暖(696654735) 内 岂无飞(402818767) 的消息: [CQ:forward,id=2tJAWDtCVjCTUoVz3camANpRzAjfWcrIGQIGv6RGSH4XnCH0IM0pNxH+Nz8HHl1O] (-71688155) 
